14:31:35.452  INFO  manager.ApplicationManager - All tests start in Chrome Browser
14:31:42.818  INFO  manager.ApplicationManager - Current Url -->https://telranedu.web.app/home
14:31:42.844  INFO  tests.TestBase - The name of starts method is --->addContactSuccessAllFields
14:31:42.845  INFO  manager.ListenerWD - Before find elements --> By.xpath: //button[text()='Sign Out']
14:31:47.890  INFO  manager.ListenerWD - After find elements --> By.xpath: //button[text()='Sign Out']
14:31:47.893  INFO  manager.ListenerWD - List suze is --> 0
14:31:47.897  INFO  manager.ListenerWD - Before find element --> By.cssSelector: a[href='/login']
14:31:47.932  INFO  manager.ListenerWD - After find element --> By.cssSelector: a[href='/login']
14:31:47.965  INFO  manager.ListenerWD - Before find element --> By.cssSelector: a[href='/login']
14:31:47.982  INFO  manager.ListenerWD - After find element --> By.cssSelector: a[href='/login']
14:31:48.075  INFO  manager.ListenerWD - Before find element --> By.name: email
14:31:48.101  INFO  manager.ListenerWD - After find element --> By.name: email
14:31:48.364  INFO  manager.ListenerWD - Before find element --> By.name: password
14:31:48.396  INFO  manager.ListenerWD - After find element --> By.name: password
14:31:48.607  INFO  manager.ListenerWD - Before find element --> By.cssSelector: [name='login']
14:31:48.633  INFO  manager.ListenerWD - After find element --> By.cssSelector: [name='login']
14:31:48.713  INFO  tests.TestBase - Tests start with data : Contact(name=Lisa1860, lastName=Simpson, email=lisa1860@mail.ru, address=NY, phone=11111111860, description=All fields)
14:31:48.714  INFO  manager.ListenerWD - Before find element --> By.cssSelector: a[href='/add']
14:31:53.785  INFO  manager.ListenerWD - The have a 'problem'
14:31:53.785  INFO  manager.ListenerWD - ******************
14:31:53.785  INFO  manager.ListenerWD - Method method ---> findElement
14:31:53.786  INFO  manager.ListenerWD - ******************
14:31:53.787  INFO  manager.ListenerWD - InvocationTargetException getTargetException()org.openqa.selenium.NoSuchElementException: no such element: Unable to locate element: {"method":"css selector","selector":"a[href='/add']"}
  (Session info: chrome=109.0.5414.120)
For documentation on this error, please visit: https://selenium.dev/exceptions/#no_such_element
Build info: version: '4.7.1', revision: 'c6795baf1a3'
System info: os.name: 'Windows 11', os.arch: 'amd64', os.version: '10.0', java.version: '11.0.17'
Driver info: org.openqa.selenium.chrome.ChromeDriver
Command: [d5aa79dac814a3014d60423d561fe168, findElement {using=css selector, value=a[href='/add']}]
Capabilities {acceptInsecureCerts: false, browserName: chrome, browserVersion: 109.0.5414.120, chrome: {chromedriverVersion: 109.0.5414.74 (e7c5703604da..., userDataDir: C:\Users\eduar\AppData\Loca...}, goog:chromeOptions: {debuggerAddress: localhost:55780}, networkConnectionEnabled: false, pageLoadStrategy: normal, platformName: WINDOWS, proxy: Proxy(), se:cdp: ws://localhost:55780/devtoo..., se:cdpVersion: 109.0.5414.120, setWindowRect: true, strictFileInteractability: false, timeouts: {implicit: 0, pageLoad: 300000, script: 30000}, unhandledPromptBehavior: dismiss and notify, webauthn:extension:credBlob: true, webauthn:extension:largeBlob: true, webauthn:virtualAuthenticators: true}
Session ID: d5aa79dac814a3014d60423d561fe168
14:31:53.788  INFO  manager.ListenerWD - ******************
14:31:53.789  INFO  manager.ListenerWD - Object target --->ChromeDriver: chrome on WINDOWS (d5aa79dac814a3014d60423d561fe168)
14:31:53.789  INFO  manager.ListenerWD - ******************
14:31:53.789  INFO  manager.ListenerWD - Screen with error is --->src/test/screenshots/screen-394.png
