17:00:27.753  INFO  manager.ApplicationManager - All tests star in FireFox Browser
17:00:40.633  INFO  manager.ApplicationManager - Current Url -->https://telranedu.web.app/home
17:00:40.697  INFO  tests.TestBase - The name of starts method is --->addContactSuccessAllFields
17:00:40.701  INFO  manager.ListenerWD - Before find elements --> By.xpath: //button[text()='Sign Out']
17:00:45.738  INFO  manager.ListenerWD - After find elements --> By.xpath: //button[text()='Sign Out']
17:00:45.746  INFO  manager.ListenerWD - List suze is --> 0
17:00:45.799  INFO  manager.ListenerWD - Before find element --> By.cssSelector: a[href='/login']
17:00:45.842  INFO  manager.ListenerWD - After find element --> By.cssSelector: a[href='/login']
17:00:45.881  INFO  manager.ListenerWD - Before find element --> By.cssSelector: a[href='/login']
17:00:45.916  INFO  manager.ListenerWD - After find element --> By.cssSelector: a[href='/login']
17:00:46.157  INFO  manager.ListenerWD - Before find element --> By.name: email
17:00:46.196  INFO  manager.ListenerWD - After find element --> By.name: email
17:00:46.483  INFO  manager.ListenerWD - Before find element --> By.name: password
17:00:46.509  INFO  manager.ListenerWD - After find element --> By.name: password
17:00:46.771  INFO  manager.ListenerWD - Before find element --> By.cssSelector: [name='login']
17:00:46.796  INFO  manager.ListenerWD - After find element --> By.cssSelector: [name='login']
17:00:47.073  INFO  tests.TestBase - Tests start with data : Contact(name=Lisa1148, lastName=Simpson, email=lisa1148@mail.ru, address=NY, phone=11111111148, description=All fields)
17:00:55.079  INFO  manager.ListenerWD - Before find element --> By.cssSelector: a[href='/add']
17:00:59.138  INFO  manager.ListenerWD - After find element --> By.cssSelector: a[href='/add']
17:00:59.358  INFO  manager.ListenerWD - Before find element --> By.cssSelector: input[placeholder='Name']
17:00:59.386  INFO  manager.ListenerWD - After find element --> By.cssSelector: input[placeholder='Name']
17:00:59.656  INFO  manager.ListenerWD - Before find element --> By.cssSelector: input[placeholder='Last Name']
17:00:59.680  INFO  manager.ListenerWD - After find element --> By.cssSelector: input[placeholder='Last Name']
17:00:59.948  INFO  manager.ListenerWD - Before find element --> By.cssSelector: input[placeholder='Phone']
17:00:59.974  INFO  manager.ListenerWD - After find element --> By.cssSelector: input[placeholder='Phone']
17:01:00.239  INFO  manager.ListenerWD - Before find element --> By.cssSelector: input[placeholder='email']
17:01:00.263  INFO  manager.ListenerWD - After find element --> By.cssSelector: input[placeholder='email']
17:01:00.533  INFO  manager.ListenerWD - Before find element --> By.cssSelector: input[placeholder='Address']
17:01:00.558  INFO  manager.ListenerWD - After find element --> By.cssSelector: input[placeholder='Address']
17:01:00.815  INFO  manager.ListenerWD - Before find element --> By.cssSelector: input[placeholder='description']
17:01:00.834  INFO  manager.ListenerWD - After find element --> By.cssSelector: input[placeholder='description']
17:01:01.087  INFO  manager.ListenerWD - Before find element --> By.xpath: //b[text()='Save']
17:01:01.109  INFO  manager.ListenerWD - After find element --> By.xpath: //b[text()='Save']
17:01:01.323  INFO  manager.ListenerWD - Before find elements --> By.cssSelector: h2
17:01:02.025  INFO  manager.ListenerWD - After find elements --> By.cssSelector: h2
17:01:02.026  INFO  manager.ListenerWD - List suze is --> 13
17:01:02.127  INFO  manager.ListenerWD - Before find elements --> By.cssSelector: h3
17:01:02.273  INFO  manager.ListenerWD - After find elements --> By.cssSelector: h3
17:01:02.275  INFO  manager.ListenerWD - List suze is --> 13
17:01:02.357  INFO  manager.ListenerWD - Before find elements --> By.cssSelector: .contact-item_card__2SOIM
17:01:02.493  INFO  manager.ListenerWD - After find elements --> By.cssSelector: .contact-item_card__2SOIM
17:01:02.494  INFO  manager.ListenerWD - List suze is --> 13
17:01:02.716  INFO  manager.ListenerWD - Before find element --> By.cssSelector: .contact-item-detailed_card__50dTS
17:01:02.742  INFO  manager.ListenerWD - After find element --> By.cssSelector: .contact-item-detailed_card__50dTS
17:01:02.965  INFO  manager.ListenerWD - Before find element --> By.cssSelector: .contact-item-detailed_card__50dTS
17:01:02.986  INFO  manager.ListenerWD - After find element --> By.cssSelector: .contact-item-detailed_card__50dTS
17:01:03.212  INFO  manager.ListenerWD - Before find element --> By.cssSelector: .contact-item-detailed_card__50dTS
17:01:03.233  INFO  manager.ListenerWD - After find element --> By.cssSelector: .contact-item-detailed_card__50dTS
17:01:03.462  INFO  manager.ListenerWD - Before find element --> By.cssSelector: .contact-item-detailed_card__50dTS
17:01:03.480  INFO  manager.ListenerWD - After find element --> By.cssSelector: .contact-item-detailed_card__50dTS
17:01:03.710  INFO  manager.ListenerWD - Before find element --> By.cssSelector: .contact-item-detailed_card__50dTS
17:01:03.731  INFO  manager.ListenerWD - After find element --> By.cssSelector: .contact-item-detailed_card__50dTS
17:01:03.961  INFO  manager.ListenerWD - Before find element --> By.cssSelector: .contact-item-detailed_card__50dTS
17:01:03.979  INFO  manager.ListenerWD - After find element --> By.cssSelector: .contact-item-detailed_card__50dTS
17:01:04.200  INFO  manager.ListenerWD - Before find element --> By.cssSelector: .contact-item-detailed_card__50dTS
17:01:04.217  INFO  manager.ListenerWD - After find element --> By.cssSelector: .contact-item-detailed_card__50dTS
17:01:04.441  INFO  manager.ListenerWD - Before find element --> By.cssSelector: .contact-item-detailed_card__50dTS
17:01:04.460  INFO  manager.ListenerWD - After find element --> By.cssSelector: .contact-item-detailed_card__50dTS
17:01:04.681  INFO  manager.ListenerWD - Before find element --> By.cssSelector: .contact-item-detailed_card__50dTS
17:01:04.703  INFO  manager.ListenerWD - After find element --> By.cssSelector: .contact-item-detailed_card__50dTS
17:01:04.928  INFO  manager.ListenerWD - Before find element --> By.cssSelector: .contact-item-detailed_card__50dTS
17:01:04.946  INFO  manager.ListenerWD - After find element --> By.cssSelector: .contact-item-detailed_card__50dTS
17:01:05.171  INFO  manager.ListenerWD - Before find element --> By.cssSelector: .contact-item-detailed_card__50dTS
17:01:05.191  INFO  manager.ListenerWD - After find element --> By.cssSelector: .contact-item-detailed_card__50dTS
17:01:05.416  INFO  manager.ListenerWD - Before find element --> By.cssSelector: .contact-item-detailed_card__50dTS
17:01:05.435  INFO  manager.ListenerWD - After find element --> By.cssSelector: .contact-item-detailed_card__50dTS
17:01:05.657  INFO  manager.ListenerWD - Before find element --> By.cssSelector: .contact-item-detailed_card__50dTS
17:01:05.676  INFO  manager.ListenerWD - After find element --> By.cssSelector: .contact-item-detailed_card__50dTS
17:01:05.694  INFO  tests.TestBase - The name of starts method is --->addContactSuccessRequiredFields
17:01:05.696  INFO  manager.ListenerWD - Before find elements --> By.xpath: //button[text()='Sign Out']
17:01:05.713  INFO  manager.ListenerWD - After find elements --> By.xpath: //button[text()='Sign Out']
17:01:05.713  INFO  manager.ListenerWD - List suze is --> 1
17:01:05.717  INFO  manager.ListenerWD - Before find element --> By.cssSelector: a[href='/add']
17:01:05.731  INFO  manager.ListenerWD - After find element --> By.cssSelector: a[href='/add']
17:01:05.948  INFO  manager.ListenerWD - Before find element --> By.cssSelector: input[placeholder='Name']
17:01:05.968  INFO  manager.ListenerWD - After find element --> By.cssSelector: input[placeholder='Name']
17:01:06.221  INFO  manager.ListenerWD - Before find element --> By.cssSelector: input[placeholder='Last Name']
17:01:06.240  INFO  manager.ListenerWD - After find element --> By.cssSelector: input[placeholder='Last Name']
17:01:06.495  INFO  manager.ListenerWD - Before find element --> By.cssSelector: input[placeholder='Phone']
17:01:06.513  INFO  manager.ListenerWD - After find element --> By.cssSelector: input[placeholder='Phone']
17:01:06.764  INFO  manager.ListenerWD - Before find element --> By.cssSelector: input[placeholder='email']
17:01:06.779  INFO  manager.ListenerWD - After find element --> By.cssSelector: input[placeholder='email']
17:01:07.039  INFO  manager.ListenerWD - Before find element --> By.cssSelector: input[placeholder='Address']
17:01:07.056  INFO  manager.ListenerWD - After find element --> By.cssSelector: input[placeholder='Address']
17:01:07.301  INFO  manager.ListenerWD - Before find element --> By.cssSelector: input[placeholder='description']
17:01:07.318  INFO  manager.ListenerWD - After find element --> By.cssSelector: input[placeholder='description']
17:01:07.557  INFO  manager.ListenerWD - Before find element --> By.xpath: //b[text()='Save']
17:01:07.573  INFO  manager.ListenerWD - After find element --> By.xpath: //b[text()='Save']
17:01:07.794  INFO  manager.ListenerWD - Before find elements --> By.cssSelector: h2
17:01:08.180  INFO  manager.ListenerWD - After find elements --> By.cssSelector: h2
17:01:08.180  INFO  manager.ListenerWD - List suze is --> 14
17:01:08.263  INFO  manager.ListenerWD - Before find elements --> By.cssSelector: h3
17:01:08.395  INFO  manager.ListenerWD - After find elements --> By.cssSelector: h3
17:01:08.396  INFO  manager.ListenerWD - List suze is --> 14
17:01:08.474  INFO  tests.TestBase - The name of starts method is --->addNewContactWrongAddress
17:01:08.475  INFO  manager.ListenerWD - Before find elements --> By.xpath: //button[text()='Sign Out']
17:01:08.489  INFO  manager.ListenerWD - After find elements --> By.xpath: //button[text()='Sign Out']
17:01:08.490  INFO  manager.ListenerWD - List suze is --> 1
17:01:08.491  INFO  manager.ListenerWD - Before find element --> By.cssSelector: a[href='/add']
17:01:08.504  INFO  manager.ListenerWD - After find element --> By.cssSelector: a[href='/add']
17:01:08.717  INFO  manager.ListenerWD - Before find element --> By.cssSelector: input[placeholder='Name']
17:01:08.732  INFO  manager.ListenerWD - After find element --> By.cssSelector: input[placeholder='Name']
17:01:08.982  INFO  manager.ListenerWD - Before find element --> By.cssSelector: input[placeholder='Last Name']
17:01:08.995  INFO  manager.ListenerWD - After find element --> By.cssSelector: input[placeholder='Last Name']
17:01:09.246  INFO  manager.ListenerWD - Before find element --> By.cssSelector: input[placeholder='Phone']
17:01:09.262  INFO  manager.ListenerWD - After find element --> By.cssSelector: input[placeholder='Phone']
17:01:09.513  INFO  manager.ListenerWD - Before find element --> By.cssSelector: input[placeholder='email']
17:01:09.526  INFO  manager.ListenerWD - After find element --> By.cssSelector: input[placeholder='email']
17:01:09.773  INFO  manager.ListenerWD - Before find element --> By.cssSelector: input[placeholder='Address']
17:01:09.786  INFO  manager.ListenerWD - After find element --> By.cssSelector: input[placeholder='Address']
17:01:10.028  INFO  manager.ListenerWD - Before find element --> By.cssSelector: input[placeholder='description']
17:01:10.040  INFO  manager.ListenerWD - After find element --> By.cssSelector: input[placeholder='description']
17:01:10.286  INFO  manager.ListenerWD - Before find element --> By.xpath: //b[text()='Save']
17:01:10.302  INFO  manager.ListenerWD - After find element --> By.xpath: //b[text()='Save']
17:01:10.514  INFO  manager.ListenerWD - Before find elements --> By.cssSelector: a.active[href='/add']
17:01:10.527  INFO  manager.ListenerWD - After find elements --> By.cssSelector: a.active[href='/add']
17:01:10.528  INFO  manager.ListenerWD - List suze is --> 1
17:01:10.529  INFO  tests.TestBase - The name of starts method is --->addNewContactWrongEmail
17:01:10.530  INFO  manager.ListenerWD - Before find elements --> By.xpath: //button[text()='Sign Out']
17:01:10.543  INFO  manager.ListenerWD - After find elements --> By.xpath: //button[text()='Sign Out']
17:01:10.544  INFO  manager.ListenerWD - List suze is --> 1
17:01:10.545  INFO  manager.ListenerWD - Before find element --> By.cssSelector: a[href='/add']
17:01:10.560  INFO  manager.ListenerWD - After find element --> By.cssSelector: a[href='/add']
17:01:10.773  INFO  manager.ListenerWD - Before find element --> By.cssSelector: input[placeholder='Name']
17:01:10.787  INFO  manager.ListenerWD - After find element --> By.cssSelector: input[placeholder='Name']
17:01:11.045  INFO  manager.ListenerWD - Before find element --> By.cssSelector: input[placeholder='Last Name']
17:01:11.061  INFO  manager.ListenerWD - After find element --> By.cssSelector: input[placeholder='Last Name']
17:01:11.315  INFO  manager.ListenerWD - Before find element --> By.cssSelector: input[placeholder='Phone']
17:01:11.329  INFO  manager.ListenerWD - After find element --> By.cssSelector: input[placeholder='Phone']
17:01:11.603  INFO  manager.ListenerWD - Before find element --> By.cssSelector: input[placeholder='email']
17:01:11.615  INFO  manager.ListenerWD - After find element --> By.cssSelector: input[placeholder='email']
17:01:11.888  INFO  manager.ListenerWD - Before find element --> By.cssSelector: input[placeholder='Address']
17:01:11.902  INFO  manager.ListenerWD - After find element --> By.cssSelector: input[placeholder='Address']
17:01:12.151  INFO  manager.ListenerWD - Before find element --> By.cssSelector: input[placeholder='description']
17:01:12.164  INFO  manager.ListenerWD - After find element --> By.cssSelector: input[placeholder='description']
17:01:12.429  INFO  manager.ListenerWD - Before find element --> By.xpath: //b[text()='Save']
17:01:12.446  INFO  manager.ListenerWD - After find element --> By.xpath: //b[text()='Save']
17:01:12.687  INFO  manager.ListenerWD - The have a 'problem'
17:01:12.688  INFO  manager.ListenerWD - ******************
17:01:12.688  INFO  manager.ListenerWD - Method method ---> alert
17:01:12.689  INFO  manager.ListenerWD - ******************
17:01:12.693  INFO  manager.ListenerWD - InvocationTargetException getTargetException()org.openqa.selenium.NoAlertPresentException: Build info: version: '4.7.1', revision: 'c6795baf1a3'
System info: os.name: 'Windows 11', os.arch: 'amd64', os.version: '10.0', java.version: '11.0.17'
Driver info: org.openqa.selenium.firefox.FirefoxDriver
Command: [badfe5cb-5bcb-47e8-84ad-5781e1464ec4, getAlertText {}]
Capabilities {acceptInsecureCerts: true, browserName: firefox, browserVersion: 109.0.1, moz:accessibilityChecks: false, moz:buildID: 20230127170202, moz:debuggerAddress: 127.0.0.1:5622, moz:geckodriverVersion: 0.32.1, moz:headless: false, moz:platformVersion: 10.0, moz:processID: 3832, moz:profile: C:\Users\eduar\AppData\Loca..., moz:shutdownTimeout: 60000, moz:useNonSpecCompliantPointerOrigin: false, moz:webdriverClick: true, moz:windowless: false, pageLoadStrategy: normal, platformName: WINDOWS, proxy: Proxy(), se:cdp: ws://127.0.0.1:5622/devtool..., se:cdpVersion: 85.0, setWindowRect: true, strictFileInteractability: false, timeouts: {implicit: 0, pageLoad: 300000, script: 30000}, unhandledPromptBehavior: dismiss and notify}
Session ID: badfe5cb-5bcb-47e8-84ad-5781e1464ec4
17:01:12.694  INFO  manager.ListenerWD - ******************
17:01:12.695  INFO  manager.ListenerWD - Object target --->org.openqa.selenium.remote.RemoteWebDriver$RemoteTargetLocator@71b97eeb
17:01:12.695  INFO  manager.ListenerWD - ******************
17:01:13.292  INFO  tests.TestBase - The name of starts method is --->addNewContactWrongLastName
17:01:13.293  INFO  manager.ListenerWD - Before find elements --> By.xpath: //button[text()='Sign Out']
17:01:13.307  INFO  manager.ListenerWD - After find elements --> By.xpath: //button[text()='Sign Out']
17:01:13.308  INFO  manager.ListenerWD - List suze is --> 1
17:01:13.309  INFO  manager.ListenerWD - Before find element --> By.cssSelector: a[href='/add']
17:01:13.321  INFO  manager.ListenerWD - After find element --> By.cssSelector: a[href='/add']
17:01:13.548  INFO  manager.ListenerWD - Before find element --> By.cssSelector: input[placeholder='Name']
17:01:13.564  INFO  manager.ListenerWD - After find element --> By.cssSelector: input[placeholder='Name']
17:01:13.818  INFO  manager.ListenerWD - Before find element --> By.cssSelector: input[placeholder='Last Name']
17:01:13.832  INFO  manager.ListenerWD - After find element --> By.cssSelector: input[placeholder='Last Name']
17:01:14.081  INFO  manager.ListenerWD - Before find element --> By.cssSelector: input[placeholder='Phone']
17:01:14.095  INFO  manager.ListenerWD - After find element --> By.cssSelector: input[placeholder='Phone']
17:01:14.353  INFO  manager.ListenerWD - Before find element --> By.cssSelector: input[placeholder='email']
17:01:14.366  INFO  manager.ListenerWD - After find element --> By.cssSelector: input[placeholder='email']
17:01:14.640  INFO  manager.ListenerWD - Before find element --> By.cssSelector: input[placeholder='Address']
17:01:14.654  INFO  manager.ListenerWD - After find element --> By.cssSelector: input[placeholder='Address']
17:01:14.906  INFO  manager.ListenerWD - Before find element --> By.cssSelector: input[placeholder='description']
17:01:14.919  INFO  manager.ListenerWD - After find element --> By.cssSelector: input[placeholder='description']
17:01:15.190  INFO  manager.ListenerWD - Before find element --> By.xpath: //b[text()='Save']
17:01:15.202  INFO  manager.ListenerWD - After find element --> By.xpath: //b[text()='Save']
17:01:15.420  INFO  manager.ListenerWD - Before find elements --> By.cssSelector: a.active[href='/add']
17:01:15.434  INFO  manager.ListenerWD - After find elements --> By.cssSelector: a.active[href='/add']
17:01:15.434  INFO  manager.ListenerWD - List suze is --> 1
17:01:15.435  INFO  tests.TestBase - The name of starts method is --->addNewContactWrongName
17:01:15.436  INFO  manager.ListenerWD - Before find elements --> By.xpath: //button[text()='Sign Out']
17:01:15.449  INFO  manager.ListenerWD - After find elements --> By.xpath: //button[text()='Sign Out']
17:01:15.449  INFO  manager.ListenerWD - List suze is --> 1
17:01:15.451  INFO  manager.ListenerWD - Before find element --> By.cssSelector: a[href='/add']
17:01:15.462  INFO  manager.ListenerWD - After find element --> By.cssSelector: a[href='/add']
17:01:15.683  INFO  manager.ListenerWD - Before find element --> By.cssSelector: input[placeholder='Name']
17:01:15.698  INFO  manager.ListenerWD - After find element --> By.cssSelector: input[placeholder='Name']
17:01:15.953  INFO  manager.ListenerWD - Before find element --> By.cssSelector: input[placeholder='Last Name']
17:01:15.969  INFO  manager.ListenerWD - After find element --> By.cssSelector: input[placeholder='Last Name']
17:01:16.231  INFO  manager.ListenerWD - Before find element --> By.cssSelector: input[placeholder='Phone']
17:01:16.243  INFO  manager.ListenerWD - After find element --> By.cssSelector: input[placeholder='Phone']
17:01:16.499  INFO  manager.ListenerWD - Before find element --> By.cssSelector: input[placeholder='email']
17:01:16.511  INFO  manager.ListenerWD - After find element --> By.cssSelector: input[placeholder='email']
17:01:16.770  INFO  manager.ListenerWD - Before find element --> By.cssSelector: input[placeholder='Address']
17:01:16.780  INFO  manager.ListenerWD - After find element --> By.cssSelector: input[placeholder='Address']
17:01:17.044  INFO  manager.ListenerWD - Before find element --> By.cssSelector: input[placeholder='description']
17:01:17.056  INFO  manager.ListenerWD - After find element --> By.cssSelector: input[placeholder='description']
17:01:17.327  INFO  manager.ListenerWD - Before find element --> By.xpath: //b[text()='Save']
17:01:17.341  INFO  manager.ListenerWD - After find element --> By.xpath: //b[text()='Save']
17:01:17.560  INFO  manager.ListenerWD - Before find elements --> By.cssSelector: a.active[href='/add']
17:01:17.577  INFO  manager.ListenerWD - After find elements --> By.cssSelector: a.active[href='/add']
17:01:17.577  INFO  manager.ListenerWD - List suze is --> 1
17:01:17.578  INFO  tests.TestBase - The name of starts method is --->addNewContactWrongPhone
17:01:17.580  INFO  manager.ListenerWD - Before find elements --> By.xpath: //button[text()='Sign Out']
17:01:17.595  INFO  manager.ListenerWD - After find elements --> By.xpath: //button[text()='Sign Out']
17:01:17.595  INFO  manager.ListenerWD - List suze is --> 1
17:01:25.600  INFO  manager.ListenerWD - Before find element --> By.cssSelector: a[href='/add']
17:01:25.655  INFO  manager.ListenerWD - After find element --> By.cssSelector: a[href='/add']
17:01:25.925  INFO  manager.ListenerWD - Before find element --> By.cssSelector: input[placeholder='Name']
17:01:25.993  INFO  manager.ListenerWD - After find element --> By.cssSelector: input[placeholder='Name']
17:01:26.306  INFO  manager.ListenerWD - Before find element --> By.cssSelector: input[placeholder='Last Name']
17:01:26.318  INFO  manager.ListenerWD - After find element --> By.cssSelector: input[placeholder='Last Name']
17:01:26.581  INFO  manager.ListenerWD - Before find element --> By.cssSelector: input[placeholder='Phone']
17:01:26.594  INFO  manager.ListenerWD - After find element --> By.cssSelector: input[placeholder='Phone']
17:01:26.850  INFO  manager.ListenerWD - Before find element --> By.cssSelector: input[placeholder='email']
17:01:26.861  INFO  manager.ListenerWD - After find element --> By.cssSelector: input[placeholder='email']
17:01:27.119  INFO  manager.ListenerWD - Before find element --> By.cssSelector: input[placeholder='Address']
17:01:27.134  INFO  manager.ListenerWD - After find element --> By.cssSelector: input[placeholder='Address']
17:01:27.388  INFO  manager.ListenerWD - Before find element --> By.cssSelector: input[placeholder='description']
17:01:27.402  INFO  manager.ListenerWD - After find element --> By.cssSelector: input[placeholder='description']
17:01:27.674  INFO  manager.ListenerWD - Before find element --> By.xpath: //b[text()='Save']
17:01:27.687  INFO  manager.ListenerWD - After find element --> By.xpath: //b[text()='Save']
17:01:27.912  INFO  manager.ListenerWD - Before find elements --> By.cssSelector: a.active[href='/add']
17:01:27.927  INFO  manager.ListenerWD - The have a 'problem'
17:01:27.927  INFO  manager.ListenerWD - ******************
17:01:27.927  INFO  manager.ListenerWD - Method method ---> findElements
17:01:27.927  INFO  manager.ListenerWD - ******************
17:01:27.928  INFO  manager.ListenerWD - InvocationTargetException getTargetException()org.openqa.selenium.UnhandledAlertException: Dismissed user prompt dialog:  Phone not valid: Phone number must contain only digits! And length min 10, max 15!: 
Build info: version: '4.7.1', revision: 'c6795baf1a3'
System info: os.name: 'Windows 11', os.arch: 'amd64', os.version: '10.0', java.version: '11.0.17'
Driver info: org.openqa.selenium.firefox.FirefoxDriver
Command: [badfe5cb-5bcb-47e8-84ad-5781e1464ec4, findElements {using=css selector, value=a.active[href='/add']}]
Capabilities {acceptInsecureCerts: true, browserName: firefox, browserVersion: 109.0.1, moz:accessibilityChecks: false, moz:buildID: 20230127170202, moz:debuggerAddress: 127.0.0.1:5622, moz:geckodriverVersion: 0.32.1, moz:headless: false, moz:platformVersion: 10.0, moz:processID: 3832, moz:profile: C:\Users\eduar\AppData\Loca..., moz:shutdownTimeout: 60000, moz:useNonSpecCompliantPointerOrigin: false, moz:webdriverClick: true, moz:windowless: false, pageLoadStrategy: normal, platformName: WINDOWS, proxy: Proxy(), se:cdp: ws://127.0.0.1:5622/devtool..., se:cdpVersion: 85.0, setWindowRect: true, strictFileInteractability: false, timeouts: {implicit: 0, pageLoad: 300000, script: 30000}, unhandledPromptBehavior: dismiss and notify}
Session ID: badfe5cb-5bcb-47e8-84ad-5781e1464ec4
17:01:27.928  INFO  manager.ListenerWD - ******************
17:01:27.928  INFO  manager.ListenerWD - Object target --->FirefoxDriver: firefox on WINDOWS (badfe5cb-5bcb-47e8-84ad-5781e1464ec4)
17:01:27.929  INFO  manager.ListenerWD - ******************
