14:20:43.807  INFO  manager.ApplicationManager - All tests start in Chrome Browser
14:20:57.503  INFO  manager.ApplicationManager - Current Url -->https://telranedu.web.app/home
14:20:57.531  INFO  tests.TestBase - The name of starts method is --->addContactSuccessAllFields
14:20:57.533  INFO  manager.ListenerWD - Before find elements --> By.xpath: //button[text()='Sign Out']
14:21:02.608  INFO  manager.ListenerWD - After find elements --> By.xpath: //button[text()='Sign Out']
14:21:02.615  INFO  manager.ListenerWD - List suze is --> 0
14:21:02.619  INFO  manager.ListenerWD - Before find element --> By.cssSelector: a[href='/login']
14:21:02.643  INFO  manager.ListenerWD - After find element --> By.cssSelector: a[href='/login']
14:21:02.673  INFO  manager.ListenerWD - Before find element --> By.cssSelector: a[href='/login']
14:21:02.692  INFO  manager.ListenerWD - After find element --> By.cssSelector: a[href='/login']
14:21:02.745  INFO  manager.ListenerWD - Before find element --> By.name: email
14:21:02.771  INFO  manager.ListenerWD - After find element --> By.name: email
14:21:02.902  INFO  manager.ListenerWD - Before find element --> By.name: password
14:21:02.920  INFO  manager.ListenerWD - After find element --> By.name: password
14:21:03.034  INFO  manager.ListenerWD - Before find element --> By.cssSelector: [name='login']
14:21:03.052  INFO  manager.ListenerWD - After find element --> By.cssSelector: [name='login']
14:21:03.108  INFO  tests.TestBase - Tests start with data : Contact(name=Lisa1568, lastName=Simpson, email=lisa1568@mail.ru, address=NY, phone=11111111568, description=All fields)
14:21:03.108  INFO  manager.ListenerWD - Before find element --> By.cssSelector: a[href='/add']
14:21:08.181  INFO  manager.ListenerWD - The have a 'problem'
14:21:08.181  INFO  manager.ListenerWD - ******************
14:21:08.181  INFO  manager.ListenerWD - Method method ---> findElement
14:21:08.182  INFO  manager.ListenerWD - ******************
14:21:08.183  INFO  manager.ListenerWD - InvocationTargetException getTargetException()org.openqa.selenium.NoSuchElementException: no such element: Unable to locate element: {"method":"css selector","selector":"a[href='/add']"}
  (Session info: chrome=109.0.5414.120)
For documentation on this error, please visit: https://selenium.dev/exceptions/#no_such_element
Build info: version: '4.7.1', revision: 'c6795baf1a3'
System info: os.name: 'Windows 11', os.arch: 'amd64', os.version: '10.0', java.version: '11.0.17'
Driver info: org.openqa.selenium.chrome.ChromeDriver
Command: [cbb700a657017b598a46e64942951e8d, findElement {using=css selector, value=a[href='/add']}]
Capabilities {acceptInsecureCerts: false, browserName: chrome, browserVersion: 109.0.5414.120, chrome: {chromedriverVersion: 109.0.5414.74 (e7c5703604da..., userDataDir: C:\Users\eduar\AppData\Loca...}, goog:chromeOptions: {debuggerAddress: localhost:55593}, networkConnectionEnabled: false, pageLoadStrategy: normal, platformName: WINDOWS, proxy: Proxy(), se:cdp: ws://localhost:55593/devtoo..., se:cdpVersion: 109.0.5414.120, setWindowRect: true, strictFileInteractability: false, timeouts: {implicit: 0, pageLoad: 300000, script: 30000}, unhandledPromptBehavior: dismiss and notify, webauthn:extension:credBlob: true, webauthn:extension:largeBlob: true, webauthn:virtualAuthenticators: true}
Session ID: cbb700a657017b598a46e64942951e8d
14:21:08.183  INFO  manager.ListenerWD - ******************
14:21:08.184  INFO  manager.ListenerWD - Object target --->ChromeDriver: chrome on WINDOWS (cbb700a657017b598a46e64942951e8d)
14:21:08.184  INFO  manager.ListenerWD - ******************
14:21:08.184  INFO  manager.ListenerWD - Screen with error is --->src/test/screenshots/screen-134.png
