14:21:43.424  INFO  manager.ApplicationManager - All tests start in Chrome Browser
14:22:02.014  INFO  manager.ApplicationManager - Current Url -->https://telranedu.web.app/home
14:22:02.043  INFO  tests.TestBase - The name of starts method is --->addContactSuccessAllFields
14:22:02.044  INFO  manager.ListenerWD - Before find elements --> By.xpath: //button[text()='Sign Out']
14:22:07.059  INFO  manager.ListenerWD - After find elements --> By.xpath: //button[text()='Sign Out']
14:22:07.064  INFO  manager.ListenerWD - List suze is --> 0
14:22:07.069  INFO  manager.ListenerWD - Before find element --> By.cssSelector: a[href='/login']
14:22:07.107  INFO  manager.ListenerWD - After find element --> By.cssSelector: a[href='/login']
14:22:07.144  INFO  manager.ListenerWD - Before find element --> By.cssSelector: a[href='/login']
14:22:07.173  INFO  manager.ListenerWD - After find element --> By.cssSelector: a[href='/login']
14:22:07.269  INFO  manager.ListenerWD - Before find element --> By.name: email
14:22:07.304  INFO  manager.ListenerWD - After find element --> By.name: email
14:22:07.548  INFO  manager.ListenerWD - Before find element --> By.name: password
14:22:07.580  INFO  manager.ListenerWD - After find element --> By.name: password
14:22:07.822  INFO  manager.ListenerWD - Before find element --> By.cssSelector: [name='login']
14:22:07.851  INFO  manager.ListenerWD - After find element --> By.cssSelector: [name='login']
14:22:07.933  INFO  tests.TestBase - Tests start with data : Contact(name=Lisa1767, lastName=Simpson, email=lisa1767@mail.ru, address=NY, phone=11111111767, description=All fields)
14:22:07.934  INFO  manager.ListenerWD - Before find element --> By.cssSelector: a[href='/add']
14:22:12.982  INFO  manager.ListenerWD - The have a 'problem'
14:22:12.983  INFO  manager.ListenerWD - ******************
14:22:12.983  INFO  manager.ListenerWD - Method method ---> findElement
14:22:12.983  INFO  manager.ListenerWD - ******************
14:22:12.984  INFO  manager.ListenerWD - InvocationTargetException getTargetException()org.openqa.selenium.NoSuchElementException: no such element: Unable to locate element: {"method":"css selector","selector":"a[href='/add']"}
  (Session info: chrome=109.0.5414.120)
For documentation on this error, please visit: https://selenium.dev/exceptions/#no_such_element
Build info: version: '4.7.1', revision: 'c6795baf1a3'
System info: os.name: 'Windows 11', os.arch: 'amd64', os.version: '10.0', java.version: '11.0.17'
Driver info: org.openqa.selenium.chrome.ChromeDriver
Command: [8c4005da965ba544e915201d6681a297, findElement {using=css selector, value=a[href='/add']}]
Capabilities {acceptInsecureCerts: false, browserName: chrome, browserVersion: 109.0.5414.120, chrome: {chromedriverVersion: 109.0.5414.74 (e7c5703604da..., userDataDir: C:\Users\eduar\AppData\Loca...}, goog:chromeOptions: {debuggerAddress: localhost:55665}, networkConnectionEnabled: false, pageLoadStrategy: normal, platformName: WINDOWS, proxy: Proxy(), se:cdp: ws://localhost:55665/devtoo..., se:cdpVersion: 109.0.5414.120, setWindowRect: true, strictFileInteractability: false, timeouts: {implicit: 0, pageLoad: 300000, script: 30000}, unhandledPromptBehavior: dismiss and notify, webauthn:extension:credBlob: true, webauthn:extension:largeBlob: true, webauthn:virtualAuthenticators: true}
Session ID: 8c4005da965ba544e915201d6681a297
14:22:12.985  INFO  manager.ListenerWD - ******************
14:22:12.985  INFO  manager.ListenerWD - Object target --->ChromeDriver: chrome on WINDOWS (8c4005da965ba544e915201d6681a297)
14:22:12.986  INFO  manager.ListenerWD - ******************
14:22:12.986  INFO  manager.ListenerWD - Screen with error is --->src/test/screenshots/screen-49.png
