16:58:22.626  INFO  manager.ApplicationManager - All tests start in Chrome Browser
16:58:36.248  INFO  manager.ApplicationManager - Current Url -->https://telranedu.web.app/home
16:58:36.307  INFO  tests.TestBase - The name of starts method is --->addNewContactWrongPhone
16:58:36.311  INFO  manager.ListenerWD - Before find elements --> By.xpath: //button[text()='Sign Out']
16:58:41.332  INFO  manager.ListenerWD - After find elements --> By.xpath: //button[text()='Sign Out']
16:58:41.337  INFO  manager.ListenerWD - List suze is --> 0
16:58:41.346  INFO  manager.ListenerWD - Before find element --> By.cssSelector: a[href='/login']
16:58:41.411  INFO  manager.ListenerWD - After find element --> By.cssSelector: a[href='/login']
16:58:41.461  INFO  manager.ListenerWD - Before find element --> By.cssSelector: a[href='/login']
16:58:41.500  INFO  manager.ListenerWD - After find element --> By.cssSelector: a[href='/login']
16:58:41.578  INFO  manager.ListenerWD - Before find element --> By.name: email
16:58:41.619  INFO  manager.ListenerWD - After find element --> By.name: email
16:58:41.844  INFO  manager.ListenerWD - Before find element --> By.name: password
16:58:41.880  INFO  manager.ListenerWD - After find element --> By.name: password
16:58:42.086  INFO  manager.ListenerWD - Before find element --> By.cssSelector: [name='login']
16:58:42.123  INFO  manager.ListenerWD - After find element --> By.cssSelector: [name='login']
16:58:47.228  INFO  manager.ListenerWD - Before find element --> By.cssSelector: a[href='/add']
16:58:52.266  INFO  manager.ListenerWD - The have a 'problem'
16:58:52.266  INFO  manager.ListenerWD - ******************
16:58:52.267  INFO  manager.ListenerWD - Method method ---> findElement
16:58:52.267  INFO  manager.ListenerWD - ******************
16:58:52.270  INFO  manager.ListenerWD - InvocationTargetException getTargetException()org.openqa.selenium.NoSuchElementException: no such element: Unable to locate element: {"method":"css selector","selector":"a[href='/add']"}
  (Session info: chrome=109.0.5414.120)
For documentation on this error, please visit: https://selenium.dev/exceptions/#no_such_element
Build info: version: '4.7.1', revision: 'c6795baf1a3'
System info: os.name: 'Windows 11', os.arch: 'amd64', os.version: '10.0', java.version: '11.0.17'
Driver info: org.openqa.selenium.chrome.ChromeDriver
Command: [8843556f13156b097322b8f98a9073f7, findElement {using=css selector, value=a[href='/add']}]
Capabilities {acceptInsecureCerts: false, browserName: chrome, browserVersion: 109.0.5414.120, chrome: {chromedriverVersion: 109.0.5414.74 (e7c5703604da..., userDataDir: C:\Users\eduar\AppData\Loca...}, goog:chromeOptions: {debuggerAddress: localhost:54392}, networkConnectionEnabled: false, pageLoadStrategy: normal, platformName: WINDOWS, proxy: Proxy(), se:cdp: ws://localhost:54392/devtoo..., se:cdpVersion: 109.0.5414.120, setWindowRect: true, strictFileInteractability: false, timeouts: {implicit: 0, pageLoad: 300000, script: 30000}, unhandledPromptBehavior: dismiss and notify, webauthn:extension:credBlob: true, webauthn:extension:largeBlob: true, webauthn:virtualAuthenticators: true}
Session ID: 8843556f13156b097322b8f98a9073f7
16:58:52.271  INFO  manager.ListenerWD - ******************
16:58:52.272  INFO  manager.ListenerWD - Object target --->ChromeDriver: chrome on WINDOWS (8843556f13156b097322b8f98a9073f7)
16:58:52.273  INFO  manager.ListenerWD - ******************
16:58:52.278  INFO  manager.ListenerWD - Screen with error is --->src/test/screenshots/screen-899.png
