18:51:33.455  INFO  manager.ApplicationManager - All tests start in Chrome Browser
18:51:52.232  INFO  manager.ApplicationManager - Current Url -->https://telranedu.web.app/home
18:51:52.262  INFO  tests.TestBase - The name of starts method is --->registrationFromFileSuccess
18:51:52.264  INFO  manager.ListenerWD - Before find elements --> By.xpath: //button[text()='Sign Out']
18:51:57.267  INFO  manager.ListenerWD - After find elements --> By.xpath: //button[text()='Sign Out']
18:51:57.267  INFO  manager.ListenerWD - List suze is --> 0
18:51:57.283  INFO  manager.ListenerWD - Before find element --> By.cssSelector: a[href='/login']
18:51:57.330  INFO  manager.ListenerWD - After find element --> By.cssSelector: a[href='/login']
18:51:57.362  INFO  manager.ListenerWD - Before find element --> By.cssSelector: a[href='/login']
18:51:57.385  INFO  manager.ListenerWD - After find element --> By.cssSelector: a[href='/login']
18:51:58.449  INFO  manager.ListenerWD - Before find element --> By.name: email
18:51:58.464  INFO  manager.ListenerWD - After find element --> By.name: email
18:51:58.589  INFO  manager.ListenerWD - Before find element --> By.name: password
18:51:58.607  INFO  manager.ListenerWD - After find element --> By.name: password
18:51:58.715  INFO  manager.ListenerWD - Before find element --> By.cssSelector: [name='registration']
18:51:58.732  INFO  manager.ListenerWD - After find element --> By.cssSelector: [name='registration']
18:52:08.774  INFO  manager.ListenerWD - Before find elements --> By.xpath: //button[text()='Sign Out']
18:52:11.905  INFO  manager.ListenerWD - After find elements --> By.xpath: //button[text()='Sign Out']
18:52:11.905  INFO  manager.ListenerWD - List suze is --> 1
18:52:11.912  INFO  tests.TestBase - The name of starts method is --->registrationFromFileSuccess
18:52:11.913  INFO  manager.ListenerWD - Before find elements --> By.xpath: //button[text()='Sign Out']
18:52:11.946  INFO  manager.ListenerWD - After find elements --> By.xpath: //button[text()='Sign Out']
18:52:11.947  INFO  manager.ListenerWD - List suze is --> 1
18:52:11.948  INFO  manager.ListenerWD - Before find element --> By.xpath: //button[text()='Sign Out']
18:52:11.981  INFO  manager.ListenerWD - After find element --> By.xpath: //button[text()='Sign Out']
18:52:12.026  INFO  manager.ListenerWD - Before find element --> By.cssSelector: a[href='/login']
18:52:12.068  INFO  manager.ListenerWD - After find element --> By.cssSelector: a[href='/login']
18:52:12.088  INFO  manager.ListenerWD - Before find element --> By.cssSelector: a[href='/login']
18:52:12.115  INFO  manager.ListenerWD - After find element --> By.cssSelector: a[href='/login']
18:52:13.179  INFO  manager.ListenerWD - Before find element --> By.name: email
18:52:13.198  INFO  manager.ListenerWD - After find element --> By.name: email
18:52:13.333  INFO  manager.ListenerWD - Before find element --> By.name: password
18:52:13.345  INFO  manager.ListenerWD - After find element --> By.name: password
18:52:13.456  INFO  manager.ListenerWD - Before find element --> By.cssSelector: [name='registration']
18:52:13.470  INFO  manager.ListenerWD - After find element --> By.cssSelector: [name='registration']
18:52:23.512  INFO  manager.ListenerWD - Before find elements --> By.xpath: //button[text()='Sign Out']
18:52:23.527  INFO  manager.ListenerWD - After find elements --> By.xpath: //button[text()='Sign Out']
18:52:23.543  INFO  manager.ListenerWD - List suze is --> 1
18:52:23.543  INFO  tests.TestBase - The name of starts method is --->registrationFromFileSuccess
18:52:23.543  INFO  manager.ListenerWD - Before find elements --> By.xpath: //button[text()='Sign Out']
18:52:23.559  INFO  manager.ListenerWD - After find elements --> By.xpath: //button[text()='Sign Out']
18:52:23.575  INFO  manager.ListenerWD - List suze is --> 1
18:52:23.575  INFO  manager.ListenerWD - Before find element --> By.xpath: //button[text()='Sign Out']
18:52:23.591  INFO  manager.ListenerWD - After find element --> By.xpath: //button[text()='Sign Out']
18:52:23.651  INFO  manager.ListenerWD - Before find element --> By.cssSelector: a[href='/login']
18:52:23.665  INFO  manager.ListenerWD - After find element --> By.cssSelector: a[href='/login']
18:52:23.681  INFO  manager.ListenerWD - Before find element --> By.cssSelector: a[href='/login']
18:52:23.696  INFO  manager.ListenerWD - After find element --> By.cssSelector: a[href='/login']
18:52:24.743  INFO  manager.ListenerWD - Before find element --> By.name: email
18:52:24.758  INFO  manager.ListenerWD - After find element --> By.name: email
18:52:24.924  INFO  manager.ListenerWD - Before find element --> By.name: password
18:52:24.955  INFO  manager.ListenerWD - After find element --> By.name: password
18:52:25.132  INFO  manager.ListenerWD - Before find element --> By.cssSelector: [name='registration']
18:52:25.152  INFO  manager.ListenerWD - After find element --> By.cssSelector: [name='registration']
18:52:35.207  INFO  manager.ListenerWD - Before find elements --> By.xpath: //button[text()='Sign Out']
18:52:35.230  INFO  manager.ListenerWD - After find elements --> By.xpath: //button[text()='Sign Out']
18:52:35.230  INFO  manager.ListenerWD - List suze is --> 1
18:52:35.230  INFO  tests.TestBase - The name of starts method is --->registrationFromFileSuccess
18:52:35.230  INFO  manager.ListenerWD - Before find elements --> By.xpath: //button[text()='Sign Out']
18:52:35.254  INFO  manager.ListenerWD - After find elements --> By.xpath: //button[text()='Sign Out']
18:52:35.254  INFO  manager.ListenerWD - List suze is --> 1
18:52:35.254  INFO  manager.ListenerWD - Before find element --> By.xpath: //button[text()='Sign Out']
18:52:35.270  INFO  manager.ListenerWD - After find element --> By.xpath: //button[text()='Sign Out']
18:52:35.313  INFO  manager.ListenerWD - Before find element --> By.cssSelector: a[href='/login']
18:52:35.330  INFO  manager.ListenerWD - After find element --> By.cssSelector: a[href='/login']
18:52:35.343  INFO  manager.ListenerWD - Before find element --> By.cssSelector: a[href='/login']
18:52:35.356  INFO  manager.ListenerWD - After find element --> By.cssSelector: a[href='/login']
18:52:36.390  INFO  manager.ListenerWD - Before find element --> By.name: email
18:52:36.415  INFO  manager.ListenerWD - After find element --> By.name: email
18:52:36.532  INFO  manager.ListenerWD - Before find element --> By.name: password
18:52:36.542  INFO  manager.ListenerWD - After find element --> By.name: password
18:52:36.647  INFO  manager.ListenerWD - Before find element --> By.cssSelector: [name='registration']
18:52:36.647  INFO  manager.ListenerWD - After find element --> By.cssSelector: [name='registration']
18:52:46.696  INFO  manager.ListenerWD - Before find elements --> By.xpath: //button[text()='Sign Out']
18:52:46.711  INFO  manager.ListenerWD - After find elements --> By.xpath: //button[text()='Sign Out']
18:52:46.711  INFO  manager.ListenerWD - List suze is --> 1
