19:03:54.183  INFO  manager.ApplicationManager - All tests start in Chrome Browser
19:04:12.603  INFO  manager.ApplicationManager - Current Url -->https://telranedu.web.app/home
19:04:12.607  INFO  manager.ListenerTNG - onStart ---Gradle test
19:04:12.629  INFO  tests.TestBase - The name of starts method is --->loginSuccessModelFromFile
19:04:12.632  INFO  manager.ListenerWD - Before find elements --> By.xpath: //button[text()='Sign Out']
19:04:17.664  INFO  manager.ListenerWD - After find elements --> By.xpath: //button[text()='Sign Out']
19:04:17.666  INFO  manager.ListenerWD - List suze is --> 0
19:04:17.668  INFO  manager.ListenerTNG - onTestStart ---loginSuccessModelFromFile
19:04:17.674  INFO  tests.TestBase - Tests start with user model ---User(email=waqa@mail.ru, password=aQa$1234)
19:04:17.679  INFO  manager.ListenerWD - Before find element --> By.cssSelector: a[href='/login']
19:04:17.712  INFO  manager.ListenerWD - After find element --> By.cssSelector: a[href='/login']
19:04:17.749  INFO  manager.ListenerWD - Before find element --> By.cssSelector: a[href='/login']
19:04:17.777  INFO  manager.ListenerWD - After find element --> By.cssSelector: a[href='/login']
19:04:17.829  INFO  manager.ListenerWD - Before find element --> By.name: email
19:04:17.854  INFO  manager.ListenerWD - After find element --> By.name: email
19:04:18.010  INFO  manager.ListenerWD - Before find element --> By.name: password
19:04:18.030  INFO  manager.ListenerWD - After find element --> By.name: password
19:04:18.134  INFO  manager.ListenerWD - Before find element --> By.cssSelector: [name='login']
19:04:18.151  INFO  manager.ListenerWD - After find element --> By.cssSelector: [name='login']
19:04:20.183  INFO  manager.ListenerWD - Before find elements --> By.xpath: //button[text()='Sign Out']
19:04:25.257  INFO  manager.ListenerWD - After find elements --> By.xpath: //button[text()='Sign Out']
19:04:25.257  INFO  manager.ListenerWD - List suze is --> 1
19:04:25.261  INFO  manager.ListenerTNG - onTestSuccessloginSuccessModelFromFile
19:04:25.262  INFO  tests.TestBase - The name of starts method is --->loginSuccessModelFromFile
19:04:25.262  INFO  manager.ListenerWD - Before find elements --> By.xpath: //button[text()='Sign Out']
19:04:25.278  INFO  manager.ListenerWD - After find elements --> By.xpath: //button[text()='Sign Out']
19:04:25.278  INFO  manager.ListenerWD - List suze is --> 1
19:04:25.279  INFO  manager.ListenerWD - Before find element --> By.xpath: //button[text()='Sign Out']
19:04:25.295  INFO  manager.ListenerWD - After find element --> By.xpath: //button[text()='Sign Out']
19:04:25.327  INFO  tests.TestBase -  I need logout
19:04:25.328  INFO  manager.ListenerTNG - onTestStart ---loginSuccessModelFromFile
19:04:25.328  INFO  tests.TestBase - Tests start with user model ---User(email=wbqa@mail.ru, password=bQa$1234)
19:04:25.328  INFO  manager.ListenerWD - Before find element --> By.cssSelector: a[href='/login']
19:04:25.344  INFO  manager.ListenerWD - After find element --> By.cssSelector: a[href='/login']
19:04:25.359  INFO  manager.ListenerWD - Before find element --> By.cssSelector: a[href='/login']
19:04:25.375  INFO  manager.ListenerWD - After find element --> By.cssSelector: a[href='/login']
19:04:25.405  INFO  manager.ListenerWD - Before find element --> By.name: email
19:04:25.423  INFO  manager.ListenerWD - After find element --> By.name: email
19:04:25.539  INFO  manager.ListenerWD - Before find element --> By.name: password
19:04:25.549  INFO  manager.ListenerWD - After find element --> By.name: password
19:04:25.664  INFO  manager.ListenerWD - Before find element --> By.cssSelector: [name='login']
19:04:25.676  INFO  manager.ListenerWD - After find element --> By.cssSelector: [name='login']
19:04:27.699  INFO  manager.ListenerWD - Before find elements --> By.xpath: //button[text()='Sign Out']
19:04:27.733  INFO  manager.ListenerWD - After find elements --> By.xpath: //button[text()='Sign Out']
19:04:27.734  INFO  manager.ListenerWD - List suze is --> 1
19:04:27.734  INFO  manager.ListenerTNG - onTestSuccessloginSuccessModelFromFile
19:04:27.736  INFO  tests.TestBase - The name of starts method is --->loginSuccessModelFromFile
19:04:27.737  INFO  manager.ListenerWD - Before find elements --> By.xpath: //button[text()='Sign Out']
19:04:27.756  INFO  manager.ListenerWD - After find elements --> By.xpath: //button[text()='Sign Out']
19:04:27.756  INFO  manager.ListenerWD - List suze is --> 1
19:04:27.756  INFO  manager.ListenerWD - Before find element --> By.xpath: //button[text()='Sign Out']
19:04:27.770  INFO  manager.ListenerWD - After find element --> By.xpath: //button[text()='Sign Out']
19:04:27.802  INFO  tests.TestBase -  I need logout
19:04:27.803  INFO  manager.ListenerTNG - onTestStart ---loginSuccessModelFromFile
19:04:27.803  INFO  tests.TestBase - Tests start with user model ---User(email=wcqa@mail.ru, password=cQa$1234)
19:04:27.803  INFO  manager.ListenerWD - Before find element --> By.cssSelector: a[href='/login']
19:04:27.814  INFO  manager.ListenerWD - After find element --> By.cssSelector: a[href='/login']
19:04:27.829  INFO  manager.ListenerWD - Before find element --> By.cssSelector: a[href='/login']
19:04:27.842  INFO  manager.ListenerWD - After find element --> By.cssSelector: a[href='/login']
19:04:27.872  INFO  manager.ListenerWD - Before find element --> By.name: email
19:04:27.888  INFO  manager.ListenerWD - After find element --> By.name: email
19:04:28.003  INFO  manager.ListenerWD - Before find element --> By.name: password
19:04:28.016  INFO  manager.ListenerWD - After find element --> By.name: password
19:04:28.120  INFO  manager.ListenerWD - Before find element --> By.cssSelector: [name='login']
19:04:28.132  INFO  manager.ListenerWD - After find element --> By.cssSelector: [name='login']
19:04:30.167  INFO  manager.ListenerWD - Before find elements --> By.xpath: //button[text()='Sign Out']
19:04:30.198  INFO  manager.ListenerWD - After find elements --> By.xpath: //button[text()='Sign Out']
19:04:30.198  INFO  manager.ListenerWD - List suze is --> 1
19:04:30.199  INFO  manager.ListenerTNG - onTestSuccessloginSuccessModelFromFile
19:04:30.201  INFO  tests.TestBase - The name of starts method is --->loginSuccessModelFromFile
19:04:30.202  INFO  manager.ListenerWD - Before find elements --> By.xpath: //button[text()='Sign Out']
19:04:30.224  INFO  manager.ListenerWD - After find elements --> By.xpath: //button[text()='Sign Out']
19:04:30.224  INFO  manager.ListenerWD - List suze is --> 1
19:04:30.224  INFO  manager.ListenerWD - Before find element --> By.xpath: //button[text()='Sign Out']
19:04:30.245  INFO  manager.ListenerWD - After find element --> By.xpath: //button[text()='Sign Out']
19:04:30.281  INFO  tests.TestBase -  I need logout
19:04:30.281  INFO  manager.ListenerTNG - onTestStart ---loginSuccessModelFromFile
19:04:30.282  INFO  tests.TestBase - Tests start with user model ---User(email=wdqa@mail.ru, password=dQa$1234)
19:04:30.282  INFO  manager.ListenerWD - Before find element --> By.cssSelector: a[href='/login']
19:04:30.293  INFO  manager.ListenerWD - After find element --> By.cssSelector: a[href='/login']
19:04:30.306  INFO  manager.ListenerWD - Before find element --> By.cssSelector: a[href='/login']
19:04:30.320  INFO  manager.ListenerWD - After find element --> By.cssSelector: a[href='/login']
19:04:30.350  INFO  manager.ListenerWD - Before find element --> By.name: email
19:04:30.362  INFO  manager.ListenerWD - After find element --> By.name: email
19:04:30.478  INFO  manager.ListenerWD - Before find element --> By.name: password
19:04:30.490  INFO  manager.ListenerWD - After find element --> By.name: password
19:04:30.593  INFO  manager.ListenerWD - Before find element --> By.cssSelector: [name='login']
19:04:30.604  INFO  manager.ListenerWD - After find element --> By.cssSelector: [name='login']
19:04:32.631  INFO  manager.ListenerWD - Before find elements --> By.xpath: //button[text()='Sign Out']
19:04:32.657  INFO  manager.ListenerWD - After find elements --> By.xpath: //button[text()='Sign Out']
19:04:32.658  INFO  manager.ListenerWD - List suze is --> 1
19:04:32.658  INFO  manager.ListenerTNG - onTestSuccessloginSuccessModelFromFile
19:04:32.662  INFO  manager.ListenerTNG - onFinish ---Gradle test
