14:36:40.443  INFO  manager.ApplicationManager - All tests start in Chrome Browser
14:36:54.052  INFO  manager.ApplicationManager - Current Url -->https://telranedu.web.app/home
14:36:54.074  INFO  tests.TestBase - The name of starts method is --->addContactSuccessAllFields
14:36:54.076  INFO  manager.ListenerWD - Before find elements --> By.xpath: //button[text()='Sign Out']
14:36:59.097  INFO  manager.ListenerWD - After find elements --> By.xpath: //button[text()='Sign Out']
14:36:59.099  INFO  manager.ListenerWD - List suze is --> 0
14:36:59.102  INFO  manager.ListenerWD - Before find element --> By.cssSelector: a[href='/login']
14:36:59.135  INFO  manager.ListenerWD - After find element --> By.cssSelector: a[href='/login']
14:36:59.163  INFO  manager.ListenerWD - Before find element --> By.cssSelector: a[href='/login']
14:36:59.185  INFO  manager.ListenerWD - After find element --> By.cssSelector: a[href='/login']
14:36:59.282  INFO  manager.ListenerWD - Before find element --> By.name: email
14:36:59.308  INFO  manager.ListenerWD - After find element --> By.name: email
14:36:59.566  INFO  manager.ListenerWD - Before find element --> By.name: password
14:36:59.603  INFO  manager.ListenerWD - After find element --> By.name: password
14:36:59.829  INFO  manager.ListenerWD - Before find element --> By.cssSelector: [name='login']
14:36:59.855  INFO  manager.ListenerWD - After find element --> By.cssSelector: [name='login']
14:36:59.935  INFO  tests.TestBase - Tests start with data : Contact(name=Lisa1185, lastName=Simpson, email=lisa1185@mail.ru, address=NY, phone=11111111185, description=All fields)
14:37:00.947  INFO  manager.ListenerWD - Before find element --> By.cssSelector: a[href='/add']
14:37:05.971  INFO  manager.ListenerWD - The have a 'problem'
14:37:05.971  INFO  manager.ListenerWD - ******************
14:37:05.971  INFO  manager.ListenerWD - Method method ---> findElement
14:37:05.971  INFO  manager.ListenerWD - ******************
14:37:05.973  INFO  manager.ListenerWD - InvocationTargetException getTargetException()org.openqa.selenium.NoSuchElementException: no such element: Unable to locate element: {"method":"css selector","selector":"a[href='/add']"}
  (Session info: chrome=109.0.5414.120)
For documentation on this error, please visit: https://selenium.dev/exceptions/#no_such_element
Build info: version: '4.7.1', revision: 'c6795baf1a3'
System info: os.name: 'Windows 11', os.arch: 'amd64', os.version: '10.0', java.version: '11.0.17'
Driver info: org.openqa.selenium.chrome.ChromeDriver
Command: [88fc90cadb087c8fd59ce02f340bcca4, findElement {using=css selector, value=a[href='/add']}]
Capabilities {acceptInsecureCerts: false, browserName: chrome, browserVersion: 109.0.5414.120, chrome: {chromedriverVersion: 109.0.5414.74 (e7c5703604da..., userDataDir: C:\Users\eduar\AppData\Loca...}, goog:chromeOptions: {debuggerAddress: localhost:55951}, networkConnectionEnabled: false, pageLoadStrategy: normal, platformName: WINDOWS, proxy: Proxy(), se:cdp: ws://localhost:55951/devtoo..., se:cdpVersion: 109.0.5414.120, setWindowRect: true, strictFileInteractability: false, timeouts: {implicit: 0, pageLoad: 300000, script: 30000}, unhandledPromptBehavior: dismiss and notify, webauthn:extension:credBlob: true, webauthn:extension:largeBlob: true, webauthn:virtualAuthenticators: true}
Session ID: 88fc90cadb087c8fd59ce02f340bcca4
14:37:05.974  INFO  manager.ListenerWD - ******************
14:37:05.974  INFO  manager.ListenerWD - Object target --->ChromeDriver: chrome on WINDOWS (88fc90cadb087c8fd59ce02f340bcca4)
14:37:05.974  INFO  manager.ListenerWD - ******************
14:37:05.975  INFO  manager.ListenerWD - Screen with error is --->src/test/screenshots/screen-142.png
