15:15:39.305  INFO  manager.ApplicationManager - All tests start in Chrome Browser
15:15:57.783  INFO  manager.ApplicationManager - Current Url -->https://telranedu.web.app/home
15:15:57.817  INFO  tests.TestBase - The name of starts method is --->addContactSuccessAllFields
15:15:57.821  INFO  manager.ListenerWD - Before find elements --> By.xpath: //button[text()='Sign Out']
15:16:02.846  INFO  manager.ListenerWD - After find elements --> By.xpath: //button[text()='Sign Out']
15:16:02.850  INFO  manager.ListenerWD - List suze is --> 0
15:16:02.856  INFO  manager.ListenerWD - Before find element --> By.cssSelector: a[href='/login']
15:16:02.901  INFO  manager.ListenerWD - After find element --> By.cssSelector: a[href='/login']
15:16:02.948  INFO  manager.ListenerWD - Before find element --> By.cssSelector: a[href='/login']
15:16:03.007  INFO  manager.ListenerWD - After find element --> By.cssSelector: a[href='/login']
15:16:03.132  INFO  manager.ListenerWD - Before find element --> By.name: email
15:16:03.174  INFO  manager.ListenerWD - After find element --> By.name: email
15:16:03.414  INFO  manager.ListenerWD - Before find element --> By.name: password
15:16:03.443  INFO  manager.ListenerWD - After find element --> By.name: password
15:16:03.639  INFO  manager.ListenerWD - Before find element --> By.cssSelector: [name='login']
15:16:03.663  INFO  manager.ListenerWD - After find element --> By.cssSelector: [name='login']
15:16:03.741  INFO  tests.TestBase - Tests start with data : Contact(name=Lisa1565, lastName=Simpson, email=lisa1565@mail.ru, address=NY, phone=11111111565, description=All fields)
15:16:03.741  INFO  manager.ListenerWD - Before find element --> By.cssSelector: a[href='/add']
15:16:08.769  INFO  manager.ListenerWD - The have a 'problem'
15:16:08.769  INFO  manager.ListenerWD - ******************
15:16:08.769  INFO  manager.ListenerWD - Method method ---> findElement
15:16:08.769  INFO  manager.ListenerWD - ******************
15:16:08.771  INFO  manager.ListenerWD - InvocationTargetException getTargetException()org.openqa.selenium.NoSuchElementException: no such element: Unable to locate element: {"method":"css selector","selector":"a[href='/add']"}
  (Session info: chrome=109.0.5414.120)
For documentation on this error, please visit: https://selenium.dev/exceptions/#no_such_element
Build info: version: '4.7.1', revision: 'c6795baf1a3'
System info: os.name: 'Windows 11', os.arch: 'amd64', os.version: '10.0', java.version: '11.0.17'
Driver info: org.openqa.selenium.chrome.ChromeDriver
Command: [0b00d7e628cc05115824ed3f2ce2885f, findElement {using=css selector, value=a[href='/add']}]
Capabilities {acceptInsecureCerts: false, browserName: chrome, browserVersion: 109.0.5414.120, chrome: {chromedriverVersion: 109.0.5414.74 (e7c5703604da..., userDataDir: C:\Users\eduar\AppData\Loca...}, goog:chromeOptions: {debuggerAddress: localhost:49298}, networkConnectionEnabled: false, pageLoadStrategy: normal, platformName: WINDOWS, proxy: Proxy(), se:cdp: ws://localhost:49298/devtoo..., se:cdpVersion: 109.0.5414.120, setWindowRect: true, strictFileInteractability: false, timeouts: {implicit: 0, pageLoad: 300000, script: 30000}, unhandledPromptBehavior: dismiss and notify, webauthn:extension:credBlob: true, webauthn:extension:largeBlob: true, webauthn:virtualAuthenticators: true}
Session ID: 0b00d7e628cc05115824ed3f2ce2885f
15:16:08.771  INFO  manager.ListenerWD - ******************
15:16:08.771  INFO  manager.ListenerWD - Object target --->ChromeDriver: chrome on WINDOWS (0b00d7e628cc05115824ed3f2ce2885f)
15:16:08.772  INFO  manager.ListenerWD - ******************
15:16:08.772  INFO  manager.ListenerWD - Screen with error is --->src/test/screenshots/screen-211.png
