21:01:04.256  INFO  manager.ApplicationManager - All tests start in Chrome Browser
21:01:11.510  INFO  manager.ApplicationManager - Current Url -->https://telranedu.web.app/home
21:01:11.513  INFO  manager.ListenerTNG - onStart ---Nopackage
21:01:11.538  INFO  tests.TestBase - The name of starts method is --->addContactSuccessAllFields
21:01:11.541  INFO  manager.ListenerWD - Before find elements --> By.xpath: //button[text()='Sign Out']
21:01:16.602  INFO  manager.ListenerWD - After find elements --> By.xpath: //button[text()='Sign Out']
21:01:16.604  INFO  manager.ListenerWD - List suze is --> 0
21:01:16.608  INFO  manager.ListenerWD - Before find element --> By.cssSelector: a[href='/login']
21:01:16.632  INFO  manager.ListenerWD - After find element --> By.cssSelector: a[href='/login']
21:01:16.655  INFO  manager.ListenerWD - Before find element --> By.cssSelector: a[href='/login']
21:01:16.670  INFO  manager.ListenerWD - After find element --> By.cssSelector: a[href='/login']
21:01:16.724  INFO  manager.ListenerWD - Before find element --> By.name: email
21:01:16.746  INFO  manager.ListenerWD - After find element --> By.name: email
21:01:16.920  INFO  manager.ListenerWD - Before find element --> By.name: password
21:01:16.939  INFO  manager.ListenerWD - After find element --> By.name: password
21:01:17.081  INFO  manager.ListenerWD - Before find element --> By.cssSelector: [name='login']
21:01:17.095  INFO  manager.ListenerWD - After find element --> By.cssSelector: [name='login']
21:01:17.126  INFO  manager.ListenerTNG - onTestStart ---addContactSuccessAllFields
21:01:17.145  INFO  tests.TestBase - Tests start with data : Contact(name=Lisa1336, lastName=Simpson, email=lisa1336@mail.ru, address=NY, phone=11111111336, description=All fields)
21:01:32.146  INFO  manager.ListenerWD - Before find element --> By.cssSelector: a[href='/add']
21:01:32.166  INFO  manager.ListenerWD - After find element --> By.cssSelector: a[href='/add']
21:01:32.208  INFO  manager.ListenerWD - Before find element --> By.cssSelector: input[placeholder='Name']
21:01:32.228  INFO  manager.ListenerWD - After find element --> By.cssSelector: input[placeholder='Name']
21:01:32.360  INFO  manager.ListenerWD - Before find element --> By.cssSelector: input[placeholder='Last Name']
21:01:32.377  INFO  manager.ListenerWD - After find element --> By.cssSelector: input[placeholder='Last Name']
21:01:32.502  INFO  manager.ListenerWD - Before find element --> By.cssSelector: input[placeholder='Phone']
21:01:32.516  INFO  manager.ListenerWD - After find element --> By.cssSelector: input[placeholder='Phone']
21:01:32.644  INFO  manager.ListenerWD - Before find element --> By.cssSelector: input[placeholder='email']
21:01:32.662  INFO  manager.ListenerWD - After find element --> By.cssSelector: input[placeholder='email']
21:01:32.803  INFO  manager.ListenerWD - Before find element --> By.cssSelector: input[placeholder='Address']
21:01:32.824  INFO  manager.ListenerWD - After find element --> By.cssSelector: input[placeholder='Address']
21:01:32.967  INFO  manager.ListenerWD - Before find element --> By.cssSelector: input[placeholder='description']
21:01:32.991  INFO  manager.ListenerWD - After find element --> By.cssSelector: input[placeholder='description']
21:01:33.137  INFO  manager.ListenerWD - Before find element --> By.xpath: //b[text()='Save']
21:01:33.159  INFO  manager.ListenerWD - After find element --> By.xpath: //b[text()='Save']
21:01:33.193  INFO  manager.ListenerWD - Before find elements --> By.cssSelector: h2
21:01:33.939  INFO  manager.ListenerWD - After find elements --> By.cssSelector: h2
21:01:33.940  INFO  manager.ListenerWD - List suze is --> 27
21:01:34.246  INFO  manager.ListenerWD - Before find elements --> By.cssSelector: h3
21:01:34.417  INFO  manager.ListenerWD - After find elements --> By.cssSelector: h3
21:01:34.417  INFO  manager.ListenerWD - List suze is --> 27
21:01:34.732  INFO  manager.ListenerWD - Before find elements --> By.cssSelector: .contact-item_card__2SOIM
21:01:34.870  INFO  manager.ListenerWD - After find elements --> By.cssSelector: .contact-item_card__2SOIM
21:01:34.870  INFO  manager.ListenerWD - List suze is --> 27
21:01:34.904  INFO  manager.ListenerWD - Before find element --> By.cssSelector: .contact-item-detailed_card__50dTS
21:01:34.922  INFO  manager.ListenerWD - After find element --> By.cssSelector: .contact-item-detailed_card__50dTS
21:01:34.970  INFO  manager.ListenerWD - Before find element --> By.cssSelector: .contact-item-detailed_card__50dTS
21:01:34.982  INFO  manager.ListenerWD - After find element --> By.cssSelector: .contact-item-detailed_card__50dTS
21:01:35.025  INFO  manager.ListenerWD - Before find element --> By.cssSelector: .contact-item-detailed_card__50dTS
21:01:35.039  INFO  manager.ListenerWD - After find element --> By.cssSelector: .contact-item-detailed_card__50dTS
21:01:35.076  INFO  manager.ListenerWD - Before find element --> By.cssSelector: .contact-item-detailed_card__50dTS
21:01:35.090  INFO  manager.ListenerWD - After find element --> By.cssSelector: .contact-item-detailed_card__50dTS
21:01:35.133  INFO  manager.ListenerWD - Before find element --> By.cssSelector: .contact-item-detailed_card__50dTS
21:01:35.146  INFO  manager.ListenerWD - After find element --> By.cssSelector: .contact-item-detailed_card__50dTS
21:01:35.184  INFO  manager.ListenerWD - Before find element --> By.cssSelector: .contact-item-detailed_card__50dTS
21:01:35.197  INFO  manager.ListenerWD - After find element --> By.cssSelector: .contact-item-detailed_card__50dTS
21:01:35.241  INFO  manager.ListenerWD - Before find element --> By.cssSelector: .contact-item-detailed_card__50dTS
21:01:35.256  INFO  manager.ListenerWD - After find element --> By.cssSelector: .contact-item-detailed_card__50dTS
21:01:35.298  INFO  manager.ListenerWD - Before find element --> By.cssSelector: .contact-item-detailed_card__50dTS
21:01:35.310  INFO  manager.ListenerWD - After find element --> By.cssSelector: .contact-item-detailed_card__50dTS
21:01:35.347  INFO  manager.ListenerWD - Before find element --> By.cssSelector: .contact-item-detailed_card__50dTS
21:01:35.359  INFO  manager.ListenerWD - After find element --> By.cssSelector: .contact-item-detailed_card__50dTS
21:01:35.412  INFO  manager.ListenerWD - Before find element --> By.cssSelector: .contact-item-detailed_card__50dTS
21:01:35.426  INFO  manager.ListenerWD - After find element --> By.cssSelector: .contact-item-detailed_card__50dTS
21:01:35.469  INFO  manager.ListenerWD - Before find element --> By.cssSelector: .contact-item-detailed_card__50dTS
21:01:35.488  INFO  manager.ListenerWD - After find element --> By.cssSelector: .contact-item-detailed_card__50dTS
21:01:35.534  INFO  manager.ListenerWD - Before find element --> By.cssSelector: .contact-item-detailed_card__50dTS
21:01:35.547  INFO  manager.ListenerWD - After find element --> By.cssSelector: .contact-item-detailed_card__50dTS
21:01:35.590  INFO  manager.ListenerWD - Before find element --> By.cssSelector: .contact-item-detailed_card__50dTS
21:01:35.605  INFO  manager.ListenerWD - After find element --> By.cssSelector: .contact-item-detailed_card__50dTS
21:01:35.653  INFO  manager.ListenerWD - Before find element --> By.cssSelector: .contact-item-detailed_card__50dTS
21:01:35.664  INFO  manager.ListenerWD - After find element --> By.cssSelector: .contact-item-detailed_card__50dTS
21:01:35.700  INFO  manager.ListenerWD - Before find element --> By.cssSelector: .contact-item-detailed_card__50dTS
21:01:35.711  INFO  manager.ListenerWD - After find element --> By.cssSelector: .contact-item-detailed_card__50dTS
21:01:35.748  INFO  manager.ListenerWD - Before find element --> By.cssSelector: .contact-item-detailed_card__50dTS
21:01:35.762  INFO  manager.ListenerWD - After find element --> By.cssSelector: .contact-item-detailed_card__50dTS
21:01:35.803  INFO  manager.ListenerWD - Before find element --> By.cssSelector: .contact-item-detailed_card__50dTS
21:01:35.814  INFO  manager.ListenerWD - After find element --> By.cssSelector: .contact-item-detailed_card__50dTS
21:01:35.863  INFO  manager.ListenerWD - Before find element --> By.cssSelector: .contact-item-detailed_card__50dTS
21:01:35.878  INFO  manager.ListenerWD - After find element --> By.cssSelector: .contact-item-detailed_card__50dTS
21:01:35.915  INFO  manager.ListenerWD - Before find element --> By.cssSelector: .contact-item-detailed_card__50dTS
21:01:35.927  INFO  manager.ListenerWD - After find element --> By.cssSelector: .contact-item-detailed_card__50dTS
21:01:35.962  INFO  manager.ListenerWD - Before find element --> By.cssSelector: .contact-item-detailed_card__50dTS
21:01:35.975  INFO  manager.ListenerWD - After find element --> By.cssSelector: .contact-item-detailed_card__50dTS
21:01:36.008  INFO  manager.ListenerWD - Before find element --> By.cssSelector: .contact-item-detailed_card__50dTS
21:01:36.018  INFO  manager.ListenerWD - After find element --> By.cssSelector: .contact-item-detailed_card__50dTS
21:01:36.050  INFO  manager.ListenerWD - Before find element --> By.cssSelector: .contact-item-detailed_card__50dTS
21:01:36.060  INFO  manager.ListenerWD - After find element --> By.cssSelector: .contact-item-detailed_card__50dTS
21:01:36.100  INFO  manager.ListenerWD - Before find element --> By.cssSelector: .contact-item-detailed_card__50dTS
21:01:36.110  INFO  manager.ListenerWD - After find element --> By.cssSelector: .contact-item-detailed_card__50dTS
21:01:36.142  INFO  manager.ListenerWD - Before find element --> By.cssSelector: .contact-item-detailed_card__50dTS
21:01:36.150  INFO  manager.ListenerWD - After find element --> By.cssSelector: .contact-item-detailed_card__50dTS
21:01:36.184  INFO  manager.ListenerWD - Before find element --> By.cssSelector: .contact-item-detailed_card__50dTS
21:01:36.196  INFO  manager.ListenerWD - After find element --> By.cssSelector: .contact-item-detailed_card__50dTS
21:01:36.234  INFO  manager.ListenerWD - Before find element --> By.cssSelector: .contact-item-detailed_card__50dTS
21:01:36.254  INFO  manager.ListenerWD - After find element --> By.cssSelector: .contact-item-detailed_card__50dTS
21:01:36.310  INFO  manager.ListenerWD - Before find element --> By.cssSelector: .contact-item-detailed_card__50dTS
21:01:36.327  INFO  manager.ListenerWD - After find element --> By.cssSelector: .contact-item-detailed_card__50dTS
21:01:36.344  INFO  manager.ListenerTNG - onTestSuccessaddContactSuccessAllFields
21:01:36.348  INFO  manager.ListenerTNG - onFinish ---Nopackage
