19:02:41.731  INFO  manager.ApplicationManager - All tests start in Chrome Browser
19:02:49.319  INFO  manager.ApplicationManager - Current Url -->https://telranedu.web.app/home
19:02:49.323  INFO  manager.ListenerTNG - onStart ---Gradle test
19:02:49.353  INFO  tests.TestBase - The name of starts method is --->loginSuccessModelFromFile
19:02:49.356  INFO  manager.ListenerWD - Before find elements --> By.xpath: //button[text()='Sign Out']
19:02:54.427  INFO  manager.ListenerWD - After find elements --> By.xpath: //button[text()='Sign Out']
19:02:54.430  INFO  manager.ListenerWD - List suze is --> 0
19:02:54.433  INFO  manager.ListenerTNG - onTestStart ---loginSuccessModelFromFile
19:02:54.439  INFO  tests.TestBase - Tests start with user model ---User(email=waqa@mail.ru, password=aQa$1234)
19:02:54.442  INFO  manager.ListenerWD - Before find element --> By.cssSelector: a[href='/login']
19:02:54.472  INFO  manager.ListenerWD - After find element --> By.cssSelector: a[href='/login']
19:02:54.502  INFO  manager.ListenerWD - Before find element --> By.cssSelector: a[href='/login']
19:02:54.523  INFO  manager.ListenerWD - After find element --> By.cssSelector: a[href='/login']
19:02:54.565  INFO  manager.ListenerWD - Before find element --> By.name: email
19:02:54.583  INFO  manager.ListenerWD - After find element --> By.name: email
19:02:54.708  INFO  manager.ListenerWD - Before find element --> By.name: password
19:02:54.727  INFO  manager.ListenerWD - After find element --> By.name: password
19:02:54.842  INFO  manager.ListenerWD - Before find element --> By.cssSelector: [name='login']
19:02:54.858  INFO  manager.ListenerWD - After find element --> By.cssSelector: [name='login']
19:02:54.882  INFO  manager.ListenerWD - Before find elements --> By.xpath: //button[text()='Sign Out']
19:02:59.927  INFO  manager.ListenerWD - After find elements --> By.xpath: //button[text()='Sign Out']
19:02:59.928  INFO  manager.ListenerWD - List suze is --> 0
19:02:59.935  INFO  manager.ListenerTNG - onTestFailure ---loginSuccessModelFromFile
19:02:59.937  INFO  tests.TestBase - The name of starts method is --->loginSuccessModelFromFile
19:02:59.939  INFO  manager.ListenerWD - Before find elements --> By.xpath: //button[text()='Sign Out']
19:03:01.958  INFO  manager.ListenerWD - After find elements --> By.xpath: //button[text()='Sign Out']
19:03:01.958  INFO  manager.ListenerWD - List suze is --> 1
19:03:01.959  INFO  manager.ListenerWD - Before find element --> By.xpath: //button[text()='Sign Out']
19:03:01.988  INFO  manager.ListenerWD - After find element --> By.xpath: //button[text()='Sign Out']
19:03:02.024  INFO  tests.TestBase -  I need logout
19:03:02.025  INFO  manager.ListenerTNG - onTestStart ---loginSuccessModelFromFile
19:03:02.025  INFO  tests.TestBase - Tests start with user model ---User(email=wbqa@mail.ru, password=bQa$1234)
19:03:02.026  INFO  manager.ListenerWD - Before find element --> By.cssSelector: a[href='/login']
19:03:02.050  INFO  manager.ListenerWD - After find element --> By.cssSelector: a[href='/login']
19:03:02.070  INFO  manager.ListenerWD - Before find element --> By.cssSelector: a[href='/login']
19:03:02.087  INFO  manager.ListenerWD - After find element --> By.cssSelector: a[href='/login']
19:03:02.112  INFO  manager.ListenerWD - Before find element --> By.name: email
19:03:02.125  INFO  manager.ListenerWD - After find element --> By.name: email
19:03:02.235  INFO  manager.ListenerWD - Before find element --> By.name: password
19:03:02.248  INFO  manager.ListenerWD - After find element --> By.name: password
19:03:02.354  INFO  manager.ListenerWD - Before find element --> By.cssSelector: [name='login']
19:03:02.366  INFO  manager.ListenerWD - After find element --> By.cssSelector: [name='login']
19:03:02.398  INFO  manager.ListenerWD - Before find elements --> By.xpath: //button[text()='Sign Out']
19:03:02.725  INFO  manager.ListenerWD - After find elements --> By.xpath: //button[text()='Sign Out']
19:03:02.725  INFO  manager.ListenerWD - List suze is --> 1
19:03:02.725  INFO  manager.ListenerTNG - onTestSuccessloginSuccessModelFromFile
19:03:02.726  INFO  tests.TestBase - The name of starts method is --->loginSuccessModelFromFile
19:03:02.727  INFO  manager.ListenerWD - Before find elements --> By.xpath: //button[text()='Sign Out']
19:03:02.747  INFO  manager.ListenerWD - After find elements --> By.xpath: //button[text()='Sign Out']
19:03:02.748  INFO  manager.ListenerWD - List suze is --> 1
19:03:02.748  INFO  manager.ListenerWD - Before find element --> By.xpath: //button[text()='Sign Out']
19:03:02.768  INFO  manager.ListenerWD - After find element --> By.xpath: //button[text()='Sign Out']
19:03:02.801  INFO  tests.TestBase -  I need logout
19:03:02.802  INFO  manager.ListenerTNG - onTestStart ---loginSuccessModelFromFile
19:03:02.802  INFO  tests.TestBase - Tests start with user model ---User(email=wcqa@mail.ru, password=cQa$1234)
19:03:02.802  INFO  manager.ListenerWD - Before find element --> By.cssSelector: a[href='/login']
19:03:02.815  INFO  manager.ListenerWD - After find element --> By.cssSelector: a[href='/login']
19:03:02.826  INFO  manager.ListenerWD - Before find element --> By.cssSelector: a[href='/login']
19:03:02.839  INFO  manager.ListenerWD - After find element --> By.cssSelector: a[href='/login']
19:03:02.867  INFO  manager.ListenerWD - Before find element --> By.name: email
19:03:02.881  INFO  manager.ListenerWD - After find element --> By.name: email
19:03:02.996  INFO  manager.ListenerWD - Before find element --> By.name: password
19:03:03.010  INFO  manager.ListenerWD - After find element --> By.name: password
19:03:03.121  INFO  manager.ListenerWD - Before find element --> By.cssSelector: [name='login']
19:03:03.134  INFO  manager.ListenerWD - After find element --> By.cssSelector: [name='login']
19:03:03.158  INFO  manager.ListenerWD - Before find elements --> By.xpath: //button[text()='Sign Out']
19:03:03.487  INFO  manager.ListenerWD - After find elements --> By.xpath: //button[text()='Sign Out']
19:03:03.487  INFO  manager.ListenerWD - List suze is --> 1
19:03:03.487  INFO  manager.ListenerTNG - onTestSuccessloginSuccessModelFromFile
19:03:03.488  INFO  tests.TestBase - The name of starts method is --->loginSuccessModelFromFile
19:03:03.489  INFO  manager.ListenerWD - Before find elements --> By.xpath: //button[text()='Sign Out']
19:03:03.505  INFO  manager.ListenerWD - After find elements --> By.xpath: //button[text()='Sign Out']
19:03:03.505  INFO  manager.ListenerWD - List suze is --> 1
19:03:03.506  INFO  manager.ListenerWD - Before find element --> By.xpath: //button[text()='Sign Out']
19:03:03.521  INFO  manager.ListenerWD - After find element --> By.xpath: //button[text()='Sign Out']
19:03:03.554  INFO  tests.TestBase -  I need logout
19:03:03.556  INFO  manager.ListenerTNG - onTestStart ---loginSuccessModelFromFile
19:03:03.556  INFO  tests.TestBase - Tests start with user model ---User(email=wdqa@mail.ru, password=dQa$1234)
19:03:03.556  INFO  manager.ListenerWD - Before find element --> By.cssSelector: a[href='/login']
19:03:03.567  INFO  manager.ListenerWD - After find element --> By.cssSelector: a[href='/login']
19:03:03.580  INFO  manager.ListenerWD - Before find element --> By.cssSelector: a[href='/login']
19:03:03.593  INFO  manager.ListenerWD - After find element --> By.cssSelector: a[href='/login']
19:03:03.627  INFO  manager.ListenerWD - Before find element --> By.name: email
19:03:03.646  INFO  manager.ListenerWD - After find element --> By.name: email
19:03:03.761  INFO  manager.ListenerWD - Before find element --> By.name: password
19:03:03.771  INFO  manager.ListenerWD - After find element --> By.name: password
19:03:03.881  INFO  manager.ListenerWD - Before find element --> By.cssSelector: [name='login']
19:03:03.891  INFO  manager.ListenerWD - After find element --> By.cssSelector: [name='login']
19:03:03.916  INFO  manager.ListenerWD - Before find elements --> By.xpath: //button[text()='Sign Out']
19:03:04.235  INFO  manager.ListenerWD - After find elements --> By.xpath: //button[text()='Sign Out']
19:03:04.236  INFO  manager.ListenerWD - List suze is --> 1
19:03:04.236  INFO  manager.ListenerTNG - onTestSuccessloginSuccessModelFromFile
19:03:04.239  INFO  manager.ListenerTNG - onFinish ---Gradle test
