18:50:13.696  INFO  manager.ApplicationManager - All tests start in Chrome Browser
18:50:21.028  INFO  manager.ApplicationManager - Current Url -->https://telranedu.web.app/home
18:50:21.076  INFO  tests.TestBase - The name of starts method is --->addContactSuccessAllFields
18:50:21.079  INFO  manager.ListenerWD - Before find elements --> By.xpath: //button[text()='Sign Out']
18:50:26.136  INFO  manager.ListenerWD - After find elements --> By.xpath: //button[text()='Sign Out']
18:50:26.142  INFO  manager.ListenerWD - List suze is --> 0
18:50:26.147  INFO  manager.ListenerWD - Before find element --> By.cssSelector: a[href='/login']
18:50:26.178  INFO  manager.ListenerWD - After find element --> By.cssSelector: a[href='/login']
18:50:26.204  INFO  manager.ListenerWD - Before find element --> By.cssSelector: a[href='/login']
18:50:26.221  INFO  manager.ListenerWD - After find element --> By.cssSelector: a[href='/login']
18:50:26.270  INFO  manager.ListenerWD - Before find element --> By.name: email
18:50:26.290  INFO  manager.ListenerWD - After find element --> By.name: email
18:50:26.435  INFO  manager.ListenerWD - Before find element --> By.name: password
18:50:26.456  INFO  manager.ListenerWD - After find element --> By.name: password
18:50:26.597  INFO  manager.ListenerWD - Before find element --> By.cssSelector: [name='login']
18:50:26.611  INFO  manager.ListenerWD - After find element --> By.cssSelector: [name='login']
18:50:26.665  INFO  tests.TestBase - Tests start with data : Contact(name=Lisa1316, lastName=Simpson, email=lisa1316@mail.ru, address=NY, phone=11111111316, description=All fields)
18:50:41.678  INFO  manager.ListenerWD - Before find element --> By.cssSelector: a[href='/add']
18:50:41.704  INFO  manager.ListenerWD - After find element --> By.cssSelector: a[href='/add']
18:50:41.746  INFO  manager.ListenerWD - Before find element --> By.cssSelector: input[placeholder='Name']
18:50:41.769  INFO  manager.ListenerWD - After find element --> By.cssSelector: input[placeholder='Name']
18:50:41.908  INFO  manager.ListenerWD - Before find element --> By.cssSelector: input[placeholder='Last Name']
18:50:41.923  INFO  manager.ListenerWD - After find element --> By.cssSelector: input[placeholder='Last Name']
18:50:42.064  INFO  manager.ListenerWD - Before find element --> By.cssSelector: input[placeholder='Phone']
18:50:42.082  INFO  manager.ListenerWD - After find element --> By.cssSelector: input[placeholder='Phone']
18:50:42.230  INFO  manager.ListenerWD - Before find element --> By.cssSelector: input[placeholder='email']
18:50:42.253  INFO  manager.ListenerWD - After find element --> By.cssSelector: input[placeholder='email']
18:50:42.410  INFO  manager.ListenerWD - Before find element --> By.cssSelector: input[placeholder='Address']
18:50:42.429  INFO  manager.ListenerWD - After find element --> By.cssSelector: input[placeholder='Address']
18:50:42.550  INFO  manager.ListenerWD - Before find element --> By.cssSelector: input[placeholder='description']
18:50:42.567  INFO  manager.ListenerWD - After find element --> By.cssSelector: input[placeholder='description']
18:50:42.709  INFO  manager.ListenerWD - Before find element --> By.xpath: //b[text()='Save']
18:50:42.730  INFO  manager.ListenerWD - After find element --> By.xpath: //b[text()='Save']
18:50:42.767  INFO  manager.ListenerWD - Before find elements --> By.cssSelector: h2
18:50:43.461  INFO  manager.ListenerWD - After find elements --> By.cssSelector: h2
18:50:43.462  INFO  manager.ListenerWD - List suze is --> 23
18:50:43.755  INFO  manager.ListenerWD - Before find elements --> By.cssSelector: h3
18:50:43.904  INFO  manager.ListenerWD - After find elements --> By.cssSelector: h3
18:50:43.904  INFO  manager.ListenerWD - List suze is --> 23
18:50:44.218  INFO  manager.ListenerWD - Before find elements --> By.cssSelector: .contact-item_card__2SOIM
18:50:44.337  INFO  manager.ListenerWD - After find elements --> By.cssSelector: .contact-item_card__2SOIM
18:50:44.338  INFO  manager.ListenerWD - List suze is --> 23
18:50:44.377  INFO  manager.ListenerWD - Before find element --> By.cssSelector: .contact-item-detailed_card__50dTS
18:50:44.401  INFO  manager.ListenerWD - After find element --> By.cssSelector: .contact-item-detailed_card__50dTS
18:50:44.452  INFO  manager.ListenerWD - Before find element --> By.cssSelector: .contact-item-detailed_card__50dTS
18:50:44.468  INFO  manager.ListenerWD - After find element --> By.cssSelector: .contact-item-detailed_card__50dTS
18:50:44.512  INFO  manager.ListenerWD - Before find element --> By.cssSelector: .contact-item-detailed_card__50dTS
18:50:44.532  INFO  manager.ListenerWD - After find element --> By.cssSelector: .contact-item-detailed_card__50dTS
18:50:44.573  INFO  manager.ListenerWD - Before find element --> By.cssSelector: .contact-item-detailed_card__50dTS
18:50:44.587  INFO  manager.ListenerWD - After find element --> By.cssSelector: .contact-item-detailed_card__50dTS
18:50:44.633  INFO  manager.ListenerWD - Before find element --> By.cssSelector: .contact-item-detailed_card__50dTS
18:50:44.650  INFO  manager.ListenerWD - After find element --> By.cssSelector: .contact-item-detailed_card__50dTS
18:50:44.698  INFO  manager.ListenerWD - Before find element --> By.cssSelector: .contact-item-detailed_card__50dTS
18:50:44.716  INFO  manager.ListenerWD - After find element --> By.cssSelector: .contact-item-detailed_card__50dTS
18:50:44.766  INFO  manager.ListenerWD - Before find element --> By.cssSelector: .contact-item-detailed_card__50dTS
18:50:44.785  INFO  manager.ListenerWD - After find element --> By.cssSelector: .contact-item-detailed_card__50dTS
18:50:44.823  INFO  manager.ListenerWD - Before find element --> By.cssSelector: .contact-item-detailed_card__50dTS
18:50:44.836  INFO  manager.ListenerWD - After find element --> By.cssSelector: .contact-item-detailed_card__50dTS
18:50:44.882  INFO  manager.ListenerWD - Before find element --> By.cssSelector: .contact-item-detailed_card__50dTS
18:50:44.897  INFO  manager.ListenerWD - After find element --> By.cssSelector: .contact-item-detailed_card__50dTS
18:50:44.944  INFO  manager.ListenerWD - Before find element --> By.cssSelector: .contact-item-detailed_card__50dTS
18:50:44.955  INFO  manager.ListenerWD - After find element --> By.cssSelector: .contact-item-detailed_card__50dTS
18:50:44.996  INFO  manager.ListenerWD - Before find element --> By.cssSelector: .contact-item-detailed_card__50dTS
18:50:45.009  INFO  manager.ListenerWD - After find element --> By.cssSelector: .contact-item-detailed_card__50dTS
18:50:45.055  INFO  manager.ListenerWD - Before find element --> By.cssSelector: .contact-item-detailed_card__50dTS
18:50:45.067  INFO  manager.ListenerWD - After find element --> By.cssSelector: .contact-item-detailed_card__50dTS
18:50:45.112  INFO  manager.ListenerWD - Before find element --> By.cssSelector: .contact-item-detailed_card__50dTS
18:50:45.128  INFO  manager.ListenerWD - After find element --> By.cssSelector: .contact-item-detailed_card__50dTS
18:50:45.182  INFO  manager.ListenerWD - Before find element --> By.cssSelector: .contact-item-detailed_card__50dTS
18:50:45.198  INFO  manager.ListenerWD - After find element --> By.cssSelector: .contact-item-detailed_card__50dTS
18:50:45.253  INFO  manager.ListenerWD - Before find element --> By.cssSelector: .contact-item-detailed_card__50dTS
18:50:45.266  INFO  manager.ListenerWD - After find element --> By.cssSelector: .contact-item-detailed_card__50dTS
18:50:45.312  INFO  manager.ListenerWD - Before find element --> By.cssSelector: .contact-item-detailed_card__50dTS
18:50:45.327  INFO  manager.ListenerWD - After find element --> By.cssSelector: .contact-item-detailed_card__50dTS
18:50:45.370  INFO  manager.ListenerWD - Before find element --> By.cssSelector: .contact-item-detailed_card__50dTS
18:50:45.382  INFO  manager.ListenerWD - After find element --> By.cssSelector: .contact-item-detailed_card__50dTS
18:50:45.439  INFO  manager.ListenerWD - Before find element --> By.cssSelector: .contact-item-detailed_card__50dTS
18:50:45.454  INFO  manager.ListenerWD - After find element --> By.cssSelector: .contact-item-detailed_card__50dTS
18:50:45.502  INFO  manager.ListenerWD - Before find element --> By.cssSelector: .contact-item-detailed_card__50dTS
18:50:45.519  INFO  manager.ListenerWD - After find element --> By.cssSelector: .contact-item-detailed_card__50dTS
18:50:45.566  INFO  manager.ListenerWD - Before find element --> By.cssSelector: .contact-item-detailed_card__50dTS
18:50:45.582  INFO  manager.ListenerWD - After find element --> By.cssSelector: .contact-item-detailed_card__50dTS
18:50:45.630  INFO  manager.ListenerWD - Before find element --> By.cssSelector: .contact-item-detailed_card__50dTS
18:50:45.645  INFO  manager.ListenerWD - After find element --> By.cssSelector: .contact-item-detailed_card__50dTS
18:50:45.694  INFO  manager.ListenerWD - Before find element --> By.cssSelector: .contact-item-detailed_card__50dTS
18:50:45.711  INFO  manager.ListenerWD - After find element --> By.cssSelector: .contact-item-detailed_card__50dTS
18:50:45.758  INFO  manager.ListenerWD - Before find element --> By.cssSelector: .contact-item-detailed_card__50dTS
18:50:45.773  INFO  manager.ListenerWD - After find element --> By.cssSelector: .contact-item-detailed_card__50dTS
