15:06:07.234  INFO  manager.ApplicationManager - All tests start in Chrome Browser
15:06:20.825  INFO  manager.ApplicationManager - Current Url -->https://telranedu.web.app/home
15:06:20.888  INFO  tests.TestBase - The name of starts method is --->addContactSuccessAllFields
15:06:20.892  INFO  manager.ListenerWD - Before find elements --> By.xpath: //button[text()='Sign Out']
15:06:25.919  INFO  manager.ListenerWD - After find elements --> By.xpath: //button[text()='Sign Out']
15:06:25.924  INFO  manager.ListenerWD - List suze is --> 0
15:06:25.933  INFO  manager.ListenerWD - Before find element --> By.cssSelector: a[href='/login']
15:06:25.982  INFO  manager.ListenerWD - After find element --> By.cssSelector: a[href='/login']
15:06:26.035  INFO  manager.ListenerWD - Before find element --> By.cssSelector: a[href='/login']
15:06:26.074  INFO  manager.ListenerWD - After find element --> By.cssSelector: a[href='/login']
15:06:26.139  INFO  manager.ListenerWD - Before find element --> By.name: email
15:06:26.176  INFO  manager.ListenerWD - After find element --> By.name: email
15:06:26.372  INFO  manager.ListenerWD - Before find element --> By.name: password
15:06:26.409  INFO  manager.ListenerWD - After find element --> By.name: password
15:06:26.621  INFO  manager.ListenerWD - Before find element --> By.cssSelector: [name='login']
15:06:26.656  INFO  manager.ListenerWD - After find element --> By.cssSelector: [name='login']
15:06:26.761  INFO  tests.TestBase - Tests start with data : Contact(name=Lisa1973, lastName=Simpson, email=lisa1973@mail.ru, address=NY, phone=11111111973, description=All fields)
15:06:26.762  INFO  manager.ListenerWD - Before find element --> By.cssSelector: a[href='/add']
15:06:31.838  INFO  manager.ListenerWD - The have a 'problem'
15:06:31.838  INFO  manager.ListenerWD - ******************
15:06:31.839  INFO  manager.ListenerWD - Method method ---> findElement
15:06:31.839  INFO  manager.ListenerWD - ******************
15:06:31.842  INFO  manager.ListenerWD - InvocationTargetException getTargetException()org.openqa.selenium.NoSuchElementException: no such element: Unable to locate element: {"method":"css selector","selector":"a[href='/add']"}
  (Session info: chrome=109.0.5414.120)
For documentation on this error, please visit: https://selenium.dev/exceptions/#no_such_element
Build info: version: '4.7.1', revision: 'c6795baf1a3'
System info: os.name: 'Windows 11', os.arch: 'amd64', os.version: '10.0', java.version: '11.0.17'
Driver info: org.openqa.selenium.chrome.ChromeDriver
Command: [3cb7c5465c292b95e15bfbf9cad988b0, findElement {using=css selector, value=a[href='/add']}]
Capabilities {acceptInsecureCerts: false, browserName: chrome, browserVersion: 109.0.5414.120, chrome: {chromedriverVersion: 109.0.5414.74 (e7c5703604da..., userDataDir: C:\Users\eduar\AppData\Loca...}, goog:chromeOptions: {debuggerAddress: localhost:65316}, networkConnectionEnabled: false, pageLoadStrategy: normal, platformName: WINDOWS, proxy: Proxy(), se:cdp: ws://localhost:65316/devtoo..., se:cdpVersion: 109.0.5414.120, setWindowRect: true, strictFileInteractability: false, timeouts: {implicit: 0, pageLoad: 300000, script: 30000}, unhandledPromptBehavior: dismiss and notify, webauthn:extension:credBlob: true, webauthn:extension:largeBlob: true, webauthn:virtualAuthenticators: true}
Session ID: 3cb7c5465c292b95e15bfbf9cad988b0
15:06:31.844  INFO  manager.ListenerWD - ******************
15:06:31.845  INFO  manager.ListenerWD - Object target --->ChromeDriver: chrome on WINDOWS (3cb7c5465c292b95e15bfbf9cad988b0)
15:06:31.845  INFO  manager.ListenerWD - ******************
15:06:31.846  INFO  manager.ListenerWD - Screen with error is --->src/test/screenshots/screen-814.png
