14:49:01.446  INFO  manager.ApplicationManager - All tests start in Chrome Browser
14:49:09.002  INFO  manager.ApplicationManager - Current Url -->https://telranedu.web.app/home
14:49:09.007  INFO  manager.ListenerTNG - onStart ---Gradle test
14:49:09.031  INFO  tests.TestBase - The name of starts method is --->addContactSuccessAllFields
14:49:09.032  INFO  manager.ListenerWD - Before find elements --> By.xpath: //button[text()='Sign Out']
14:49:14.055  INFO  manager.ListenerWD - After find elements --> By.xpath: //button[text()='Sign Out']
14:49:14.058  INFO  manager.ListenerWD - List suze is --> 0
14:49:14.063  INFO  manager.ListenerWD - Before find element --> By.cssSelector: a[href='/login']
14:49:14.094  INFO  manager.ListenerWD - After find element --> By.cssSelector: a[href='/login']
14:49:14.125  INFO  manager.ListenerWD - Before find element --> By.cssSelector: a[href='/login']
14:49:14.144  INFO  manager.ListenerWD - After find element --> By.cssSelector: a[href='/login']
14:49:14.241  INFO  manager.ListenerWD - Before find element --> By.name: email
14:49:14.268  INFO  manager.ListenerWD - After find element --> By.name: email
14:49:14.480  INFO  manager.ListenerWD - Before find element --> By.name: password
14:49:14.518  INFO  manager.ListenerWD - After find element --> By.name: password
14:49:14.746  INFO  manager.ListenerWD - Before find element --> By.cssSelector: [name='login']
14:49:14.771  INFO  manager.ListenerWD - After find element --> By.cssSelector: [name='login']
14:49:14.836  INFO  manager.ListenerTNG - onTestStart ---addContactSuccessAllFields
14:49:14.852  INFO  tests.TestBase - Tests start with data : Contact(name=Lisa1977, lastName=Simpson, email=lisa1977@mail.ru, address=NY, phone=11111111977, description=All fields)
14:49:19.864  INFO  manager.ListenerWD - Before find element --> By.cssSelector: a[href='/add']
14:49:22.160  INFO  manager.ListenerWD - After find element --> By.cssSelector: a[href='/add']
14:49:22.206  INFO  manager.ListenerWD - Before find element --> By.cssSelector: input[placeholder='Name']
14:49:22.229  INFO  manager.ListenerWD - After find element --> By.cssSelector: input[placeholder='Name']
14:49:22.384  INFO  manager.ListenerWD - Before find element --> By.cssSelector: input[placeholder='Last Name']
14:49:22.408  INFO  manager.ListenerWD - After find element --> By.cssSelector: input[placeholder='Last Name']
14:49:22.597  INFO  manager.ListenerWD - Before find element --> By.cssSelector: input[placeholder='Phone']
14:49:22.616  INFO  manager.ListenerWD - After find element --> By.cssSelector: input[placeholder='Phone']
14:49:22.742  INFO  manager.ListenerWD - Before find element --> By.cssSelector: input[placeholder='email']
14:49:22.758  INFO  manager.ListenerWD - After find element --> By.cssSelector: input[placeholder='email']
14:49:22.912  INFO  manager.ListenerWD - Before find element --> By.cssSelector: input[placeholder='Address']
14:49:22.935  INFO  manager.ListenerWD - After find element --> By.cssSelector: input[placeholder='Address']
14:49:23.063  INFO  manager.ListenerWD - Before find element --> By.cssSelector: input[placeholder='description']
14:49:23.087  INFO  manager.ListenerWD - After find element --> By.cssSelector: input[placeholder='description']
14:49:23.241  INFO  manager.ListenerWD - Before find element --> By.xpath: //b[text()='Save']
14:49:23.268  INFO  manager.ListenerWD - After find element --> By.xpath: //b[text()='Save']
14:49:23.322  INFO  manager.ListenerWD - Before find elements --> By.cssSelector: h2
14:49:24.043  INFO  manager.ListenerWD - After find elements --> By.cssSelector: h2
14:49:24.043  INFO  manager.ListenerWD - List suze is --> 4
14:49:24.103  INFO  manager.ListenerWD - Before find elements --> By.cssSelector: h3
14:49:24.145  INFO  manager.ListenerWD - After find elements --> By.cssSelector: h3
14:49:24.145  INFO  manager.ListenerWD - List suze is --> 4
14:49:24.206  INFO  manager.ListenerWD - Before find elements --> By.cssSelector: .contact-item_card__2SOIM
14:49:24.248  INFO  manager.ListenerWD - After find elements --> By.cssSelector: .contact-item_card__2SOIM
14:49:24.248  INFO  manager.ListenerWD - List suze is --> 4
14:49:24.310  INFO  manager.ListenerWD - Before find element --> By.cssSelector: .contact-item-detailed_card__50dTS
14:49:24.335  INFO  manager.ListenerWD - After find element --> By.cssSelector: .contact-item-detailed_card__50dTS
14:49:24.391  INFO  manager.ListenerWD - Before find element --> By.cssSelector: .contact-item-detailed_card__50dTS
14:49:24.408  INFO  manager.ListenerWD - After find element --> By.cssSelector: .contact-item-detailed_card__50dTS
14:49:24.471  INFO  manager.ListenerWD - Before find element --> By.cssSelector: .contact-item-detailed_card__50dTS
14:49:24.490  INFO  manager.ListenerWD - After find element --> By.cssSelector: .contact-item-detailed_card__50dTS
14:49:24.534  INFO  manager.ListenerWD - Before find element --> By.cssSelector: .contact-item-detailed_card__50dTS
14:49:24.546  INFO  manager.ListenerWD - After find element --> By.cssSelector: .contact-item-detailed_card__50dTS
14:49:24.557  INFO  manager.ListenerTNG - onTestSuccessaddContactSuccessAllFields
14:49:24.558  INFO  tests.TestBase - The name of starts method is --->addContactSuccessRequiredFields
14:49:24.559  INFO  manager.ListenerWD - Before find elements --> By.xpath: //button[text()='Sign Out']
14:49:24.570  INFO  manager.ListenerWD - After find elements --> By.xpath: //button[text()='Sign Out']
14:49:24.571  INFO  manager.ListenerWD - List suze is --> 1
14:49:24.571  INFO  manager.ListenerTNG - onTestStart ---addContactSuccessRequiredFields
14:49:24.572  INFO  manager.ListenerWD - Before find element --> By.cssSelector: a[href='/add']
14:49:24.582  INFO  manager.ListenerWD - After find element --> By.cssSelector: a[href='/add']
14:49:24.610  INFO  manager.ListenerWD - Before find element --> By.cssSelector: input[placeholder='Name']
14:49:24.625  INFO  manager.ListenerWD - After find element --> By.cssSelector: input[placeholder='Name']
14:49:24.767  INFO  manager.ListenerWD - Before find element --> By.cssSelector: input[placeholder='Last Name']
14:49:24.783  INFO  manager.ListenerWD - After find element --> By.cssSelector: input[placeholder='Last Name']
14:49:24.929  INFO  manager.ListenerWD - Before find element --> By.cssSelector: input[placeholder='Phone']
14:49:24.943  INFO  manager.ListenerWD - After find element --> By.cssSelector: input[placeholder='Phone']
14:49:25.069  INFO  manager.ListenerWD - Before find element --> By.cssSelector: input[placeholder='email']
14:49:25.079  INFO  manager.ListenerWD - After find element --> By.cssSelector: input[placeholder='email']
14:49:25.190  INFO  manager.ListenerWD - Before find element --> By.cssSelector: input[placeholder='Address']
14:49:25.200  INFO  manager.ListenerWD - After find element --> By.cssSelector: input[placeholder='Address']
14:49:25.322  INFO  manager.ListenerWD - Before find element --> By.cssSelector: input[placeholder='description']
14:49:25.336  INFO  manager.ListenerWD - After find element --> By.cssSelector: input[placeholder='description']
14:49:25.450  INFO  manager.ListenerWD - Before find element --> By.xpath: //b[text()='Save']
14:49:25.462  INFO  manager.ListenerWD - After find element --> By.xpath: //b[text()='Save']
14:49:25.495  INFO  manager.ListenerWD - Before find elements --> By.cssSelector: h2
14:49:26.093  INFO  manager.ListenerWD - After find elements --> By.cssSelector: h2
14:49:26.093  INFO  manager.ListenerWD - List suze is --> 5
14:49:26.151  INFO  manager.ListenerWD - Before find elements --> By.cssSelector: h3
14:49:26.178  INFO  manager.ListenerWD - After find elements --> By.cssSelector: h3
14:49:26.179  INFO  manager.ListenerWD - List suze is --> 5
14:49:26.234  INFO  manager.ListenerTNG - onTestSuccessaddContactSuccessRequiredFields
14:49:26.235  INFO  tests.TestBase - The name of starts method is --->addNewContactWrongAddress
14:49:26.236  INFO  manager.ListenerWD - Before find elements --> By.xpath: //button[text()='Sign Out']
14:49:26.246  INFO  manager.ListenerWD - After find elements --> By.xpath: //button[text()='Sign Out']
14:49:26.247  INFO  manager.ListenerWD - List suze is --> 1
14:49:26.247  INFO  manager.ListenerTNG - onTestStart ---addNewContactWrongAddress
14:49:26.248  INFO  manager.ListenerWD - Before find element --> By.cssSelector: a[href='/add']
14:49:26.258  INFO  manager.ListenerWD - After find element --> By.cssSelector: a[href='/add']
14:49:26.279  INFO  manager.ListenerWD - Before find element --> By.cssSelector: input[placeholder='Name']
14:49:26.295  INFO  manager.ListenerWD - After find element --> By.cssSelector: input[placeholder='Name']
14:49:26.429  INFO  manager.ListenerWD - Before find element --> By.cssSelector: input[placeholder='Last Name']
14:49:26.441  INFO  manager.ListenerWD - After find element --> By.cssSelector: input[placeholder='Last Name']
14:49:26.589  INFO  manager.ListenerWD - Before find element --> By.cssSelector: input[placeholder='Phone']
14:49:26.603  INFO  manager.ListenerWD - After find element --> By.cssSelector: input[placeholder='Phone']
14:49:26.736  INFO  manager.ListenerWD - Before find element --> By.cssSelector: input[placeholder='email']
14:49:26.749  INFO  manager.ListenerWD - After find element --> By.cssSelector: input[placeholder='email']
14:49:26.867  INFO  manager.ListenerWD - Before find element --> By.cssSelector: input[placeholder='Address']
14:49:26.877  INFO  manager.ListenerWD - After find element --> By.cssSelector: input[placeholder='Address']
14:49:26.998  INFO  manager.ListenerWD - Before find element --> By.cssSelector: input[placeholder='description']
14:49:27.007  INFO  manager.ListenerWD - After find element --> By.cssSelector: input[placeholder='description']
14:49:27.125  INFO  manager.ListenerWD - Before find element --> By.xpath: //b[text()='Save']
14:49:27.135  INFO  manager.ListenerWD - After find element --> By.xpath: //b[text()='Save']
14:49:27.166  INFO  manager.ListenerWD - Before find elements --> By.cssSelector: a.active[href='/add']
14:49:27.181  INFO  manager.ListenerWD - After find elements --> By.cssSelector: a.active[href='/add']
14:49:27.181  INFO  manager.ListenerWD - List suze is --> 1
14:49:27.182  INFO  manager.ListenerTNG - onTestSuccessaddNewContactWrongAddress
14:49:27.182  INFO  tests.TestBase - The name of starts method is --->addNewContactWrongEmail
14:49:27.183  INFO  manager.ListenerWD - Before find elements --> By.xpath: //button[text()='Sign Out']
14:49:27.196  INFO  manager.ListenerWD - After find elements --> By.xpath: //button[text()='Sign Out']
14:49:27.196  INFO  manager.ListenerWD - List suze is --> 1
14:49:27.196  INFO  manager.ListenerTNG - onTestStart ---addNewContactWrongEmail
14:49:27.197  INFO  manager.ListenerWD - Before find element --> By.cssSelector: a[href='/add']
14:49:27.206  INFO  manager.ListenerWD - After find element --> By.cssSelector: a[href='/add']
14:49:27.230  INFO  manager.ListenerWD - Before find element --> By.cssSelector: input[placeholder='Name']
14:49:27.242  INFO  manager.ListenerWD - After find element --> By.cssSelector: input[placeholder='Name']
14:49:27.362  INFO  manager.ListenerWD - Before find element --> By.cssSelector: input[placeholder='Last Name']
14:49:27.378  INFO  manager.ListenerWD - After find element --> By.cssSelector: input[placeholder='Last Name']
14:49:27.489  INFO  manager.ListenerWD - Before find element --> By.cssSelector: input[placeholder='Phone']
14:49:27.514  INFO  manager.ListenerWD - After find element --> By.cssSelector: input[placeholder='Phone']
14:49:27.737  INFO  manager.ListenerWD - Before find element --> By.cssSelector: input[placeholder='email']
14:49:27.768  INFO  manager.ListenerWD - After find element --> By.cssSelector: input[placeholder='email']
14:49:27.985  INFO  manager.ListenerWD - Before find element --> By.cssSelector: input[placeholder='Address']
14:49:28.009  INFO  manager.ListenerWD - After find element --> By.cssSelector: input[placeholder='Address']
14:49:28.193  INFO  manager.ListenerWD - Before find element --> By.cssSelector: input[placeholder='description']
14:49:28.228  INFO  manager.ListenerWD - After find element --> By.cssSelector: input[placeholder='description']
14:49:28.495  INFO  manager.ListenerWD - Before find element --> By.xpath: //b[text()='Save']
14:49:28.514  INFO  manager.ListenerWD - After find element --> By.xpath: //b[text()='Save']
14:49:28.592  INFO  manager.ListenerWD - The have a 'problem'
14:49:28.593  INFO  manager.ListenerWD - ******************
14:49:28.594  INFO  manager.ListenerWD - Method method ---> alert
14:49:28.594  INFO  manager.ListenerWD - ******************
14:49:28.598  INFO  manager.ListenerWD - InvocationTargetException getTargetException()org.openqa.selenium.NoAlertPresentException: no such alert
  (Session info: chrome=109.0.5414.120)
Build info: version: '4.7.1', revision: 'c6795baf1a3'
System info: os.name: 'Windows 11', os.arch: 'amd64', os.version: '10.0', java.version: '11.0.17'
Driver info: org.openqa.selenium.chrome.ChromeDriver
Command: [045d28a852444ad9492683c0087f51eb, getAlertText {}]
Capabilities {acceptInsecureCerts: false, browserName: chrome, browserVersion: 109.0.5414.120, chrome: {chromedriverVersion: 109.0.5414.74 (e7c5703604da..., userDataDir: C:\Users\eduar\AppData\Loca...}, goog:chromeOptions: {debuggerAddress: localhost:56521}, networkConnectionEnabled: false, pageLoadStrategy: normal, platformName: WINDOWS, proxy: Proxy(), se:cdp: ws://localhost:56521/devtoo..., se:cdpVersion: 109.0.5414.120, setWindowRect: true, strictFileInteractability: false, timeouts: {implicit: 0, pageLoad: 300000, script: 30000}, unhandledPromptBehavior: dismiss and notify, webauthn:extension:credBlob: true, webauthn:extension:largeBlob: true, webauthn:virtualAuthenticators: true}
Session ID: 045d28a852444ad9492683c0087f51eb
14:49:28.599  INFO  manager.ListenerWD - ******************
14:49:28.600  INFO  manager.ListenerWD - Object target --->org.openqa.selenium.remote.RemoteWebDriver$RemoteTargetLocator@149aa7b2
14:49:28.600  INFO  manager.ListenerWD - ******************
14:49:29.155  INFO  manager.ListenerTNG - onTestSuccessaddNewContactWrongEmail
14:49:29.158  INFO  tests.TestBase - The name of starts method is --->addNewContactWrongLastName
14:49:29.159  INFO  manager.ListenerWD - Before find elements --> By.xpath: //button[text()='Sign Out']
14:49:29.195  INFO  manager.ListenerWD - After find elements --> By.xpath: //button[text()='Sign Out']
14:49:29.196  INFO  manager.ListenerWD - List suze is --> 1
14:49:29.196  INFO  manager.ListenerTNG - onTestStart ---addNewContactWrongLastName
14:49:29.197  INFO  manager.ListenerWD - Before find element --> By.cssSelector: a[href='/add']
14:49:29.231  INFO  manager.ListenerWD - After find element --> By.cssSelector: a[href='/add']
14:49:29.275  INFO  manager.ListenerWD - Before find element --> By.cssSelector: input[placeholder='Name']
14:49:29.304  INFO  manager.ListenerWD - After find element --> By.cssSelector: input[placeholder='Name']
14:49:29.497  INFO  manager.ListenerWD - Before find element --> By.cssSelector: input[placeholder='Last Name']
14:49:29.516  INFO  manager.ListenerWD - After find element --> By.cssSelector: input[placeholder='Last Name']
14:49:29.708  INFO  manager.ListenerWD - Before find element --> By.cssSelector: input[placeholder='Phone']
14:49:29.735  INFO  manager.ListenerWD - After find element --> By.cssSelector: input[placeholder='Phone']
14:49:29.940  INFO  manager.ListenerWD - Before find element --> By.cssSelector: input[placeholder='email']
14:49:29.962  INFO  manager.ListenerWD - After find element --> By.cssSelector: input[placeholder='email']
14:49:30.135  INFO  manager.ListenerWD - Before find element --> By.cssSelector: input[placeholder='Address']
14:49:30.185  INFO  manager.ListenerWD - After find element --> By.cssSelector: input[placeholder='Address']
14:49:30.355  INFO  manager.ListenerWD - Before find element --> By.cssSelector: input[placeholder='description']
14:49:30.376  INFO  manager.ListenerWD - After find element --> By.cssSelector: input[placeholder='description']
14:49:30.535  INFO  manager.ListenerWD - Before find element --> By.xpath: //b[text()='Save']
14:49:30.554  INFO  manager.ListenerWD - After find element --> By.xpath: //b[text()='Save']
14:49:30.581  INFO  manager.ListenerWD - Before find elements --> By.cssSelector: a.active[href='/add']
14:49:30.599  INFO  manager.ListenerWD - After find elements --> By.cssSelector: a.active[href='/add']
14:49:30.600  INFO  manager.ListenerWD - List suze is --> 1
14:49:30.600  INFO  manager.ListenerTNG - onTestSuccessaddNewContactWrongLastName
14:49:30.602  INFO  tests.TestBase - The name of starts method is --->addNewContactWrongName
14:49:30.603  INFO  manager.ListenerWD - Before find elements --> By.xpath: //button[text()='Sign Out']
14:49:30.622  INFO  manager.ListenerWD - After find elements --> By.xpath: //button[text()='Sign Out']
14:49:30.622  INFO  manager.ListenerWD - List suze is --> 1
14:49:30.623  INFO  manager.ListenerTNG - onTestStart ---addNewContactWrongName
14:49:30.624  INFO  manager.ListenerWD - Before find element --> By.cssSelector: a[href='/add']
14:49:30.654  INFO  manager.ListenerWD - After find element --> By.cssSelector: a[href='/add']
14:49:30.690  INFO  manager.ListenerWD - Before find element --> By.cssSelector: input[placeholder='Name']
14:49:30.709  INFO  manager.ListenerWD - After find element --> By.cssSelector: input[placeholder='Name']
14:49:30.862  INFO  manager.ListenerWD - Before find element --> By.cssSelector: input[placeholder='Last Name']
14:49:30.879  INFO  manager.ListenerWD - After find element --> By.cssSelector: input[placeholder='Last Name']
14:49:31.045  INFO  manager.ListenerWD - Before find element --> By.cssSelector: input[placeholder='Phone']
14:49:31.062  INFO  manager.ListenerWD - After find element --> By.cssSelector: input[placeholder='Phone']
14:49:31.230  INFO  manager.ListenerWD - Before find element --> By.cssSelector: input[placeholder='email']
14:49:31.249  INFO  manager.ListenerWD - After find element --> By.cssSelector: input[placeholder='email']
14:49:31.445  INFO  manager.ListenerWD - Before find element --> By.cssSelector: input[placeholder='Address']
14:49:31.470  INFO  manager.ListenerWD - After find element --> By.cssSelector: input[placeholder='Address']
14:49:31.641  INFO  manager.ListenerWD - Before find element --> By.cssSelector: input[placeholder='description']
14:49:31.666  INFO  manager.ListenerWD - After find element --> By.cssSelector: input[placeholder='description']
14:49:31.842  INFO  manager.ListenerWD - Before find element --> By.xpath: //b[text()='Save']
14:49:31.862  INFO  manager.ListenerWD - After find element --> By.xpath: //b[text()='Save']
14:49:31.900  INFO  manager.ListenerWD - Before find elements --> By.cssSelector: a.active[href='/add']
14:49:31.920  INFO  manager.ListenerWD - After find elements --> By.cssSelector: a.active[href='/add']
14:49:31.920  INFO  manager.ListenerWD - List suze is --> 1
14:49:31.921  INFO  manager.ListenerTNG - onTestSuccessaddNewContactWrongName
14:49:31.923  INFO  tests.TestBase - The name of starts method is --->addNewContactWrongPhone
14:49:31.924  INFO  manager.ListenerWD - Before find elements --> By.xpath: //button[text()='Sign Out']
14:49:31.949  INFO  manager.ListenerWD - After find elements --> By.xpath: //button[text()='Sign Out']
14:49:31.950  INFO  manager.ListenerWD - List suze is --> 1
14:49:31.951  INFO  manager.ListenerTNG - onTestStart ---addNewContactWrongPhone
14:49:31.951  INFO  manager.ListenerWD - Before find element --> By.cssSelector: a[href='/add']
14:49:31.977  INFO  manager.ListenerWD - After find element --> By.cssSelector: a[href='/add']
14:49:32.013  INFO  manager.ListenerWD - Before find element --> By.cssSelector: input[placeholder='Name']
14:49:32.035  INFO  manager.ListenerWD - After find element --> By.cssSelector: input[placeholder='Name']
14:49:32.240  INFO  manager.ListenerWD - Before find element --> By.cssSelector: input[placeholder='Last Name']
14:49:32.267  INFO  manager.ListenerWD - After find element --> By.cssSelector: input[placeholder='Last Name']
14:49:32.464  INFO  manager.ListenerWD - Before find element --> By.cssSelector: input[placeholder='Phone']
14:49:32.482  INFO  manager.ListenerWD - After find element --> By.cssSelector: input[placeholder='Phone']
14:49:32.667  INFO  manager.ListenerWD - Before find element --> By.cssSelector: input[placeholder='email']
14:49:32.686  INFO  manager.ListenerWD - After find element --> By.cssSelector: input[placeholder='email']
14:49:32.887  INFO  manager.ListenerWD - Before find element --> By.cssSelector: input[placeholder='Address']
14:49:32.907  INFO  manager.ListenerWD - After find element --> By.cssSelector: input[placeholder='Address']
14:49:33.090  INFO  manager.ListenerWD - Before find element --> By.cssSelector: input[placeholder='description']
14:49:33.111  INFO  manager.ListenerWD - After find element --> By.cssSelector: input[placeholder='description']
14:49:33.327  INFO  manager.ListenerWD - Before find element --> By.xpath: //b[text()='Save']
14:49:33.346  INFO  manager.ListenerWD - After find element --> By.xpath: //b[text()='Save']
14:49:33.381  INFO  manager.ListenerWD - Before find elements --> By.cssSelector: a.active[href='/add']
14:49:33.400  INFO  manager.ListenerWD - After find elements --> By.cssSelector: a.active[href='/add']
14:49:33.401  INFO  manager.ListenerWD - List suze is --> 1
14:49:33.412  INFO  manager.ListenerWD - The have a 'problem'
14:49:33.413  INFO  manager.ListenerWD - ******************
14:49:33.413  INFO  manager.ListenerWD - Method method ---> alert
14:49:33.413  INFO  manager.ListenerWD - ******************
14:49:33.413  INFO  manager.ListenerWD - InvocationTargetException getTargetException()org.openqa.selenium.NoAlertPresentException: no such alert
  (Session info: chrome=109.0.5414.120)
Build info: version: '4.7.1', revision: 'c6795baf1a3'
System info: os.name: 'Windows 11', os.arch: 'amd64', os.version: '10.0', java.version: '11.0.17'
Driver info: org.openqa.selenium.chrome.ChromeDriver
Command: [045d28a852444ad9492683c0087f51eb, getAlertText {}]
Capabilities {acceptInsecureCerts: false, browserName: chrome, browserVersion: 109.0.5414.120, chrome: {chromedriverVersion: 109.0.5414.74 (e7c5703604da..., userDataDir: C:\Users\eduar\AppData\Loca...}, goog:chromeOptions: {debuggerAddress: localhost:56521}, networkConnectionEnabled: false, pageLoadStrategy: normal, platformName: WINDOWS, proxy: Proxy(), se:cdp: ws://localhost:56521/devtoo..., se:cdpVersion: 109.0.5414.120, setWindowRect: true, strictFileInteractability: false, timeouts: {implicit: 0, pageLoad: 300000, script: 30000}, unhandledPromptBehavior: dismiss and notify, webauthn:extension:credBlob: true, webauthn:extension:largeBlob: true, webauthn:virtualAuthenticators: true}
Session ID: 045d28a852444ad9492683c0087f51eb
14:49:33.413  INFO  manager.ListenerWD - ******************
14:49:33.414  INFO  manager.ListenerWD - Object target --->org.openqa.selenium.remote.RemoteWebDriver$RemoteTargetLocator@563172d3
14:49:33.414  INFO  manager.ListenerWD - ******************
14:49:33.950  INFO  manager.ListenerTNG - onTestSuccessaddNewContactWrongPhone
14:49:33.959  INFO  tests.TestBase - The name of starts method is --->loginSuccess
14:49:33.960  INFO  manager.ListenerWD - Before find elements --> By.xpath: //button[text()='Sign Out']
14:49:33.978  INFO  manager.ListenerWD - After find elements --> By.xpath: //button[text()='Sign Out']
14:49:33.978  INFO  manager.ListenerWD - List suze is --> 1
14:49:33.980  INFO  manager.ListenerWD - Before find element --> By.xpath: //button[text()='Sign Out']
14:49:33.998  INFO  manager.ListenerWD - After find element --> By.xpath: //button[text()='Sign Out']
14:49:34.047  INFO  tests.TestBase -  I need logout
14:49:34.048  INFO  manager.ListenerTNG - onTestStart ---loginSuccess
14:49:34.049  INFO  tests.TestBase - Login with valid data :  email: noa@gmail.com & password: Nnoa12345$
14:49:34.049  INFO  manager.ListenerWD - Before find element --> By.cssSelector: a[href='/login']
14:49:34.083  INFO  manager.ListenerWD - After find element --> By.cssSelector: a[href='/login']
14:49:34.109  INFO  manager.ListenerWD - Before find element --> By.cssSelector: a[href='/login']
14:49:34.128  INFO  manager.ListenerWD - After find element --> By.cssSelector: a[href='/login']
14:49:34.180  INFO  manager.ListenerWD - Before find element --> By.name: email
14:49:34.210  INFO  manager.ListenerWD - After find element --> By.name: email
14:49:34.441  INFO  manager.ListenerWD - Before find element --> By.name: password
14:49:34.469  INFO  manager.ListenerWD - After find element --> By.name: password
14:49:34.680  INFO  manager.ListenerWD - Before find element --> By.cssSelector: [name='login']
14:49:34.709  INFO  manager.ListenerWD - After find element --> By.cssSelector: [name='login']
14:49:34.758  INFO  manager.ListenerWD - Before find elements --> By.xpath: //button[text()='Sign Out']
14:49:35.094  INFO  manager.ListenerWD - After find elements --> By.xpath: //button[text()='Sign Out']
14:49:35.094  INFO  manager.ListenerWD - List suze is --> 1
14:49:35.094  INFO  tests.TestBase - Tests success
14:49:35.095  INFO  manager.ListenerTNG - onTestSuccessloginSuccess
14:49:35.096  INFO  tests.TestBase - The name of starts method is --->loginSuccess
14:49:35.097  INFO  manager.ListenerWD - Before find elements --> By.xpath: //button[text()='Sign Out']
14:49:35.116  INFO  manager.ListenerWD - After find elements --> By.xpath: //button[text()='Sign Out']
14:49:35.116  INFO  manager.ListenerWD - List suze is --> 1
14:49:35.116  INFO  manager.ListenerWD - Before find element --> By.xpath: //button[text()='Sign Out']
14:49:35.137  INFO  manager.ListenerWD - After find element --> By.xpath: //button[text()='Sign Out']
14:49:35.185  INFO  tests.TestBase -  I need logout
14:49:35.186  INFO  manager.ListenerTNG - onTestStart ---loginSuccess
14:49:35.187  INFO  tests.TestBase - Login with valid data :  email: sonya@gmail.com & password: Ss12345$
14:49:35.187  INFO  manager.ListenerWD - Before find element --> By.cssSelector: a[href='/login']
14:49:35.207  INFO  manager.ListenerWD - After find element --> By.cssSelector: a[href='/login']
14:49:35.231  INFO  manager.ListenerWD - Before find element --> By.cssSelector: a[href='/login']
14:49:35.248  INFO  manager.ListenerWD - After find element --> By.cssSelector: a[href='/login']
14:49:35.284  INFO  manager.ListenerWD - Before find element --> By.name: email
14:49:35.305  INFO  manager.ListenerWD - After find element --> By.name: email
14:49:35.526  INFO  manager.ListenerWD - Before find element --> By.name: password
14:49:35.547  INFO  manager.ListenerWD - After find element --> By.name: password
14:49:35.770  INFO  manager.ListenerWD - Before find element --> By.cssSelector: [name='login']
14:49:35.786  INFO  manager.ListenerWD - After find element --> By.cssSelector: [name='login']
14:49:35.830  INFO  manager.ListenerWD - Before find elements --> By.xpath: //button[text()='Sign Out']
14:49:36.218  INFO  manager.ListenerWD - After find elements --> By.xpath: //button[text()='Sign Out']
14:49:36.219  INFO  manager.ListenerWD - List suze is --> 1
14:49:36.219  INFO  tests.TestBase - Tests success
14:49:36.219  INFO  manager.ListenerTNG - onTestSuccessloginSuccess
14:49:36.220  INFO  tests.TestBase - The name of starts method is --->loginSuccess
14:49:36.221  INFO  manager.ListenerWD - Before find elements --> By.xpath: //button[text()='Sign Out']
14:49:36.243  INFO  manager.ListenerWD - After find elements --> By.xpath: //button[text()='Sign Out']
14:49:36.243  INFO  manager.ListenerWD - List suze is --> 1
14:49:36.244  INFO  manager.ListenerWD - Before find element --> By.xpath: //button[text()='Sign Out']
14:49:36.266  INFO  manager.ListenerWD - After find element --> By.xpath: //button[text()='Sign Out']
14:49:36.306  INFO  tests.TestBase -  I need logout
14:49:36.307  INFO  manager.ListenerTNG - onTestStart ---loginSuccess
14:49:36.308  INFO  tests.TestBase - Login with valid data :  email: noa@gmail.com & password: Nnoa12345$
14:49:36.308  INFO  manager.ListenerWD - Before find element --> By.cssSelector: a[href='/login']
14:49:36.324  INFO  manager.ListenerWD - After find element --> By.cssSelector: a[href='/login']
14:49:36.343  INFO  manager.ListenerWD - Before find element --> By.cssSelector: a[href='/login']
14:49:36.362  INFO  manager.ListenerWD - After find element --> By.cssSelector: a[href='/login']
14:49:36.402  INFO  manager.ListenerWD - Before find element --> By.name: email
14:49:36.421  INFO  manager.ListenerWD - After find element --> By.name: email
14:49:36.635  INFO  manager.ListenerWD - Before find element --> By.name: password
14:49:36.653  INFO  manager.ListenerWD - After find element --> By.name: password
14:49:36.872  INFO  manager.ListenerWD - Before find element --> By.cssSelector: [name='login']
14:49:36.888  INFO  manager.ListenerWD - After find element --> By.cssSelector: [name='login']
14:49:36.936  INFO  manager.ListenerWD - Before find elements --> By.xpath: //button[text()='Sign Out']
14:49:37.262  INFO  manager.ListenerWD - After find elements --> By.xpath: //button[text()='Sign Out']
14:49:37.262  INFO  manager.ListenerWD - List suze is --> 1
14:49:37.262  INFO  tests.TestBase - Tests success
14:49:37.262  INFO  manager.ListenerTNG - onTestSuccessloginSuccess
14:49:37.264  INFO  tests.TestBase - The name of starts method is --->loginSuccess2
14:49:37.265  INFO  manager.ListenerWD - Before find elements --> By.xpath: //button[text()='Sign Out']
14:49:37.283  INFO  manager.ListenerWD - After find elements --> By.xpath: //button[text()='Sign Out']
14:49:37.283  INFO  manager.ListenerWD - List suze is --> 1
14:49:37.283  INFO  manager.ListenerWD - Before find element --> By.xpath: //button[text()='Sign Out']
14:49:37.304  INFO  manager.ListenerWD - After find element --> By.xpath: //button[text()='Sign Out']
14:49:37.350  INFO  tests.TestBase -  I need logout
14:49:37.352  INFO  manager.ListenerTNG - onTestStart ---loginSuccess2
14:49:37.353  INFO  tests.TestBase - Login with valid data :  email: noa@gmail.com & password: Nnoa12345$
14:49:37.353  INFO  manager.ListenerWD - Before find element --> By.cssSelector: a[href='/login']
14:49:37.370  INFO  manager.ListenerWD - After find element --> By.cssSelector: a[href='/login']
14:49:37.389  INFO  manager.ListenerWD - Before find element --> By.cssSelector: a[href='/login']
14:49:37.408  INFO  manager.ListenerWD - After find element --> By.cssSelector: a[href='/login']
14:49:37.451  INFO  manager.ListenerWD - Before find element --> By.name: email
14:49:37.470  INFO  manager.ListenerWD - After find element --> By.name: email
14:49:37.676  INFO  manager.ListenerWD - Before find element --> By.name: password
14:49:37.695  INFO  manager.ListenerWD - After find element --> By.name: password
14:49:37.916  INFO  manager.ListenerWD - Before find element --> By.cssSelector: [name='login']
14:49:37.937  INFO  manager.ListenerWD - After find element --> By.cssSelector: [name='login']
14:49:37.985  INFO  manager.ListenerWD - Before find elements --> By.xpath: //button[text()='Sign Out']
14:49:38.334  INFO  manager.ListenerWD - After find elements --> By.xpath: //button[text()='Sign Out']
14:49:38.335  INFO  manager.ListenerWD - List suze is --> 1
14:49:38.335  INFO  tests.TestBase - Tests success
14:49:38.335  INFO  manager.ListenerTNG - onTestSuccessloginSuccess2
14:49:38.336  INFO  tests.TestBase - The name of starts method is --->loginSuccess2
14:49:38.336  INFO  manager.ListenerWD - Before find elements --> By.xpath: //button[text()='Sign Out']
14:49:38.356  INFO  manager.ListenerWD - After find elements --> By.xpath: //button[text()='Sign Out']
14:49:38.356  INFO  manager.ListenerWD - List suze is --> 1
14:49:38.356  INFO  manager.ListenerWD - Before find element --> By.xpath: //button[text()='Sign Out']
14:49:38.379  INFO  manager.ListenerWD - After find element --> By.xpath: //button[text()='Sign Out']
14:49:38.426  INFO  tests.TestBase -  I need logout
14:49:38.427  INFO  manager.ListenerTNG - onTestStart ---loginSuccess2
14:49:38.428  INFO  tests.TestBase - Login with valid data :  email: sonya@gmail.com & password: Ss12345$
14:49:38.429  INFO  manager.ListenerWD - Before find element --> By.cssSelector: a[href='/login']
14:49:38.451  INFO  manager.ListenerWD - After find element --> By.cssSelector: a[href='/login']
14:49:38.473  INFO  manager.ListenerWD - Before find element --> By.cssSelector: a[href='/login']
14:49:38.490  INFO  manager.ListenerWD - After find element --> By.cssSelector: a[href='/login']
14:49:38.531  INFO  manager.ListenerWD - Before find element --> By.name: email
14:49:38.547  INFO  manager.ListenerWD - After find element --> By.name: email
14:49:38.736  INFO  manager.ListenerWD - Before find element --> By.name: password
14:49:38.757  INFO  manager.ListenerWD - After find element --> By.name: password
14:49:38.982  INFO  manager.ListenerWD - Before find element --> By.cssSelector: [name='login']
14:49:38.999  INFO  manager.ListenerWD - After find element --> By.cssSelector: [name='login']
14:49:39.050  INFO  manager.ListenerWD - Before find elements --> By.xpath: //button[text()='Sign Out']
14:49:39.384  INFO  manager.ListenerWD - After find elements --> By.xpath: //button[text()='Sign Out']
14:49:39.384  INFO  manager.ListenerWD - List suze is --> 1
14:49:39.384  INFO  tests.TestBase - Tests success
14:49:39.384  INFO  manager.ListenerTNG - onTestSuccessloginSuccess2
14:49:39.386  INFO  tests.TestBase - The name of starts method is --->loginSuccess2
14:49:39.387  INFO  manager.ListenerWD - Before find elements --> By.xpath: //button[text()='Sign Out']
14:49:39.406  INFO  manager.ListenerWD - After find elements --> By.xpath: //button[text()='Sign Out']
14:49:39.406  INFO  manager.ListenerWD - List suze is --> 1
14:49:39.407  INFO  manager.ListenerWD - Before find element --> By.xpath: //button[text()='Sign Out']
14:49:39.426  INFO  manager.ListenerWD - After find element --> By.xpath: //button[text()='Sign Out']
14:49:39.469  INFO  tests.TestBase -  I need logout
14:49:39.469  INFO  manager.ListenerTNG - onTestStart ---loginSuccess2
14:49:39.470  INFO  tests.TestBase - Login with valid data :  email: noa@gmail.com & password: Nnoa12345$
14:49:39.470  INFO  manager.ListenerWD - Before find element --> By.cssSelector: a[href='/login']
14:49:39.489  INFO  manager.ListenerWD - After find element --> By.cssSelector: a[href='/login']
14:49:39.509  INFO  manager.ListenerWD - Before find element --> By.cssSelector: a[href='/login']
14:49:39.529  INFO  manager.ListenerWD - After find element --> By.cssSelector: a[href='/login']
14:49:39.568  INFO  manager.ListenerWD - Before find element --> By.name: email
14:49:39.588  INFO  manager.ListenerWD - After find element --> By.name: email
14:49:39.782  INFO  manager.ListenerWD - Before find element --> By.name: password
14:49:39.799  INFO  manager.ListenerWD - After find element --> By.name: password
14:49:40.005  INFO  manager.ListenerWD - Before find element --> By.cssSelector: [name='login']
14:49:40.022  INFO  manager.ListenerWD - After find element --> By.cssSelector: [name='login']
14:49:40.067  INFO  manager.ListenerWD - Before find elements --> By.xpath: //button[text()='Sign Out']
14:49:40.408  INFO  manager.ListenerWD - After find elements --> By.xpath: //button[text()='Sign Out']
14:49:40.408  INFO  manager.ListenerWD - List suze is --> 1
14:49:40.408  INFO  tests.TestBase - Tests success
14:49:40.409  INFO  manager.ListenerTNG - onTestSuccessloginSuccess2
14:49:40.410  INFO  tests.TestBase - The name of starts method is --->loginSuccessModel
14:49:40.411  INFO  manager.ListenerWD - Before find elements --> By.xpath: //button[text()='Sign Out']
14:49:40.430  INFO  manager.ListenerWD - After find elements --> By.xpath: //button[text()='Sign Out']
14:49:40.431  INFO  manager.ListenerWD - List suze is --> 1
14:49:40.431  INFO  manager.ListenerWD - Before find element --> By.xpath: //button[text()='Sign Out']
14:49:40.450  INFO  manager.ListenerWD - After find element --> By.xpath: //button[text()='Sign Out']
14:49:40.498  INFO  tests.TestBase -  I need logout
14:49:40.500  INFO  manager.ListenerTNG - onTestStart ---loginSuccessModel
14:49:40.508  INFO  tests.TestBase - Tests start with user model ---User(email=noa@gmail.com, password=Nnoa12345$)
14:49:40.509  INFO  manager.ListenerWD - Before find element --> By.cssSelector: a[href='/login']
14:49:40.525  INFO  manager.ListenerWD - After find element --> By.cssSelector: a[href='/login']
14:49:40.543  INFO  manager.ListenerWD - Before find element --> By.cssSelector: a[href='/login']
14:49:40.565  INFO  manager.ListenerWD - After find element --> By.cssSelector: a[href='/login']
14:49:40.609  INFO  manager.ListenerWD - Before find element --> By.name: email
14:49:40.630  INFO  manager.ListenerWD - After find element --> By.name: email
14:49:40.847  INFO  manager.ListenerWD - Before find element --> By.name: password
14:49:40.863  INFO  manager.ListenerWD - After find element --> By.name: password
14:49:41.065  INFO  manager.ListenerWD - Before find element --> By.cssSelector: [name='login']
14:49:41.084  INFO  manager.ListenerWD - After find element --> By.cssSelector: [name='login']
14:49:41.124  INFO  manager.ListenerWD - Before find elements --> By.xpath: //button[text()='Sign Out']
14:49:41.458  INFO  manager.ListenerWD - After find elements --> By.xpath: //button[text()='Sign Out']
14:49:41.458  INFO  manager.ListenerWD - List suze is --> 1
14:49:41.459  INFO  manager.ListenerTNG - onTestSuccessloginSuccessModel
14:49:41.460  INFO  tests.TestBase - The name of starts method is --->loginSuccessModel
14:49:41.461  INFO  manager.ListenerWD - Before find elements --> By.xpath: //button[text()='Sign Out']
14:49:41.476  INFO  manager.ListenerWD - After find elements --> By.xpath: //button[text()='Sign Out']
14:49:41.476  INFO  manager.ListenerWD - List suze is --> 1
14:49:41.476  INFO  manager.ListenerWD - Before find element --> By.xpath: //button[text()='Sign Out']
14:49:41.496  INFO  manager.ListenerWD - After find element --> By.xpath: //button[text()='Sign Out']
14:49:41.530  INFO  tests.TestBase -  I need logout
14:49:41.531  INFO  manager.ListenerTNG - onTestStart ---loginSuccessModel
14:49:41.531  INFO  tests.TestBase - Tests start with user model ---User(email=sonya@gmail.com, password=Ss12345$)
14:49:41.531  INFO  manager.ListenerWD - Before find element --> By.cssSelector: a[href='/login']
14:49:41.550  INFO  manager.ListenerWD - After find element --> By.cssSelector: a[href='/login']
14:49:41.570  INFO  manager.ListenerWD - Before find element --> By.cssSelector: a[href='/login']
14:49:41.589  INFO  manager.ListenerWD - After find element --> By.cssSelector: a[href='/login']
14:49:41.630  INFO  manager.ListenerWD - Before find element --> By.name: email
14:49:41.651  INFO  manager.ListenerWD - After find element --> By.name: email
14:49:41.823  INFO  manager.ListenerWD - Before find element --> By.name: password
14:49:41.841  INFO  manager.ListenerWD - After find element --> By.name: password
14:49:42.033  INFO  manager.ListenerWD - Before find element --> By.cssSelector: [name='login']
14:49:42.049  INFO  manager.ListenerWD - After find element --> By.cssSelector: [name='login']
14:49:42.091  INFO  manager.ListenerWD - Before find elements --> By.xpath: //button[text()='Sign Out']
14:49:42.433  INFO  manager.ListenerWD - After find elements --> By.xpath: //button[text()='Sign Out']
14:49:42.433  INFO  manager.ListenerWD - List suze is --> 1
14:49:42.434  INFO  manager.ListenerTNG - onTestSuccessloginSuccessModel
14:49:42.435  INFO  tests.TestBase - The name of starts method is --->loginSuccessModel
14:49:42.435  INFO  manager.ListenerWD - Before find elements --> By.xpath: //button[text()='Sign Out']
14:49:42.455  INFO  manager.ListenerWD - After find elements --> By.xpath: //button[text()='Sign Out']
14:49:42.456  INFO  manager.ListenerWD - List suze is --> 1
14:49:42.456  INFO  manager.ListenerWD - Before find element --> By.xpath: //button[text()='Sign Out']
14:49:42.480  INFO  manager.ListenerWD - After find element --> By.xpath: //button[text()='Sign Out']
14:49:42.529  INFO  tests.TestBase -  I need logout
14:49:42.530  INFO  manager.ListenerTNG - onTestStart ---loginSuccessModel
14:49:42.531  INFO  tests.TestBase - Tests start with user model ---User(email=noa@gmail.com, password=Nnoa12345$)
14:49:42.531  INFO  manager.ListenerWD - Before find element --> By.cssSelector: a[href='/login']
14:49:42.556  INFO  manager.ListenerWD - After find element --> By.cssSelector: a[href='/login']
14:49:42.578  INFO  manager.ListenerWD - Before find element --> By.cssSelector: a[href='/login']
14:49:42.597  INFO  manager.ListenerWD - After find element --> By.cssSelector: a[href='/login']
14:49:42.640  INFO  manager.ListenerWD - Before find element --> By.name: email
14:49:42.661  INFO  manager.ListenerWD - After find element --> By.name: email
14:49:42.855  INFO  manager.ListenerWD - Before find element --> By.name: password
14:49:42.874  INFO  manager.ListenerWD - After find element --> By.name: password
14:49:43.110  INFO  manager.ListenerWD - Before find element --> By.cssSelector: [name='login']
14:49:43.170  INFO  manager.ListenerWD - After find element --> By.cssSelector: [name='login']
14:49:43.228  INFO  manager.ListenerWD - Before find elements --> By.xpath: //button[text()='Sign Out']
14:49:43.565  INFO  manager.ListenerWD - After find elements --> By.xpath: //button[text()='Sign Out']
14:49:43.566  INFO  manager.ListenerWD - List suze is --> 1
14:49:43.566  INFO  manager.ListenerTNG - onTestSuccessloginSuccessModel
14:49:43.568  INFO  tests.TestBase - The name of starts method is --->loginSuccessModelFromFile
14:49:43.569  INFO  manager.ListenerWD - Before find elements --> By.xpath: //button[text()='Sign Out']
14:49:43.589  INFO  manager.ListenerWD - After find elements --> By.xpath: //button[text()='Sign Out']
14:49:43.589  INFO  manager.ListenerWD - List suze is --> 1
14:49:43.589  INFO  manager.ListenerWD - Before find element --> By.xpath: //button[text()='Sign Out']
14:49:43.608  INFO  manager.ListenerWD - After find element --> By.xpath: //button[text()='Sign Out']
14:49:43.655  INFO  tests.TestBase -  I need logout
14:49:43.656  INFO  manager.ListenerTNG - onTestStart ---loginSuccessModelFromFile
14:49:43.658  INFO  tests.TestBase - Tests start with user model ---User(email=noa@gmail.com, password=Nnoa12345$)
14:49:43.659  INFO  manager.ListenerWD - Before find element --> By.cssSelector: a[href='/login']
14:49:43.676  INFO  manager.ListenerWD - After find element --> By.cssSelector: a[href='/login']
14:49:43.696  INFO  manager.ListenerWD - Before find element --> By.cssSelector: a[href='/login']
14:49:43.715  INFO  manager.ListenerWD - After find element --> By.cssSelector: a[href='/login']
14:49:43.762  INFO  manager.ListenerWD - Before find element --> By.name: email
14:49:43.781  INFO  manager.ListenerWD - After find element --> By.name: email
14:49:43.982  INFO  manager.ListenerWD - Before find element --> By.name: password
14:49:43.998  INFO  manager.ListenerWD - After find element --> By.name: password
14:49:44.206  INFO  manager.ListenerWD - Before find element --> By.cssSelector: [name='login']
14:49:44.224  INFO  manager.ListenerWD - After find element --> By.cssSelector: [name='login']
14:49:44.265  INFO  manager.ListenerWD - Before find elements --> By.xpath: //button[text()='Sign Out']
14:49:44.593  INFO  manager.ListenerWD - After find elements --> By.xpath: //button[text()='Sign Out']
14:49:44.593  INFO  manager.ListenerWD - List suze is --> 1
14:49:44.595  INFO  manager.ListenerTNG - onTestSuccessloginSuccessModelFromFile
14:49:44.595  INFO  tests.TestBase - The name of starts method is --->loginSuccessModelFromFile
14:49:44.595  INFO  manager.ListenerWD - Before find elements --> By.xpath: //button[text()='Sign Out']
14:49:44.616  INFO  manager.ListenerWD - After find elements --> By.xpath: //button[text()='Sign Out']
14:49:44.616  INFO  manager.ListenerWD - List suze is --> 1
14:49:44.616  INFO  manager.ListenerWD - Before find element --> By.xpath: //button[text()='Sign Out']
14:49:44.637  INFO  manager.ListenerWD - After find element --> By.xpath: //button[text()='Sign Out']
14:49:44.689  INFO  tests.TestBase -  I need logout
14:49:44.690  INFO  manager.ListenerTNG - onTestStart ---loginSuccessModelFromFile
14:49:44.690  INFO  tests.TestBase - Tests start with user model ---User(email=sonya@gmail.com, password=Ss12345$)
14:49:44.691  INFO  manager.ListenerWD - Before find element --> By.cssSelector: a[href='/login']
14:49:44.710  INFO  manager.ListenerWD - After find element --> By.cssSelector: a[href='/login']
14:49:44.729  INFO  manager.ListenerWD - Before find element --> By.cssSelector: a[href='/login']
14:49:44.747  INFO  manager.ListenerWD - After find element --> By.cssSelector: a[href='/login']
14:49:44.788  INFO  manager.ListenerWD - Before find element --> By.name: email
14:49:44.807  INFO  manager.ListenerWD - After find element --> By.name: email
14:49:45.017  INFO  manager.ListenerWD - Before find element --> By.name: password
14:49:45.038  INFO  manager.ListenerWD - After find element --> By.name: password
14:49:45.279  INFO  manager.ListenerWD - Before find element --> By.cssSelector: [name='login']
14:49:45.298  INFO  manager.ListenerWD - After find element --> By.cssSelector: [name='login']
14:49:45.345  INFO  manager.ListenerWD - Before find elements --> By.xpath: //button[text()='Sign Out']
14:49:45.733  INFO  manager.ListenerWD - After find elements --> By.xpath: //button[text()='Sign Out']
14:49:45.733  INFO  manager.ListenerWD - List suze is --> 1
14:49:45.733  INFO  manager.ListenerTNG - onTestSuccessloginSuccessModelFromFile
14:49:45.734  INFO  tests.TestBase - The name of starts method is --->loginSuccessModelFromFile
14:49:45.735  INFO  manager.ListenerWD - Before find elements --> By.xpath: //button[text()='Sign Out']
14:49:45.753  INFO  manager.ListenerWD - After find elements --> By.xpath: //button[text()='Sign Out']
14:49:45.753  INFO  manager.ListenerWD - List suze is --> 1
14:49:45.753  INFO  manager.ListenerWD - Before find element --> By.xpath: //button[text()='Sign Out']
14:49:45.770  INFO  manager.ListenerWD - After find element --> By.xpath: //button[text()='Sign Out']
14:49:45.809  INFO  tests.TestBase -  I need logout
14:49:45.810  INFO  manager.ListenerTNG - onTestStart ---loginSuccessModelFromFile
14:49:45.811  INFO  tests.TestBase - Tests start with user model ---User(email=noa@gmail.com, password=Nnoa12345$)
14:49:45.811  INFO  manager.ListenerWD - Before find element --> By.cssSelector: a[href='/login']
14:49:45.833  INFO  manager.ListenerWD - After find element --> By.cssSelector: a[href='/login']
14:49:45.854  INFO  manager.ListenerWD - Before find element --> By.cssSelector: a[href='/login']
14:49:45.874  INFO  manager.ListenerWD - After find element --> By.cssSelector: a[href='/login']
14:49:45.916  INFO  manager.ListenerWD - Before find element --> By.name: email
14:49:45.935  INFO  manager.ListenerWD - After find element --> By.name: email
14:49:46.144  INFO  manager.ListenerWD - Before find element --> By.name: password
14:49:46.160  INFO  manager.ListenerWD - After find element --> By.name: password
14:49:46.382  INFO  manager.ListenerWD - Before find element --> By.cssSelector: [name='login']
14:49:46.397  INFO  manager.ListenerWD - After find element --> By.cssSelector: [name='login']
14:49:46.442  INFO  manager.ListenerWD - Before find elements --> By.xpath: //button[text()='Sign Out']
14:49:46.841  INFO  manager.ListenerWD - After find elements --> By.xpath: //button[text()='Sign Out']
14:49:46.841  INFO  manager.ListenerWD - List suze is --> 1
14:49:46.841  INFO  manager.ListenerTNG - onTestSuccessloginSuccessModelFromFile
14:49:46.842  INFO  tests.TestBase - The name of starts method is --->loginSuccessNew
14:49:46.843  INFO  manager.ListenerWD - Before find elements --> By.xpath: //button[text()='Sign Out']
14:49:46.861  INFO  manager.ListenerWD - After find elements --> By.xpath: //button[text()='Sign Out']
14:49:46.862  INFO  manager.ListenerWD - List suze is --> 1
14:49:46.862  INFO  manager.ListenerWD - Before find element --> By.xpath: //button[text()='Sign Out']
14:49:46.882  INFO  manager.ListenerWD - After find element --> By.xpath: //button[text()='Sign Out']
14:49:46.931  INFO  tests.TestBase -  I need logout
14:49:46.931  INFO  manager.ListenerTNG - onTestStart ---loginSuccessNew
14:49:46.932  INFO  manager.ListenerWD - Before find element --> By.cssSelector: a[href='/login']
14:49:46.954  INFO  manager.ListenerWD - After find element --> By.cssSelector: a[href='/login']
14:49:46.974  INFO  manager.ListenerWD - Before find element --> By.cssSelector: a[href='/login']
14:49:46.992  INFO  manager.ListenerWD - After find element --> By.cssSelector: a[href='/login']
14:49:47.036  INFO  manager.ListenerWD - Before find element --> By.name: email
14:49:47.054  INFO  manager.ListenerWD - After find element --> By.name: email
14:49:47.276  INFO  manager.ListenerWD - Before find element --> By.name: password
14:49:47.294  INFO  manager.ListenerWD - After find element --> By.name: password
14:49:47.538  INFO  manager.ListenerWD - Before find element --> By.cssSelector: [name='login']
14:49:47.559  INFO  manager.ListenerWD - After find element --> By.cssSelector: [name='login']
14:49:47.617  INFO  manager.ListenerWD - Before find elements --> By.xpath: //button[text()='Sign Out']
14:49:47.958  INFO  manager.ListenerWD - After find elements --> By.xpath: //button[text()='Sign Out']
14:49:47.958  INFO  manager.ListenerWD - List suze is --> 1
14:49:47.959  INFO  manager.ListenerTNG - onTestSuccessloginSuccessNew
14:49:47.960  INFO  tests.TestBase - The name of starts method is --->loginSuccessNew
14:49:47.961  INFO  manager.ListenerWD - Before find elements --> By.xpath: //button[text()='Sign Out']
14:49:47.977  INFO  manager.ListenerWD - After find elements --> By.xpath: //button[text()='Sign Out']
14:49:47.977  INFO  manager.ListenerWD - List suze is --> 1
14:49:47.977  INFO  manager.ListenerWD - Before find element --> By.xpath: //button[text()='Sign Out']
14:49:47.997  INFO  manager.ListenerWD - After find element --> By.xpath: //button[text()='Sign Out']
14:49:48.044  INFO  tests.TestBase -  I need logout
14:49:48.045  INFO  manager.ListenerTNG - onTestStart ---loginSuccessNew
14:49:48.045  INFO  manager.ListenerWD - Before find element --> By.cssSelector: a[href='/login']
14:49:48.067  INFO  manager.ListenerWD - After find element --> By.cssSelector: a[href='/login']
14:49:48.089  INFO  manager.ListenerWD - Before find element --> By.cssSelector: a[href='/login']
14:49:48.108  INFO  manager.ListenerWD - After find element --> By.cssSelector: a[href='/login']
14:49:48.147  INFO  manager.ListenerWD - Before find element --> By.name: email
14:49:48.166  INFO  manager.ListenerWD - After find element --> By.name: email
14:49:48.388  INFO  manager.ListenerWD - Before find element --> By.name: password
14:49:48.404  INFO  manager.ListenerWD - After find element --> By.name: password
14:49:48.611  INFO  manager.ListenerWD - Before find element --> By.cssSelector: [name='login']
14:49:48.627  INFO  manager.ListenerWD - After find element --> By.cssSelector: [name='login']
14:49:48.671  INFO  manager.ListenerWD - Before find elements --> By.xpath: //button[text()='Sign Out']
14:49:49.002  INFO  manager.ListenerWD - After find elements --> By.xpath: //button[text()='Sign Out']
14:49:49.002  INFO  manager.ListenerWD - List suze is --> 1
14:49:49.003  INFO  manager.ListenerTNG - onTestSuccessloginSuccessNew
14:49:49.004  INFO  tests.TestBase - The name of starts method is --->loginUnregisterUser
14:49:49.005  INFO  manager.ListenerWD - Before find elements --> By.xpath: //button[text()='Sign Out']
14:49:49.026  INFO  manager.ListenerWD - After find elements --> By.xpath: //button[text()='Sign Out']
14:49:49.026  INFO  manager.ListenerWD - List suze is --> 1
14:49:49.026  INFO  manager.ListenerWD - Before find element --> By.xpath: //button[text()='Sign Out']
14:49:49.047  INFO  manager.ListenerWD - After find element --> By.xpath: //button[text()='Sign Out']
14:49:49.101  INFO  tests.TestBase -  I need logout
14:49:49.101  INFO  manager.ListenerTNG - onTestStart ---loginUnregisterUser
14:49:49.102  INFO  manager.ListenerWD - Before find element --> By.cssSelector: a[href='/login']
14:49:49.121  INFO  manager.ListenerWD - After find element --> By.cssSelector: a[href='/login']
14:49:49.142  INFO  manager.ListenerWD - Before find element --> By.cssSelector: a[href='/login']
14:49:49.160  INFO  manager.ListenerWD - After find element --> By.cssSelector: a[href='/login']
14:49:49.199  INFO  manager.ListenerWD - Before find element --> By.name: email
14:49:49.215  INFO  manager.ListenerWD - After find element --> By.name: email
14:49:49.415  INFO  manager.ListenerWD - Before find element --> By.name: password
14:49:49.434  INFO  manager.ListenerWD - After find element --> By.name: password
14:49:49.631  INFO  manager.ListenerWD - Before find element --> By.cssSelector: [name='login']
14:49:49.648  INFO  manager.ListenerWD - After find element --> By.cssSelector: [name='login']
14:49:49.697  INFO  manager.ListenerWD - Before find elements --> By.xpath: //button[text()='Sign Out']
14:49:50.088  INFO  manager.ListenerWD - After find elements --> By.xpath: //button[text()='Sign Out']
14:49:50.088  INFO  manager.ListenerWD - List suze is --> 0
14:49:50.108  INFO  manager.ListenerTNG - onTestSuccessloginUnregisterUser
14:49:50.109  INFO  tests.TestBase - The name of starts method is --->loginWrongEmail
14:49:50.110  INFO  manager.ListenerWD - Before find elements --> By.xpath: //button[text()='Sign Out']
14:49:55.161  INFO  manager.ListenerWD - After find elements --> By.xpath: //button[text()='Sign Out']
14:49:55.161  INFO  manager.ListenerWD - List suze is --> 0
14:49:55.161  INFO  manager.ListenerTNG - onTestStart ---loginWrongEmail
14:49:55.162  INFO  manager.ListenerWD - Before find element --> By.cssSelector: a[href='/login']
14:49:55.182  INFO  manager.ListenerWD - After find element --> By.cssSelector: a[href='/login']
14:49:55.200  INFO  manager.ListenerWD - Before find element --> By.cssSelector: a[href='/login']
14:49:55.219  INFO  manager.ListenerWD - After find element --> By.cssSelector: a[href='/login']
14:49:55.253  INFO  manager.ListenerWD - Before find element --> By.name: email
14:49:55.271  INFO  manager.ListenerWD - After find element --> By.name: email
14:49:55.497  INFO  manager.ListenerWD - Before find element --> By.name: password
14:49:55.516  INFO  manager.ListenerWD - After find element --> By.name: password
14:49:55.728  INFO  manager.ListenerWD - Before find element --> By.cssSelector: [name='login']
14:49:55.743  INFO  manager.ListenerWD - After find element --> By.cssSelector: [name='login']
14:49:55.790  INFO  manager.ListenerWD - Before find elements --> By.xpath: //button[text()='Sign Out']
14:49:56.178  INFO  manager.ListenerWD - After find elements --> By.xpath: //button[text()='Sign Out']
14:49:56.179  INFO  manager.ListenerWD - List suze is --> 0
14:49:56.200  INFO  tests.TestBase - Error message is : 'Wrong email or password' 
14:49:56.200  INFO  manager.ListenerTNG - onTestSuccessloginWrongEmail
14:49:56.201  INFO  tests.TestBase - The name of starts method is --->loginWrongPassword
14:49:56.202  INFO  manager.ListenerWD - Before find elements --> By.xpath: //button[text()='Sign Out']
14:50:01.253  INFO  manager.ListenerWD - After find elements --> By.xpath: //button[text()='Sign Out']
14:50:01.253  INFO  manager.ListenerWD - List suze is --> 0
14:50:01.254  INFO  manager.ListenerTNG - onTestStart ---loginWrongPassword
14:50:01.254  INFO  manager.ListenerWD - Before find element --> By.cssSelector: a[href='/login']
14:50:01.272  INFO  manager.ListenerWD - After find element --> By.cssSelector: a[href='/login']
14:50:01.289  INFO  manager.ListenerWD - Before find element --> By.cssSelector: a[href='/login']
14:50:01.308  INFO  manager.ListenerWD - After find element --> By.cssSelector: a[href='/login']
14:50:01.340  INFO  manager.ListenerWD - Before find element --> By.name: email
14:50:01.353  INFO  manager.ListenerWD - After find element --> By.name: email
14:50:01.545  INFO  manager.ListenerWD - Before find element --> By.name: password
14:50:01.561  INFO  manager.ListenerWD - After find element --> By.name: password
14:50:01.847  INFO  manager.ListenerWD - Before find element --> By.cssSelector: [name='login']
14:50:01.862  INFO  manager.ListenerWD - After find element --> By.cssSelector: [name='login']
14:50:01.906  INFO  manager.ListenerWD - Before find elements --> By.xpath: //button[text()='Sign Out']
14:50:02.416  INFO  manager.ListenerWD - After find elements --> By.xpath: //button[text()='Sign Out']
14:50:02.416  INFO  manager.ListenerWD - List suze is --> 0
14:50:02.436  INFO  manager.ListenerTNG - onTestSuccessloginWrongPassword
14:50:02.437  INFO  tests.TestBase - The name of starts method is --->registrationSuccess
14:50:02.437  INFO  manager.ListenerWD - Before find elements --> By.xpath: //button[text()='Sign Out']
14:50:07.503  INFO  manager.ListenerWD - After find elements --> By.xpath: //button[text()='Sign Out']
14:50:07.504  INFO  manager.ListenerWD - List suze is --> 0
14:50:07.504  INFO  manager.ListenerTNG - onTestStart ---registrationSuccess
14:50:07.505  INFO  manager.ListenerWD - Before find element --> By.cssSelector: a[href='/login']
14:50:07.519  INFO  manager.ListenerWD - After find element --> By.cssSelector: a[href='/login']
14:50:07.528  INFO  manager.ListenerWD - Before find element --> By.cssSelector: a[href='/login']
14:50:07.541  INFO  manager.ListenerWD - After find element --> By.cssSelector: a[href='/login']
14:50:07.579  INFO  manager.ListenerWD - Before find element --> By.name: email
14:50:07.592  INFO  manager.ListenerWD - After find element --> By.name: email
14:50:07.848  INFO  manager.ListenerWD - Before find element --> By.name: password
14:50:07.864  INFO  manager.ListenerWD - After find element --> By.name: password
14:50:08.155  INFO  manager.ListenerWD - Before find element --> By.cssSelector: [name='registration']
14:50:08.188  INFO  manager.ListenerWD - After find element --> By.cssSelector: [name='registration']
14:50:09.254  INFO  manager.ListenerWD - Before find elements --> By.xpath: //button[text()='Sign Out']
14:50:09.273  INFO  manager.ListenerWD - After find elements --> By.xpath: //button[text()='Sign Out']
14:50:09.273  INFO  manager.ListenerWD - List suze is --> 1
14:50:09.274  INFO  manager.ListenerTNG - onTestSuccessregistrationSuccess
14:50:09.275  INFO  tests.TestBase - The name of starts method is --->registrationUserAlreadyExists
14:50:09.276  INFO  manager.ListenerWD - Before find elements --> By.xpath: //button[text()='Sign Out']
14:50:09.288  INFO  manager.ListenerWD - After find elements --> By.xpath: //button[text()='Sign Out']
14:50:09.288  INFO  manager.ListenerWD - List suze is --> 1
14:50:09.288  INFO  manager.ListenerWD - Before find element --> By.xpath: //button[text()='Sign Out']
14:50:09.307  INFO  manager.ListenerWD - After find element --> By.xpath: //button[text()='Sign Out']
14:50:09.364  INFO  manager.ListenerTNG - onTestStart ---registrationUserAlreadyExists
14:50:09.366  INFO  manager.ListenerWD - Before find element --> By.cssSelector: a[href='/login']
14:50:09.380  INFO  manager.ListenerWD - After find element --> By.cssSelector: a[href='/login']
14:50:09.397  INFO  manager.ListenerWD - Before find element --> By.cssSelector: a[href='/login']
14:50:09.411  INFO  manager.ListenerWD - After find element --> By.cssSelector: a[href='/login']
14:50:09.468  INFO  manager.ListenerWD - Before find element --> By.name: email
14:50:09.483  INFO  manager.ListenerWD - After find element --> By.name: email
14:50:09.732  INFO  manager.ListenerWD - Before find element --> By.name: password
14:50:09.748  INFO  manager.ListenerWD - After find element --> By.name: password
14:50:09.991  INFO  manager.ListenerWD - Before find element --> By.cssSelector: [name='registration']
14:50:10.004  INFO  manager.ListenerWD - After find element --> By.cssSelector: [name='registration']
14:50:10.060  INFO  manager.ListenerWD - The have a 'problem'
14:50:10.060  INFO  manager.ListenerWD - ******************
14:50:10.060  INFO  manager.ListenerWD - Method method ---> alert
14:50:10.060  INFO  manager.ListenerWD - ******************
14:50:10.060  INFO  manager.ListenerWD - InvocationTargetException getTargetException()org.openqa.selenium.NoAlertPresentException: no such alert
  (Session info: chrome=109.0.5414.120)
Build info: version: '4.7.1', revision: 'c6795baf1a3'
System info: os.name: 'Windows 11', os.arch: 'amd64', os.version: '10.0', java.version: '11.0.17'
Driver info: org.openqa.selenium.chrome.ChromeDriver
Command: [045d28a852444ad9492683c0087f51eb, getAlertText {}]
Capabilities {acceptInsecureCerts: false, browserName: chrome, browserVersion: 109.0.5414.120, chrome: {chromedriverVersion: 109.0.5414.74 (e7c5703604da..., userDataDir: C:\Users\eduar\AppData\Loca...}, goog:chromeOptions: {debuggerAddress: localhost:56521}, networkConnectionEnabled: false, pageLoadStrategy: normal, platformName: WINDOWS, proxy: Proxy(), se:cdp: ws://localhost:56521/devtoo..., se:cdpVersion: 109.0.5414.120, setWindowRect: true, strictFileInteractability: false, timeouts: {implicit: 0, pageLoad: 300000, script: 30000}, unhandledPromptBehavior: dismiss and notify, webauthn:extension:credBlob: true, webauthn:extension:largeBlob: true, webauthn:virtualAuthenticators: true}
Session ID: 045d28a852444ad9492683c0087f51eb
14:50:10.060  INFO  manager.ListenerWD - ******************
14:50:10.060  INFO  manager.ListenerWD - Object target --->org.openqa.selenium.remote.RemoteWebDriver$RemoteTargetLocator@31b67d61
14:50:10.060  INFO  manager.ListenerWD - ******************
14:50:10.591  INFO  manager.ListenerTNG - onTestSuccessregistrationUserAlreadyExists
14:50:10.592  INFO  tests.TestBase - The name of starts method is --->registrationWrongEmail
14:50:10.592  INFO  manager.ListenerWD - Before find elements --> By.xpath: //button[text()='Sign Out']
14:50:15.601  INFO  manager.ListenerWD - After find elements --> By.xpath: //button[text()='Sign Out']
14:50:15.601  INFO  manager.ListenerWD - List suze is --> 0
14:50:15.601  INFO  manager.ListenerTNG - onTestStart ---registrationWrongEmail
14:50:15.602  INFO  manager.ListenerWD - Before find element --> By.cssSelector: a[href='/login']
14:50:15.620  INFO  manager.ListenerWD - After find element --> By.cssSelector: a[href='/login']
14:50:15.633  INFO  manager.ListenerWD - Before find element --> By.cssSelector: a[href='/login']
14:50:15.644  INFO  manager.ListenerWD - After find element --> By.cssSelector: a[href='/login']
14:50:15.663  INFO  manager.ListenerWD - Before find element --> By.name: email
14:50:15.674  INFO  manager.ListenerWD - After find element --> By.name: email
14:50:15.838  INFO  manager.ListenerWD - Before find element --> By.name: password
14:50:15.848  INFO  manager.ListenerWD - After find element --> By.name: password
14:50:16.020  INFO  manager.ListenerWD - Before find element --> By.cssSelector: [name='registration']
14:50:16.033  INFO  manager.ListenerWD - After find element --> By.cssSelector: [name='registration']
14:50:16.072  INFO  manager.ListenerWD - The have a 'problem'
14:50:16.072  INFO  manager.ListenerWD - ******************
14:50:16.072  INFO  manager.ListenerWD - Method method ---> alert
14:50:16.072  INFO  manager.ListenerWD - ******************
14:50:16.072  INFO  manager.ListenerWD - InvocationTargetException getTargetException()org.openqa.selenium.NoAlertPresentException: no such alert
  (Session info: chrome=109.0.5414.120)
Build info: version: '4.7.1', revision: 'c6795baf1a3'
System info: os.name: 'Windows 11', os.arch: 'amd64', os.version: '10.0', java.version: '11.0.17'
Driver info: org.openqa.selenium.chrome.ChromeDriver
Command: [045d28a852444ad9492683c0087f51eb, getAlertText {}]
Capabilities {acceptInsecureCerts: false, browserName: chrome, browserVersion: 109.0.5414.120, chrome: {chromedriverVersion: 109.0.5414.74 (e7c5703604da..., userDataDir: C:\Users\eduar\AppData\Loca...}, goog:chromeOptions: {debuggerAddress: localhost:56521}, networkConnectionEnabled: false, pageLoadStrategy: normal, platformName: WINDOWS, proxy: Proxy(), se:cdp: ws://localhost:56521/devtoo..., se:cdpVersion: 109.0.5414.120, setWindowRect: true, strictFileInteractability: false, timeouts: {implicit: 0, pageLoad: 300000, script: 30000}, unhandledPromptBehavior: dismiss and notify, webauthn:extension:credBlob: true, webauthn:extension:largeBlob: true, webauthn:virtualAuthenticators: true}
Session ID: 045d28a852444ad9492683c0087f51eb
14:50:16.072  INFO  manager.ListenerWD - ******************
14:50:16.072  INFO  manager.ListenerWD - Object target --->org.openqa.selenium.remote.RemoteWebDriver$RemoteTargetLocator@7aa1fb0e
14:50:16.072  INFO  manager.ListenerWD - ******************
14:50:16.608  INFO  manager.ListenerTNG - onTestSuccessregistrationWrongEmail
14:50:16.609  INFO  tests.TestBase - The name of starts method is --->registrationWrongPassword
14:50:16.610  INFO  manager.ListenerWD - Before find elements --> By.xpath: //button[text()='Sign Out']
14:50:21.631  INFO  manager.ListenerWD - After find elements --> By.xpath: //button[text()='Sign Out']
14:50:21.631  INFO  manager.ListenerWD - List suze is --> 0
14:50:21.632  INFO  manager.ListenerTNG - onTestStart ---registrationWrongPassword
14:50:21.632  INFO  manager.ListenerWD - Before find element --> By.cssSelector: a[href='/login']
14:50:21.642  INFO  manager.ListenerWD - After find element --> By.cssSelector: a[href='/login']
14:50:21.652  INFO  manager.ListenerWD - Before find element --> By.cssSelector: a[href='/login']
14:50:21.662  INFO  manager.ListenerWD - After find element --> By.cssSelector: a[href='/login']
14:50:21.687  INFO  manager.ListenerWD - Before find element --> By.name: email
14:50:21.698  INFO  manager.ListenerWD - After find element --> By.name: email
14:50:21.826  INFO  manager.ListenerWD - Before find element --> By.name: password
14:50:21.835  INFO  manager.ListenerWD - After find element --> By.name: password
14:50:21.949  INFO  manager.ListenerWD - Before find element --> By.cssSelector: [name='registration']
14:50:21.957  INFO  manager.ListenerWD - After find element --> By.cssSelector: [name='registration']
14:50:21.987  INFO  manager.ListenerWD - The have a 'problem'
14:50:21.987  INFO  manager.ListenerWD - ******************
14:50:21.987  INFO  manager.ListenerWD - Method method ---> alert
14:50:21.987  INFO  manager.ListenerWD - ******************
14:50:21.987  INFO  manager.ListenerWD - InvocationTargetException getTargetException()org.openqa.selenium.NoAlertPresentException: no such alert
  (Session info: chrome=109.0.5414.120)
Build info: version: '4.7.1', revision: 'c6795baf1a3'
System info: os.name: 'Windows 11', os.arch: 'amd64', os.version: '10.0', java.version: '11.0.17'
Driver info: org.openqa.selenium.chrome.ChromeDriver
Command: [045d28a852444ad9492683c0087f51eb, getAlertText {}]
Capabilities {acceptInsecureCerts: false, browserName: chrome, browserVersion: 109.0.5414.120, chrome: {chromedriverVersion: 109.0.5414.74 (e7c5703604da..., userDataDir: C:\Users\eduar\AppData\Loca...}, goog:chromeOptions: {debuggerAddress: localhost:56521}, networkConnectionEnabled: false, pageLoadStrategy: normal, platformName: WINDOWS, proxy: Proxy(), se:cdp: ws://localhost:56521/devtoo..., se:cdpVersion: 109.0.5414.120, setWindowRect: true, strictFileInteractability: false, timeouts: {implicit: 0, pageLoad: 300000, script: 30000}, unhandledPromptBehavior: dismiss and notify, webauthn:extension:credBlob: true, webauthn:extension:largeBlob: true, webauthn:virtualAuthenticators: true}
Session ID: 045d28a852444ad9492683c0087f51eb
14:50:21.987  INFO  manager.ListenerWD - ******************
14:50:21.987  INFO  manager.ListenerWD - Object target --->org.openqa.selenium.remote.RemoteWebDriver$RemoteTargetLocator@f13e0a2
14:50:21.987  INFO  manager.ListenerWD - ******************
14:50:22.522  INFO  manager.ListenerTNG - onTestSuccessregistrationWrongPassword
14:50:22.526  INFO  manager.ListenerTNG - onFinish ---Gradle test
