14:37:53.532  INFO  manager.ApplicationManager - All tests start in Chrome Browser
14:38:12.357  INFO  manager.ApplicationManager - Current Url -->https://telranedu.web.app/home
14:38:12.410  INFO  tests.TestBase - The name of starts method is --->addContactSuccessAllFields
14:38:12.414  INFO  manager.ListenerWD - Before find elements --> By.xpath: //button[text()='Sign Out']
14:38:17.445  INFO  manager.ListenerWD - After find elements --> By.xpath: //button[text()='Sign Out']
14:38:17.452  INFO  manager.ListenerWD - List suze is --> 0
14:38:17.463  INFO  manager.ListenerWD - Before find element --> By.cssSelector: a[href='/login']
14:38:17.516  INFO  manager.ListenerWD - After find element --> By.cssSelector: a[href='/login']
14:38:17.556  INFO  manager.ListenerWD - Before find element --> By.cssSelector: a[href='/login']
14:38:17.600  INFO  manager.ListenerWD - After find element --> By.cssSelector: a[href='/login']
14:38:17.671  INFO  manager.ListenerWD - Before find element --> By.name: email
14:38:17.710  INFO  manager.ListenerWD - After find element --> By.name: email
14:38:17.925  INFO  manager.ListenerWD - Before find element --> By.name: password
14:38:17.962  INFO  manager.ListenerWD - After find element --> By.name: password
14:38:18.192  INFO  manager.ListenerWD - Before find element --> By.cssSelector: [name='login']
14:38:18.231  INFO  manager.ListenerWD - After find element --> By.cssSelector: [name='login']
14:38:18.337  INFO  tests.TestBase - Tests start with data : Contact(name=Lisa1185, lastName=Simpson, email=lisa1185@mail.ru, address=NY, phone=11111111185, description=All fields)
14:38:20.341  INFO  manager.ListenerWD - Before find element --> By.cssSelector: a[href='/add']
14:38:25.387  INFO  manager.ListenerWD - The have a 'problem'
14:38:25.387  INFO  manager.ListenerWD - ******************
14:38:25.388  INFO  manager.ListenerWD - Method method ---> findElement
14:38:25.388  INFO  manager.ListenerWD - ******************
14:38:25.395  INFO  manager.ListenerWD - InvocationTargetException getTargetException()org.openqa.selenium.NoSuchElementException: no such element: Unable to locate element: {"method":"css selector","selector":"a[href='/add']"}
  (Session info: chrome=109.0.5414.120)
For documentation on this error, please visit: https://selenium.dev/exceptions/#no_such_element
Build info: version: '4.7.1', revision: 'c6795baf1a3'
System info: os.name: 'Windows 11', os.arch: 'amd64', os.version: '10.0', java.version: '11.0.17'
Driver info: org.openqa.selenium.chrome.ChromeDriver
Command: [d775ae5dea280b7ea96315d1bb303fae, findElement {using=css selector, value=a[href='/add']}]
Capabilities {acceptInsecureCerts: false, browserName: chrome, browserVersion: 109.0.5414.120, chrome: {chromedriverVersion: 109.0.5414.74 (e7c5703604da..., userDataDir: C:\Users\eduar\AppData\Loca...}, goog:chromeOptions: {debuggerAddress: localhost:56052}, networkConnectionEnabled: false, pageLoadStrategy: normal, platformName: WINDOWS, proxy: Proxy(), se:cdp: ws://localhost:56052/devtoo..., se:cdpVersion: 109.0.5414.120, setWindowRect: true, strictFileInteractability: false, timeouts: {implicit: 0, pageLoad: 300000, script: 30000}, unhandledPromptBehavior: dismiss and notify, webauthn:extension:credBlob: true, webauthn:extension:largeBlob: true, webauthn:virtualAuthenticators: true}
Session ID: d775ae5dea280b7ea96315d1bb303fae
14:38:25.396  INFO  manager.ListenerWD - ******************
14:38:25.397  INFO  manager.ListenerWD - Object target --->ChromeDriver: chrome on WINDOWS (d775ae5dea280b7ea96315d1bb303fae)
14:38:25.398  INFO  manager.ListenerWD - ******************
14:38:25.399  INFO  manager.ListenerWD - Screen with error is --->src/test/screenshots/screen-337.png
