17:31:02.621  INFO  manager.ApplicationManager - All tests start in Chrome Browser
17:31:21.583  INFO  manager.ApplicationManager - Current Url -->https://telranedu.web.app/home
17:31:21.650  INFO  tests.TestBase - The name of starts method is --->addContactSuccessAllFields
17:31:21.653  INFO  manager.ListenerWD - Before find elements --> By.xpath: //button[text()='Sign Out']
17:31:26.725  INFO  manager.ListenerWD - After find elements --> By.xpath: //button[text()='Sign Out']
17:31:26.730  INFO  manager.ListenerWD - List suze is --> 0
17:31:26.736  INFO  manager.ListenerWD - Before find element --> By.cssSelector: a[href='/login']
17:31:26.792  INFO  manager.ListenerWD - After find element --> By.cssSelector: a[href='/login']
17:31:26.838  INFO  manager.ListenerWD - Before find element --> By.cssSelector: a[href='/login']
17:31:26.878  INFO  manager.ListenerWD - After find element --> By.cssSelector: a[href='/login']
17:31:26.957  INFO  manager.ListenerWD - Before find element --> By.name: email
17:31:27.002  INFO  manager.ListenerWD - After find element --> By.name: email
17:31:27.217  INFO  manager.ListenerWD - Before find element --> By.name: password
17:31:27.261  INFO  manager.ListenerWD - After find element --> By.name: password
17:31:27.450  INFO  manager.ListenerWD - Before find element --> By.cssSelector: [name='login']
17:31:27.486  INFO  manager.ListenerWD - After find element --> By.cssSelector: [name='login']
17:31:27.567  INFO  tests.TestBase - Tests start with data : Contact(name=Lisa1238, lastName=Simpson, email=lisa1238@mail.ru, address=NY, phone=11111111238, description=All fields)
17:31:35.579  INFO  manager.ListenerWD - Before find element --> By.cssSelector: a[href='/add']
17:31:40.620  INFO  manager.ListenerWD - The have a 'problem'
17:31:40.621  INFO  manager.ListenerWD - ******************
17:31:40.621  INFO  manager.ListenerWD - Method method ---> findElement
17:31:40.621  INFO  manager.ListenerWD - ******************
17:31:40.624  INFO  manager.ListenerWD - InvocationTargetException getTargetException()org.openqa.selenium.NoSuchElementException: no such element: Unable to locate element: {"method":"css selector","selector":"a[href='/add']"}
  (Session info: chrome=109.0.5414.120)
For documentation on this error, please visit: https://selenium.dev/exceptions/#no_such_element
Build info: version: '4.7.1', revision: 'c6795baf1a3'
System info: os.name: 'Windows 11', os.arch: 'amd64', os.version: '10.0', java.version: '11.0.17'
Driver info: org.openqa.selenium.chrome.ChromeDriver
Command: [a3a2c13a84050bca593565a5e61fa011, findElement {using=css selector, value=a[href='/add']}]
Capabilities {acceptInsecureCerts: false, browserName: chrome, browserVersion: 109.0.5414.120, chrome: {chromedriverVersion: 109.0.5414.74 (e7c5703604da..., userDataDir: C:\Users\eduar\AppData\Loca...}, goog:chromeOptions: {debuggerAddress: localhost:60972}, networkConnectionEnabled: false, pageLoadStrategy: normal, platformName: WINDOWS, proxy: Proxy(), se:cdp: ws://localhost:60972/devtoo..., se:cdpVersion: 109.0.5414.120, setWindowRect: true, strictFileInteractability: false, timeouts: {implicit: 0, pageLoad: 300000, script: 30000}, unhandledPromptBehavior: dismiss and notify, webauthn:extension:credBlob: true, webauthn:extension:largeBlob: true, webauthn:virtualAuthenticators: true}
Session ID: a3a2c13a84050bca593565a5e61fa011
17:31:40.625  INFO  manager.ListenerWD - ******************
17:31:40.626  INFO  manager.ListenerWD - Object target --->ChromeDriver: chrome on WINDOWS (a3a2c13a84050bca593565a5e61fa011)
17:31:40.627  INFO  manager.ListenerWD - ******************
17:31:40.628  INFO  manager.ListenerWD - Screen with error is --->src/test/screenshots/screen-880.png
17:31:41.103  INFO  tests.TestBase - The name of starts method is --->registrationSuccess
17:31:41.105  INFO  manager.ListenerWD - Before find elements --> By.xpath: //button[text()='Sign Out']
17:31:41.138  INFO  manager.ListenerWD - After find elements --> By.xpath: //button[text()='Sign Out']
17:31:41.138  INFO  manager.ListenerWD - List suze is --> 1
17:31:41.139  INFO  manager.ListenerWD - Before find element --> By.xpath: //button[text()='Sign Out']
17:31:41.167  INFO  manager.ListenerWD - After find element --> By.xpath: //button[text()='Sign Out']
17:31:41.210  INFO  manager.ListenerWD - Before find element --> By.cssSelector: a[href='/login']
17:31:41.242  INFO  manager.ListenerWD - After find element --> By.cssSelector: a[href='/login']
17:31:41.271  INFO  manager.ListenerWD - Before find element --> By.cssSelector: a[href='/login']
17:31:41.301  INFO  manager.ListenerWD - After find element --> By.cssSelector: a[href='/login']
17:31:41.347  INFO  manager.ListenerWD - Before find element --> By.name: email
17:31:41.376  INFO  manager.ListenerWD - After find element --> By.name: email
17:31:41.599  INFO  manager.ListenerWD - Before find element --> By.name: password
17:31:41.629  INFO  manager.ListenerWD - After find element --> By.name: password
17:31:41.829  INFO  manager.ListenerWD - Before find element --> By.cssSelector: [name='registration']
17:31:41.861  INFO  manager.ListenerWD - After find element --> By.cssSelector: [name='registration']
17:31:49.910  INFO  manager.ListenerWD - Before find elements --> By.xpath: //button[text()='Sign Out']
17:31:49.949  INFO  manager.ListenerWD - After find elements --> By.xpath: //button[text()='Sign Out']
17:31:49.949  INFO  manager.ListenerWD - List suze is --> 1
