17:52:41.346  INFO  manager.ApplicationManager - All tests start in Chrome Browser
17:52:48.762  INFO  manager.ApplicationManager - Current Url -->https://telranedu.web.app/home
17:52:48.768  INFO  manager.ListenerTNG - onStart ---Nopackage
17:52:48.794  INFO  tests.TestBase - The name of starts method is --->loginSuccessNew
17:52:48.795  INFO  manager.ListenerTNG - onTestStart ---loginSuccessNew
17:52:48.798  INFO  manager.ListenerWD - Before find element --> By.cssSelector: a[href='/login']
17:52:48.833  INFO  manager.ListenerWD - After find element --> By.cssSelector: a[href='/login']
17:52:48.865  INFO  manager.ListenerWD - Before find element --> By.cssSelector: a[href='/login']
17:52:48.884  INFO  manager.ListenerWD - After find element --> By.cssSelector: a[href='/login']
17:52:48.943  INFO  manager.ListenerWD - Before find element --> By.name: email
17:52:48.971  INFO  manager.ListenerWD - After find element --> By.name: email
17:52:49.139  INFO  manager.ListenerWD - Before find element --> By.name: password
17:52:49.162  INFO  manager.ListenerWD - After find element --> By.name: password
17:52:49.291  INFO  manager.ListenerWD - Before find element --> By.cssSelector: [name='login']
17:52:49.311  INFO  manager.ListenerWD - After find element --> By.cssSelector: [name='login']
17:52:58.352  INFO  manager.ListenerWD - Before find elements --> By.xpath: //button[text()='Sign Out']
17:53:03.400  INFO  manager.ListenerWD - After find elements --> By.xpath: //button[text()='Sign Out']
17:53:03.403  INFO  manager.ListenerWD - List suze is --> 0
17:53:03.409  INFO  manager.ListenerTNG - onTestFailure ---loginSuccessNew
17:53:03.416  INFO  tests.TestBase - The name of starts method is --->addContactSuccessAllFields
17:53:03.417  INFO  manager.ListenerWD - Before find elements --> By.xpath: //button[text()='Sign Out']
17:53:07.392  INFO  manager.ListenerWD - After find elements --> By.xpath: //button[text()='Sign Out']
17:53:07.392  INFO  manager.ListenerWD - List suze is --> 1
17:53:07.393  INFO  manager.ListenerTNG - onTestStart ---addContactSuccessAllFields
17:53:07.415  INFO  tests.TestBase - Tests start with data : Contact(name=Lisa1245, lastName=Simpson, email=lisa1245@mail.ru, address=NY, phone=11111111245, description=All fields)
17:53:15.426  INFO  manager.ListenerWD - Before find element --> By.cssSelector: a[href='/add']
17:53:15.462  INFO  manager.ListenerWD - After find element --> By.cssSelector: a[href='/add']
17:53:15.508  INFO  manager.ListenerWD - Before find element --> By.cssSelector: input[placeholder='Name']
17:53:15.534  INFO  manager.ListenerWD - After find element --> By.cssSelector: input[placeholder='Name']
17:53:15.704  INFO  manager.ListenerWD - Before find element --> By.cssSelector: input[placeholder='Last Name']
17:53:15.728  INFO  manager.ListenerWD - After find element --> By.cssSelector: input[placeholder='Last Name']
17:53:15.912  INFO  manager.ListenerWD - Before find element --> By.cssSelector: input[placeholder='Phone']
17:53:15.929  INFO  manager.ListenerWD - After find element --> By.cssSelector: input[placeholder='Phone']
17:53:16.110  INFO  manager.ListenerWD - Before find element --> By.cssSelector: input[placeholder='email']
17:53:16.125  INFO  manager.ListenerWD - After find element --> By.cssSelector: input[placeholder='email']
17:53:16.317  INFO  manager.ListenerWD - Before find element --> By.cssSelector: input[placeholder='Address']
17:53:16.334  INFO  manager.ListenerWD - After find element --> By.cssSelector: input[placeholder='Address']
17:53:16.505  INFO  manager.ListenerWD - Before find element --> By.cssSelector: input[placeholder='description']
17:53:16.527  INFO  manager.ListenerWD - After find element --> By.cssSelector: input[placeholder='description']
17:53:16.709  INFO  manager.ListenerWD - Before find element --> By.xpath: //b[text()='Save']
17:53:16.724  INFO  manager.ListenerWD - After find element --> By.xpath: //b[text()='Save']
17:53:16.764  INFO  manager.ListenerWD - Before find elements --> By.cssSelector: h2
17:53:17.483  INFO  manager.ListenerWD - After find elements --> By.cssSelector: h2
17:53:17.483  INFO  manager.ListenerWD - List suze is --> 19
17:53:17.740  INFO  manager.ListenerWD - Before find elements --> By.cssSelector: h3
17:53:17.886  INFO  manager.ListenerWD - After find elements --> By.cssSelector: h3
17:53:17.886  INFO  manager.ListenerWD - List suze is --> 19
17:53:18.163  INFO  manager.ListenerWD - Before find elements --> By.cssSelector: .contact-item_card__2SOIM
17:53:18.287  INFO  manager.ListenerWD - After find elements --> By.cssSelector: .contact-item_card__2SOIM
17:53:18.287  INFO  manager.ListenerWD - List suze is --> 19
17:53:18.324  INFO  manager.ListenerWD - Before find element --> By.cssSelector: .contact-item-detailed_card__50dTS
17:53:18.343  INFO  manager.ListenerWD - After find element --> By.cssSelector: .contact-item-detailed_card__50dTS
17:53:18.394  INFO  manager.ListenerWD - Before find element --> By.cssSelector: .contact-item-detailed_card__50dTS
17:53:18.417  INFO  manager.ListenerWD - After find element --> By.cssSelector: .contact-item-detailed_card__50dTS
17:53:18.469  INFO  manager.ListenerWD - Before find element --> By.cssSelector: .contact-item-detailed_card__50dTS
17:53:18.489  INFO  manager.ListenerWD - After find element --> By.cssSelector: .contact-item-detailed_card__50dTS
17:53:18.548  INFO  manager.ListenerWD - Before find element --> By.cssSelector: .contact-item-detailed_card__50dTS
17:53:18.571  INFO  manager.ListenerWD - After find element --> By.cssSelector: .contact-item-detailed_card__50dTS
17:53:18.628  INFO  manager.ListenerWD - Before find element --> By.cssSelector: .contact-item-detailed_card__50dTS
17:53:18.681  INFO  manager.ListenerWD - After find element --> By.cssSelector: .contact-item-detailed_card__50dTS
17:53:18.738  INFO  manager.ListenerWD - Before find element --> By.cssSelector: .contact-item-detailed_card__50dTS
17:53:18.754  INFO  manager.ListenerWD - After find element --> By.cssSelector: .contact-item-detailed_card__50dTS
17:53:18.809  INFO  manager.ListenerWD - Before find element --> By.cssSelector: .contact-item-detailed_card__50dTS
17:53:18.827  INFO  manager.ListenerWD - After find element --> By.cssSelector: .contact-item-detailed_card__50dTS
17:53:18.881  INFO  manager.ListenerWD - Before find element --> By.cssSelector: .contact-item-detailed_card__50dTS
17:53:18.902  INFO  manager.ListenerWD - After find element --> By.cssSelector: .contact-item-detailed_card__50dTS
17:53:18.957  INFO  manager.ListenerWD - Before find element --> By.cssSelector: .contact-item-detailed_card__50dTS
17:53:18.975  INFO  manager.ListenerWD - After find element --> By.cssSelector: .contact-item-detailed_card__50dTS
17:53:19.026  INFO  manager.ListenerWD - Before find element --> By.cssSelector: .contact-item-detailed_card__50dTS
17:53:19.044  INFO  manager.ListenerWD - After find element --> By.cssSelector: .contact-item-detailed_card__50dTS
17:53:19.098  INFO  manager.ListenerWD - Before find element --> By.cssSelector: .contact-item-detailed_card__50dTS
17:53:19.115  INFO  manager.ListenerWD - After find element --> By.cssSelector: .contact-item-detailed_card__50dTS
17:53:19.165  INFO  manager.ListenerWD - Before find element --> By.cssSelector: .contact-item-detailed_card__50dTS
17:53:19.184  INFO  manager.ListenerWD - After find element --> By.cssSelector: .contact-item-detailed_card__50dTS
17:53:19.236  INFO  manager.ListenerWD - Before find element --> By.cssSelector: .contact-item-detailed_card__50dTS
17:53:19.253  INFO  manager.ListenerWD - After find element --> By.cssSelector: .contact-item-detailed_card__50dTS
17:53:19.302  INFO  manager.ListenerWD - Before find element --> By.cssSelector: .contact-item-detailed_card__50dTS
17:53:19.320  INFO  manager.ListenerWD - After find element --> By.cssSelector: .contact-item-detailed_card__50dTS
17:53:19.371  INFO  manager.ListenerWD - Before find element --> By.cssSelector: .contact-item-detailed_card__50dTS
17:53:19.386  INFO  manager.ListenerWD - After find element --> By.cssSelector: .contact-item-detailed_card__50dTS
17:53:19.439  INFO  manager.ListenerWD - Before find element --> By.cssSelector: .contact-item-detailed_card__50dTS
17:53:19.457  INFO  manager.ListenerWD - After find element --> By.cssSelector: .contact-item-detailed_card__50dTS
17:53:19.504  INFO  manager.ListenerWD - Before find element --> By.cssSelector: .contact-item-detailed_card__50dTS
17:53:19.524  INFO  manager.ListenerWD - After find element --> By.cssSelector: .contact-item-detailed_card__50dTS
17:53:19.574  INFO  manager.ListenerWD - Before find element --> By.cssSelector: .contact-item-detailed_card__50dTS
17:53:19.592  INFO  manager.ListenerWD - After find element --> By.cssSelector: .contact-item-detailed_card__50dTS
17:53:19.643  INFO  manager.ListenerWD - Before find element --> By.cssSelector: .contact-item-detailed_card__50dTS
17:53:19.660  INFO  manager.ListenerWD - After find element --> By.cssSelector: .contact-item-detailed_card__50dTS
17:53:19.674  INFO  manager.ListenerTNG - onTestSuccessaddContactSuccessAllFields
17:53:19.676  INFO  manager.ListenerTNG - onFinish ---Nopackage
