18:58:30.255  INFO  manager.ApplicationManager - All tests start in Chrome Browser
18:58:37.561  INFO  manager.ApplicationManager - Current Url -->https://telranedu.web.app/home
18:58:37.567  INFO  manager.ListenerTNG - onStart ---Nopackage
18:58:37.594  INFO  tests.TestBase - The name of starts method is --->addContactSuccessAllFields
18:58:37.596  INFO  manager.ListenerWD - Before find elements --> By.xpath: //button[text()='Sign Out']
18:58:42.659  INFO  manager.ListenerWD - After find elements --> By.xpath: //button[text()='Sign Out']
18:58:42.660  INFO  manager.ListenerWD - List suze is --> 0
18:58:42.665  INFO  manager.ListenerWD - Before find element --> By.cssSelector: a[href='/login']
18:58:42.685  INFO  manager.ListenerWD - After find element --> By.cssSelector: a[href='/login']
18:58:42.705  INFO  manager.ListenerWD - Before find element --> By.cssSelector: a[href='/login']
18:58:42.721  INFO  manager.ListenerWD - After find element --> By.cssSelector: a[href='/login']
18:58:42.768  INFO  manager.ListenerWD - Before find element --> By.name: email
18:58:42.787  INFO  manager.ListenerWD - After find element --> By.name: email
18:58:42.907  INFO  manager.ListenerWD - Before find element --> By.name: password
18:58:42.924  INFO  manager.ListenerWD - After find element --> By.name: password
18:58:43.023  INFO  manager.ListenerWD - Before find element --> By.cssSelector: [name='login']
18:58:43.040  INFO  manager.ListenerWD - After find element --> By.cssSelector: [name='login']
18:58:43.068  INFO  manager.ListenerTNG - onTestStart ---addContactSuccessAllFields
18:58:43.093  INFO  tests.TestBase - Tests start with data : Contact(name=Lisa1013, lastName=Simpson, email=lisa1013@mail.ru, address=NY, phone=11111111013, description=All fields)
18:58:58.102  INFO  manager.ListenerWD - Before find element --> By.cssSelector: a[href='/add']
18:58:58.118  INFO  manager.ListenerWD - After find element --> By.cssSelector: a[href='/add']
18:58:58.153  INFO  manager.ListenerWD - Before find element --> By.cssSelector: input[placeholder='Name']
18:58:58.174  INFO  manager.ListenerWD - After find element --> By.cssSelector: input[placeholder='Name']
18:58:58.292  INFO  manager.ListenerWD - Before find element --> By.cssSelector: input[placeholder='Last Name']
18:58:58.307  INFO  manager.ListenerWD - After find element --> By.cssSelector: input[placeholder='Last Name']
18:58:58.440  INFO  manager.ListenerWD - Before find element --> By.cssSelector: input[placeholder='Phone']
18:58:58.456  INFO  manager.ListenerWD - After find element --> By.cssSelector: input[placeholder='Phone']
18:58:58.587  INFO  manager.ListenerWD - Before find element --> By.cssSelector: input[placeholder='email']
18:58:58.605  INFO  manager.ListenerWD - After find element --> By.cssSelector: input[placeholder='email']
18:58:58.757  INFO  manager.ListenerWD - Before find element --> By.cssSelector: input[placeholder='Address']
18:58:58.779  INFO  manager.ListenerWD - After find element --> By.cssSelector: input[placeholder='Address']
18:58:58.900  INFO  manager.ListenerWD - Before find element --> By.cssSelector: input[placeholder='description']
18:58:58.930  INFO  manager.ListenerWD - After find element --> By.cssSelector: input[placeholder='description']
18:58:59.040  INFO  manager.ListenerWD - Before find element --> By.xpath: //b[text()='Save']
18:58:59.056  INFO  manager.ListenerWD - After find element --> By.xpath: //b[text()='Save']
18:58:59.079  INFO  manager.ListenerWD - Before find elements --> By.cssSelector: h2
18:58:59.816  INFO  manager.ListenerWD - After find elements --> By.cssSelector: h2
18:58:59.816  INFO  manager.ListenerWD - List suze is --> 28
18:59:00.144  INFO  manager.ListenerWD - Before find elements --> By.cssSelector: h3
18:59:00.374  INFO  manager.ListenerWD - After find elements --> By.cssSelector: h3
18:59:00.375  INFO  manager.ListenerWD - List suze is --> 28
18:59:00.715  INFO  manager.ListenerWD - Before find elements --> By.cssSelector: .contact-item_card__2SOIM
18:59:00.811  INFO  manager.ListenerWD - After find elements --> By.cssSelector: .contact-item_card__2SOIM
18:59:00.812  INFO  manager.ListenerWD - List suze is --> 28
18:59:00.847  INFO  manager.ListenerWD - Before find element --> By.cssSelector: .contact-item-detailed_card__50dTS
18:59:00.864  INFO  manager.ListenerWD - After find element --> By.cssSelector: .contact-item-detailed_card__50dTS
18:59:00.910  INFO  manager.ListenerWD - Before find element --> By.cssSelector: .contact-item-detailed_card__50dTS
18:59:00.923  INFO  manager.ListenerWD - After find element --> By.cssSelector: .contact-item-detailed_card__50dTS
18:59:00.963  INFO  manager.ListenerWD - Before find element --> By.cssSelector: .contact-item-detailed_card__50dTS
18:59:00.977  INFO  manager.ListenerWD - After find element --> By.cssSelector: .contact-item-detailed_card__50dTS
18:59:01.017  INFO  manager.ListenerWD - Before find element --> By.cssSelector: .contact-item-detailed_card__50dTS
18:59:01.032  INFO  manager.ListenerWD - After find element --> By.cssSelector: .contact-item-detailed_card__50dTS
18:59:01.080  INFO  manager.ListenerWD - Before find element --> By.cssSelector: .contact-item-detailed_card__50dTS
18:59:01.093  INFO  manager.ListenerWD - After find element --> By.cssSelector: .contact-item-detailed_card__50dTS
18:59:01.136  INFO  manager.ListenerWD - Before find element --> By.cssSelector: .contact-item-detailed_card__50dTS
18:59:01.150  INFO  manager.ListenerWD - After find element --> By.cssSelector: .contact-item-detailed_card__50dTS
18:59:01.199  INFO  manager.ListenerWD - Before find element --> By.cssSelector: .contact-item-detailed_card__50dTS
18:59:01.212  INFO  manager.ListenerWD - After find element --> By.cssSelector: .contact-item-detailed_card__50dTS
18:59:01.244  INFO  manager.ListenerWD - Before find element --> By.cssSelector: .contact-item-detailed_card__50dTS
18:59:01.253  INFO  manager.ListenerWD - After find element --> By.cssSelector: .contact-item-detailed_card__50dTS
18:59:01.285  INFO  manager.ListenerWD - Before find element --> By.cssSelector: .contact-item-detailed_card__50dTS
18:59:01.297  INFO  manager.ListenerWD - After find element --> By.cssSelector: .contact-item-detailed_card__50dTS
18:59:01.334  INFO  manager.ListenerWD - Before find element --> By.cssSelector: .contact-item-detailed_card__50dTS
18:59:01.343  INFO  manager.ListenerWD - After find element --> By.cssSelector: .contact-item-detailed_card__50dTS
18:59:01.377  INFO  manager.ListenerWD - Before find element --> By.cssSelector: .contact-item-detailed_card__50dTS
18:59:01.389  INFO  manager.ListenerWD - After find element --> By.cssSelector: .contact-item-detailed_card__50dTS
18:59:01.431  INFO  manager.ListenerWD - Before find element --> By.cssSelector: .contact-item-detailed_card__50dTS
18:59:01.442  INFO  manager.ListenerWD - After find element --> By.cssSelector: .contact-item-detailed_card__50dTS
18:59:01.482  INFO  manager.ListenerWD - Before find element --> By.cssSelector: .contact-item-detailed_card__50dTS
18:59:01.493  INFO  manager.ListenerWD - After find element --> By.cssSelector: .contact-item-detailed_card__50dTS
18:59:01.533  INFO  manager.ListenerWD - Before find element --> By.cssSelector: .contact-item-detailed_card__50dTS
18:59:01.544  INFO  manager.ListenerWD - After find element --> By.cssSelector: .contact-item-detailed_card__50dTS
18:59:01.585  INFO  manager.ListenerWD - Before find element --> By.cssSelector: .contact-item-detailed_card__50dTS
18:59:01.597  INFO  manager.ListenerWD - After find element --> By.cssSelector: .contact-item-detailed_card__50dTS
18:59:01.635  INFO  manager.ListenerWD - Before find element --> By.cssSelector: .contact-item-detailed_card__50dTS
18:59:01.646  INFO  manager.ListenerWD - After find element --> By.cssSelector: .contact-item-detailed_card__50dTS
18:59:01.688  INFO  manager.ListenerWD - Before find element --> By.cssSelector: .contact-item-detailed_card__50dTS
18:59:01.700  INFO  manager.ListenerWD - After find element --> By.cssSelector: .contact-item-detailed_card__50dTS
18:59:01.741  INFO  manager.ListenerWD - Before find element --> By.cssSelector: .contact-item-detailed_card__50dTS
18:59:01.754  INFO  manager.ListenerWD - After find element --> By.cssSelector: .contact-item-detailed_card__50dTS
18:59:01.793  INFO  manager.ListenerWD - Before find element --> By.cssSelector: .contact-item-detailed_card__50dTS
18:59:01.803  INFO  manager.ListenerWD - After find element --> By.cssSelector: .contact-item-detailed_card__50dTS
18:59:01.841  INFO  manager.ListenerWD - Before find element --> By.cssSelector: .contact-item-detailed_card__50dTS
18:59:01.851  INFO  manager.ListenerWD - After find element --> By.cssSelector: .contact-item-detailed_card__50dTS
18:59:01.887  INFO  manager.ListenerWD - Before find element --> By.cssSelector: .contact-item-detailed_card__50dTS
18:59:01.897  INFO  manager.ListenerWD - After find element --> By.cssSelector: .contact-item-detailed_card__50dTS
18:59:01.939  INFO  manager.ListenerWD - Before find element --> By.cssSelector: .contact-item-detailed_card__50dTS
18:59:01.949  INFO  manager.ListenerWD - After find element --> By.cssSelector: .contact-item-detailed_card__50dTS
18:59:01.987  INFO  manager.ListenerWD - Before find element --> By.cssSelector: .contact-item-detailed_card__50dTS
18:59:01.998  INFO  manager.ListenerWD - After find element --> By.cssSelector: .contact-item-detailed_card__50dTS
18:59:02.029  INFO  manager.ListenerWD - Before find element --> By.cssSelector: .contact-item-detailed_card__50dTS
18:59:02.039  INFO  manager.ListenerWD - After find element --> By.cssSelector: .contact-item-detailed_card__50dTS
18:59:02.068  INFO  manager.ListenerWD - Before find element --> By.cssSelector: .contact-item-detailed_card__50dTS
18:59:02.076  INFO  manager.ListenerWD - After find element --> By.cssSelector: .contact-item-detailed_card__50dTS
18:59:02.112  INFO  manager.ListenerWD - Before find element --> By.cssSelector: .contact-item-detailed_card__50dTS
18:59:02.122  INFO  manager.ListenerWD - After find element --> By.cssSelector: .contact-item-detailed_card__50dTS
18:59:02.156  INFO  manager.ListenerWD - Before find element --> By.cssSelector: .contact-item-detailed_card__50dTS
18:59:02.165  INFO  manager.ListenerWD - After find element --> By.cssSelector: .contact-item-detailed_card__50dTS
18:59:02.205  INFO  manager.ListenerWD - Before find element --> By.cssSelector: .contact-item-detailed_card__50dTS
18:59:02.217  INFO  manager.ListenerWD - After find element --> By.cssSelector: .contact-item-detailed_card__50dTS
18:59:02.229  INFO  manager.ListenerTNG - onTestSuccessaddContactSuccessAllFields
18:59:02.233  INFO  manager.ListenerTNG - onFinish ---Nopackage
