17:47:43.478  INFO  manager.ApplicationManager - All tests start in Chrome Browser
17:47:50.965  INFO  manager.ApplicationManager - Current Url -->https://telranedu.web.app/home
17:47:50.968  INFO  manager.ListenerTNG - onStart ---Nopackage
17:47:50.993  INFO  tests.TestBase - The name of starts method is --->registrationSuccess
17:47:50.995  INFO  manager.ListenerWD - Before find elements --> By.xpath: //button[text()='Sign Out']
17:47:56.047  INFO  manager.ListenerWD - After find elements --> By.xpath: //button[text()='Sign Out']
17:47:56.049  INFO  manager.ListenerWD - List suze is --> 0
17:47:56.052  INFO  manager.ListenerTNG - onTestStart ---registrationSuccess
17:47:56.059  INFO  manager.ListenerWD - Before find element --> By.cssSelector: a[href='/login']
17:47:56.088  INFO  manager.ListenerWD - After find element --> By.cssSelector: a[href='/login']
17:47:56.117  INFO  manager.ListenerWD - Before find element --> By.cssSelector: a[href='/login']
17:47:56.136  INFO  manager.ListenerWD - After find element --> By.cssSelector: a[href='/login']
17:47:57.205  INFO  manager.ListenerWD - Before find element --> By.name: email
17:47:57.227  INFO  manager.ListenerWD - After find element --> By.name: email
17:47:57.433  INFO  manager.ListenerWD - Before find element --> By.name: password
17:47:57.456  INFO  manager.ListenerWD - After find element --> By.name: password
17:47:57.639  INFO  manager.ListenerWD - Before find element --> By.cssSelector: [name='registration']
17:47:57.657  INFO  manager.ListenerWD - After find element --> By.cssSelector: [name='registration']
17:48:05.705  INFO  manager.ListenerWD - Before find elements --> By.xpath: //button[text()='Sign Out']
17:48:05.743  INFO  manager.ListenerWD - After find elements --> By.xpath: //button[text()='Sign Out']
17:48:05.743  INFO  manager.ListenerWD - List suze is --> 1
17:48:05.751  INFO  manager.ListenerTNG - onTestSuccessregistrationSuccess
17:48:05.757  INFO  manager.ListenerTNG - onFinish ---Nopackage
