22:17:44.483  INFO  manager.ApplicationManager - All tests start in Chrome Browser
22:17:52.076  INFO  manager.ApplicationManager - Current Url -->https://telranedu.web.app/home
22:17:52.081  INFO  manager.ListenerTNG - onStart ---Gradle test
22:17:52.112  INFO  tests.TestBase - The name of starts method is --->addContactSuccessAllFields
22:17:52.115  INFO  manager.ListenerWD - Before find elements --> By.xpath: //button[text()='Sign Out']
22:17:57.174  INFO  manager.ListenerWD - After find elements --> By.xpath: //button[text()='Sign Out']
22:17:57.176  INFO  manager.ListenerWD - List suze is --> 0
22:17:57.180  INFO  manager.ListenerWD - Before find element --> By.cssSelector: a[href='/login']
22:17:57.204  INFO  manager.ListenerWD - After find element --> By.cssSelector: a[href='/login']
22:17:57.231  INFO  manager.ListenerWD - Before find element --> By.cssSelector: a[href='/login']
22:17:57.259  INFO  manager.ListenerWD - After find element --> By.cssSelector: a[href='/login']
22:17:57.319  INFO  manager.ListenerWD - Before find element --> By.name: email
22:17:57.344  INFO  manager.ListenerWD - After find element --> By.name: email
22:17:57.468  INFO  manager.ListenerWD - Before find element --> By.name: password
22:17:57.486  INFO  manager.ListenerWD - After find element --> By.name: password
22:17:57.613  INFO  manager.ListenerWD - Before find element --> By.cssSelector: [name='login']
22:17:57.633  INFO  manager.ListenerWD - After find element --> By.cssSelector: [name='login']
22:17:57.664  INFO  manager.ListenerTNG - onTestStart ---addContactSuccessAllFields
22:17:57.699  INFO  tests.TestBase - Tests start with data : Contact(name=Lisa1171, lastName=Simpson, email=lisa1171@mail.ru, address=NY, phone=11111111171, description=All fields)
22:18:12.704  INFO  manager.ListenerWD - Before find element --> By.cssSelector: a[href='/add']
22:18:12.723  INFO  manager.ListenerWD - After find element --> By.cssSelector: a[href='/add']
22:18:12.757  INFO  manager.ListenerWD - Before find element --> By.cssSelector: input[placeholder='Name']
22:18:12.774  INFO  manager.ListenerWD - After find element --> By.cssSelector: input[placeholder='Name']
22:18:12.873  INFO  manager.ListenerWD - Before find element --> By.cssSelector: input[placeholder='Last Name']
22:18:12.887  INFO  manager.ListenerWD - After find element --> By.cssSelector: input[placeholder='Last Name']
22:18:12.983  INFO  manager.ListenerWD - Before find element --> By.cssSelector: input[placeholder='Phone']
22:18:12.998  INFO  manager.ListenerWD - After find element --> By.cssSelector: input[placeholder='Phone']
22:18:13.110  INFO  manager.ListenerWD - Before find element --> By.cssSelector: input[placeholder='email']
22:18:13.125  INFO  manager.ListenerWD - After find element --> By.cssSelector: input[placeholder='email']
22:18:13.226  INFO  manager.ListenerWD - Before find element --> By.cssSelector: input[placeholder='Address']
22:18:13.240  INFO  manager.ListenerWD - After find element --> By.cssSelector: input[placeholder='Address']
22:18:13.331  INFO  manager.ListenerWD - Before find element --> By.cssSelector: input[placeholder='description']
22:18:13.344  INFO  manager.ListenerWD - After find element --> By.cssSelector: input[placeholder='description']
22:18:13.433  INFO  manager.ListenerWD - Before find element --> By.xpath: //b[text()='Save']
22:18:13.446  INFO  manager.ListenerWD - After find element --> By.xpath: //b[text()='Save']
22:18:13.470  INFO  manager.ListenerWD - Before find elements --> By.cssSelector: h2
22:18:14.196  INFO  manager.ListenerWD - After find elements --> By.cssSelector: h2
22:18:14.196  INFO  manager.ListenerWD - List suze is --> 41
22:18:14.629  INFO  manager.ListenerWD - Before find elements --> By.cssSelector: h3
22:18:14.789  INFO  manager.ListenerWD - After find elements --> By.cssSelector: h3
22:18:14.789  INFO  manager.ListenerWD - List suze is --> 41
22:18:15.259  INFO  manager.ListenerWD - Before find elements --> By.cssSelector: .contact-item_card__2SOIM
22:18:15.397  INFO  manager.ListenerWD - After find elements --> By.cssSelector: .contact-item_card__2SOIM
22:18:15.398  INFO  manager.ListenerWD - List suze is --> 41
22:18:15.439  INFO  manager.ListenerWD - Before find element --> By.cssSelector: .contact-item-detailed_card__50dTS
22:18:15.454  INFO  manager.ListenerWD - After find element --> By.cssSelector: .contact-item-detailed_card__50dTS
22:18:15.494  INFO  manager.ListenerWD - Before find element --> By.cssSelector: .contact-item-detailed_card__50dTS
22:18:15.503  INFO  manager.ListenerWD - After find element --> By.cssSelector: .contact-item-detailed_card__50dTS
22:18:15.540  INFO  manager.ListenerWD - Before find element --> By.cssSelector: .contact-item-detailed_card__50dTS
22:18:15.551  INFO  manager.ListenerWD - After find element --> By.cssSelector: .contact-item-detailed_card__50dTS
22:18:15.588  INFO  manager.ListenerWD - Before find element --> By.cssSelector: .contact-item-detailed_card__50dTS
22:18:15.597  INFO  manager.ListenerWD - After find element --> By.cssSelector: .contact-item-detailed_card__50dTS
22:18:15.626  INFO  manager.ListenerWD - Before find element --> By.cssSelector: .contact-item-detailed_card__50dTS
22:18:15.634  INFO  manager.ListenerWD - After find element --> By.cssSelector: .contact-item-detailed_card__50dTS
22:18:15.665  INFO  manager.ListenerWD - Before find element --> By.cssSelector: .contact-item-detailed_card__50dTS
22:18:15.674  INFO  manager.ListenerWD - After find element --> By.cssSelector: .contact-item-detailed_card__50dTS
22:18:15.705  INFO  manager.ListenerWD - Before find element --> By.cssSelector: .contact-item-detailed_card__50dTS
22:18:15.713  INFO  manager.ListenerWD - After find element --> By.cssSelector: .contact-item-detailed_card__50dTS
22:18:15.746  INFO  manager.ListenerWD - Before find element --> By.cssSelector: .contact-item-detailed_card__50dTS
22:18:15.755  INFO  manager.ListenerWD - After find element --> By.cssSelector: .contact-item-detailed_card__50dTS
22:18:15.793  INFO  manager.ListenerWD - Before find element --> By.cssSelector: .contact-item-detailed_card__50dTS
22:18:15.804  INFO  manager.ListenerWD - After find element --> By.cssSelector: .contact-item-detailed_card__50dTS
22:18:15.840  INFO  manager.ListenerWD - Before find element --> By.cssSelector: .contact-item-detailed_card__50dTS
22:18:15.850  INFO  manager.ListenerWD - After find element --> By.cssSelector: .contact-item-detailed_card__50dTS
22:18:15.887  INFO  manager.ListenerWD - Before find element --> By.cssSelector: .contact-item-detailed_card__50dTS
22:18:15.898  INFO  manager.ListenerWD - After find element --> By.cssSelector: .contact-item-detailed_card__50dTS
22:18:15.942  INFO  manager.ListenerWD - Before find element --> By.cssSelector: .contact-item-detailed_card__50dTS
22:18:15.953  INFO  manager.ListenerWD - After find element --> By.cssSelector: .contact-item-detailed_card__50dTS
22:18:15.994  INFO  manager.ListenerWD - Before find element --> By.cssSelector: .contact-item-detailed_card__50dTS
22:18:16.006  INFO  manager.ListenerWD - After find element --> By.cssSelector: .contact-item-detailed_card__50dTS
22:18:16.041  INFO  manager.ListenerWD - Before find element --> By.cssSelector: .contact-item-detailed_card__50dTS
22:18:16.050  INFO  manager.ListenerWD - After find element --> By.cssSelector: .contact-item-detailed_card__50dTS
22:18:16.083  INFO  manager.ListenerWD - Before find element --> By.cssSelector: .contact-item-detailed_card__50dTS
22:18:16.092  INFO  manager.ListenerWD - After find element --> By.cssSelector: .contact-item-detailed_card__50dTS
22:18:16.129  INFO  manager.ListenerWD - Before find element --> By.cssSelector: .contact-item-detailed_card__50dTS
22:18:16.139  INFO  manager.ListenerWD - After find element --> By.cssSelector: .contact-item-detailed_card__50dTS
22:18:16.176  INFO  manager.ListenerWD - Before find element --> By.cssSelector: .contact-item-detailed_card__50dTS
22:18:16.189  INFO  manager.ListenerWD - After find element --> By.cssSelector: .contact-item-detailed_card__50dTS
22:18:16.230  INFO  manager.ListenerWD - Before find element --> By.cssSelector: .contact-item-detailed_card__50dTS
22:18:16.242  INFO  manager.ListenerWD - After find element --> By.cssSelector: .contact-item-detailed_card__50dTS
22:18:16.279  INFO  manager.ListenerWD - Before find element --> By.cssSelector: .contact-item-detailed_card__50dTS
22:18:16.290  INFO  manager.ListenerWD - After find element --> By.cssSelector: .contact-item-detailed_card__50dTS
22:18:16.331  INFO  manager.ListenerWD - Before find element --> By.cssSelector: .contact-item-detailed_card__50dTS
22:18:16.345  INFO  manager.ListenerWD - After find element --> By.cssSelector: .contact-item-detailed_card__50dTS
22:18:16.382  INFO  manager.ListenerWD - Before find element --> By.cssSelector: .contact-item-detailed_card__50dTS
22:18:16.396  INFO  manager.ListenerWD - After find element --> By.cssSelector: .contact-item-detailed_card__50dTS
22:18:16.429  INFO  manager.ListenerWD - Before find element --> By.cssSelector: .contact-item-detailed_card__50dTS
22:18:16.440  INFO  manager.ListenerWD - After find element --> By.cssSelector: .contact-item-detailed_card__50dTS
22:18:16.475  INFO  manager.ListenerWD - Before find element --> By.cssSelector: .contact-item-detailed_card__50dTS
22:18:16.483  INFO  manager.ListenerWD - After find element --> By.cssSelector: .contact-item-detailed_card__50dTS
22:18:16.520  INFO  manager.ListenerWD - Before find element --> By.cssSelector: .contact-item-detailed_card__50dTS
22:18:16.531  INFO  manager.ListenerWD - After find element --> By.cssSelector: .contact-item-detailed_card__50dTS
22:18:16.568  INFO  manager.ListenerWD - Before find element --> By.cssSelector: .contact-item-detailed_card__50dTS
22:18:16.579  INFO  manager.ListenerWD - After find element --> By.cssSelector: .contact-item-detailed_card__50dTS
22:18:16.611  INFO  manager.ListenerWD - Before find element --> By.cssSelector: .contact-item-detailed_card__50dTS
22:18:16.619  INFO  manager.ListenerWD - After find element --> By.cssSelector: .contact-item-detailed_card__50dTS
22:18:16.652  INFO  manager.ListenerWD - Before find element --> By.cssSelector: .contact-item-detailed_card__50dTS
22:18:16.660  INFO  manager.ListenerWD - After find element --> By.cssSelector: .contact-item-detailed_card__50dTS
22:18:16.690  INFO  manager.ListenerWD - Before find element --> By.cssSelector: .contact-item-detailed_card__50dTS
22:18:16.699  INFO  manager.ListenerWD - After find element --> By.cssSelector: .contact-item-detailed_card__50dTS
22:18:16.731  INFO  manager.ListenerWD - Before find element --> By.cssSelector: .contact-item-detailed_card__50dTS
22:18:16.740  INFO  manager.ListenerWD - After find element --> By.cssSelector: .contact-item-detailed_card__50dTS
22:18:16.773  INFO  manager.ListenerWD - Before find element --> By.cssSelector: .contact-item-detailed_card__50dTS
22:18:16.781  INFO  manager.ListenerWD - After find element --> By.cssSelector: .contact-item-detailed_card__50dTS
22:18:16.813  INFO  manager.ListenerWD - Before find element --> By.cssSelector: .contact-item-detailed_card__50dTS
22:18:16.824  INFO  manager.ListenerWD - After find element --> By.cssSelector: .contact-item-detailed_card__50dTS
22:18:16.860  INFO  manager.ListenerWD - Before find element --> By.cssSelector: .contact-item-detailed_card__50dTS
22:18:16.872  INFO  manager.ListenerWD - After find element --> By.cssSelector: .contact-item-detailed_card__50dTS
22:18:16.905  INFO  manager.ListenerWD - Before find element --> By.cssSelector: .contact-item-detailed_card__50dTS
22:18:16.915  INFO  manager.ListenerWD - After find element --> By.cssSelector: .contact-item-detailed_card__50dTS
22:18:16.948  INFO  manager.ListenerWD - Before find element --> By.cssSelector: .contact-item-detailed_card__50dTS
22:18:16.966  INFO  manager.ListenerWD - After find element --> By.cssSelector: .contact-item-detailed_card__50dTS
22:18:16.995  INFO  manager.ListenerWD - Before find element --> By.cssSelector: .contact-item-detailed_card__50dTS
22:18:17.004  INFO  manager.ListenerWD - After find element --> By.cssSelector: .contact-item-detailed_card__50dTS
22:18:17.042  INFO  manager.ListenerWD - Before find element --> By.cssSelector: .contact-item-detailed_card__50dTS
22:18:17.054  INFO  manager.ListenerWD - After find element --> By.cssSelector: .contact-item-detailed_card__50dTS
22:18:17.091  INFO  manager.ListenerWD - Before find element --> By.cssSelector: .contact-item-detailed_card__50dTS
22:18:17.101  INFO  manager.ListenerWD - After find element --> By.cssSelector: .contact-item-detailed_card__50dTS
22:18:17.136  INFO  manager.ListenerWD - Before find element --> By.cssSelector: .contact-item-detailed_card__50dTS
22:18:17.145  INFO  manager.ListenerWD - After find element --> By.cssSelector: .contact-item-detailed_card__50dTS
22:18:17.178  INFO  manager.ListenerWD - Before find element --> By.cssSelector: .contact-item-detailed_card__50dTS
22:18:17.186  INFO  manager.ListenerWD - After find element --> By.cssSelector: .contact-item-detailed_card__50dTS
22:18:17.219  INFO  manager.ListenerWD - Before find element --> By.cssSelector: .contact-item-detailed_card__50dTS
22:18:17.228  INFO  manager.ListenerWD - After find element --> By.cssSelector: .contact-item-detailed_card__50dTS
22:18:17.261  INFO  manager.ListenerWD - Before find element --> By.cssSelector: .contact-item-detailed_card__50dTS
22:18:17.271  INFO  manager.ListenerWD - After find element --> By.cssSelector: .contact-item-detailed_card__50dTS
22:18:17.280  INFO  manager.ListenerTNG - onTestSuccessaddContactSuccessAllFields
22:18:17.281  INFO  tests.TestBase - The name of starts method is --->addContactSuccessRequiredFields
22:18:17.282  INFO  manager.ListenerWD - Before find elements --> By.xpath: //button[text()='Sign Out']
22:18:17.293  INFO  manager.ListenerWD - After find elements --> By.xpath: //button[text()='Sign Out']
22:18:17.293  INFO  manager.ListenerWD - List suze is --> 1
22:18:17.293  INFO  manager.ListenerTNG - onTestStart ---addContactSuccessRequiredFields
22:18:17.294  INFO  manager.ListenerWD - Before find element --> By.cssSelector: a[href='/add']
22:18:17.305  INFO  manager.ListenerWD - After find element --> By.cssSelector: a[href='/add']
22:18:17.327  INFO  manager.ListenerWD - Before find element --> By.cssSelector: input[placeholder='Name']
22:18:17.338  INFO  manager.ListenerWD - After find element --> By.cssSelector: input[placeholder='Name']
22:18:17.428  INFO  manager.ListenerWD - Before find element --> By.cssSelector: input[placeholder='Last Name']
22:18:17.437  INFO  manager.ListenerWD - After find element --> By.cssSelector: input[placeholder='Last Name']
22:18:17.548  INFO  manager.ListenerWD - Before find element --> By.cssSelector: input[placeholder='Phone']
22:18:17.557  INFO  manager.ListenerWD - After find element --> By.cssSelector: input[placeholder='Phone']
22:18:17.649  INFO  manager.ListenerWD - Before find element --> By.cssSelector: input[placeholder='email']
22:18:17.659  INFO  manager.ListenerWD - After find element --> By.cssSelector: input[placeholder='email']
22:18:17.759  INFO  manager.ListenerWD - Before find element --> By.cssSelector: input[placeholder='Address']
22:18:17.767  INFO  manager.ListenerWD - After find element --> By.cssSelector: input[placeholder='Address']
22:18:17.848  INFO  manager.ListenerWD - Before find element --> By.cssSelector: input[placeholder='description']
22:18:17.856  INFO  manager.ListenerWD - After find element --> By.cssSelector: input[placeholder='description']
22:18:17.929  INFO  manager.ListenerWD - Before find element --> By.xpath: //b[text()='Save']
22:18:17.938  INFO  manager.ListenerWD - After find element --> By.xpath: //b[text()='Save']
22:18:17.962  INFO  manager.ListenerWD - Before find elements --> By.cssSelector: h2
22:18:18.439  INFO  manager.ListenerWD - After find elements --> By.cssSelector: h2
22:18:18.440  INFO  manager.ListenerWD - List suze is --> 42
22:18:18.923  INFO  manager.ListenerWD - Before find elements --> By.cssSelector: h3
22:18:19.015  INFO  manager.ListenerWD - After find elements --> By.cssSelector: h3
22:18:19.015  INFO  manager.ListenerWD - List suze is --> 42
22:18:19.515  INFO  manager.ListenerTNG - onTestSuccessaddContactSuccessRequiredFields
22:18:19.515  INFO  tests.TestBase - The name of starts method is --->addNewContactWrongAddress
22:18:19.516  INFO  manager.ListenerWD - Before find elements --> By.xpath: //button[text()='Sign Out']
22:18:19.526  INFO  manager.ListenerWD - After find elements --> By.xpath: //button[text()='Sign Out']
22:18:19.526  INFO  manager.ListenerWD - List suze is --> 1
22:18:19.526  INFO  manager.ListenerTNG - onTestStart ---addNewContactWrongAddress
22:18:19.526  INFO  manager.ListenerWD - Before find element --> By.cssSelector: a[href='/add']
22:18:19.535  INFO  manager.ListenerWD - After find element --> By.cssSelector: a[href='/add']
22:18:19.552  INFO  manager.ListenerWD - Before find element --> By.cssSelector: input[placeholder='Name']
22:18:19.561  INFO  manager.ListenerWD - After find element --> By.cssSelector: input[placeholder='Name']
22:18:19.650  INFO  manager.ListenerWD - Before find element --> By.cssSelector: input[placeholder='Last Name']
22:18:19.660  INFO  manager.ListenerWD - After find element --> By.cssSelector: input[placeholder='Last Name']
22:18:19.745  INFO  manager.ListenerWD - Before find element --> By.cssSelector: input[placeholder='Phone']
22:18:19.753  INFO  manager.ListenerWD - After find element --> By.cssSelector: input[placeholder='Phone']
22:18:19.842  INFO  manager.ListenerWD - Before find element --> By.cssSelector: input[placeholder='email']
22:18:19.848  INFO  manager.ListenerWD - After find element --> By.cssSelector: input[placeholder='email']
22:18:19.956  INFO  manager.ListenerWD - Before find element --> By.cssSelector: input[placeholder='Address']
22:18:19.964  INFO  manager.ListenerWD - After find element --> By.cssSelector: input[placeholder='Address']
22:18:20.049  INFO  manager.ListenerWD - Before find element --> By.cssSelector: input[placeholder='description']
22:18:20.056  INFO  manager.ListenerWD - After find element --> By.cssSelector: input[placeholder='description']
22:18:20.147  INFO  manager.ListenerWD - Before find element --> By.xpath: //b[text()='Save']
22:18:20.155  INFO  manager.ListenerWD - After find element --> By.xpath: //b[text()='Save']
22:18:20.177  INFO  manager.ListenerWD - Before find elements --> By.cssSelector: a.active[href='/add']
22:18:20.188  INFO  manager.ListenerWD - After find elements --> By.cssSelector: a.active[href='/add']
22:18:20.188  INFO  manager.ListenerWD - List suze is --> 1
22:18:20.188  INFO  manager.ListenerTNG - onTestSuccessaddNewContactWrongAddress
22:18:20.189  INFO  tests.TestBase - The name of starts method is --->addNewContactWrongEmail
22:18:20.189  INFO  manager.ListenerWD - Before find elements --> By.xpath: //button[text()='Sign Out']
22:18:20.197  INFO  manager.ListenerWD - After find elements --> By.xpath: //button[text()='Sign Out']
22:18:20.198  INFO  manager.ListenerWD - List suze is --> 1
22:18:20.198  INFO  manager.ListenerTNG - onTestStart ---addNewContactWrongEmail
22:18:20.198  INFO  manager.ListenerWD - Before find element --> By.cssSelector: a[href='/add']
22:18:20.206  INFO  manager.ListenerWD - After find element --> By.cssSelector: a[href='/add']
22:18:20.225  INFO  manager.ListenerWD - Before find element --> By.cssSelector: input[placeholder='Name']
22:18:20.233  INFO  manager.ListenerWD - After find element --> By.cssSelector: input[placeholder='Name']
22:18:20.327  INFO  manager.ListenerWD - Before find element --> By.cssSelector: input[placeholder='Last Name']
22:18:20.334  INFO  manager.ListenerWD - After find element --> By.cssSelector: input[placeholder='Last Name']
22:18:20.409  INFO  manager.ListenerWD - Before find element --> By.cssSelector: input[placeholder='Phone']
22:18:20.424  INFO  manager.ListenerWD - After find element --> By.cssSelector: input[placeholder='Phone']
22:18:20.506  INFO  manager.ListenerWD - Before find element --> By.cssSelector: input[placeholder='email']
22:18:20.513  INFO  manager.ListenerWD - After find element --> By.cssSelector: input[placeholder='email']
22:18:20.592  INFO  manager.ListenerWD - Before find element --> By.cssSelector: input[placeholder='Address']
22:18:20.599  INFO  manager.ListenerWD - After find element --> By.cssSelector: input[placeholder='Address']
22:18:20.664  INFO  manager.ListenerWD - Before find element --> By.cssSelector: input[placeholder='description']
22:18:20.673  INFO  manager.ListenerWD - After find element --> By.cssSelector: input[placeholder='description']
22:18:20.755  INFO  manager.ListenerWD - Before find element --> By.xpath: //b[text()='Save']
22:18:20.763  INFO  manager.ListenerWD - After find element --> By.xpath: //b[text()='Save']
22:18:20.787  INFO  manager.ListenerWD - The have a 'problem'
22:18:20.787  INFO  manager.ListenerWD - ******************
22:18:20.788  INFO  manager.ListenerWD - Method method ---> alert
22:18:20.788  INFO  manager.ListenerWD - ******************
22:18:20.789  INFO  manager.ListenerWD - InvocationTargetException getTargetException()org.openqa.selenium.NoAlertPresentException: no such alert
  (Session info: chrome=109.0.5414.120)
Build info: version: '4.7.1', revision: 'c6795baf1a3'
System info: os.name: 'Windows 11', os.arch: 'amd64', os.version: '10.0', java.version: '11.0.17'
Driver info: org.openqa.selenium.chrome.ChromeDriver
Command: [852cc3e150c7a85be35d34452d839cfe, getAlertText {}]
Capabilities {acceptInsecureCerts: false, browserName: chrome, browserVersion: 109.0.5414.120, chrome: {chromedriverVersion: 109.0.5414.74 (e7c5703604da..., userDataDir: C:\Users\eduar\AppData\Loca...}, goog:chromeOptions: {debuggerAddress: localhost:60032}, networkConnectionEnabled: false, pageLoadStrategy: normal, platformName: WINDOWS, proxy: Proxy(), se:cdp: ws://localhost:60032/devtoo..., se:cdpVersion: 109.0.5414.120, setWindowRect: true, strictFileInteractability: false, timeouts: {implicit: 0, pageLoad: 300000, script: 30000}, unhandledPromptBehavior: dismiss and notify, webauthn:extension:credBlob: true, webauthn:extension:largeBlob: true, webauthn:virtualAuthenticators: true}
Session ID: 852cc3e150c7a85be35d34452d839cfe
22:18:20.789  INFO  manager.ListenerWD - ******************
22:18:20.790  INFO  manager.ListenerWD - Object target --->org.openqa.selenium.remote.RemoteWebDriver$RemoteTargetLocator@7cd1ec54
22:18:20.790  INFO  manager.ListenerWD - ******************
22:18:21.320  INFO  manager.ListenerTNG - onTestSuccessaddNewContactWrongEmail
22:18:21.321  INFO  tests.TestBase - The name of starts method is --->addNewContactWrongLastName
22:18:21.321  INFO  manager.ListenerWD - Before find elements --> By.xpath: //button[text()='Sign Out']
22:18:21.332  INFO  manager.ListenerWD - After find elements --> By.xpath: //button[text()='Sign Out']
22:18:21.332  INFO  manager.ListenerWD - List suze is --> 1
22:18:21.332  INFO  manager.ListenerTNG - onTestStart ---addNewContactWrongLastName
22:18:21.332  INFO  manager.ListenerWD - Before find element --> By.cssSelector: a[href='/add']
22:18:21.343  INFO  manager.ListenerWD - After find element --> By.cssSelector: a[href='/add']
22:18:21.364  INFO  manager.ListenerWD - Before find element --> By.cssSelector: input[placeholder='Name']
22:18:21.374  INFO  manager.ListenerWD - After find element --> By.cssSelector: input[placeholder='Name']
22:18:21.460  INFO  manager.ListenerWD - Before find element --> By.cssSelector: input[placeholder='Last Name']
22:18:21.468  INFO  manager.ListenerWD - After find element --> By.cssSelector: input[placeholder='Last Name']
22:18:21.539  INFO  manager.ListenerWD - Before find element --> By.cssSelector: input[placeholder='Phone']
22:18:21.546  INFO  manager.ListenerWD - After find element --> By.cssSelector: input[placeholder='Phone']
22:18:21.620  INFO  manager.ListenerWD - Before find element --> By.cssSelector: input[placeholder='email']
22:18:21.627  INFO  manager.ListenerWD - After find element --> By.cssSelector: input[placeholder='email']
22:18:21.723  INFO  manager.ListenerWD - Before find element --> By.cssSelector: input[placeholder='Address']
22:18:21.731  INFO  manager.ListenerWD - After find element --> By.cssSelector: input[placeholder='Address']
22:18:21.806  INFO  manager.ListenerWD - Before find element --> By.cssSelector: input[placeholder='description']
22:18:21.812  INFO  manager.ListenerWD - After find element --> By.cssSelector: input[placeholder='description']
22:18:21.895  INFO  manager.ListenerWD - Before find element --> By.xpath: //b[text()='Save']
22:18:21.902  INFO  manager.ListenerWD - After find element --> By.xpath: //b[text()='Save']
22:18:21.918  INFO  manager.ListenerWD - Before find elements --> By.cssSelector: a.active[href='/add']
22:18:21.927  INFO  manager.ListenerWD - After find elements --> By.cssSelector: a.active[href='/add']
22:18:21.927  INFO  manager.ListenerWD - List suze is --> 1
22:18:21.927  INFO  manager.ListenerTNG - onTestSuccessaddNewContactWrongLastName
22:18:21.927  INFO  tests.TestBase - The name of starts method is --->addNewContactWrongName
22:18:21.928  INFO  manager.ListenerWD - Before find elements --> By.xpath: //button[text()='Sign Out']
22:18:21.937  INFO  manager.ListenerWD - After find elements --> By.xpath: //button[text()='Sign Out']
22:18:21.937  INFO  manager.ListenerWD - List suze is --> 1
22:18:21.937  INFO  manager.ListenerTNG - onTestStart ---addNewContactWrongName
22:18:21.938  INFO  manager.ListenerWD - Before find element --> By.cssSelector: a[href='/add']
22:18:21.946  INFO  manager.ListenerWD - After find element --> By.cssSelector: a[href='/add']
22:18:21.968  INFO  manager.ListenerWD - Before find element --> By.cssSelector: input[placeholder='Name']
22:18:21.978  INFO  manager.ListenerWD - After find element --> By.cssSelector: input[placeholder='Name']
22:18:22.054  INFO  manager.ListenerWD - Before find element --> By.cssSelector: input[placeholder='Last Name']
22:18:22.061  INFO  manager.ListenerWD - After find element --> By.cssSelector: input[placeholder='Last Name']
22:18:22.129  INFO  manager.ListenerWD - Before find element --> By.cssSelector: input[placeholder='Phone']
22:18:22.136  INFO  manager.ListenerWD - After find element --> By.cssSelector: input[placeholder='Phone']
22:18:22.212  INFO  manager.ListenerWD - Before find element --> By.cssSelector: input[placeholder='email']
22:18:22.219  INFO  manager.ListenerWD - After find element --> By.cssSelector: input[placeholder='email']
22:18:22.294  INFO  manager.ListenerWD - Before find element --> By.cssSelector: input[placeholder='Address']
22:18:22.301  INFO  manager.ListenerWD - After find element --> By.cssSelector: input[placeholder='Address']
22:18:22.372  INFO  manager.ListenerWD - Before find element --> By.cssSelector: input[placeholder='description']
22:18:22.379  INFO  manager.ListenerWD - After find element --> By.cssSelector: input[placeholder='description']
22:18:22.461  INFO  manager.ListenerWD - Before find element --> By.xpath: //b[text()='Save']
22:18:22.468  INFO  manager.ListenerWD - After find element --> By.xpath: //b[text()='Save']
22:18:22.484  INFO  manager.ListenerWD - Before find elements --> By.cssSelector: a.active[href='/add']
22:18:22.494  INFO  manager.ListenerWD - After find elements --> By.cssSelector: a.active[href='/add']
22:18:22.495  INFO  manager.ListenerWD - List suze is --> 1
22:18:22.495  INFO  manager.ListenerTNG - onTestSuccessaddNewContactWrongName
22:18:22.495  INFO  tests.TestBase - The name of starts method is --->addNewContactWrongPhone
22:18:22.496  INFO  manager.ListenerWD - Before find elements --> By.xpath: //button[text()='Sign Out']
22:18:22.505  INFO  manager.ListenerWD - After find elements --> By.xpath: //button[text()='Sign Out']
22:18:22.505  INFO  manager.ListenerWD - List suze is --> 1
22:18:22.505  INFO  manager.ListenerTNG - onTestStart ---addNewContactWrongPhone
22:18:30.505  INFO  manager.ListenerWD - Before find element --> By.cssSelector: a[href='/add']
22:18:30.524  INFO  manager.ListenerWD - After find element --> By.cssSelector: a[href='/add']
22:18:30.546  INFO  manager.ListenerWD - Before find element --> By.cssSelector: input[placeholder='Name']
22:18:30.554  INFO  manager.ListenerWD - After find element --> By.cssSelector: input[placeholder='Name']
22:18:30.625  INFO  manager.ListenerWD - Before find element --> By.cssSelector: input[placeholder='Last Name']
22:18:30.632  INFO  manager.ListenerWD - After find element --> By.cssSelector: input[placeholder='Last Name']
22:18:30.719  INFO  manager.ListenerWD - Before find element --> By.cssSelector: input[placeholder='Phone']
22:18:30.726  INFO  manager.ListenerWD - After find element --> By.cssSelector: input[placeholder='Phone']
22:18:30.805  INFO  manager.ListenerWD - Before find element --> By.cssSelector: input[placeholder='email']
22:18:30.813  INFO  manager.ListenerWD - After find element --> By.cssSelector: input[placeholder='email']
22:18:30.896  INFO  manager.ListenerWD - Before find element --> By.cssSelector: input[placeholder='Address']
22:18:30.904  INFO  manager.ListenerWD - After find element --> By.cssSelector: input[placeholder='Address']
22:18:30.980  INFO  manager.ListenerWD - Before find element --> By.cssSelector: input[placeholder='description']
22:18:30.988  INFO  manager.ListenerWD - After find element --> By.cssSelector: input[placeholder='description']
22:18:31.092  INFO  manager.ListenerWD - Before find element --> By.xpath: //b[text()='Save']
22:18:31.100  INFO  manager.ListenerWD - After find element --> By.xpath: //b[text()='Save']
22:18:31.116  INFO  manager.ListenerWD - Before find elements --> By.cssSelector: a.active[href='/add']
22:18:31.126  INFO  manager.ListenerWD - After find elements --> By.cssSelector: a.active[href='/add']
22:18:31.126  INFO  manager.ListenerWD - List suze is --> 1
22:18:36.150  INFO  manager.ListenerTNG - onTestSuccessaddNewContactWrongPhone
22:18:36.155  INFO  tests.TestBase - The name of starts method is --->loginSuccess
22:18:36.155  INFO  manager.ListenerWD - Before find elements --> By.xpath: //button[text()='Sign Out']
22:18:36.187  INFO  manager.ListenerWD - After find elements --> By.xpath: //button[text()='Sign Out']
22:18:36.187  INFO  manager.ListenerWD - List suze is --> 1
22:18:36.187  INFO  manager.ListenerWD - Before find element --> By.xpath: //button[text()='Sign Out']
22:18:36.203  INFO  manager.ListenerWD - After find element --> By.xpath: //button[text()='Sign Out']
22:18:36.248  INFO  tests.TestBase -  I need logout
22:18:36.249  INFO  manager.ListenerTNG - onTestStart ---loginSuccess
22:18:36.250  INFO  tests.TestBase - Login with valid data :  email: noa@gmail.com & password: Nnoa12345$
22:18:36.250  INFO  manager.ListenerWD - Before find element --> By.cssSelector: a[href='/login']
22:18:36.263  INFO  manager.ListenerWD - After find element --> By.cssSelector: a[href='/login']
22:18:36.277  INFO  manager.ListenerWD - Before find element --> By.cssSelector: a[href='/login']
22:18:36.288  INFO  manager.ListenerWD - After find element --> By.cssSelector: a[href='/login']
22:18:36.323  INFO  manager.ListenerWD - Before find element --> By.name: email
22:18:36.337  INFO  manager.ListenerWD - After find element --> By.name: email
22:18:36.450  INFO  manager.ListenerWD - Before find element --> By.name: password
22:18:36.463  INFO  manager.ListenerWD - After find element --> By.name: password
22:18:36.571  INFO  manager.ListenerWD - Before find element --> By.cssSelector: [name='login']
22:18:36.582  INFO  manager.ListenerWD - After find element --> By.cssSelector: [name='login']
22:18:36.613  INFO  manager.ListenerWD - Before find elements --> By.xpath: //button[text()='Sign Out']
22:18:36.925  INFO  manager.ListenerWD - After find elements --> By.xpath: //button[text()='Sign Out']
22:18:36.926  INFO  manager.ListenerWD - List suze is --> 1
22:18:36.926  INFO  tests.TestBase - Tests success
22:18:36.926  INFO  manager.ListenerTNG - onTestSuccessloginSuccess
22:18:36.926  INFO  tests.TestBase - The name of starts method is --->loginSuccess
22:18:36.927  INFO  manager.ListenerWD - Before find elements --> By.xpath: //button[text()='Sign Out']
22:18:36.938  INFO  manager.ListenerWD - After find elements --> By.xpath: //button[text()='Sign Out']
22:18:36.938  INFO  manager.ListenerWD - List suze is --> 1
22:18:36.938  INFO  manager.ListenerWD - Before find element --> By.xpath: //button[text()='Sign Out']
22:18:36.946  INFO  manager.ListenerWD - After find element --> By.xpath: //button[text()='Sign Out']
22:18:36.979  INFO  tests.TestBase -  I need logout
22:18:36.979  INFO  manager.ListenerTNG - onTestStart ---loginSuccess
22:18:36.980  INFO  tests.TestBase - Login with valid data :  email: sonya@gmail.com & password: Ss12345$
22:18:36.980  INFO  manager.ListenerWD - Before find element --> By.cssSelector: a[href='/login']
22:18:36.989  INFO  manager.ListenerWD - After find element --> By.cssSelector: a[href='/login']
22:18:37.000  INFO  manager.ListenerWD - Before find element --> By.cssSelector: a[href='/login']
22:18:37.009  INFO  manager.ListenerWD - After find element --> By.cssSelector: a[href='/login']
22:18:37.035  INFO  manager.ListenerWD - Before find element --> By.name: email
22:18:37.044  INFO  manager.ListenerWD - After find element --> By.name: email
22:18:37.163  INFO  manager.ListenerWD - Before find element --> By.name: password
22:18:37.172  INFO  manager.ListenerWD - After find element --> By.name: password
22:18:37.276  INFO  manager.ListenerWD - Before find element --> By.cssSelector: [name='login']
22:18:37.284  INFO  manager.ListenerWD - After find element --> By.cssSelector: [name='login']
22:18:37.308  INFO  manager.ListenerWD - Before find elements --> By.xpath: //button[text()='Sign Out']
22:18:37.580  INFO  manager.ListenerWD - After find elements --> By.xpath: //button[text()='Sign Out']
22:18:37.581  INFO  manager.ListenerWD - List suze is --> 1
22:18:37.581  INFO  tests.TestBase - Tests success
22:18:37.581  INFO  manager.ListenerTNG - onTestSuccessloginSuccess
22:18:37.581  INFO  tests.TestBase - The name of starts method is --->loginSuccess
22:18:37.582  INFO  manager.ListenerWD - Before find elements --> By.xpath: //button[text()='Sign Out']
22:18:37.594  INFO  manager.ListenerWD - After find elements --> By.xpath: //button[text()='Sign Out']
22:18:37.594  INFO  manager.ListenerWD - List suze is --> 1
22:18:37.594  INFO  manager.ListenerWD - Before find element --> By.xpath: //button[text()='Sign Out']
22:18:37.603  INFO  manager.ListenerWD - After find element --> By.xpath: //button[text()='Sign Out']
22:18:37.628  INFO  tests.TestBase -  I need logout
22:18:37.629  INFO  manager.ListenerTNG - onTestStart ---loginSuccess
22:18:37.629  INFO  tests.TestBase - Login with valid data :  email: noa@gmail.com & password: Nnoa12345$
22:18:37.629  INFO  manager.ListenerWD - Before find element --> By.cssSelector: a[href='/login']
22:18:37.641  INFO  manager.ListenerWD - After find element --> By.cssSelector: a[href='/login']
22:18:37.650  INFO  manager.ListenerWD - Before find element --> By.cssSelector: a[href='/login']
22:18:37.660  INFO  manager.ListenerWD - After find element --> By.cssSelector: a[href='/login']
22:18:37.692  INFO  manager.ListenerWD - Before find element --> By.name: email
22:18:37.699  INFO  manager.ListenerWD - After find element --> By.name: email
22:18:37.816  INFO  manager.ListenerWD - Before find element --> By.name: password
22:18:37.825  INFO  manager.ListenerWD - After find element --> By.name: password
22:18:37.928  INFO  manager.ListenerWD - Before find element --> By.cssSelector: [name='login']
22:18:37.937  INFO  manager.ListenerWD - After find element --> By.cssSelector: [name='login']
22:18:37.963  INFO  manager.ListenerWD - Before find elements --> By.xpath: //button[text()='Sign Out']
22:18:38.278  INFO  manager.ListenerWD - After find elements --> By.xpath: //button[text()='Sign Out']
22:18:38.278  INFO  manager.ListenerWD - List suze is --> 1
22:18:38.278  INFO  tests.TestBase - Tests success
22:18:38.279  INFO  manager.ListenerTNG - onTestSuccessloginSuccess
22:18:38.279  INFO  tests.TestBase - The name of starts method is --->loginSuccess2
22:18:38.280  INFO  manager.ListenerWD - Before find elements --> By.xpath: //button[text()='Sign Out']
22:18:38.288  INFO  manager.ListenerWD - After find elements --> By.xpath: //button[text()='Sign Out']
22:18:38.288  INFO  manager.ListenerWD - List suze is --> 1
22:18:38.288  INFO  manager.ListenerWD - Before find element --> By.xpath: //button[text()='Sign Out']
22:18:38.296  INFO  manager.ListenerWD - After find element --> By.xpath: //button[text()='Sign Out']
22:18:38.333  INFO  tests.TestBase -  I need logout
22:18:38.334  INFO  manager.ListenerTNG - onTestStart ---loginSuccess2
22:18:38.335  INFO  tests.TestBase - Login with valid data :  email: noa@gmail.com & password: Nnoa12345$
22:18:38.335  INFO  manager.ListenerWD - Before find element --> By.cssSelector: a[href='/login']
22:18:38.344  INFO  manager.ListenerWD - After find element --> By.cssSelector: a[href='/login']
22:18:38.354  INFO  manager.ListenerWD - Before find element --> By.cssSelector: a[href='/login']
22:18:38.361  INFO  manager.ListenerWD - After find element --> By.cssSelector: a[href='/login']
22:18:38.386  INFO  manager.ListenerWD - Before find element --> By.name: email
22:18:38.393  INFO  manager.ListenerWD - After find element --> By.name: email
22:18:38.505  INFO  manager.ListenerWD - Before find element --> By.name: password
22:18:38.512  INFO  manager.ListenerWD - After find element --> By.name: password
22:18:38.620  INFO  manager.ListenerWD - Before find element --> By.cssSelector: [name='login']
22:18:38.631  INFO  manager.ListenerWD - After find element --> By.cssSelector: [name='login']
22:18:38.670  INFO  manager.ListenerWD - Before find elements --> By.xpath: //button[text()='Sign Out']
22:18:38.939  INFO  manager.ListenerWD - After find elements --> By.xpath: //button[text()='Sign Out']
22:18:38.939  INFO  manager.ListenerWD - List suze is --> 1
22:18:38.939  INFO  tests.TestBase - Tests success
22:18:38.939  INFO  manager.ListenerTNG - onTestSuccessloginSuccess2
22:18:38.939  INFO  tests.TestBase - The name of starts method is --->loginSuccess2
22:18:38.940  INFO  manager.ListenerWD - Before find elements --> By.xpath: //button[text()='Sign Out']
22:18:38.948  INFO  manager.ListenerWD - After find elements --> By.xpath: //button[text()='Sign Out']
22:18:38.948  INFO  manager.ListenerWD - List suze is --> 1
22:18:38.948  INFO  manager.ListenerWD - Before find element --> By.xpath: //button[text()='Sign Out']
22:18:38.958  INFO  manager.ListenerWD - After find element --> By.xpath: //button[text()='Sign Out']
22:18:38.998  INFO  tests.TestBase -  I need logout
22:18:38.999  INFO  manager.ListenerTNG - onTestStart ---loginSuccess2
22:18:39.000  INFO  tests.TestBase - Login with valid data :  email: sonya@gmail.com & password: Ss12345$
22:18:39.000  INFO  manager.ListenerWD - Before find element --> By.cssSelector: a[href='/login']
22:18:39.011  INFO  manager.ListenerWD - After find element --> By.cssSelector: a[href='/login']
22:18:39.020  INFO  manager.ListenerWD - Before find element --> By.cssSelector: a[href='/login']
22:18:39.028  INFO  manager.ListenerWD - After find element --> By.cssSelector: a[href='/login']
22:18:39.053  INFO  manager.ListenerWD - Before find element --> By.name: email
22:18:39.061  INFO  manager.ListenerWD - After find element --> By.name: email
22:18:39.189  INFO  manager.ListenerWD - Before find element --> By.name: password
22:18:39.197  INFO  manager.ListenerWD - After find element --> By.name: password
22:18:39.299  INFO  manager.ListenerWD - Before find element --> By.cssSelector: [name='login']
22:18:39.306  INFO  manager.ListenerWD - After find element --> By.cssSelector: [name='login']
22:18:39.329  INFO  manager.ListenerWD - Before find elements --> By.xpath: //button[text()='Sign Out']
22:18:39.656  INFO  manager.ListenerWD - After find elements --> By.xpath: //button[text()='Sign Out']
22:18:39.656  INFO  manager.ListenerWD - List suze is --> 1
22:18:39.656  INFO  tests.TestBase - Tests success
22:18:39.656  INFO  manager.ListenerTNG - onTestSuccessloginSuccess2
22:18:39.657  INFO  tests.TestBase - The name of starts method is --->loginSuccess2
22:18:39.657  INFO  manager.ListenerWD - Before find elements --> By.xpath: //button[text()='Sign Out']
22:18:39.668  INFO  manager.ListenerWD - After find elements --> By.xpath: //button[text()='Sign Out']
22:18:39.668  INFO  manager.ListenerWD - List suze is --> 1
22:18:39.669  INFO  manager.ListenerWD - Before find element --> By.xpath: //button[text()='Sign Out']
22:18:39.676  INFO  manager.ListenerWD - After find element --> By.xpath: //button[text()='Sign Out']
22:18:39.714  INFO  tests.TestBase -  I need logout
22:18:39.714  INFO  manager.ListenerTNG - onTestStart ---loginSuccess2
22:18:39.715  INFO  tests.TestBase - Login with valid data :  email: noa@gmail.com & password: Nnoa12345$
22:18:39.715  INFO  manager.ListenerWD - Before find element --> By.cssSelector: a[href='/login']
22:18:39.726  INFO  manager.ListenerWD - After find element --> By.cssSelector: a[href='/login']
22:18:39.738  INFO  manager.ListenerWD - Before find element --> By.cssSelector: a[href='/login']
22:18:39.750  INFO  manager.ListenerWD - After find element --> By.cssSelector: a[href='/login']
22:18:39.781  INFO  manager.ListenerWD - Before find element --> By.name: email
22:18:39.797  INFO  manager.ListenerWD - After find element --> By.name: email
22:18:39.932  INFO  manager.ListenerWD - Before find element --> By.name: password
22:18:39.940  INFO  manager.ListenerWD - After find element --> By.name: password
22:18:40.060  INFO  manager.ListenerWD - Before find element --> By.cssSelector: [name='login']
22:18:40.070  INFO  manager.ListenerWD - After find element --> By.cssSelector: [name='login']
22:18:40.106  INFO  manager.ListenerWD - Before find elements --> By.xpath: //button[text()='Sign Out']
22:18:40.377  INFO  manager.ListenerWD - After find elements --> By.xpath: //button[text()='Sign Out']
22:18:40.379  INFO  manager.ListenerWD - List suze is --> 1
22:18:40.379  INFO  tests.TestBase - Tests success
22:18:40.379  INFO  manager.ListenerTNG - onTestSuccessloginSuccess2
22:18:40.379  INFO  tests.TestBase - The name of starts method is --->loginSuccessModel
22:18:40.380  INFO  manager.ListenerWD - Before find elements --> By.xpath: //button[text()='Sign Out']
22:18:40.391  INFO  manager.ListenerWD - After find elements --> By.xpath: //button[text()='Sign Out']
22:18:40.391  INFO  manager.ListenerWD - List suze is --> 1
22:18:40.391  INFO  manager.ListenerWD - Before find element --> By.xpath: //button[text()='Sign Out']
22:18:40.410  INFO  manager.ListenerWD - After find element --> By.xpath: //button[text()='Sign Out']
22:18:40.455  INFO  tests.TestBase -  I need logout
22:18:40.455  INFO  manager.ListenerTNG - onTestStart ---loginSuccessModel
22:18:40.464  INFO  tests.TestBase - Tests start with user model ---User(email=noa@gmail.com, password=Nnoa12345$)
22:18:40.464  INFO  manager.ListenerWD - Before find element --> By.cssSelector: a[href='/login']
22:18:40.484  INFO  manager.ListenerWD - After find element --> By.cssSelector: a[href='/login']
22:18:40.497  INFO  manager.ListenerWD - Before find element --> By.cssSelector: a[href='/login']
22:18:40.508  INFO  manager.ListenerWD - After find element --> By.cssSelector: a[href='/login']
22:18:40.546  INFO  manager.ListenerWD - Before find element --> By.name: email
22:18:40.556  INFO  manager.ListenerWD - After find element --> By.name: email
22:18:40.700  INFO  manager.ListenerWD - Before find element --> By.name: password
22:18:40.725  INFO  manager.ListenerWD - After find element --> By.name: password
22:18:40.863  INFO  manager.ListenerWD - Before find element --> By.cssSelector: [name='login']
22:18:40.873  INFO  manager.ListenerWD - After find element --> By.cssSelector: [name='login']
22:18:40.907  INFO  manager.ListenerWD - Before find elements --> By.xpath: //button[text()='Sign Out']
22:18:41.231  INFO  manager.ListenerWD - After find elements --> By.xpath: //button[text()='Sign Out']
22:18:41.231  INFO  manager.ListenerWD - List suze is --> 1
22:18:41.231  INFO  manager.ListenerTNG - onTestSuccessloginSuccessModel
22:18:41.232  INFO  tests.TestBase - The name of starts method is --->loginSuccessModel
22:18:41.233  INFO  manager.ListenerWD - Before find elements --> By.xpath: //button[text()='Sign Out']
22:18:41.249  INFO  manager.ListenerWD - After find elements --> By.xpath: //button[text()='Sign Out']
22:18:41.250  INFO  manager.ListenerWD - List suze is --> 1
22:18:41.250  INFO  manager.ListenerWD - Before find element --> By.xpath: //button[text()='Sign Out']
22:18:41.266  INFO  manager.ListenerWD - After find element --> By.xpath: //button[text()='Sign Out']
22:18:41.299  INFO  tests.TestBase -  I need logout
22:18:41.300  INFO  manager.ListenerTNG - onTestStart ---loginSuccessModel
22:18:41.300  INFO  tests.TestBase - Tests start with user model ---User(email=sonya@gmail.com, password=Ss12345$)
22:18:41.300  INFO  manager.ListenerWD - Before find element --> By.cssSelector: a[href='/login']
22:18:41.308  INFO  manager.ListenerWD - After find element --> By.cssSelector: a[href='/login']
22:18:41.317  INFO  manager.ListenerWD - Before find element --> By.cssSelector: a[href='/login']
22:18:41.324  INFO  manager.ListenerWD - After find element --> By.cssSelector: a[href='/login']
22:18:41.345  INFO  manager.ListenerWD - Before find element --> By.name: email
22:18:41.353  INFO  manager.ListenerWD - After find element --> By.name: email
22:18:41.454  INFO  manager.ListenerWD - Before find element --> By.name: password
22:18:41.462  INFO  manager.ListenerWD - After find element --> By.name: password
22:18:41.563  INFO  manager.ListenerWD - Before find element --> By.cssSelector: [name='login']
22:18:41.571  INFO  manager.ListenerWD - After find element --> By.cssSelector: [name='login']
22:18:41.593  INFO  manager.ListenerWD - Before find elements --> By.xpath: //button[text()='Sign Out']
22:18:41.908  INFO  manager.ListenerWD - After find elements --> By.xpath: //button[text()='Sign Out']
22:18:41.908  INFO  manager.ListenerWD - List suze is --> 1
22:18:41.908  INFO  manager.ListenerTNG - onTestSuccessloginSuccessModel
22:18:41.909  INFO  tests.TestBase - The name of starts method is --->loginSuccessModel
22:18:41.909  INFO  manager.ListenerWD - Before find elements --> By.xpath: //button[text()='Sign Out']
22:18:41.918  INFO  manager.ListenerWD - After find elements --> By.xpath: //button[text()='Sign Out']
22:18:41.918  INFO  manager.ListenerWD - List suze is --> 1
22:18:41.918  INFO  manager.ListenerWD - Before find element --> By.xpath: //button[text()='Sign Out']
22:18:41.927  INFO  manager.ListenerWD - After find element --> By.xpath: //button[text()='Sign Out']
22:18:41.952  INFO  tests.TestBase -  I need logout
22:18:41.952  INFO  manager.ListenerTNG - onTestStart ---loginSuccessModel
22:18:41.953  INFO  tests.TestBase - Tests start with user model ---User(email=noa@gmail.com, password=Nnoa12345$)
22:18:41.953  INFO  manager.ListenerWD - Before find element --> By.cssSelector: a[href='/login']
22:18:41.961  INFO  manager.ListenerWD - After find element --> By.cssSelector: a[href='/login']
22:18:41.972  INFO  manager.ListenerWD - Before find element --> By.cssSelector: a[href='/login']
22:18:41.979  INFO  manager.ListenerWD - After find element --> By.cssSelector: a[href='/login']
22:18:42.002  INFO  manager.ListenerWD - Before find element --> By.name: email
22:18:42.010  INFO  manager.ListenerWD - After find element --> By.name: email
22:18:42.110  INFO  manager.ListenerWD - Before find element --> By.name: password
22:18:42.118  INFO  manager.ListenerWD - After find element --> By.name: password
22:18:42.222  INFO  manager.ListenerWD - Before find element --> By.cssSelector: [name='login']
22:18:42.229  INFO  manager.ListenerWD - After find element --> By.cssSelector: [name='login']
22:18:42.252  INFO  manager.ListenerWD - Before find elements --> By.xpath: //button[text()='Sign Out']
22:18:42.514  INFO  manager.ListenerWD - After find elements --> By.xpath: //button[text()='Sign Out']
22:18:42.514  INFO  manager.ListenerWD - List suze is --> 1
22:18:42.514  INFO  manager.ListenerTNG - onTestSuccessloginSuccessModel
22:18:42.516  INFO  tests.TestBase - The name of starts method is --->loginSuccessModelFromFile
22:18:42.516  INFO  manager.ListenerWD - Before find elements --> By.xpath: //button[text()='Sign Out']
22:18:42.527  INFO  manager.ListenerWD - After find elements --> By.xpath: //button[text()='Sign Out']
22:18:42.528  INFO  manager.ListenerWD - List suze is --> 1
22:18:42.528  INFO  manager.ListenerWD - Before find element --> By.xpath: //button[text()='Sign Out']
22:18:42.540  INFO  manager.ListenerWD - After find element --> By.xpath: //button[text()='Sign Out']
22:18:42.576  INFO  tests.TestBase -  I need logout
22:18:42.576  INFO  manager.ListenerTNG - onTestStart ---loginSuccessModelFromFile
22:18:42.576  INFO  tests.TestBase - Tests start with user model ---User(email=noa@gmail.com, password=Nnoa12345$)
22:18:42.576  INFO  manager.ListenerWD - Before find element --> By.cssSelector: a[href='/login']
22:18:42.586  INFO  manager.ListenerWD - After find element --> By.cssSelector: a[href='/login']
22:18:42.602  INFO  manager.ListenerWD - Before find element --> By.cssSelector: a[href='/login']
22:18:42.613  INFO  manager.ListenerWD - After find element --> By.cssSelector: a[href='/login']
22:18:42.644  INFO  manager.ListenerWD - Before find element --> By.name: email
22:18:42.652  INFO  manager.ListenerWD - After find element --> By.name: email
22:18:42.754  INFO  manager.ListenerWD - Before find element --> By.name: password
22:18:42.762  INFO  manager.ListenerWD - After find element --> By.name: password
22:18:42.861  INFO  manager.ListenerWD - Before find element --> By.cssSelector: [name='login']
22:18:42.869  INFO  manager.ListenerWD - After find element --> By.cssSelector: [name='login']
22:18:42.890  INFO  manager.ListenerWD - Before find elements --> By.xpath: //button[text()='Sign Out']
22:18:43.153  INFO  manager.ListenerWD - After find elements --> By.xpath: //button[text()='Sign Out']
22:18:43.154  INFO  manager.ListenerWD - List suze is --> 1
22:18:43.154  INFO  manager.ListenerTNG - onTestSuccessloginSuccessModelFromFile
22:18:43.154  INFO  tests.TestBase - The name of starts method is --->loginSuccessModelFromFile
22:18:43.154  INFO  manager.ListenerWD - Before find elements --> By.xpath: //button[text()='Sign Out']
22:18:43.166  INFO  manager.ListenerWD - After find elements --> By.xpath: //button[text()='Sign Out']
22:18:43.166  INFO  manager.ListenerWD - List suze is --> 1
22:18:43.166  INFO  manager.ListenerWD - Before find element --> By.xpath: //button[text()='Sign Out']
22:18:43.173  INFO  manager.ListenerWD - After find element --> By.xpath: //button[text()='Sign Out']
22:18:43.196  INFO  tests.TestBase -  I need logout
22:18:43.197  INFO  manager.ListenerTNG - onTestStart ---loginSuccessModelFromFile
22:18:43.197  INFO  tests.TestBase - Tests start with user model ---User(email=sonya@gmail.com, password=Ss12345$)
22:18:43.197  INFO  manager.ListenerWD - Before find element --> By.cssSelector: a[href='/login']
22:18:43.207  INFO  manager.ListenerWD - After find element --> By.cssSelector: a[href='/login']
22:18:43.220  INFO  manager.ListenerWD - Before find element --> By.cssSelector: a[href='/login']
22:18:43.227  INFO  manager.ListenerWD - After find element --> By.cssSelector: a[href='/login']
22:18:43.254  INFO  manager.ListenerWD - Before find element --> By.name: email
22:18:43.264  INFO  manager.ListenerWD - After find element --> By.name: email
22:18:43.389  INFO  manager.ListenerWD - Before find element --> By.name: password
22:18:43.399  INFO  manager.ListenerWD - After find element --> By.name: password
22:18:43.516  INFO  manager.ListenerWD - Before find element --> By.cssSelector: [name='login']
22:18:43.524  INFO  manager.ListenerWD - After find element --> By.cssSelector: [name='login']
22:18:43.545  INFO  manager.ListenerWD - Before find elements --> By.xpath: //button[text()='Sign Out']
22:18:43.866  INFO  manager.ListenerWD - After find elements --> By.xpath: //button[text()='Sign Out']
22:18:43.866  INFO  manager.ListenerWD - List suze is --> 1
22:18:43.866  INFO  manager.ListenerTNG - onTestSuccessloginSuccessModelFromFile
22:18:43.867  INFO  tests.TestBase - The name of starts method is --->loginSuccessModelFromFile
22:18:43.867  INFO  manager.ListenerWD - Before find elements --> By.xpath: //button[text()='Sign Out']
22:18:43.878  INFO  manager.ListenerWD - After find elements --> By.xpath: //button[text()='Sign Out']
22:18:43.878  INFO  manager.ListenerWD - List suze is --> 1
22:18:43.878  INFO  manager.ListenerWD - Before find element --> By.xpath: //button[text()='Sign Out']
22:18:43.890  INFO  manager.ListenerWD - After find element --> By.xpath: //button[text()='Sign Out']
22:18:43.922  INFO  tests.TestBase -  I need logout
22:18:43.923  INFO  manager.ListenerTNG - onTestStart ---loginSuccessModelFromFile
22:18:43.923  INFO  tests.TestBase - Tests start with user model ---User(email=noa@gmail.com, password=Nnoa12345$)
22:18:43.923  INFO  manager.ListenerWD - Before find element --> By.cssSelector: a[href='/login']
22:18:43.933  INFO  manager.ListenerWD - After find element --> By.cssSelector: a[href='/login']
22:18:43.943  INFO  manager.ListenerWD - Before find element --> By.cssSelector: a[href='/login']
22:18:43.951  INFO  manager.ListenerWD - After find element --> By.cssSelector: a[href='/login']
22:18:43.979  INFO  manager.ListenerWD - Before find element --> By.name: email
22:18:43.986  INFO  manager.ListenerWD - After find element --> By.name: email
22:18:44.082  INFO  manager.ListenerWD - Before find element --> By.name: password
22:18:44.090  INFO  manager.ListenerWD - After find element --> By.name: password
22:18:44.185  INFO  manager.ListenerWD - Before find element --> By.cssSelector: [name='login']
22:18:44.192  INFO  manager.ListenerWD - After find element --> By.cssSelector: [name='login']
22:18:44.215  INFO  manager.ListenerWD - Before find elements --> By.xpath: //button[text()='Sign Out']
22:18:44.540  INFO  manager.ListenerWD - After find elements --> By.xpath: //button[text()='Sign Out']
22:18:44.540  INFO  manager.ListenerWD - List suze is --> 1
22:18:44.540  INFO  manager.ListenerTNG - onTestSuccessloginSuccessModelFromFile
22:18:44.541  INFO  tests.TestBase - The name of starts method is --->loginSuccessNew
22:18:44.542  INFO  manager.ListenerWD - Before find elements --> By.xpath: //button[text()='Sign Out']
22:18:44.553  INFO  manager.ListenerWD - After find elements --> By.xpath: //button[text()='Sign Out']
22:18:44.554  INFO  manager.ListenerWD - List suze is --> 1
22:18:44.554  INFO  manager.ListenerWD - Before find element --> By.xpath: //button[text()='Sign Out']
22:18:44.565  INFO  manager.ListenerWD - After find element --> By.xpath: //button[text()='Sign Out']
22:18:44.596  INFO  tests.TestBase -  I need logout
22:18:44.596  INFO  manager.ListenerTNG - onTestStart ---loginSuccessNew
22:18:44.596  INFO  manager.ListenerWD - Before find element --> By.cssSelector: a[href='/login']
22:18:44.604  INFO  manager.ListenerWD - After find element --> By.cssSelector: a[href='/login']
22:18:44.613  INFO  manager.ListenerWD - Before find element --> By.cssSelector: a[href='/login']
22:18:44.620  INFO  manager.ListenerWD - After find element --> By.cssSelector: a[href='/login']
22:18:44.654  INFO  manager.ListenerWD - Before find element --> By.name: email
22:18:44.661  INFO  manager.ListenerWD - After find element --> By.name: email
22:18:44.789  INFO  manager.ListenerWD - Before find element --> By.name: password
22:18:44.796  INFO  manager.ListenerWD - After find element --> By.name: password
22:18:44.905  INFO  manager.ListenerWD - Before find element --> By.cssSelector: [name='login']
22:18:44.912  INFO  manager.ListenerWD - After find element --> By.cssSelector: [name='login']
22:18:53.945  INFO  manager.ListenerWD - Before find elements --> By.xpath: //button[text()='Sign Out']
22:18:53.957  INFO  manager.ListenerWD - After find elements --> By.xpath: //button[text()='Sign Out']
22:18:53.957  INFO  manager.ListenerWD - List suze is --> 1
22:18:53.957  INFO  manager.ListenerTNG - onTestSuccessloginSuccessNew
22:18:53.959  INFO  tests.TestBase - The name of starts method is --->loginUnregisterUser
22:18:53.960  INFO  manager.ListenerWD - Before find elements --> By.xpath: //button[text()='Sign Out']
22:18:53.974  INFO  manager.ListenerWD - After find elements --> By.xpath: //button[text()='Sign Out']
22:18:53.974  INFO  manager.ListenerWD - List suze is --> 1
22:18:53.974  INFO  manager.ListenerWD - Before find element --> By.xpath: //button[text()='Sign Out']
22:18:53.985  INFO  manager.ListenerWD - After find element --> By.xpath: //button[text()='Sign Out']
22:18:54.033  INFO  tests.TestBase -  I need logout
22:18:54.036  INFO  manager.ListenerTNG - onTestStart ---loginUnregisterUser
22:18:54.036  INFO  manager.ListenerWD - Before find element --> By.cssSelector: a[href='/login']
22:18:54.057  INFO  manager.ListenerWD - After find element --> By.cssSelector: a[href='/login']
22:18:54.076  INFO  manager.ListenerWD - Before find element --> By.cssSelector: a[href='/login']
22:18:54.091  INFO  manager.ListenerWD - After find element --> By.cssSelector: a[href='/login']
22:18:54.158  INFO  manager.ListenerWD - Before find element --> By.name: email
22:18:54.171  INFO  manager.ListenerWD - After find element --> By.name: email
22:18:54.460  INFO  manager.ListenerWD - Before find element --> By.name: password
22:18:54.473  INFO  manager.ListenerWD - After find element --> By.name: password
22:18:54.674  INFO  manager.ListenerWD - Before find element --> By.cssSelector: [name='login']
22:18:54.688  INFO  manager.ListenerWD - After find element --> By.cssSelector: [name='login']
22:18:54.735  INFO  manager.ListenerWD - Before find elements --> By.xpath: //button[text()='Sign Out']
22:18:55.111  INFO  manager.ListenerWD - After find elements --> By.xpath: //button[text()='Sign Out']
22:18:55.111  INFO  manager.ListenerWD - List suze is --> 0
22:18:55.128  INFO  manager.ListenerTNG - onTestSuccessloginUnregisterUser
22:18:55.128  INFO  tests.TestBase - The name of starts method is --->loginWrongEmail
22:18:55.129  INFO  manager.ListenerWD - Before find elements --> By.xpath: //button[text()='Sign Out']
22:19:00.179  INFO  manager.ListenerWD - After find elements --> By.xpath: //button[text()='Sign Out']
22:19:00.179  INFO  manager.ListenerWD - List suze is --> 0
22:19:00.179  INFO  manager.ListenerTNG - onTestStart ---loginWrongEmail
22:19:00.180  INFO  manager.ListenerWD - Before find element --> By.cssSelector: a[href='/login']
22:19:00.195  INFO  manager.ListenerWD - After find element --> By.cssSelector: a[href='/login']
22:19:00.208  INFO  manager.ListenerWD - Before find element --> By.cssSelector: a[href='/login']
22:19:00.220  INFO  manager.ListenerWD - After find element --> By.cssSelector: a[href='/login']
22:19:00.248  INFO  manager.ListenerWD - Before find element --> By.name: email
22:19:00.260  INFO  manager.ListenerWD - After find element --> By.name: email
22:19:00.445  INFO  manager.ListenerWD - Before find element --> By.name: password
22:19:00.454  INFO  manager.ListenerWD - After find element --> By.name: password
22:19:00.601  INFO  manager.ListenerWD - Before find element --> By.cssSelector: [name='login']
22:19:00.611  INFO  manager.ListenerWD - After find element --> By.cssSelector: [name='login']
22:19:00.649  INFO  manager.ListenerWD - Before find elements --> By.xpath: //button[text()='Sign Out']
22:19:01.030  INFO  manager.ListenerWD - After find elements --> By.xpath: //button[text()='Sign Out']
22:19:01.031  INFO  manager.ListenerWD - List suze is --> 0
22:19:01.047  INFO  tests.TestBase - Error message is : 'Wrong email or password' 
22:19:01.047  INFO  manager.ListenerTNG - onTestSuccessloginWrongEmail
22:19:01.048  INFO  tests.TestBase - The name of starts method is --->loginWrongPassword
22:19:01.049  INFO  manager.ListenerWD - Before find elements --> By.xpath: //button[text()='Sign Out']
22:19:06.097  INFO  manager.ListenerWD - After find elements --> By.xpath: //button[text()='Sign Out']
22:19:06.097  INFO  manager.ListenerWD - List suze is --> 0
22:19:06.098  INFO  manager.ListenerTNG - onTestStart ---loginWrongPassword
22:19:06.098  INFO  manager.ListenerWD - Before find element --> By.cssSelector: a[href='/login']
22:19:06.106  INFO  manager.ListenerWD - After find element --> By.cssSelector: a[href='/login']
22:19:06.116  INFO  manager.ListenerWD - Before find element --> By.cssSelector: a[href='/login']
22:19:06.124  INFO  manager.ListenerWD - After find element --> By.cssSelector: a[href='/login']
22:19:06.143  INFO  manager.ListenerWD - Before find element --> By.name: email
22:19:06.151  INFO  manager.ListenerWD - After find element --> By.name: email
22:19:06.261  INFO  manager.ListenerWD - Before find element --> By.name: password
22:19:06.269  INFO  manager.ListenerWD - After find element --> By.name: password
22:19:06.389  INFO  manager.ListenerWD - Before find element --> By.cssSelector: [name='login']
22:19:06.397  INFO  manager.ListenerWD - After find element --> By.cssSelector: [name='login']
22:19:06.419  INFO  manager.ListenerWD - Before find elements --> By.xpath: //button[text()='Sign Out']
22:19:06.801  INFO  manager.ListenerWD - After find elements --> By.xpath: //button[text()='Sign Out']
22:19:06.801  INFO  manager.ListenerWD - List suze is --> 0
22:19:06.812  INFO  manager.ListenerTNG - onTestSuccessloginWrongPassword
22:19:06.813  INFO  tests.TestBase - The name of starts method is --->registrationSuccess
22:19:06.813  INFO  manager.ListenerWD - Before find elements --> By.xpath: //button[text()='Sign Out']
22:19:11.835  INFO  manager.ListenerWD - After find elements --> By.xpath: //button[text()='Sign Out']
22:19:11.835  INFO  manager.ListenerWD - List suze is --> 0
22:19:11.835  INFO  manager.ListenerTNG - onTestStart ---registrationSuccess
22:19:11.836  INFO  manager.ListenerWD - Before find element --> By.cssSelector: a[href='/login']
22:19:11.846  INFO  manager.ListenerWD - After find element --> By.cssSelector: a[href='/login']
22:19:11.858  INFO  manager.ListenerWD - Before find element --> By.cssSelector: a[href='/login']
22:19:11.866  INFO  manager.ListenerWD - After find element --> By.cssSelector: a[href='/login']
22:19:12.895  INFO  manager.ListenerWD - Before find element --> By.name: email
22:19:12.904  INFO  manager.ListenerWD - After find element --> By.name: email
22:19:13.016  INFO  manager.ListenerWD - Before find element --> By.name: password
22:19:13.022  INFO  manager.ListenerWD - After find element --> By.name: password
22:19:13.137  INFO  manager.ListenerWD - Before find element --> By.cssSelector: [name='registration']
22:19:13.148  INFO  manager.ListenerWD - After find element --> By.cssSelector: [name='registration']
22:19:21.188  INFO  manager.ListenerWD - Before find elements --> By.xpath: //button[text()='Sign Out']
22:19:21.190  INFO  manager.ListenerWD - The have a 'problem'
22:19:21.191  INFO  manager.ListenerWD - ******************
22:19:21.191  INFO  manager.ListenerWD - Method method ---> findElements
22:19:21.191  INFO  manager.ListenerWD - ******************
22:19:21.191  INFO  manager.ListenerWD - InvocationTargetException getTargetException()org.openqa.selenium.UnhandledAlertException: unexpected alert open: {Alert text : User already exist}
  (Session info: chrome=109.0.5414.120): User already exist
Build info: version: '4.7.1', revision: 'c6795baf1a3'
System info: os.name: 'Windows 11', os.arch: 'amd64', os.version: '10.0', java.version: '11.0.17'
Driver info: org.openqa.selenium.chrome.ChromeDriver
Command: [852cc3e150c7a85be35d34452d839cfe, findElements {using=xpath, value=//button[text()='Sign Out']}]
Capabilities {acceptInsecureCerts: false, browserName: chrome, browserVersion: 109.0.5414.120, chrome: {chromedriverVersion: 109.0.5414.74 (e7c5703604da..., userDataDir: C:\Users\eduar\AppData\Loca...}, goog:chromeOptions: {debuggerAddress: localhost:60032}, networkConnectionEnabled: false, pageLoadStrategy: normal, platformName: WINDOWS, proxy: Proxy(), se:cdp: ws://localhost:60032/devtoo..., se:cdpVersion: 109.0.5414.120, setWindowRect: true, strictFileInteractability: false, timeouts: {implicit: 0, pageLoad: 300000, script: 30000}, unhandledPromptBehavior: dismiss and notify, webauthn:extension:credBlob: true, webauthn:extension:largeBlob: true, webauthn:virtualAuthenticators: true}
Session ID: 852cc3e150c7a85be35d34452d839cfe
22:19:21.191  INFO  manager.ListenerWD - ******************
22:19:21.191  INFO  manager.ListenerWD - Object target --->ChromeDriver: chrome on WINDOWS (852cc3e150c7a85be35d34452d839cfe)
22:19:21.191  INFO  manager.ListenerWD - ******************
22:19:21.191  INFO  manager.ListenerWD - Screen with error is --->src/test/screenshots/screen-304.png
22:19:21.521  INFO  manager.ListenerTNG - onTestFailure ---registrationSuccess
22:19:21.522  INFO  tests.TestBase - The name of starts method is --->registrationUserAlreadyExists
22:19:21.522  INFO  manager.ListenerWD - Before find elements --> By.xpath: //button[text()='Sign Out']
22:19:26.537  INFO  manager.ListenerWD - After find elements --> By.xpath: //button[text()='Sign Out']
22:19:26.539  INFO  manager.ListenerWD - List suze is --> 0
22:19:26.539  INFO  manager.ListenerTNG - onTestStart ---registrationUserAlreadyExists
22:19:26.539  INFO  manager.ListenerWD - Before find element --> By.cssSelector: a[href='/login']
22:19:26.549  INFO  manager.ListenerWD - After find element --> By.cssSelector: a[href='/login']
22:19:26.557  INFO  manager.ListenerWD - Before find element --> By.cssSelector: a[href='/login']
22:19:26.565  INFO  manager.ListenerWD - After find element --> By.cssSelector: a[href='/login']
22:19:26.585  INFO  manager.ListenerWD - Before find element --> By.name: email
22:19:26.594  INFO  manager.ListenerWD - After find element --> By.name: email
22:19:26.764  INFO  manager.ListenerWD - Before find element --> By.name: password
22:19:26.778  INFO  manager.ListenerWD - After find element --> By.name: password
22:19:26.909  INFO  manager.ListenerWD - Before find element --> By.cssSelector: [name='registration']
22:19:26.917  INFO  manager.ListenerWD - After find element --> By.cssSelector: [name='registration']
22:19:26.947  INFO  manager.ListenerWD - The have a 'problem'
22:19:26.947  INFO  manager.ListenerWD - ******************
22:19:26.947  INFO  manager.ListenerWD - Method method ---> alert
22:19:26.947  INFO  manager.ListenerWD - ******************
22:19:26.947  INFO  manager.ListenerWD - InvocationTargetException getTargetException()org.openqa.selenium.NoAlertPresentException: no such alert
  (Session info: chrome=109.0.5414.120)
Build info: version: '4.7.1', revision: 'c6795baf1a3'
System info: os.name: 'Windows 11', os.arch: 'amd64', os.version: '10.0', java.version: '11.0.17'
Driver info: org.openqa.selenium.chrome.ChromeDriver
Command: [852cc3e150c7a85be35d34452d839cfe, getAlertText {}]
Capabilities {acceptInsecureCerts: false, browserName: chrome, browserVersion: 109.0.5414.120, chrome: {chromedriverVersion: 109.0.5414.74 (e7c5703604da..., userDataDir: C:\Users\eduar\AppData\Loca...}, goog:chromeOptions: {debuggerAddress: localhost:60032}, networkConnectionEnabled: false, pageLoadStrategy: normal, platformName: WINDOWS, proxy: Proxy(), se:cdp: ws://localhost:60032/devtoo..., se:cdpVersion: 109.0.5414.120, setWindowRect: true, strictFileInteractability: false, timeouts: {implicit: 0, pageLoad: 300000, script: 30000}, unhandledPromptBehavior: dismiss and notify, webauthn:extension:credBlob: true, webauthn:extension:largeBlob: true, webauthn:virtualAuthenticators: true}
Session ID: 852cc3e150c7a85be35d34452d839cfe
22:19:26.947  INFO  manager.ListenerWD - ******************
22:19:26.947  INFO  manager.ListenerWD - Object target --->org.openqa.selenium.remote.RemoteWebDriver$RemoteTargetLocator@138d978e
22:19:26.947  INFO  manager.ListenerWD - ******************
22:19:27.473  INFO  manager.ListenerTNG - onTestSuccessregistrationUserAlreadyExists
22:19:27.474  INFO  tests.TestBase - The name of starts method is --->registrationWrongEmail
22:19:27.474  INFO  manager.ListenerWD - Before find elements --> By.xpath: //button[text()='Sign Out']
22:19:32.511  INFO  manager.ListenerWD - After find elements --> By.xpath: //button[text()='Sign Out']
22:19:32.511  INFO  manager.ListenerWD - List suze is --> 0
22:19:32.512  INFO  manager.ListenerTNG - onTestStart ---registrationWrongEmail
22:19:32.512  INFO  manager.ListenerWD - Before find element --> By.cssSelector: a[href='/login']
22:19:32.528  INFO  manager.ListenerWD - After find element --> By.cssSelector: a[href='/login']
22:19:32.541  INFO  manager.ListenerWD - Before find element --> By.cssSelector: a[href='/login']
22:19:32.548  INFO  manager.ListenerWD - After find element --> By.cssSelector: a[href='/login']
22:19:32.562  INFO  manager.ListenerWD - Before find element --> By.name: email
22:19:32.571  INFO  manager.ListenerWD - After find element --> By.name: email
22:19:32.685  INFO  manager.ListenerWD - Before find element --> By.name: password
22:19:32.693  INFO  manager.ListenerWD - After find element --> By.name: password
22:19:32.799  INFO  manager.ListenerWD - Before find element --> By.cssSelector: [name='registration']
22:19:32.807  INFO  manager.ListenerWD - After find element --> By.cssSelector: [name='registration']
22:19:32.843  INFO  manager.ListenerWD - The have a 'problem'
22:19:32.843  INFO  manager.ListenerWD - ******************
22:19:32.843  INFO  manager.ListenerWD - Method method ---> alert
22:19:32.843  INFO  manager.ListenerWD - ******************
22:19:32.843  INFO  manager.ListenerWD - InvocationTargetException getTargetException()org.openqa.selenium.NoAlertPresentException: no such alert
  (Session info: chrome=109.0.5414.120)
Build info: version: '4.7.1', revision: 'c6795baf1a3'
System info: os.name: 'Windows 11', os.arch: 'amd64', os.version: '10.0', java.version: '11.0.17'
Driver info: org.openqa.selenium.chrome.ChromeDriver
Command: [852cc3e150c7a85be35d34452d839cfe, getAlertText {}]
Capabilities {acceptInsecureCerts: false, browserName: chrome, browserVersion: 109.0.5414.120, chrome: {chromedriverVersion: 109.0.5414.74 (e7c5703604da..., userDataDir: C:\Users\eduar\AppData\Loca...}, goog:chromeOptions: {debuggerAddress: localhost:60032}, networkConnectionEnabled: false, pageLoadStrategy: normal, platformName: WINDOWS, proxy: Proxy(), se:cdp: ws://localhost:60032/devtoo..., se:cdpVersion: 109.0.5414.120, setWindowRect: true, strictFileInteractability: false, timeouts: {implicit: 0, pageLoad: 300000, script: 30000}, unhandledPromptBehavior: dismiss and notify, webauthn:extension:credBlob: true, webauthn:extension:largeBlob: true, webauthn:virtualAuthenticators: true}
Session ID: 852cc3e150c7a85be35d34452d839cfe
22:19:32.843  INFO  manager.ListenerWD - ******************
22:19:32.843  INFO  manager.ListenerWD - Object target --->org.openqa.selenium.remote.RemoteWebDriver$RemoteTargetLocator@2daf0cc9
22:19:32.843  INFO  manager.ListenerWD - ******************
22:19:33.362  INFO  manager.ListenerTNG - onTestSuccessregistrationWrongEmail
22:19:33.362  INFO  tests.TestBase - The name of starts method is --->registrationWrongPassword
22:19:33.363  INFO  manager.ListenerWD - Before find elements --> By.xpath: //button[text()='Sign Out']
22:19:38.387  INFO  manager.ListenerWD - After find elements --> By.xpath: //button[text()='Sign Out']
22:19:38.387  INFO  manager.ListenerWD - List suze is --> 0
22:19:38.387  INFO  manager.ListenerTNG - onTestStart ---registrationWrongPassword
22:19:38.387  INFO  manager.ListenerWD - Before find element --> By.cssSelector: a[href='/login']
22:19:38.396  INFO  manager.ListenerWD - After find element --> By.cssSelector: a[href='/login']
22:19:38.405  INFO  manager.ListenerWD - Before find element --> By.cssSelector: a[href='/login']
22:19:38.412  INFO  manager.ListenerWD - After find element --> By.cssSelector: a[href='/login']
22:19:38.426  INFO  manager.ListenerWD - Before find element --> By.name: email
22:19:38.434  INFO  manager.ListenerWD - After find element --> By.name: email
22:19:38.542  INFO  manager.ListenerWD - Before find element --> By.name: password
22:19:38.550  INFO  manager.ListenerWD - After find element --> By.name: password
22:19:38.649  INFO  manager.ListenerWD - Before find element --> By.cssSelector: [name='registration']
22:19:38.656  INFO  manager.ListenerWD - After find element --> By.cssSelector: [name='registration']
22:19:38.682  INFO  manager.ListenerWD - The have a 'problem'
22:19:38.683  INFO  manager.ListenerWD - ******************
22:19:38.683  INFO  manager.ListenerWD - Method method ---> alert
22:19:38.683  INFO  manager.ListenerWD - ******************
22:19:38.683  INFO  manager.ListenerWD - InvocationTargetException getTargetException()org.openqa.selenium.NoAlertPresentException: no such alert
  (Session info: chrome=109.0.5414.120)
Build info: version: '4.7.1', revision: 'c6795baf1a3'
System info: os.name: 'Windows 11', os.arch: 'amd64', os.version: '10.0', java.version: '11.0.17'
Driver info: org.openqa.selenium.chrome.ChromeDriver
Command: [852cc3e150c7a85be35d34452d839cfe, getAlertText {}]
Capabilities {acceptInsecureCerts: false, browserName: chrome, browserVersion: 109.0.5414.120, chrome: {chromedriverVersion: 109.0.5414.74 (e7c5703604da..., userDataDir: C:\Users\eduar\AppData\Loca...}, goog:chromeOptions: {debuggerAddress: localhost:60032}, networkConnectionEnabled: false, pageLoadStrategy: normal, platformName: WINDOWS, proxy: Proxy(), se:cdp: ws://localhost:60032/devtoo..., se:cdpVersion: 109.0.5414.120, setWindowRect: true, strictFileInteractability: false, timeouts: {implicit: 0, pageLoad: 300000, script: 30000}, unhandledPromptBehavior: dismiss and notify, webauthn:extension:credBlob: true, webauthn:extension:largeBlob: true, webauthn:virtualAuthenticators: true}
Session ID: 852cc3e150c7a85be35d34452d839cfe
22:19:38.683  INFO  manager.ListenerWD - ******************
22:19:38.683  INFO  manager.ListenerWD - Object target --->org.openqa.selenium.remote.RemoteWebDriver$RemoteTargetLocator@2f3d5cd
22:19:38.683  INFO  manager.ListenerWD - ******************
22:19:39.205  INFO  manager.ListenerTNG - onTestSuccessregistrationWrongPassword
22:19:39.210  INFO  manager.ListenerTNG - onFinish ---Gradle test
