20:35:59.523  INFO  manager.ApplicationManager - All tests start in Chrome Browser
20:36:06.755  INFO  manager.ApplicationManager - Current Url -->https://telranedu.web.app/home
20:36:06.760  INFO  manager.ListenerTNG - onStart ---Nopackage
20:36:06.790  INFO  tests.TestBase - The name of starts method is --->addContactSuccessAllFields
20:36:06.792  INFO  manager.ListenerWD - Before find elements --> By.xpath: //button[text()='Sign Out']
20:36:11.843  INFO  manager.ListenerWD - After find elements --> By.xpath: //button[text()='Sign Out']
20:36:11.849  INFO  manager.ListenerWD - List suze is --> 0
20:36:11.857  INFO  manager.ListenerWD - Before find element --> By.cssSelector: a[href='/login']
20:36:11.892  INFO  manager.ListenerWD - After find element --> By.cssSelector: a[href='/login']
20:36:11.917  INFO  manager.ListenerWD - Before find element --> By.cssSelector: a[href='/login']
20:36:11.937  INFO  manager.ListenerWD - After find element --> By.cssSelector: a[href='/login']
20:36:11.991  INFO  manager.ListenerWD - Before find element --> By.name: email
20:36:12.019  INFO  manager.ListenerWD - After find element --> By.name: email
20:36:12.211  INFO  manager.ListenerWD - Before find element --> By.name: password
20:36:12.239  INFO  manager.ListenerWD - After find element --> By.name: password
20:36:12.401  INFO  manager.ListenerWD - Before find element --> By.cssSelector: [name='login']
20:36:12.423  INFO  manager.ListenerWD - After find element --> By.cssSelector: [name='login']
20:36:12.458  INFO  manager.ListenerTNG - onTestStart ---addContactSuccessAllFields
20:36:12.480  INFO  tests.TestBase - Tests start with data : Contact(name=Lisa1671, lastName=Simpson, email=lisa1671@mail.ru, address=NY, phone=11111111671, description=All fields)
20:36:27.486  INFO  manager.ListenerWD - Before find element --> By.cssSelector: a[href='/add']
20:36:30.549  INFO  manager.ListenerWD - After find element --> By.cssSelector: a[href='/add']
20:36:30.585  INFO  manager.ListenerWD - Before find element --> By.cssSelector: input[placeholder='Name']
20:36:30.614  INFO  manager.ListenerWD - After find element --> By.cssSelector: input[placeholder='Name']
20:36:30.768  INFO  manager.ListenerWD - Before find element --> By.cssSelector: input[placeholder='Last Name']
20:36:30.794  INFO  manager.ListenerWD - After find element --> By.cssSelector: input[placeholder='Last Name']
20:36:30.925  INFO  manager.ListenerWD - Before find element --> By.cssSelector: input[placeholder='Phone']
20:36:30.941  INFO  manager.ListenerWD - After find element --> By.cssSelector: input[placeholder='Phone']
20:36:31.081  INFO  manager.ListenerWD - Before find element --> By.cssSelector: input[placeholder='email']
20:36:31.105  INFO  manager.ListenerWD - After find element --> By.cssSelector: input[placeholder='email']
20:36:31.273  INFO  manager.ListenerWD - Before find element --> By.cssSelector: input[placeholder='Address']
20:36:31.291  INFO  manager.ListenerWD - After find element --> By.cssSelector: input[placeholder='Address']
20:36:31.425  INFO  manager.ListenerWD - Before find element --> By.cssSelector: input[placeholder='description']
20:36:31.444  INFO  manager.ListenerWD - After find element --> By.cssSelector: input[placeholder='description']
20:36:31.577  INFO  manager.ListenerWD - Before find element --> By.xpath: //b[text()='Save']
20:36:31.598  INFO  manager.ListenerWD - After find element --> By.xpath: //b[text()='Save']
20:36:31.637  INFO  manager.ListenerWD - Before find elements --> By.cssSelector: h2
20:36:32.355  INFO  manager.ListenerWD - After find elements --> By.cssSelector: h2
20:36:32.355  INFO  manager.ListenerWD - List suze is --> 26
20:36:32.708  INFO  manager.ListenerWD - Before find elements --> By.cssSelector: h3
20:36:32.925  INFO  manager.ListenerWD - After find elements --> By.cssSelector: h3
20:36:32.925  INFO  manager.ListenerWD - List suze is --> 26
20:36:33.323  INFO  manager.ListenerWD - Before find elements --> By.cssSelector: .contact-item_card__2SOIM
20:36:33.475  INFO  manager.ListenerWD - After find elements --> By.cssSelector: .contact-item_card__2SOIM
20:36:33.476  INFO  manager.ListenerWD - List suze is --> 26
20:36:33.522  INFO  manager.ListenerWD - Before find element --> By.cssSelector: .contact-item-detailed_card__50dTS
20:36:33.543  INFO  manager.ListenerWD - After find element --> By.cssSelector: .contact-item-detailed_card__50dTS
20:36:33.605  INFO  manager.ListenerWD - Before find element --> By.cssSelector: .contact-item-detailed_card__50dTS
20:36:33.624  INFO  manager.ListenerWD - After find element --> By.cssSelector: .contact-item-detailed_card__50dTS
20:36:33.678  INFO  manager.ListenerWD - Before find element --> By.cssSelector: .contact-item-detailed_card__50dTS
20:36:33.696  INFO  manager.ListenerWD - After find element --> By.cssSelector: .contact-item-detailed_card__50dTS
20:36:33.739  INFO  manager.ListenerWD - Before find element --> By.cssSelector: .contact-item-detailed_card__50dTS
20:36:33.754  INFO  manager.ListenerWD - After find element --> By.cssSelector: .contact-item-detailed_card__50dTS
20:36:33.792  INFO  manager.ListenerWD - Before find element --> By.cssSelector: .contact-item-detailed_card__50dTS
20:36:33.803  INFO  manager.ListenerWD - After find element --> By.cssSelector: .contact-item-detailed_card__50dTS
20:36:33.845  INFO  manager.ListenerWD - Before find element --> By.cssSelector: .contact-item-detailed_card__50dTS
20:36:33.863  INFO  manager.ListenerWD - After find element --> By.cssSelector: .contact-item-detailed_card__50dTS
20:36:33.919  INFO  manager.ListenerWD - Before find element --> By.cssSelector: .contact-item-detailed_card__50dTS
20:36:33.933  INFO  manager.ListenerWD - After find element --> By.cssSelector: .contact-item-detailed_card__50dTS
20:36:33.986  INFO  manager.ListenerWD - Before find element --> By.cssSelector: .contact-item-detailed_card__50dTS
20:36:34.000  INFO  manager.ListenerWD - After find element --> By.cssSelector: .contact-item-detailed_card__50dTS
20:36:34.047  INFO  manager.ListenerWD - Before find element --> By.cssSelector: .contact-item-detailed_card__50dTS
20:36:34.064  INFO  manager.ListenerWD - After find element --> By.cssSelector: .contact-item-detailed_card__50dTS
20:36:34.115  INFO  manager.ListenerWD - Before find element --> By.cssSelector: .contact-item-detailed_card__50dTS
20:36:34.130  INFO  manager.ListenerWD - After find element --> By.cssSelector: .contact-item-detailed_card__50dTS
20:36:34.175  INFO  manager.ListenerWD - Before find element --> By.cssSelector: .contact-item-detailed_card__50dTS
20:36:34.190  INFO  manager.ListenerWD - After find element --> By.cssSelector: .contact-item-detailed_card__50dTS
20:36:34.236  INFO  manager.ListenerWD - Before find element --> By.cssSelector: .contact-item-detailed_card__50dTS
20:36:34.247  INFO  manager.ListenerWD - After find element --> By.cssSelector: .contact-item-detailed_card__50dTS
20:36:34.290  INFO  manager.ListenerWD - Before find element --> By.cssSelector: .contact-item-detailed_card__50dTS
20:36:34.304  INFO  manager.ListenerWD - After find element --> By.cssSelector: .contact-item-detailed_card__50dTS
20:36:34.343  INFO  manager.ListenerWD - Before find element --> By.cssSelector: .contact-item-detailed_card__50dTS
20:36:34.357  INFO  manager.ListenerWD - After find element --> By.cssSelector: .contact-item-detailed_card__50dTS
20:36:34.400  INFO  manager.ListenerWD - Before find element --> By.cssSelector: .contact-item-detailed_card__50dTS
20:36:34.414  INFO  manager.ListenerWD - After find element --> By.cssSelector: .contact-item-detailed_card__50dTS
20:36:34.457  INFO  manager.ListenerWD - Before find element --> By.cssSelector: .contact-item-detailed_card__50dTS
20:36:34.473  INFO  manager.ListenerWD - After find element --> By.cssSelector: .contact-item-detailed_card__50dTS
20:36:34.517  INFO  manager.ListenerWD - Before find element --> By.cssSelector: .contact-item-detailed_card__50dTS
20:36:34.536  INFO  manager.ListenerWD - After find element --> By.cssSelector: .contact-item-detailed_card__50dTS
20:36:34.583  INFO  manager.ListenerWD - Before find element --> By.cssSelector: .contact-item-detailed_card__50dTS
20:36:34.601  INFO  manager.ListenerWD - After find element --> By.cssSelector: .contact-item-detailed_card__50dTS
20:36:34.646  INFO  manager.ListenerWD - Before find element --> By.cssSelector: .contact-item-detailed_card__50dTS
20:36:34.661  INFO  manager.ListenerWD - After find element --> By.cssSelector: .contact-item-detailed_card__50dTS
20:36:34.707  INFO  manager.ListenerWD - Before find element --> By.cssSelector: .contact-item-detailed_card__50dTS
20:36:34.721  INFO  manager.ListenerWD - After find element --> By.cssSelector: .contact-item-detailed_card__50dTS
20:36:34.777  INFO  manager.ListenerWD - Before find element --> By.cssSelector: .contact-item-detailed_card__50dTS
20:36:34.796  INFO  manager.ListenerWD - After find element --> By.cssSelector: .contact-item-detailed_card__50dTS
20:36:34.849  INFO  manager.ListenerWD - Before find element --> By.cssSelector: .contact-item-detailed_card__50dTS
20:36:34.864  INFO  manager.ListenerWD - After find element --> By.cssSelector: .contact-item-detailed_card__50dTS
20:36:34.922  INFO  manager.ListenerWD - Before find element --> By.cssSelector: .contact-item-detailed_card__50dTS
20:36:34.939  INFO  manager.ListenerWD - After find element --> By.cssSelector: .contact-item-detailed_card__50dTS
20:36:34.988  INFO  manager.ListenerWD - Before find element --> By.cssSelector: .contact-item-detailed_card__50dTS
20:36:35.000  INFO  manager.ListenerWD - After find element --> By.cssSelector: .contact-item-detailed_card__50dTS
20:36:35.039  INFO  manager.ListenerWD - Before find element --> By.cssSelector: .contact-item-detailed_card__50dTS
20:36:35.055  INFO  manager.ListenerWD - After find element --> By.cssSelector: .contact-item-detailed_card__50dTS
20:36:35.101  INFO  manager.ListenerWD - Before find element --> By.cssSelector: .contact-item-detailed_card__50dTS
20:36:35.119  INFO  manager.ListenerWD - After find element --> By.cssSelector: .contact-item-detailed_card__50dTS
20:36:35.132  INFO  manager.ListenerTNG - onTestSuccessaddContactSuccessAllFields
20:36:35.136  INFO  manager.ListenerTNG - onFinish ---Nopackage
