15:05:16.497  INFO  manager.ApplicationManager - All tests start in Chrome Browser
15:05:35.243  INFO  manager.ApplicationManager - Current Url -->https://telranedu.web.app/home
15:05:35.295  INFO  tests.TestBase - The name of starts method is --->addContactSuccessAllFields
15:05:35.300  INFO  manager.ListenerWD - Before find elements --> By.xpath: //button[text()='Sign Out']
15:05:40.334  INFO  manager.ListenerWD - After find elements --> By.xpath: //button[text()='Sign Out']
15:05:40.346  INFO  manager.ListenerWD - List suze is --> 0
15:05:40.355  INFO  manager.ListenerWD - Before find element --> By.cssSelector: a[href='/login']
15:05:40.406  INFO  manager.ListenerWD - After find element --> By.cssSelector: a[href='/login']
15:05:40.448  INFO  manager.ListenerWD - Before find element --> By.cssSelector: a[href='/login']
15:05:40.492  INFO  manager.ListenerWD - After find element --> By.cssSelector: a[href='/login']
15:05:40.558  INFO  manager.ListenerWD - Before find element --> By.name: email
15:05:40.602  INFO  manager.ListenerWD - After find element --> By.name: email
15:05:40.839  INFO  manager.ListenerWD - Before find element --> By.name: password
15:05:40.879  INFO  manager.ListenerWD - After find element --> By.name: password
15:05:41.100  INFO  manager.ListenerWD - Before find element --> By.cssSelector: [name='login']
15:05:41.135  INFO  manager.ListenerWD - After find element --> By.cssSelector: [name='login']
15:05:41.229  INFO  tests.TestBase - Tests start with data : Contact(name=Lisa1424, lastName=Simpson, email=lisa1424@mail.ru, address=NY, phone=11111111424, description=All fields)
15:05:46.238  INFO  manager.ListenerWD - Before find element --> By.cssSelector: a[href='/add']
15:05:48.283  INFO  manager.ListenerWD - After find element --> By.cssSelector: a[href='/add']
15:05:48.309  INFO  manager.ListenerWD - Before find element --> By.cssSelector: a[href='/add']
15:05:48.342  INFO  manager.ListenerWD - After find element --> By.cssSelector: a[href='/add']
15:05:48.390  INFO  manager.ListenerWD - Before find element --> By.cssSelector: input[placeholder='Name']
15:05:48.425  INFO  manager.ListenerWD - After find element --> By.cssSelector: input[placeholder='Name']
15:05:48.620  INFO  manager.ListenerWD - Before find element --> By.cssSelector: input[placeholder='Last Name']
15:05:48.652  INFO  manager.ListenerWD - After find element --> By.cssSelector: input[placeholder='Last Name']
15:05:48.834  INFO  manager.ListenerWD - Before find element --> By.cssSelector: input[placeholder='Phone']
15:05:48.865  INFO  manager.ListenerWD - After find element --> By.cssSelector: input[placeholder='Phone']
15:05:49.063  INFO  manager.ListenerWD - Before find element --> By.cssSelector: input[placeholder='email']
15:05:49.094  INFO  manager.ListenerWD - After find element --> By.cssSelector: input[placeholder='email']
15:05:49.287  INFO  manager.ListenerWD - Before find element --> By.cssSelector: input[placeholder='Address']
15:05:49.320  INFO  manager.ListenerWD - After find element --> By.cssSelector: input[placeholder='Address']
15:05:49.509  INFO  manager.ListenerWD - Before find element --> By.cssSelector: input[placeholder='description']
15:05:49.539  INFO  manager.ListenerWD - After find element --> By.cssSelector: input[placeholder='description']
15:05:49.729  INFO  manager.ListenerWD - Before find element --> By.xpath: //b[text()='Save']
15:05:49.763  INFO  manager.ListenerWD - After find element --> By.xpath: //b[text()='Save']
15:05:49.805  INFO  manager.ListenerWD - Before find elements --> By.cssSelector: h2
15:05:50.496  INFO  manager.ListenerWD - After find elements --> By.cssSelector: h2
15:05:50.496  INFO  manager.ListenerWD - List suze is --> 8
15:05:50.655  INFO  manager.ListenerWD - Before find elements --> By.cssSelector: h3
15:05:50.766  INFO  manager.ListenerWD - After find elements --> By.cssSelector: h3
15:05:50.767  INFO  manager.ListenerWD - List suze is --> 8
15:05:50.923  INFO  manager.ListenerWD - Before find elements --> By.cssSelector: .contact-item_card__2SOIM
15:05:51.028  INFO  manager.ListenerWD - After find elements --> By.cssSelector: .contact-item_card__2SOIM
15:05:51.029  INFO  manager.ListenerWD - List suze is --> 8
15:05:51.080  INFO  manager.ListenerWD - Before find element --> By.cssSelector: .contact-item-detailed_card__50dTS
15:05:51.107  INFO  manager.ListenerWD - After find element --> By.cssSelector: .contact-item-detailed_card__50dTS
15:05:51.171  INFO  manager.ListenerWD - Before find element --> By.cssSelector: .contact-item-detailed_card__50dTS
15:05:51.197  INFO  manager.ListenerWD - After find element --> By.cssSelector: .contact-item-detailed_card__50dTS
15:05:51.256  INFO  manager.ListenerWD - Before find element --> By.cssSelector: .contact-item-detailed_card__50dTS
15:05:51.280  INFO  manager.ListenerWD - After find element --> By.cssSelector: .contact-item-detailed_card__50dTS
15:05:51.344  INFO  manager.ListenerWD - Before find element --> By.cssSelector: .contact-item-detailed_card__50dTS
15:05:51.370  INFO  manager.ListenerWD - After find element --> By.cssSelector: .contact-item-detailed_card__50dTS
15:05:51.429  INFO  manager.ListenerWD - Before find element --> By.cssSelector: .contact-item-detailed_card__50dTS
15:05:51.455  INFO  manager.ListenerWD - After find element --> By.cssSelector: .contact-item-detailed_card__50dTS
15:05:51.508  INFO  manager.ListenerWD - Before find element --> By.cssSelector: .contact-item-detailed_card__50dTS
15:05:51.534  INFO  manager.ListenerWD - After find element --> By.cssSelector: .contact-item-detailed_card__50dTS
15:05:51.592  INFO  manager.ListenerWD - Before find element --> By.cssSelector: .contact-item-detailed_card__50dTS
15:05:51.615  INFO  manager.ListenerWD - After find element --> By.cssSelector: .contact-item-detailed_card__50dTS
15:05:51.672  INFO  manager.ListenerWD - Before find element --> By.cssSelector: .contact-item-detailed_card__50dTS
15:05:51.694  INFO  manager.ListenerWD - After find element --> By.cssSelector: .contact-item-detailed_card__50dTS
