20:26:03.463  INFO  manager.ApplicationManager - All tests start in Chrome Browser
20:26:21.873  INFO  manager.ApplicationManager - Current Url -->https://telranedu.web.app/home
20:26:21.883  INFO  manager.ListenerTNG - onStart ---Nopackage
20:26:21.937  INFO  tests.TestBase - The name of starts method is --->addContactSuccessAllFields
20:26:21.940  INFO  manager.ListenerWD - Before find elements --> By.xpath: //button[text()='Sign Out']
20:26:27.009  INFO  manager.ListenerWD - After find elements --> By.xpath: //button[text()='Sign Out']
20:26:27.015  INFO  manager.ListenerWD - List suze is --> 0
20:26:27.025  INFO  manager.ListenerWD - Before find element --> By.cssSelector: a[href='/login']
20:26:27.057  INFO  manager.ListenerWD - After find element --> By.cssSelector: a[href='/login']
20:26:27.090  INFO  manager.ListenerWD - Before find element --> By.cssSelector: a[href='/login']
20:26:27.112  INFO  manager.ListenerWD - After find element --> By.cssSelector: a[href='/login']
20:26:27.182  INFO  manager.ListenerWD - Before find element --> By.name: email
20:26:27.207  INFO  manager.ListenerWD - After find element --> By.name: email
20:26:27.408  INFO  manager.ListenerWD - Before find element --> By.name: password
20:26:27.441  INFO  manager.ListenerWD - After find element --> By.name: password
20:26:27.620  INFO  manager.ListenerWD - Before find element --> By.cssSelector: [name='login']
20:26:27.642  INFO  manager.ListenerWD - After find element --> By.cssSelector: [name='login']
20:26:27.679  INFO  manager.ListenerTNG - onTestStart ---addContactSuccessAllFields
20:26:27.709  INFO  tests.TestBase - Tests start with data : Contact(name=Lisa1561, lastName=Simpson, email=lisa1561@mail.ru, address=NY, phone=11111111561, description=All fields)
20:26:42.715  INFO  manager.ListenerWD - Before find element --> By.cssSelector: a[href='/add']
20:26:42.742  INFO  manager.ListenerWD - After find element --> By.cssSelector: a[href='/add']
20:26:42.782  INFO  manager.ListenerWD - Before find element --> By.cssSelector: input[placeholder='Name']
20:26:42.806  INFO  manager.ListenerWD - After find element --> By.cssSelector: input[placeholder='Name']
20:26:42.955  INFO  manager.ListenerWD - Before find element --> By.cssSelector: input[placeholder='Last Name']
20:26:42.983  INFO  manager.ListenerWD - After find element --> By.cssSelector: input[placeholder='Last Name']
20:26:43.118  INFO  manager.ListenerWD - Before find element --> By.cssSelector: input[placeholder='Phone']
20:26:43.137  INFO  manager.ListenerWD - After find element --> By.cssSelector: input[placeholder='Phone']
20:26:43.265  INFO  manager.ListenerWD - Before find element --> By.cssSelector: input[placeholder='email']
20:26:43.292  INFO  manager.ListenerWD - After find element --> By.cssSelector: input[placeholder='email']
20:26:43.409  INFO  manager.ListenerWD - Before find element --> By.cssSelector: input[placeholder='Address']
20:26:43.432  INFO  manager.ListenerWD - After find element --> By.cssSelector: input[placeholder='Address']
20:26:43.551  INFO  manager.ListenerWD - Before find element --> By.cssSelector: input[placeholder='description']
20:26:43.575  INFO  manager.ListenerWD - After find element --> By.cssSelector: input[placeholder='description']
20:26:43.698  INFO  manager.ListenerWD - Before find element --> By.xpath: //b[text()='Save']
20:26:43.719  INFO  manager.ListenerWD - After find element --> By.xpath: //b[text()='Save']
20:26:43.752  INFO  manager.ListenerWD - Before find elements --> By.cssSelector: h2
20:26:44.480  INFO  manager.ListenerWD - After find elements --> By.cssSelector: h2
20:26:44.480  INFO  manager.ListenerWD - List suze is --> 24
20:26:44.813  INFO  manager.ListenerWD - Before find elements --> By.cssSelector: h3
20:26:44.958  INFO  manager.ListenerWD - After find elements --> By.cssSelector: h3
20:26:44.958  INFO  manager.ListenerWD - List suze is --> 24
20:26:45.260  INFO  manager.ListenerWD - Before find elements --> By.cssSelector: .contact-item_card__2SOIM
20:26:45.403  INFO  manager.ListenerWD - After find elements --> By.cssSelector: .contact-item_card__2SOIM
20:26:45.403  INFO  manager.ListenerWD - List suze is --> 24
20:26:45.440  INFO  manager.ListenerWD - Before find element --> By.cssSelector: .contact-item-detailed_card__50dTS
20:26:45.459  INFO  manager.ListenerWD - After find element --> By.cssSelector: .contact-item-detailed_card__50dTS
20:26:45.501  INFO  manager.ListenerWD - Before find element --> By.cssSelector: .contact-item-detailed_card__50dTS
20:26:45.518  INFO  manager.ListenerWD - After find element --> By.cssSelector: .contact-item-detailed_card__50dTS
20:26:45.552  INFO  manager.ListenerWD - Before find element --> By.cssSelector: .contact-item-detailed_card__50dTS
20:26:45.580  INFO  manager.ListenerWD - After find element --> By.cssSelector: .contact-item-detailed_card__50dTS
20:26:45.636  INFO  manager.ListenerWD - Before find element --> By.cssSelector: .contact-item-detailed_card__50dTS
20:26:45.655  INFO  manager.ListenerWD - After find element --> By.cssSelector: .contact-item-detailed_card__50dTS
20:26:45.709  INFO  manager.ListenerWD - Before find element --> By.cssSelector: .contact-item-detailed_card__50dTS
20:26:45.727  INFO  manager.ListenerWD - After find element --> By.cssSelector: .contact-item-detailed_card__50dTS
20:26:45.785  INFO  manager.ListenerWD - Before find element --> By.cssSelector: .contact-item-detailed_card__50dTS
20:26:45.804  INFO  manager.ListenerWD - After find element --> By.cssSelector: .contact-item-detailed_card__50dTS
20:26:45.858  INFO  manager.ListenerWD - Before find element --> By.cssSelector: .contact-item-detailed_card__50dTS
20:26:45.883  INFO  manager.ListenerWD - After find element --> By.cssSelector: .contact-item-detailed_card__50dTS
20:26:45.937  INFO  manager.ListenerWD - Before find element --> By.cssSelector: .contact-item-detailed_card__50dTS
20:26:45.953  INFO  manager.ListenerWD - After find element --> By.cssSelector: .contact-item-detailed_card__50dTS
20:26:46.008  INFO  manager.ListenerWD - Before find element --> By.cssSelector: .contact-item-detailed_card__50dTS
20:26:46.025  INFO  manager.ListenerWD - After find element --> By.cssSelector: .contact-item-detailed_card__50dTS
20:26:46.081  INFO  manager.ListenerWD - Before find element --> By.cssSelector: .contact-item-detailed_card__50dTS
20:26:46.097  INFO  manager.ListenerWD - After find element --> By.cssSelector: .contact-item-detailed_card__50dTS
20:26:46.143  INFO  manager.ListenerWD - Before find element --> By.cssSelector: .contact-item-detailed_card__50dTS
20:26:46.157  INFO  manager.ListenerWD - After find element --> By.cssSelector: .contact-item-detailed_card__50dTS
20:26:46.201  INFO  manager.ListenerWD - Before find element --> By.cssSelector: .contact-item-detailed_card__50dTS
20:26:46.219  INFO  manager.ListenerWD - After find element --> By.cssSelector: .contact-item-detailed_card__50dTS
20:26:46.267  INFO  manager.ListenerWD - Before find element --> By.cssSelector: .contact-item-detailed_card__50dTS
20:26:46.279  INFO  manager.ListenerWD - After find element --> By.cssSelector: .contact-item-detailed_card__50dTS
20:26:46.317  INFO  manager.ListenerWD - Before find element --> By.cssSelector: .contact-item-detailed_card__50dTS
20:26:46.329  INFO  manager.ListenerWD - After find element --> By.cssSelector: .contact-item-detailed_card__50dTS
20:26:46.376  INFO  manager.ListenerWD - Before find element --> By.cssSelector: .contact-item-detailed_card__50dTS
20:26:46.388  INFO  manager.ListenerWD - After find element --> By.cssSelector: .contact-item-detailed_card__50dTS
20:26:46.423  INFO  manager.ListenerWD - Before find element --> By.cssSelector: .contact-item-detailed_card__50dTS
20:26:46.434  INFO  manager.ListenerWD - After find element --> By.cssSelector: .contact-item-detailed_card__50dTS
20:26:46.473  INFO  manager.ListenerWD - Before find element --> By.cssSelector: .contact-item-detailed_card__50dTS
20:26:46.486  INFO  manager.ListenerWD - After find element --> By.cssSelector: .contact-item-detailed_card__50dTS
20:26:46.529  INFO  manager.ListenerWD - Before find element --> By.cssSelector: .contact-item-detailed_card__50dTS
20:26:46.543  INFO  manager.ListenerWD - After find element --> By.cssSelector: .contact-item-detailed_card__50dTS
20:26:46.588  INFO  manager.ListenerWD - Before find element --> By.cssSelector: .contact-item-detailed_card__50dTS
20:26:46.600  INFO  manager.ListenerWD - After find element --> By.cssSelector: .contact-item-detailed_card__50dTS
20:26:46.638  INFO  manager.ListenerWD - Before find element --> By.cssSelector: .contact-item-detailed_card__50dTS
20:26:46.652  INFO  manager.ListenerWD - After find element --> By.cssSelector: .contact-item-detailed_card__50dTS
20:26:46.693  INFO  manager.ListenerWD - Before find element --> By.cssSelector: .contact-item-detailed_card__50dTS
20:26:46.710  INFO  manager.ListenerWD - After find element --> By.cssSelector: .contact-item-detailed_card__50dTS
20:26:46.758  INFO  manager.ListenerWD - Before find element --> By.cssSelector: .contact-item-detailed_card__50dTS
20:26:46.774  INFO  manager.ListenerWD - After find element --> By.cssSelector: .contact-item-detailed_card__50dTS
20:26:46.819  INFO  manager.ListenerWD - Before find element --> By.cssSelector: .contact-item-detailed_card__50dTS
20:26:46.835  INFO  manager.ListenerWD - After find element --> By.cssSelector: .contact-item-detailed_card__50dTS
20:26:46.886  INFO  manager.ListenerWD - Before find element --> By.cssSelector: .contact-item-detailed_card__50dTS
20:26:46.906  INFO  manager.ListenerWD - After find element --> By.cssSelector: .contact-item-detailed_card__50dTS
20:26:46.920  INFO  manager.ListenerTNG - onTestSuccessaddContactSuccessAllFields
20:26:46.924  INFO  manager.ListenerTNG - onFinish ---Nopackage
