21:01:03.613  INFO  manager.ApplicationManager - All tests start in Chrome Browser
21:01:16.889  INFO  manager.ApplicationManager - Current Url -->https://telranedu.web.app/home
21:01:16.896  INFO  manager.ListenerTNG - onStart ---Gradle test
21:01:16.924  INFO  tests.TestBase - The name of starts method is --->addContactSuccessAllFields
21:01:16.927  INFO  manager.ListenerWD - Before find elements --> By.xpath: //button[text()='Sign Out']
21:01:21.976  INFO  manager.ListenerWD - After find elements --> By.xpath: //button[text()='Sign Out']
21:01:21.978  INFO  manager.ListenerWD - List suze is --> 0
21:01:21.982  INFO  manager.ListenerWD - Before find element --> By.cssSelector: a[href='/login']
21:01:22.003  INFO  manager.ListenerWD - After find element --> By.cssSelector: a[href='/login']
21:01:22.024  INFO  manager.ListenerWD - Before find element --> By.cssSelector: a[href='/login']
21:01:22.039  INFO  manager.ListenerWD - After find element --> By.cssSelector: a[href='/login']
21:01:22.083  INFO  manager.ListenerWD - Before find element --> By.name: email
21:01:22.102  INFO  manager.ListenerWD - After find element --> By.name: email
21:01:22.229  INFO  manager.ListenerWD - Before find element --> By.name: password
21:01:22.244  INFO  manager.ListenerWD - After find element --> By.name: password
21:01:22.345  INFO  manager.ListenerWD - Before find element --> By.cssSelector: [name='login']
21:01:22.361  INFO  manager.ListenerWD - After find element --> By.cssSelector: [name='login']
21:01:22.386  INFO  manager.ListenerTNG - onTestStart ---addContactSuccessAllFields
21:01:22.413  INFO  tests.TestBase - Tests start with data : Contact(name=Lisa1741, lastName=Simpson, email=lisa1741@mail.ru, address=NY, phone=11111111741, description=All fields)
21:01:37.414  INFO  manager.ListenerWD - Before find element --> By.cssSelector: a[href='/add']
21:01:37.436  INFO  manager.ListenerWD - After find element --> By.cssSelector: a[href='/add']
21:01:37.480  INFO  manager.ListenerWD - Before find element --> By.cssSelector: input[placeholder='Name']
21:01:37.502  INFO  manager.ListenerWD - After find element --> By.cssSelector: input[placeholder='Name']
21:01:37.628  INFO  manager.ListenerWD - Before find element --> By.cssSelector: input[placeholder='Last Name']
21:01:37.649  INFO  manager.ListenerWD - After find element --> By.cssSelector: input[placeholder='Last Name']
21:01:37.750  INFO  manager.ListenerWD - Before find element --> By.cssSelector: input[placeholder='Phone']
21:01:37.768  INFO  manager.ListenerWD - After find element --> By.cssSelector: input[placeholder='Phone']
21:01:37.874  INFO  manager.ListenerWD - Before find element --> By.cssSelector: input[placeholder='email']
21:01:37.889  INFO  manager.ListenerWD - After find element --> By.cssSelector: input[placeholder='email']
21:01:37.998  INFO  manager.ListenerWD - Before find element --> By.cssSelector: input[placeholder='Address']
21:01:38.011  INFO  manager.ListenerWD - After find element --> By.cssSelector: input[placeholder='Address']
21:01:38.113  INFO  manager.ListenerWD - Before find element --> By.cssSelector: input[placeholder='description']
21:01:38.129  INFO  manager.ListenerWD - After find element --> By.cssSelector: input[placeholder='description']
21:01:38.232  INFO  manager.ListenerWD - Before find element --> By.xpath: //b[text()='Save']
21:01:38.245  INFO  manager.ListenerWD - After find element --> By.xpath: //b[text()='Save']
21:01:38.272  INFO  manager.ListenerWD - Before find elements --> By.cssSelector: h2
21:01:38.967  INFO  manager.ListenerWD - After find elements --> By.cssSelector: h2
21:01:38.968  INFO  manager.ListenerWD - List suze is --> 31
21:01:39.310  INFO  manager.ListenerWD - Before find elements --> By.cssSelector: h3
21:01:39.455  INFO  manager.ListenerWD - After find elements --> By.cssSelector: h3
21:01:39.456  INFO  manager.ListenerWD - List suze is --> 31
21:01:39.832  INFO  manager.ListenerWD - Before find elements --> By.cssSelector: .contact-item_card__2SOIM
21:01:39.984  INFO  manager.ListenerWD - After find elements --> By.cssSelector: .contact-item_card__2SOIM
21:01:39.985  INFO  manager.ListenerWD - List suze is --> 31
21:01:40.020  INFO  manager.ListenerWD - Before find element --> By.cssSelector: .contact-item-detailed_card__50dTS
21:01:40.040  INFO  manager.ListenerWD - After find element --> By.cssSelector: .contact-item-detailed_card__50dTS
21:01:40.103  INFO  manager.ListenerWD - Before find element --> By.cssSelector: .contact-item-detailed_card__50dTS
21:01:40.120  INFO  manager.ListenerWD - After find element --> By.cssSelector: .contact-item-detailed_card__50dTS
21:01:40.180  INFO  manager.ListenerWD - Before find element --> By.cssSelector: .contact-item-detailed_card__50dTS
21:01:40.195  INFO  manager.ListenerWD - After find element --> By.cssSelector: .contact-item-detailed_card__50dTS
21:01:40.249  INFO  manager.ListenerWD - Before find element --> By.cssSelector: .contact-item-detailed_card__50dTS
21:01:40.263  INFO  manager.ListenerWD - After find element --> By.cssSelector: .contact-item-detailed_card__50dTS
21:01:40.306  INFO  manager.ListenerWD - Before find element --> By.cssSelector: .contact-item-detailed_card__50dTS
21:01:40.317  INFO  manager.ListenerWD - After find element --> By.cssSelector: .contact-item-detailed_card__50dTS
21:01:40.357  INFO  manager.ListenerWD - Before find element --> By.cssSelector: .contact-item-detailed_card__50dTS
21:01:40.369  INFO  manager.ListenerWD - After find element --> By.cssSelector: .contact-item-detailed_card__50dTS
21:01:40.412  INFO  manager.ListenerWD - Before find element --> By.cssSelector: .contact-item-detailed_card__50dTS
21:01:40.421  INFO  manager.ListenerWD - After find element --> By.cssSelector: .contact-item-detailed_card__50dTS
21:01:40.460  INFO  manager.ListenerWD - Before find element --> By.cssSelector: .contact-item-detailed_card__50dTS
21:01:40.475  INFO  manager.ListenerWD - After find element --> By.cssSelector: .contact-item-detailed_card__50dTS
21:01:40.512  INFO  manager.ListenerWD - Before find element --> By.cssSelector: .contact-item-detailed_card__50dTS
21:01:40.521  INFO  manager.ListenerWD - After find element --> By.cssSelector: .contact-item-detailed_card__50dTS
21:01:40.555  INFO  manager.ListenerWD - Before find element --> By.cssSelector: .contact-item-detailed_card__50dTS
21:01:40.565  INFO  manager.ListenerWD - After find element --> By.cssSelector: .contact-item-detailed_card__50dTS
21:01:40.607  INFO  manager.ListenerWD - Before find element --> By.cssSelector: .contact-item-detailed_card__50dTS
21:01:40.618  INFO  manager.ListenerWD - After find element --> By.cssSelector: .contact-item-detailed_card__50dTS
21:01:40.652  INFO  manager.ListenerWD - Before find element --> By.cssSelector: .contact-item-detailed_card__50dTS
21:01:40.663  INFO  manager.ListenerWD - After find element --> By.cssSelector: .contact-item-detailed_card__50dTS
21:01:40.700  INFO  manager.ListenerWD - Before find element --> By.cssSelector: .contact-item-detailed_card__50dTS
21:01:40.711  INFO  manager.ListenerWD - After find element --> By.cssSelector: .contact-item-detailed_card__50dTS
21:01:40.747  INFO  manager.ListenerWD - Before find element --> By.cssSelector: .contact-item-detailed_card__50dTS
21:01:40.756  INFO  manager.ListenerWD - After find element --> By.cssSelector: .contact-item-detailed_card__50dTS
21:01:40.793  INFO  manager.ListenerWD - Before find element --> By.cssSelector: .contact-item-detailed_card__50dTS
21:01:40.803  INFO  manager.ListenerWD - After find element --> By.cssSelector: .contact-item-detailed_card__50dTS
21:01:40.842  INFO  manager.ListenerWD - Before find element --> By.cssSelector: .contact-item-detailed_card__50dTS
21:01:40.852  INFO  manager.ListenerWD - After find element --> By.cssSelector: .contact-item-detailed_card__50dTS
21:01:40.892  INFO  manager.ListenerWD - Before find element --> By.cssSelector: .contact-item-detailed_card__50dTS
21:01:40.902  INFO  manager.ListenerWD - After find element --> By.cssSelector: .contact-item-detailed_card__50dTS
21:01:40.939  INFO  manager.ListenerWD - Before find element --> By.cssSelector: .contact-item-detailed_card__50dTS
21:01:40.950  INFO  manager.ListenerWD - After find element --> By.cssSelector: .contact-item-detailed_card__50dTS
21:01:40.983  INFO  manager.ListenerWD - Before find element --> By.cssSelector: .contact-item-detailed_card__50dTS
21:01:40.997  INFO  manager.ListenerWD - After find element --> By.cssSelector: .contact-item-detailed_card__50dTS
21:01:41.031  INFO  manager.ListenerWD - Before find element --> By.cssSelector: .contact-item-detailed_card__50dTS
21:01:41.041  INFO  manager.ListenerWD - After find element --> By.cssSelector: .contact-item-detailed_card__50dTS
21:01:41.078  INFO  manager.ListenerWD - Before find element --> By.cssSelector: .contact-item-detailed_card__50dTS
21:01:41.088  INFO  manager.ListenerWD - After find element --> By.cssSelector: .contact-item-detailed_card__50dTS
21:01:41.122  INFO  manager.ListenerWD - Before find element --> By.cssSelector: .contact-item-detailed_card__50dTS
21:01:41.133  INFO  manager.ListenerWD - After find element --> By.cssSelector: .contact-item-detailed_card__50dTS
21:01:41.166  INFO  manager.ListenerWD - Before find element --> By.cssSelector: .contact-item-detailed_card__50dTS
21:01:41.174  INFO  manager.ListenerWD - After find element --> By.cssSelector: .contact-item-detailed_card__50dTS
21:01:41.209  INFO  manager.ListenerWD - Before find element --> By.cssSelector: .contact-item-detailed_card__50dTS
21:01:41.220  INFO  manager.ListenerWD - After find element --> By.cssSelector: .contact-item-detailed_card__50dTS
21:01:41.252  INFO  manager.ListenerWD - Before find element --> By.cssSelector: .contact-item-detailed_card__50dTS
21:01:41.261  INFO  manager.ListenerWD - After find element --> By.cssSelector: .contact-item-detailed_card__50dTS
21:01:41.299  INFO  manager.ListenerWD - Before find element --> By.cssSelector: .contact-item-detailed_card__50dTS
21:01:41.309  INFO  manager.ListenerWD - After find element --> By.cssSelector: .contact-item-detailed_card__50dTS
21:01:41.348  INFO  manager.ListenerWD - Before find element --> By.cssSelector: .contact-item-detailed_card__50dTS
21:01:41.356  INFO  manager.ListenerWD - After find element --> By.cssSelector: .contact-item-detailed_card__50dTS
21:01:41.389  INFO  manager.ListenerWD - Before find element --> By.cssSelector: .contact-item-detailed_card__50dTS
21:01:41.398  INFO  manager.ListenerWD - After find element --> By.cssSelector: .contact-item-detailed_card__50dTS
21:01:41.434  INFO  manager.ListenerWD - Before find element --> By.cssSelector: .contact-item-detailed_card__50dTS
21:01:41.445  INFO  manager.ListenerWD - After find element --> By.cssSelector: .contact-item-detailed_card__50dTS
21:01:41.481  INFO  manager.ListenerWD - Before find element --> By.cssSelector: .contact-item-detailed_card__50dTS
21:01:41.490  INFO  manager.ListenerWD - After find element --> By.cssSelector: .contact-item-detailed_card__50dTS
21:01:41.526  INFO  manager.ListenerWD - Before find element --> By.cssSelector: .contact-item-detailed_card__50dTS
21:01:41.536  INFO  manager.ListenerWD - After find element --> By.cssSelector: .contact-item-detailed_card__50dTS
21:01:41.547  INFO  manager.ListenerTNG - onTestSuccessaddContactSuccessAllFields
21:01:41.549  INFO  tests.TestBase - The name of starts method is --->addContactSuccessRequiredFields
21:01:41.550  INFO  manager.ListenerWD - Before find elements --> By.xpath: //button[text()='Sign Out']
21:01:41.561  INFO  manager.ListenerWD - After find elements --> By.xpath: //button[text()='Sign Out']
21:01:41.562  INFO  manager.ListenerWD - List suze is --> 1
21:01:41.562  INFO  manager.ListenerTNG - onTestStart ---addContactSuccessRequiredFields
21:01:41.563  INFO  manager.ListenerWD - Before find element --> By.cssSelector: a[href='/add']
21:01:41.574  INFO  manager.ListenerWD - After find element --> By.cssSelector: a[href='/add']
21:01:41.602  INFO  manager.ListenerWD - Before find element --> By.cssSelector: input[placeholder='Name']
21:01:41.615  INFO  manager.ListenerWD - After find element --> By.cssSelector: input[placeholder='Name']
21:01:41.714  INFO  manager.ListenerWD - Before find element --> By.cssSelector: input[placeholder='Last Name']
21:01:41.726  INFO  manager.ListenerWD - After find element --> By.cssSelector: input[placeholder='Last Name']
21:01:41.820  INFO  manager.ListenerWD - Before find element --> By.cssSelector: input[placeholder='Phone']
21:01:41.833  INFO  manager.ListenerWD - After find element --> By.cssSelector: input[placeholder='Phone']
21:01:41.931  INFO  manager.ListenerWD - Before find element --> By.cssSelector: input[placeholder='email']
21:01:41.942  INFO  manager.ListenerWD - After find element --> By.cssSelector: input[placeholder='email']
21:01:42.050  INFO  manager.ListenerWD - Before find element --> By.cssSelector: input[placeholder='Address']
21:01:42.061  INFO  manager.ListenerWD - After find element --> By.cssSelector: input[placeholder='Address']
21:01:42.167  INFO  manager.ListenerWD - Before find element --> By.cssSelector: input[placeholder='description']
21:01:42.181  INFO  manager.ListenerWD - After find element --> By.cssSelector: input[placeholder='description']
21:01:42.273  INFO  manager.ListenerWD - Before find element --> By.xpath: //b[text()='Save']
21:01:42.287  INFO  manager.ListenerWD - After find element --> By.xpath: //b[text()='Save']
21:01:42.316  INFO  manager.ListenerWD - Before find elements --> By.cssSelector: h2
21:01:42.832  INFO  manager.ListenerWD - After find elements --> By.cssSelector: h2
21:01:42.833  INFO  manager.ListenerWD - List suze is --> 32
21:01:43.359  INFO  manager.ListenerWD - Before find elements --> By.cssSelector: h3
21:01:43.484  INFO  manager.ListenerWD - After find elements --> By.cssSelector: h3
21:01:43.485  INFO  manager.ListenerWD - List suze is --> 32
21:01:43.991  INFO  manager.ListenerTNG - onTestSuccessaddContactSuccessRequiredFields
21:01:43.992  INFO  tests.TestBase - The name of starts method is --->addNewContactWrongAddress
21:01:43.993  INFO  manager.ListenerWD - Before find elements --> By.xpath: //button[text()='Sign Out']
21:01:44.007  INFO  manager.ListenerWD - After find elements --> By.xpath: //button[text()='Sign Out']
21:01:44.007  INFO  manager.ListenerWD - List suze is --> 1
21:01:44.008  INFO  manager.ListenerTNG - onTestStart ---addNewContactWrongAddress
21:01:44.008  INFO  manager.ListenerWD - Before find element --> By.cssSelector: a[href='/add']
21:01:44.022  INFO  manager.ListenerWD - After find element --> By.cssSelector: a[href='/add']
21:01:44.053  INFO  manager.ListenerWD - Before find element --> By.cssSelector: input[placeholder='Name']
21:01:44.066  INFO  manager.ListenerWD - After find element --> By.cssSelector: input[placeholder='Name']
21:01:44.186  INFO  manager.ListenerWD - Before find element --> By.cssSelector: input[placeholder='Last Name']
21:01:44.196  INFO  manager.ListenerWD - After find element --> By.cssSelector: input[placeholder='Last Name']
21:01:44.299  INFO  manager.ListenerWD - Before find element --> By.cssSelector: input[placeholder='Phone']
21:01:44.308  INFO  manager.ListenerWD - After find element --> By.cssSelector: input[placeholder='Phone']
21:01:44.442  INFO  manager.ListenerWD - Before find element --> By.cssSelector: input[placeholder='email']
21:01:44.451  INFO  manager.ListenerWD - After find element --> By.cssSelector: input[placeholder='email']
21:01:44.590  INFO  manager.ListenerWD - Before find element --> By.cssSelector: input[placeholder='Address']
21:01:44.599  INFO  manager.ListenerWD - After find element --> By.cssSelector: input[placeholder='Address']
21:01:44.703  INFO  manager.ListenerWD - Before find element --> By.cssSelector: input[placeholder='description']
21:01:44.711  INFO  manager.ListenerWD - After find element --> By.cssSelector: input[placeholder='description']
21:01:44.814  INFO  manager.ListenerWD - Before find element --> By.xpath: //b[text()='Save']
21:01:44.822  INFO  manager.ListenerWD - After find element --> By.xpath: //b[text()='Save']
21:01:44.850  INFO  manager.ListenerWD - Before find elements --> By.cssSelector: a.active[href='/add']
21:01:44.867  INFO  manager.ListenerWD - After find elements --> By.cssSelector: a.active[href='/add']
21:01:44.867  INFO  manager.ListenerWD - List suze is --> 1
21:01:44.868  INFO  manager.ListenerTNG - onTestSuccessaddNewContactWrongAddress
21:01:44.869  INFO  tests.TestBase - The name of starts method is --->addNewContactWrongEmail
21:01:44.869  INFO  manager.ListenerWD - Before find elements --> By.xpath: //button[text()='Sign Out']
21:01:44.881  INFO  manager.ListenerWD - After find elements --> By.xpath: //button[text()='Sign Out']
21:01:44.881  INFO  manager.ListenerWD - List suze is --> 1
21:01:44.882  INFO  manager.ListenerTNG - onTestStart ---addNewContactWrongEmail
21:01:44.882  INFO  manager.ListenerWD - Before find element --> By.cssSelector: a[href='/add']
21:01:44.896  INFO  manager.ListenerWD - After find element --> By.cssSelector: a[href='/add']
21:01:44.925  INFO  manager.ListenerWD - Before find element --> By.cssSelector: input[placeholder='Name']
21:01:44.939  INFO  manager.ListenerWD - After find element --> By.cssSelector: input[placeholder='Name']
21:01:45.033  INFO  manager.ListenerWD - Before find element --> By.cssSelector: input[placeholder='Last Name']
21:01:45.043  INFO  manager.ListenerWD - After find element --> By.cssSelector: input[placeholder='Last Name']
21:01:45.148  INFO  manager.ListenerWD - Before find element --> By.cssSelector: input[placeholder='Phone']
21:01:45.157  INFO  manager.ListenerWD - After find element --> By.cssSelector: input[placeholder='Phone']
21:01:45.292  INFO  manager.ListenerWD - Before find element --> By.cssSelector: input[placeholder='email']
21:01:45.308  INFO  manager.ListenerWD - After find element --> By.cssSelector: input[placeholder='email']
21:01:45.412  INFO  manager.ListenerWD - Before find element --> By.cssSelector: input[placeholder='Address']
21:01:45.423  INFO  manager.ListenerWD - After find element --> By.cssSelector: input[placeholder='Address']
21:01:45.503  INFO  manager.ListenerWD - Before find element --> By.cssSelector: input[placeholder='description']
21:01:45.512  INFO  manager.ListenerWD - After find element --> By.cssSelector: input[placeholder='description']
21:01:45.670  INFO  manager.ListenerWD - Before find element --> By.xpath: //b[text()='Save']
21:01:45.682  INFO  manager.ListenerWD - After find element --> By.xpath: //b[text()='Save']
21:01:45.712  INFO  manager.ListenerWD - The have a 'problem'
21:01:45.712  INFO  manager.ListenerWD - ******************
21:01:45.712  INFO  manager.ListenerWD - Method method ---> alert
21:01:45.713  INFO  manager.ListenerWD - ******************
21:01:45.714  INFO  manager.ListenerWD - InvocationTargetException getTargetException()org.openqa.selenium.NoAlertPresentException: no such alert
  (Session info: chrome=109.0.5414.120)
Build info: version: '4.7.1', revision: 'c6795baf1a3'
System info: os.name: 'Windows 11', os.arch: 'amd64', os.version: '10.0', java.version: '11.0.17'
Driver info: org.openqa.selenium.chrome.ChromeDriver
Command: [c3fe306f0977e44ebfc244f46eca548a, getAlertText {}]
Capabilities {acceptInsecureCerts: false, browserName: chrome, browserVersion: 109.0.5414.120, chrome: {chromedriverVersion: 109.0.5414.74 (e7c5703604da..., userDataDir: C:\Users\eduar\AppData\Loca...}, goog:chromeOptions: {debuggerAddress: localhost:64602}, networkConnectionEnabled: false, pageLoadStrategy: normal, platformName: WINDOWS, proxy: Proxy(), se:cdp: ws://localhost:64602/devtoo..., se:cdpVersion: 109.0.5414.120, setWindowRect: true, strictFileInteractability: false, timeouts: {implicit: 0, pageLoad: 300000, script: 30000}, unhandledPromptBehavior: dismiss and notify, webauthn:extension:credBlob: true, webauthn:extension:largeBlob: true, webauthn:virtualAuthenticators: true}
Session ID: c3fe306f0977e44ebfc244f46eca548a
21:01:45.714  INFO  manager.ListenerWD - ******************
21:01:45.714  INFO  manager.ListenerWD - Object target --->org.openqa.selenium.remote.RemoteWebDriver$RemoteTargetLocator@1552da16
21:01:45.714  INFO  manager.ListenerWD - ******************
21:01:46.265  INFO  manager.ListenerTNG - onTestSuccessaddNewContactWrongEmail
21:01:46.267  INFO  tests.TestBase - The name of starts method is --->addNewContactWrongLastName
21:01:46.269  INFO  manager.ListenerWD - Before find elements --> By.xpath: //button[text()='Sign Out']
21:01:46.294  INFO  manager.ListenerWD - After find elements --> By.xpath: //button[text()='Sign Out']
21:01:46.296  INFO  manager.ListenerWD - List suze is --> 1
21:01:46.297  INFO  manager.ListenerTNG - onTestStart ---addNewContactWrongLastName
21:01:46.298  INFO  manager.ListenerWD - Before find element --> By.cssSelector: a[href='/add']
21:01:46.318  INFO  manager.ListenerWD - After find element --> By.cssSelector: a[href='/add']
21:01:46.357  INFO  manager.ListenerWD - Before find element --> By.cssSelector: input[placeholder='Name']
21:01:46.372  INFO  manager.ListenerWD - After find element --> By.cssSelector: input[placeholder='Name']
21:01:46.469  INFO  manager.ListenerWD - Before find element --> By.cssSelector: input[placeholder='Last Name']
21:01:46.478  INFO  manager.ListenerWD - After find element --> By.cssSelector: input[placeholder='Last Name']
21:01:46.582  INFO  manager.ListenerWD - Before find element --> By.cssSelector: input[placeholder='Phone']
21:01:46.591  INFO  manager.ListenerWD - After find element --> By.cssSelector: input[placeholder='Phone']
21:01:46.685  INFO  manager.ListenerWD - Before find element --> By.cssSelector: input[placeholder='email']
21:01:46.694  INFO  manager.ListenerWD - After find element --> By.cssSelector: input[placeholder='email']
21:01:46.784  INFO  manager.ListenerWD - Before find element --> By.cssSelector: input[placeholder='Address']
21:01:46.792  INFO  manager.ListenerWD - After find element --> By.cssSelector: input[placeholder='Address']
21:01:46.896  INFO  manager.ListenerWD - Before find element --> By.cssSelector: input[placeholder='description']
21:01:46.909  INFO  manager.ListenerWD - After find element --> By.cssSelector: input[placeholder='description']
21:01:47.071  INFO  manager.ListenerWD - Before find element --> By.xpath: //b[text()='Save']
21:01:47.081  INFO  manager.ListenerWD - After find element --> By.xpath: //b[text()='Save']
21:01:47.100  INFO  manager.ListenerWD - Before find elements --> By.cssSelector: a.active[href='/add']
21:01:47.113  INFO  manager.ListenerWD - After find elements --> By.cssSelector: a.active[href='/add']
21:01:47.113  INFO  manager.ListenerWD - List suze is --> 1
21:01:47.113  INFO  manager.ListenerTNG - onTestSuccessaddNewContactWrongLastName
21:01:47.114  INFO  tests.TestBase - The name of starts method is --->addNewContactWrongName
21:01:47.114  INFO  manager.ListenerWD - Before find elements --> By.xpath: //button[text()='Sign Out']
21:01:47.130  INFO  manager.ListenerWD - After find elements --> By.xpath: //button[text()='Sign Out']
21:01:47.130  INFO  manager.ListenerWD - List suze is --> 1
21:01:47.130  INFO  manager.ListenerTNG - onTestStart ---addNewContactWrongName
21:01:47.131  INFO  manager.ListenerWD - Before find element --> By.cssSelector: a[href='/add']
21:01:47.147  INFO  manager.ListenerWD - After find element --> By.cssSelector: a[href='/add']
21:01:47.175  INFO  manager.ListenerWD - Before find element --> By.cssSelector: input[placeholder='Name']
21:01:47.188  INFO  manager.ListenerWD - After find element --> By.cssSelector: input[placeholder='Name']
21:01:47.272  INFO  manager.ListenerWD - Before find element --> By.cssSelector: input[placeholder='Last Name']
21:01:47.281  INFO  manager.ListenerWD - After find element --> By.cssSelector: input[placeholder='Last Name']
21:01:47.370  INFO  manager.ListenerWD - Before find element --> By.cssSelector: input[placeholder='Phone']
21:01:47.380  INFO  manager.ListenerWD - After find element --> By.cssSelector: input[placeholder='Phone']
21:01:47.468  INFO  manager.ListenerWD - Before find element --> By.cssSelector: input[placeholder='email']
21:01:47.476  INFO  manager.ListenerWD - After find element --> By.cssSelector: input[placeholder='email']
21:01:47.568  INFO  manager.ListenerWD - Before find element --> By.cssSelector: input[placeholder='Address']
21:01:47.576  INFO  manager.ListenerWD - After find element --> By.cssSelector: input[placeholder='Address']
21:01:47.652  INFO  manager.ListenerWD - Before find element --> By.cssSelector: input[placeholder='description']
21:01:47.661  INFO  manager.ListenerWD - After find element --> By.cssSelector: input[placeholder='description']
21:01:47.750  INFO  manager.ListenerWD - Before find element --> By.xpath: //b[text()='Save']
21:01:47.760  INFO  manager.ListenerWD - After find element --> By.xpath: //b[text()='Save']
21:01:47.774  INFO  manager.ListenerWD - Before find elements --> By.cssSelector: a.active[href='/add']
21:01:47.781  INFO  manager.ListenerWD - After find elements --> By.cssSelector: a.active[href='/add']
21:01:47.782  INFO  manager.ListenerWD - List suze is --> 1
21:01:47.782  INFO  manager.ListenerTNG - onTestSuccessaddNewContactWrongName
21:01:47.782  INFO  tests.TestBase - The name of starts method is --->addNewContactWrongPhone
21:01:47.783  INFO  manager.ListenerWD - Before find elements --> By.xpath: //button[text()='Sign Out']
21:01:47.790  INFO  manager.ListenerWD - After find elements --> By.xpath: //button[text()='Sign Out']
21:01:47.790  INFO  manager.ListenerWD - List suze is --> 1
21:01:47.790  INFO  manager.ListenerTNG - onTestStart ---addNewContactWrongPhone
21:01:55.801  INFO  manager.ListenerWD - Before find element --> By.cssSelector: a[href='/add']
21:01:55.811  INFO  manager.ListenerWD - After find element --> By.cssSelector: a[href='/add']
21:01:55.833  INFO  manager.ListenerWD - Before find element --> By.cssSelector: input[placeholder='Name']
21:01:55.843  INFO  manager.ListenerWD - After find element --> By.cssSelector: input[placeholder='Name']
21:01:55.939  INFO  manager.ListenerWD - Before find element --> By.cssSelector: input[placeholder='Last Name']
21:01:55.949  INFO  manager.ListenerWD - After find element --> By.cssSelector: input[placeholder='Last Name']
21:01:56.053  INFO  manager.ListenerWD - Before find element --> By.cssSelector: input[placeholder='Phone']
21:01:56.067  INFO  manager.ListenerWD - After find element --> By.cssSelector: input[placeholder='Phone']
21:01:56.208  INFO  manager.ListenerWD - Before find element --> By.cssSelector: input[placeholder='email']
21:01:56.226  INFO  manager.ListenerWD - After find element --> By.cssSelector: input[placeholder='email']
21:01:56.378  INFO  manager.ListenerWD - Before find element --> By.cssSelector: input[placeholder='Address']
21:01:56.391  INFO  manager.ListenerWD - After find element --> By.cssSelector: input[placeholder='Address']
21:01:56.524  INFO  manager.ListenerWD - Before find element --> By.cssSelector: input[placeholder='description']
21:01:56.541  INFO  manager.ListenerWD - After find element --> By.cssSelector: input[placeholder='description']
21:01:56.691  INFO  manager.ListenerWD - Before find element --> By.xpath: //b[text()='Save']
21:01:56.703  INFO  manager.ListenerWD - After find element --> By.xpath: //b[text()='Save']
21:01:56.728  INFO  manager.ListenerWD - Before find elements --> By.cssSelector: a.active[href='/add']
21:01:56.740  INFO  manager.ListenerWD - After find elements --> By.cssSelector: a.active[href='/add']
21:01:56.740  INFO  manager.ListenerWD - List suze is --> 1
21:02:01.768  INFO  manager.ListenerTNG - onTestSuccessaddNewContactWrongPhone
21:02:01.774  INFO  tests.TestBase - The name of starts method is --->loginSuccess
21:02:01.775  INFO  manager.ListenerWD - Before find elements --> By.xpath: //button[text()='Sign Out']
21:02:01.787  INFO  manager.ListenerWD - After find elements --> By.xpath: //button[text()='Sign Out']
21:02:01.787  INFO  manager.ListenerWD - List suze is --> 1
21:02:01.787  INFO  manager.ListenerWD - Before find element --> By.xpath: //button[text()='Sign Out']
21:02:01.802  INFO  manager.ListenerWD - After find element --> By.xpath: //button[text()='Sign Out']
21:02:01.834  INFO  tests.TestBase -  I need logout
21:02:01.835  INFO  manager.ListenerTNG - onTestStart ---loginSuccess
21:02:01.836  INFO  tests.TestBase - Login with valid data :  email: noa@gmail.com & password: Nnoa12345$
21:02:01.836  INFO  manager.ListenerWD - Before find element --> By.cssSelector: a[href='/login']
21:02:01.851  INFO  manager.ListenerWD - After find element --> By.cssSelector: a[href='/login']
21:02:01.865  INFO  manager.ListenerWD - Before find element --> By.cssSelector: a[href='/login']
21:02:01.876  INFO  manager.ListenerWD - After find element --> By.cssSelector: a[href='/login']
21:02:01.901  INFO  manager.ListenerWD - Before find element --> By.name: email
21:02:01.912  INFO  manager.ListenerWD - After find element --> By.name: email
21:02:02.007  INFO  manager.ListenerWD - Before find element --> By.name: password
21:02:02.018  INFO  manager.ListenerWD - After find element --> By.name: password
21:02:02.114  INFO  manager.ListenerWD - Before find element --> By.cssSelector: [name='login']
21:02:02.125  INFO  manager.ListenerWD - After find element --> By.cssSelector: [name='login']
21:02:02.146  INFO  manager.ListenerWD - Before find elements --> By.xpath: //button[text()='Sign Out']
21:02:02.470  INFO  manager.ListenerWD - After find elements --> By.xpath: //button[text()='Sign Out']
21:02:02.471  INFO  manager.ListenerWD - List suze is --> 1
21:02:02.471  INFO  tests.TestBase - Tests success
21:02:02.471  INFO  manager.ListenerTNG - onTestSuccessloginSuccess
21:02:02.472  INFO  tests.TestBase - The name of starts method is --->loginSuccess
21:02:02.473  INFO  manager.ListenerWD - Before find elements --> By.xpath: //button[text()='Sign Out']
21:02:02.491  INFO  manager.ListenerWD - After find elements --> By.xpath: //button[text()='Sign Out']
21:02:02.492  INFO  manager.ListenerWD - List suze is --> 1
21:02:02.492  INFO  manager.ListenerWD - Before find element --> By.xpath: //button[text()='Sign Out']
21:02:02.505  INFO  manager.ListenerWD - After find element --> By.xpath: //button[text()='Sign Out']
21:02:02.541  INFO  tests.TestBase -  I need logout
21:02:02.541  INFO  manager.ListenerTNG - onTestStart ---loginSuccess
21:02:02.542  INFO  tests.TestBase - Login with valid data :  email: sonya@gmail.com & password: Ss12345$
21:02:02.542  INFO  manager.ListenerWD - Before find element --> By.cssSelector: a[href='/login']
21:02:02.554  INFO  manager.ListenerWD - After find element --> By.cssSelector: a[href='/login']
21:02:02.566  INFO  manager.ListenerWD - Before find element --> By.cssSelector: a[href='/login']
21:02:02.582  INFO  manager.ListenerWD - After find element --> By.cssSelector: a[href='/login']
21:02:02.609  INFO  manager.ListenerWD - Before find element --> By.name: email
21:02:02.617  INFO  manager.ListenerWD - After find element --> By.name: email
21:02:02.739  INFO  manager.ListenerWD - Before find element --> By.name: password
21:02:02.747  INFO  manager.ListenerWD - After find element --> By.name: password
21:02:02.851  INFO  manager.ListenerWD - Before find element --> By.cssSelector: [name='login']
21:02:02.859  INFO  manager.ListenerWD - After find element --> By.cssSelector: [name='login']
21:02:02.880  INFO  manager.ListenerWD - Before find elements --> By.xpath: //button[text()='Sign Out']
21:02:03.200  INFO  manager.ListenerWD - After find elements --> By.xpath: //button[text()='Sign Out']
21:02:03.200  INFO  manager.ListenerWD - List suze is --> 1
21:02:03.200  INFO  tests.TestBase - Tests success
21:02:03.200  INFO  manager.ListenerTNG - onTestSuccessloginSuccess
21:02:03.201  INFO  tests.TestBase - The name of starts method is --->loginSuccess
21:02:03.201  INFO  manager.ListenerWD - Before find elements --> By.xpath: //button[text()='Sign Out']
21:02:03.210  INFO  manager.ListenerWD - After find elements --> By.xpath: //button[text()='Sign Out']
21:02:03.210  INFO  manager.ListenerWD - List suze is --> 1
21:02:03.210  INFO  manager.ListenerWD - Before find element --> By.xpath: //button[text()='Sign Out']
21:02:03.219  INFO  manager.ListenerWD - After find element --> By.xpath: //button[text()='Sign Out']
21:02:03.242  INFO  tests.TestBase -  I need logout
21:02:03.243  INFO  manager.ListenerTNG - onTestStart ---loginSuccess
21:02:03.243  INFO  tests.TestBase - Login with valid data :  email: noa@gmail.com & password: Nnoa12345$
21:02:03.243  INFO  manager.ListenerWD - Before find element --> By.cssSelector: a[href='/login']
21:02:03.252  INFO  manager.ListenerWD - After find element --> By.cssSelector: a[href='/login']
21:02:03.261  INFO  manager.ListenerWD - Before find element --> By.cssSelector: a[href='/login']
21:02:03.268  INFO  manager.ListenerWD - After find element --> By.cssSelector: a[href='/login']
21:02:03.289  INFO  manager.ListenerWD - Before find element --> By.name: email
21:02:03.298  INFO  manager.ListenerWD - After find element --> By.name: email
21:02:03.401  INFO  manager.ListenerWD - Before find element --> By.name: password
21:02:03.409  INFO  manager.ListenerWD - After find element --> By.name: password
21:02:03.505  INFO  manager.ListenerWD - Before find element --> By.cssSelector: [name='login']
21:02:03.514  INFO  manager.ListenerWD - After find element --> By.cssSelector: [name='login']
21:02:03.535  INFO  manager.ListenerWD - Before find elements --> By.xpath: //button[text()='Sign Out']
21:02:03.852  INFO  manager.ListenerWD - After find elements --> By.xpath: //button[text()='Sign Out']
21:02:03.852  INFO  manager.ListenerWD - List suze is --> 1
21:02:03.852  INFO  tests.TestBase - Tests success
21:02:03.853  INFO  manager.ListenerTNG - onTestSuccessloginSuccess
21:02:03.854  INFO  tests.TestBase - The name of starts method is --->loginSuccess2
21:02:03.854  INFO  manager.ListenerWD - Before find elements --> By.xpath: //button[text()='Sign Out']
21:02:03.866  INFO  manager.ListenerWD - After find elements --> By.xpath: //button[text()='Sign Out']
21:02:03.866  INFO  manager.ListenerWD - List suze is --> 1
21:02:03.866  INFO  manager.ListenerWD - Before find element --> By.xpath: //button[text()='Sign Out']
21:02:03.878  INFO  manager.ListenerWD - After find element --> By.xpath: //button[text()='Sign Out']
21:02:03.901  INFO  tests.TestBase -  I need logout
21:02:03.902  INFO  manager.ListenerTNG - onTestStart ---loginSuccess2
21:02:03.902  INFO  tests.TestBase - Login with valid data :  email: noa@gmail.com & password: Nnoa12345$
21:02:03.902  INFO  manager.ListenerWD - Before find element --> By.cssSelector: a[href='/login']
21:02:03.911  INFO  manager.ListenerWD - After find element --> By.cssSelector: a[href='/login']
21:02:03.920  INFO  manager.ListenerWD - Before find element --> By.cssSelector: a[href='/login']
21:02:03.928  INFO  manager.ListenerWD - After find element --> By.cssSelector: a[href='/login']
21:02:03.950  INFO  manager.ListenerWD - Before find element --> By.name: email
21:02:03.958  INFO  manager.ListenerWD - After find element --> By.name: email
21:02:04.055  INFO  manager.ListenerWD - Before find element --> By.name: password
21:02:04.064  INFO  manager.ListenerWD - After find element --> By.name: password
21:02:04.163  INFO  manager.ListenerWD - Before find element --> By.cssSelector: [name='login']
21:02:04.170  INFO  manager.ListenerWD - After find element --> By.cssSelector: [name='login']
21:02:04.193  INFO  manager.ListenerWD - Before find elements --> By.xpath: //button[text()='Sign Out']
21:02:04.462  INFO  manager.ListenerWD - After find elements --> By.xpath: //button[text()='Sign Out']
21:02:04.463  INFO  manager.ListenerWD - List suze is --> 1
21:02:04.463  INFO  tests.TestBase - Tests success
21:02:04.463  INFO  manager.ListenerTNG - onTestSuccessloginSuccess2
21:02:04.464  INFO  tests.TestBase - The name of starts method is --->loginSuccess2
21:02:04.464  INFO  manager.ListenerWD - Before find elements --> By.xpath: //button[text()='Sign Out']
21:02:04.475  INFO  manager.ListenerWD - After find elements --> By.xpath: //button[text()='Sign Out']
21:02:04.475  INFO  manager.ListenerWD - List suze is --> 1
21:02:04.475  INFO  manager.ListenerWD - Before find element --> By.xpath: //button[text()='Sign Out']
21:02:04.482  INFO  manager.ListenerWD - After find element --> By.xpath: //button[text()='Sign Out']
21:02:04.510  INFO  tests.TestBase -  I need logout
21:02:04.510  INFO  manager.ListenerTNG - onTestStart ---loginSuccess2
21:02:04.511  INFO  tests.TestBase - Login with valid data :  email: sonya@gmail.com & password: Ss12345$
21:02:04.511  INFO  manager.ListenerWD - Before find element --> By.cssSelector: a[href='/login']
21:02:04.519  INFO  manager.ListenerWD - After find element --> By.cssSelector: a[href='/login']
21:02:04.528  INFO  manager.ListenerWD - Before find element --> By.cssSelector: a[href='/login']
21:02:04.536  INFO  manager.ListenerWD - After find element --> By.cssSelector: a[href='/login']
21:02:04.560  INFO  manager.ListenerWD - Before find element --> By.name: email
21:02:04.569  INFO  manager.ListenerWD - After find element --> By.name: email
21:02:04.676  INFO  manager.ListenerWD - Before find element --> By.name: password
21:02:04.684  INFO  manager.ListenerWD - After find element --> By.name: password
21:02:04.781  INFO  manager.ListenerWD - Before find element --> By.cssSelector: [name='login']
21:02:04.788  INFO  manager.ListenerWD - After find element --> By.cssSelector: [name='login']
21:02:04.810  INFO  manager.ListenerWD - Before find elements --> By.xpath: //button[text()='Sign Out']
21:02:05.124  INFO  manager.ListenerWD - After find elements --> By.xpath: //button[text()='Sign Out']
21:02:05.124  INFO  manager.ListenerWD - List suze is --> 1
21:02:05.124  INFO  tests.TestBase - Tests success
21:02:05.124  INFO  manager.ListenerTNG - onTestSuccessloginSuccess2
21:02:05.124  INFO  tests.TestBase - The name of starts method is --->loginSuccess2
21:02:05.125  INFO  manager.ListenerWD - Before find elements --> By.xpath: //button[text()='Sign Out']
21:02:05.135  INFO  manager.ListenerWD - After find elements --> By.xpath: //button[text()='Sign Out']
21:02:05.135  INFO  manager.ListenerWD - List suze is --> 1
21:02:05.136  INFO  manager.ListenerWD - Before find element --> By.xpath: //button[text()='Sign Out']
21:02:05.145  INFO  manager.ListenerWD - After find element --> By.xpath: //button[text()='Sign Out']
21:02:05.169  INFO  tests.TestBase -  I need logout
21:02:05.170  INFO  manager.ListenerTNG - onTestStart ---loginSuccess2
21:02:05.170  INFO  tests.TestBase - Login with valid data :  email: noa@gmail.com & password: Nnoa12345$
21:02:05.170  INFO  manager.ListenerWD - Before find element --> By.cssSelector: a[href='/login']
21:02:05.180  INFO  manager.ListenerWD - After find element --> By.cssSelector: a[href='/login']
21:02:05.190  INFO  manager.ListenerWD - Before find element --> By.cssSelector: a[href='/login']
21:02:05.198  INFO  manager.ListenerWD - After find element --> By.cssSelector: a[href='/login']
21:02:05.220  INFO  manager.ListenerWD - Before find element --> By.name: email
21:02:05.228  INFO  manager.ListenerWD - After find element --> By.name: email
21:02:05.329  INFO  manager.ListenerWD - Before find element --> By.name: password
21:02:05.337  INFO  manager.ListenerWD - After find element --> By.name: password
21:02:05.439  INFO  manager.ListenerWD - Before find element --> By.cssSelector: [name='login']
21:02:05.447  INFO  manager.ListenerWD - After find element --> By.cssSelector: [name='login']
21:02:05.469  INFO  manager.ListenerWD - Before find elements --> By.xpath: //button[text()='Sign Out']
21:02:05.788  INFO  manager.ListenerWD - After find elements --> By.xpath: //button[text()='Sign Out']
21:02:05.788  INFO  manager.ListenerWD - List suze is --> 1
21:02:05.788  INFO  tests.TestBase - Tests success
21:02:05.789  INFO  manager.ListenerTNG - onTestSuccessloginSuccess2
21:02:05.790  INFO  tests.TestBase - The name of starts method is --->loginSuccessModel
21:02:05.791  INFO  manager.ListenerWD - Before find elements --> By.xpath: //button[text()='Sign Out']
21:02:05.809  INFO  manager.ListenerWD - After find elements --> By.xpath: //button[text()='Sign Out']
21:02:05.809  INFO  manager.ListenerWD - List suze is --> 1
21:02:05.809  INFO  manager.ListenerWD - Before find element --> By.xpath: //button[text()='Sign Out']
21:02:05.825  INFO  manager.ListenerWD - After find element --> By.xpath: //button[text()='Sign Out']
21:02:05.854  INFO  tests.TestBase -  I need logout
21:02:05.854  INFO  manager.ListenerTNG - onTestStart ---loginSuccessModel
21:02:05.860  INFO  tests.TestBase - Tests start with user model ---User(email=noa@gmail.com, password=Nnoa12345$)
21:02:05.860  INFO  manager.ListenerWD - Before find element --> By.cssSelector: a[href='/login']
21:02:05.870  INFO  manager.ListenerWD - After find element --> By.cssSelector: a[href='/login']
21:02:05.880  INFO  manager.ListenerWD - Before find element --> By.cssSelector: a[href='/login']
21:02:05.888  INFO  manager.ListenerWD - After find element --> By.cssSelector: a[href='/login']
21:02:05.911  INFO  manager.ListenerWD - Before find element --> By.name: email
21:02:05.919  INFO  manager.ListenerWD - After find element --> By.name: email
21:02:06.016  INFO  manager.ListenerWD - Before find element --> By.name: password
21:02:06.023  INFO  manager.ListenerWD - After find element --> By.name: password
21:02:06.139  INFO  manager.ListenerWD - Before find element --> By.cssSelector: [name='login']
21:02:06.150  INFO  manager.ListenerWD - After find element --> By.cssSelector: [name='login']
21:02:06.174  INFO  manager.ListenerWD - Before find elements --> By.xpath: //button[text()='Sign Out']
21:02:06.447  INFO  manager.ListenerWD - After find elements --> By.xpath: //button[text()='Sign Out']
21:02:06.447  INFO  manager.ListenerWD - List suze is --> 1
21:02:06.448  INFO  manager.ListenerTNG - onTestSuccessloginSuccessModel
21:02:06.448  INFO  tests.TestBase - The name of starts method is --->loginSuccessModel
21:02:06.449  INFO  manager.ListenerWD - Before find elements --> By.xpath: //button[text()='Sign Out']
21:02:06.460  INFO  manager.ListenerWD - After find elements --> By.xpath: //button[text()='Sign Out']
21:02:06.460  INFO  manager.ListenerWD - List suze is --> 1
21:02:06.460  INFO  manager.ListenerWD - Before find element --> By.xpath: //button[text()='Sign Out']
21:02:06.467  INFO  manager.ListenerWD - After find element --> By.xpath: //button[text()='Sign Out']
21:02:06.497  INFO  tests.TestBase -  I need logout
21:02:06.497  INFO  manager.ListenerTNG - onTestStart ---loginSuccessModel
21:02:06.497  INFO  tests.TestBase - Tests start with user model ---User(email=sonya@gmail.com, password=Ss12345$)
21:02:06.497  INFO  manager.ListenerWD - Before find element --> By.cssSelector: a[href='/login']
21:02:06.505  INFO  manager.ListenerWD - After find element --> By.cssSelector: a[href='/login']
21:02:06.513  INFO  manager.ListenerWD - Before find element --> By.cssSelector: a[href='/login']
21:02:06.520  INFO  manager.ListenerWD - After find element --> By.cssSelector: a[href='/login']
21:02:06.544  INFO  manager.ListenerWD - Before find element --> By.name: email
21:02:06.552  INFO  manager.ListenerWD - After find element --> By.name: email
21:02:06.654  INFO  manager.ListenerWD - Before find element --> By.name: password
21:02:06.662  INFO  manager.ListenerWD - After find element --> By.name: password
21:02:06.763  INFO  manager.ListenerWD - Before find element --> By.cssSelector: [name='login']
21:02:06.770  INFO  manager.ListenerWD - After find element --> By.cssSelector: [name='login']
21:02:06.793  INFO  manager.ListenerWD - Before find elements --> By.xpath: //button[text()='Sign Out']
21:02:07.103  INFO  manager.ListenerWD - After find elements --> By.xpath: //button[text()='Sign Out']
21:02:07.103  INFO  manager.ListenerWD - List suze is --> 1
21:02:07.103  INFO  manager.ListenerTNG - onTestSuccessloginSuccessModel
21:02:07.103  INFO  tests.TestBase - The name of starts method is --->loginSuccessModel
21:02:07.104  INFO  manager.ListenerWD - Before find elements --> By.xpath: //button[text()='Sign Out']
21:02:07.114  INFO  manager.ListenerWD - After find elements --> By.xpath: //button[text()='Sign Out']
21:02:07.114  INFO  manager.ListenerWD - List suze is --> 1
21:02:07.114  INFO  manager.ListenerWD - Before find element --> By.xpath: //button[text()='Sign Out']
21:02:07.121  INFO  manager.ListenerWD - After find element --> By.xpath: //button[text()='Sign Out']
21:02:07.147  INFO  tests.TestBase -  I need logout
21:02:07.148  INFO  manager.ListenerTNG - onTestStart ---loginSuccessModel
21:02:07.148  INFO  tests.TestBase - Tests start with user model ---User(email=noa@gmail.com, password=Nnoa12345$)
21:02:07.148  INFO  manager.ListenerWD - Before find element --> By.cssSelector: a[href='/login']
21:02:07.158  INFO  manager.ListenerWD - After find element --> By.cssSelector: a[href='/login']
21:02:07.166  INFO  manager.ListenerWD - Before find element --> By.cssSelector: a[href='/login']
21:02:07.173  INFO  manager.ListenerWD - After find element --> By.cssSelector: a[href='/login']
21:02:07.199  INFO  manager.ListenerWD - Before find element --> By.name: email
21:02:07.206  INFO  manager.ListenerWD - After find element --> By.name: email
21:02:07.304  INFO  manager.ListenerWD - Before find element --> By.name: password
21:02:07.312  INFO  manager.ListenerWD - After find element --> By.name: password
21:02:07.416  INFO  manager.ListenerWD - Before find element --> By.cssSelector: [name='login']
21:02:07.423  INFO  manager.ListenerWD - After find element --> By.cssSelector: [name='login']
21:02:07.445  INFO  manager.ListenerWD - Before find elements --> By.xpath: //button[text()='Sign Out']
21:02:07.757  INFO  manager.ListenerWD - After find elements --> By.xpath: //button[text()='Sign Out']
21:02:07.758  INFO  manager.ListenerWD - List suze is --> 1
21:02:07.758  INFO  manager.ListenerTNG - onTestSuccessloginSuccessModel
21:02:07.760  INFO  tests.TestBase - The name of starts method is --->loginSuccessModelFromFile
21:02:07.760  INFO  manager.ListenerWD - Before find elements --> By.xpath: //button[text()='Sign Out']
21:02:07.771  INFO  manager.ListenerWD - After find elements --> By.xpath: //button[text()='Sign Out']
21:02:07.771  INFO  manager.ListenerWD - List suze is --> 1
21:02:07.771  INFO  manager.ListenerWD - Before find element --> By.xpath: //button[text()='Sign Out']
21:02:07.781  INFO  manager.ListenerWD - After find element --> By.xpath: //button[text()='Sign Out']
21:02:07.817  INFO  tests.TestBase -  I need logout
21:02:07.818  INFO  manager.ListenerTNG - onTestStart ---loginSuccessModelFromFile
21:02:07.818  INFO  tests.TestBase - Tests start with user model ---User(email=noa@gmail.com, password=Nnoa12345$)
21:02:07.818  INFO  manager.ListenerWD - Before find element --> By.cssSelector: a[href='/login']
21:02:07.832  INFO  manager.ListenerWD - After find element --> By.cssSelector: a[href='/login']
21:02:07.845  INFO  manager.ListenerWD - Before find element --> By.cssSelector: a[href='/login']
21:02:07.857  INFO  manager.ListenerWD - After find element --> By.cssSelector: a[href='/login']
21:02:07.882  INFO  manager.ListenerWD - Before find element --> By.name: email
21:02:07.891  INFO  manager.ListenerWD - After find element --> By.name: email
21:02:07.991  INFO  manager.ListenerWD - Before find element --> By.name: password
21:02:07.999  INFO  manager.ListenerWD - After find element --> By.name: password
21:02:08.096  INFO  manager.ListenerWD - Before find element --> By.cssSelector: [name='login']
21:02:08.104  INFO  manager.ListenerWD - After find element --> By.cssSelector: [name='login']
21:02:08.128  INFO  manager.ListenerWD - Before find elements --> By.xpath: //button[text()='Sign Out']
21:02:08.439  INFO  manager.ListenerWD - After find elements --> By.xpath: //button[text()='Sign Out']
21:02:08.439  INFO  manager.ListenerWD - List suze is --> 1
21:02:08.440  INFO  manager.ListenerTNG - onTestSuccessloginSuccessModelFromFile
21:02:08.440  INFO  tests.TestBase - The name of starts method is --->loginSuccessModelFromFile
21:02:08.440  INFO  manager.ListenerWD - Before find elements --> By.xpath: //button[text()='Sign Out']
21:02:08.449  INFO  manager.ListenerWD - After find elements --> By.xpath: //button[text()='Sign Out']
21:02:08.449  INFO  manager.ListenerWD - List suze is --> 1
21:02:08.449  INFO  manager.ListenerWD - Before find element --> By.xpath: //button[text()='Sign Out']
21:02:08.458  INFO  manager.ListenerWD - After find element --> By.xpath: //button[text()='Sign Out']
21:02:08.490  INFO  tests.TestBase -  I need logout
21:02:08.490  INFO  manager.ListenerTNG - onTestStart ---loginSuccessModelFromFile
21:02:08.491  INFO  tests.TestBase - Tests start with user model ---User(email=sonya@gmail.com, password=Ss12345$)
21:02:08.491  INFO  manager.ListenerWD - Before find element --> By.cssSelector: a[href='/login']
21:02:08.500  INFO  manager.ListenerWD - After find element --> By.cssSelector: a[href='/login']
21:02:08.510  INFO  manager.ListenerWD - Before find element --> By.cssSelector: a[href='/login']
21:02:08.517  INFO  manager.ListenerWD - After find element --> By.cssSelector: a[href='/login']
21:02:08.542  INFO  manager.ListenerWD - Before find element --> By.name: email
21:02:08.549  INFO  manager.ListenerWD - After find element --> By.name: email
21:02:08.650  INFO  manager.ListenerWD - Before find element --> By.name: password
21:02:08.658  INFO  manager.ListenerWD - After find element --> By.name: password
21:02:08.759  INFO  manager.ListenerWD - Before find element --> By.cssSelector: [name='login']
21:02:08.767  INFO  manager.ListenerWD - After find element --> By.cssSelector: [name='login']
21:02:08.792  INFO  manager.ListenerWD - Before find elements --> By.xpath: //button[text()='Sign Out']
21:02:09.114  INFO  manager.ListenerWD - After find elements --> By.xpath: //button[text()='Sign Out']
21:02:09.114  INFO  manager.ListenerWD - List suze is --> 1
21:02:09.114  INFO  manager.ListenerTNG - onTestSuccessloginSuccessModelFromFile
21:02:09.115  INFO  tests.TestBase - The name of starts method is --->loginSuccessModelFromFile
21:02:09.115  INFO  manager.ListenerWD - Before find elements --> By.xpath: //button[text()='Sign Out']
21:02:09.129  INFO  manager.ListenerWD - After find elements --> By.xpath: //button[text()='Sign Out']
21:02:09.129  INFO  manager.ListenerWD - List suze is --> 1
21:02:09.129  INFO  manager.ListenerWD - Before find element --> By.xpath: //button[text()='Sign Out']
21:02:09.140  INFO  manager.ListenerWD - After find element --> By.xpath: //button[text()='Sign Out']
21:02:09.171  INFO  tests.TestBase -  I need logout
21:02:09.171  INFO  manager.ListenerTNG - onTestStart ---loginSuccessModelFromFile
21:02:09.172  INFO  tests.TestBase - Tests start with user model ---User(email=noa@gmail.com, password=Nnoa12345$)
21:02:09.172  INFO  manager.ListenerWD - Before find element --> By.cssSelector: a[href='/login']
21:02:09.180  INFO  manager.ListenerWD - After find element --> By.cssSelector: a[href='/login']
21:02:09.189  INFO  manager.ListenerWD - Before find element --> By.cssSelector: a[href='/login']
21:02:09.195  INFO  manager.ListenerWD - After find element --> By.cssSelector: a[href='/login']
21:02:09.216  INFO  manager.ListenerWD - Before find element --> By.name: email
21:02:09.223  INFO  manager.ListenerWD - After find element --> By.name: email
21:02:09.318  INFO  manager.ListenerWD - Before find element --> By.name: password
21:02:09.326  INFO  manager.ListenerWD - After find element --> By.name: password
21:02:09.420  INFO  manager.ListenerWD - Before find element --> By.cssSelector: [name='login']
21:02:09.429  INFO  manager.ListenerWD - After find element --> By.cssSelector: [name='login']
21:02:09.454  INFO  manager.ListenerWD - Before find elements --> By.xpath: //button[text()='Sign Out']
21:02:09.721  INFO  manager.ListenerWD - After find elements --> By.xpath: //button[text()='Sign Out']
21:02:09.721  INFO  manager.ListenerWD - List suze is --> 1
21:02:09.721  INFO  manager.ListenerTNG - onTestSuccessloginSuccessModelFromFile
21:02:09.723  INFO  tests.TestBase - The name of starts method is --->loginSuccessNew
21:02:09.723  INFO  manager.ListenerWD - Before find elements --> By.xpath: //button[text()='Sign Out']
21:02:09.741  INFO  manager.ListenerWD - After find elements --> By.xpath: //button[text()='Sign Out']
21:02:09.741  INFO  manager.ListenerWD - List suze is --> 1
21:02:09.741  INFO  manager.ListenerWD - Before find element --> By.xpath: //button[text()='Sign Out']
21:02:09.751  INFO  manager.ListenerWD - After find element --> By.xpath: //button[text()='Sign Out']
21:02:09.790  INFO  tests.TestBase -  I need logout
21:02:09.791  INFO  manager.ListenerTNG - onTestStart ---loginSuccessNew
21:02:09.791  INFO  manager.ListenerWD - Before find element --> By.cssSelector: a[href='/login']
21:02:09.805  INFO  manager.ListenerWD - After find element --> By.cssSelector: a[href='/login']
21:02:09.816  INFO  manager.ListenerWD - Before find element --> By.cssSelector: a[href='/login']
21:02:09.826  INFO  manager.ListenerWD - After find element --> By.cssSelector: a[href='/login']
21:02:09.860  INFO  manager.ListenerWD - Before find element --> By.name: email
21:02:09.870  INFO  manager.ListenerWD - After find element --> By.name: email
21:02:10.023  INFO  manager.ListenerWD - Before find element --> By.name: password
21:02:10.036  INFO  manager.ListenerWD - After find element --> By.name: password
21:02:10.217  INFO  manager.ListenerWD - Before find element --> By.cssSelector: [name='login']
21:02:10.228  INFO  manager.ListenerWD - After find element --> By.cssSelector: [name='login']
21:02:19.278  INFO  manager.ListenerWD - Before find elements --> By.xpath: //button[text()='Sign Out']
21:02:19.298  INFO  manager.ListenerWD - After find elements --> By.xpath: //button[text()='Sign Out']
21:02:19.299  INFO  manager.ListenerWD - List suze is --> 1
21:02:19.299  INFO  manager.ListenerTNG - onTestSuccessloginSuccessNew
21:02:19.300  INFO  tests.TestBase - The name of starts method is --->loginUnregisterUser
21:02:19.300  INFO  manager.ListenerWD - Before find elements --> By.xpath: //button[text()='Sign Out']
21:02:19.317  INFO  manager.ListenerWD - After find elements --> By.xpath: //button[text()='Sign Out']
21:02:19.318  INFO  manager.ListenerWD - List suze is --> 1
21:02:19.318  INFO  manager.ListenerWD - Before find element --> By.xpath: //button[text()='Sign Out']
21:02:19.331  INFO  manager.ListenerWD - After find element --> By.xpath: //button[text()='Sign Out']
21:02:19.365  INFO  tests.TestBase -  I need logout
21:02:19.365  INFO  manager.ListenerTNG - onTestStart ---loginUnregisterUser
21:02:19.365  INFO  manager.ListenerWD - Before find element --> By.cssSelector: a[href='/login']
21:02:19.374  INFO  manager.ListenerWD - After find element --> By.cssSelector: a[href='/login']
21:02:19.383  INFO  manager.ListenerWD - Before find element --> By.cssSelector: a[href='/login']
21:02:19.400  INFO  manager.ListenerWD - After find element --> By.cssSelector: a[href='/login']
21:02:19.428  INFO  manager.ListenerWD - Before find element --> By.name: email
21:02:19.443  INFO  manager.ListenerWD - After find element --> By.name: email
21:02:19.550  INFO  manager.ListenerWD - Before find element --> By.name: password
21:02:19.559  INFO  manager.ListenerWD - After find element --> By.name: password
21:02:19.692  INFO  manager.ListenerWD - Before find element --> By.cssSelector: [name='login']
21:02:19.699  INFO  manager.ListenerWD - After find element --> By.cssSelector: [name='login']
21:02:19.722  INFO  manager.ListenerWD - Before find elements --> By.xpath: //button[text()='Sign Out']
21:02:20.101  INFO  manager.ListenerWD - After find elements --> By.xpath: //button[text()='Sign Out']
21:02:20.101  INFO  manager.ListenerWD - List suze is --> 0
21:02:20.111  INFO  manager.ListenerTNG - onTestSuccessloginUnregisterUser
21:02:20.112  INFO  tests.TestBase - The name of starts method is --->loginWrongEmail
21:02:20.112  INFO  manager.ListenerWD - Before find elements --> By.xpath: //button[text()='Sign Out']
21:02:25.165  INFO  manager.ListenerWD - After find elements --> By.xpath: //button[text()='Sign Out']
21:02:25.165  INFO  manager.ListenerWD - List suze is --> 0
21:02:25.166  INFO  manager.ListenerTNG - onTestStart ---loginWrongEmail
21:02:25.166  INFO  manager.ListenerWD - Before find element --> By.cssSelector: a[href='/login']
21:02:25.182  INFO  manager.ListenerWD - After find element --> By.cssSelector: a[href='/login']
21:02:25.198  INFO  manager.ListenerWD - Before find element --> By.cssSelector: a[href='/login']
21:02:25.210  INFO  manager.ListenerWD - After find element --> By.cssSelector: a[href='/login']
21:02:25.238  INFO  manager.ListenerWD - Before find element --> By.name: email
21:02:25.247  INFO  manager.ListenerWD - After find element --> By.name: email
21:02:25.424  INFO  manager.ListenerWD - Before find element --> By.name: password
21:02:25.433  INFO  manager.ListenerWD - After find element --> By.name: password
21:02:25.577  INFO  manager.ListenerWD - Before find element --> By.cssSelector: [name='login']
21:02:25.585  INFO  manager.ListenerWD - After find element --> By.cssSelector: [name='login']
21:02:25.619  INFO  manager.ListenerWD - Before find elements --> By.xpath: //button[text()='Sign Out']
21:02:26.004  INFO  manager.ListenerWD - After find elements --> By.xpath: //button[text()='Sign Out']
21:02:26.004  INFO  manager.ListenerWD - List suze is --> 0
21:02:26.019  INFO  tests.TestBase - Error message is : 'Wrong email or password' 
21:02:26.019  INFO  manager.ListenerTNG - onTestSuccessloginWrongEmail
21:02:26.020  INFO  tests.TestBase - The name of starts method is --->loginWrongPassword
21:02:26.021  INFO  manager.ListenerWD - Before find elements --> By.xpath: //button[text()='Sign Out']
21:02:31.073  INFO  manager.ListenerWD - After find elements --> By.xpath: //button[text()='Sign Out']
21:02:31.073  INFO  manager.ListenerWD - List suze is --> 0
21:02:31.073  INFO  manager.ListenerTNG - onTestStart ---loginWrongPassword
21:02:31.073  INFO  manager.ListenerWD - Before find element --> By.cssSelector: a[href='/login']
21:02:31.079  INFO  manager.ListenerWD - After find element --> By.cssSelector: a[href='/login']
21:02:31.087  INFO  manager.ListenerWD - Before find element --> By.cssSelector: a[href='/login']
21:02:31.095  INFO  manager.ListenerWD - After find element --> By.cssSelector: a[href='/login']
21:02:31.114  INFO  manager.ListenerWD - Before find element --> By.name: email
21:02:31.122  INFO  manager.ListenerWD - After find element --> By.name: email
21:02:31.261  INFO  manager.ListenerWD - Before find element --> By.name: password
21:02:31.271  INFO  manager.ListenerWD - After find element --> By.name: password
21:02:31.425  INFO  manager.ListenerWD - Before find element --> By.cssSelector: [name='login']
21:02:31.440  INFO  manager.ListenerWD - After find element --> By.cssSelector: [name='login']
21:02:31.464  INFO  manager.ListenerWD - Before find elements --> By.xpath: //button[text()='Sign Out']
21:02:31.848  INFO  manager.ListenerWD - After find elements --> By.xpath: //button[text()='Sign Out']
21:02:31.848  INFO  manager.ListenerWD - List suze is --> 0
21:02:31.865  INFO  manager.ListenerTNG - onTestSuccessloginWrongPassword
21:02:31.866  INFO  tests.TestBase - The name of starts method is --->registrationSuccess
21:02:31.867  INFO  manager.ListenerWD - Before find elements --> By.xpath: //button[text()='Sign Out']
21:02:36.900  INFO  manager.ListenerWD - After find elements --> By.xpath: //button[text()='Sign Out']
21:02:36.900  INFO  manager.ListenerWD - List suze is --> 0
21:02:36.900  INFO  manager.ListenerTNG - onTestStart ---registrationSuccess
21:02:36.901  INFO  manager.ListenerWD - Before find element --> By.cssSelector: a[href='/login']
21:02:36.909  INFO  manager.ListenerWD - After find element --> By.cssSelector: a[href='/login']
21:02:36.917  INFO  manager.ListenerWD - Before find element --> By.cssSelector: a[href='/login']
21:02:36.925  INFO  manager.ListenerWD - After find element --> By.cssSelector: a[href='/login']
21:02:37.952  INFO  manager.ListenerWD - Before find element --> By.name: email
21:02:37.962  INFO  manager.ListenerWD - After find element --> By.name: email
21:02:38.091  INFO  manager.ListenerWD - Before find element --> By.name: password
21:02:38.097  INFO  manager.ListenerWD - After find element --> By.name: password
21:02:38.215  INFO  manager.ListenerWD - Before find element --> By.cssSelector: [name='registration']
21:02:38.230  INFO  manager.ListenerWD - After find element --> By.cssSelector: [name='registration']
21:02:46.256  INFO  manager.ListenerWD - Before find elements --> By.xpath: //button[text()='Sign Out']
21:02:46.258  INFO  manager.ListenerWD - The have a 'problem'
21:02:46.259  INFO  manager.ListenerWD - ******************
21:02:46.259  INFO  manager.ListenerWD - Method method ---> findElements
21:02:46.259  INFO  manager.ListenerWD - ******************
21:02:46.259  INFO  manager.ListenerWD - InvocationTargetException getTargetException()org.openqa.selenium.UnhandledAlertException: unexpected alert open: {Alert text : User already exist}
  (Session info: chrome=109.0.5414.120): User already exist
Build info: version: '4.7.1', revision: 'c6795baf1a3'
System info: os.name: 'Windows 11', os.arch: 'amd64', os.version: '10.0', java.version: '11.0.17'
Driver info: org.openqa.selenium.chrome.ChromeDriver
Command: [c3fe306f0977e44ebfc244f46eca548a, findElements {using=xpath, value=//button[text()='Sign Out']}]
Capabilities {acceptInsecureCerts: false, browserName: chrome, browserVersion: 109.0.5414.120, chrome: {chromedriverVersion: 109.0.5414.74 (e7c5703604da..., userDataDir: C:\Users\eduar\AppData\Loca...}, goog:chromeOptions: {debuggerAddress: localhost:64602}, networkConnectionEnabled: false, pageLoadStrategy: normal, platformName: WINDOWS, proxy: Proxy(), se:cdp: ws://localhost:64602/devtoo..., se:cdpVersion: 109.0.5414.120, setWindowRect: true, strictFileInteractability: false, timeouts: {implicit: 0, pageLoad: 300000, script: 30000}, unhandledPromptBehavior: dismiss and notify, webauthn:extension:credBlob: true, webauthn:extension:largeBlob: true, webauthn:virtualAuthenticators: true}
Session ID: c3fe306f0977e44ebfc244f46eca548a
21:02:46.259  INFO  manager.ListenerWD - ******************
21:02:46.259  INFO  manager.ListenerWD - Object target --->ChromeDriver: chrome on WINDOWS (c3fe306f0977e44ebfc244f46eca548a)
21:02:46.259  INFO  manager.ListenerWD - ******************
21:02:46.259  INFO  manager.ListenerWD - Screen with error is --->src/test/screenshots/screen-719.png
21:02:46.694  INFO  manager.ListenerTNG - onTestFailure ---registrationSuccess
21:02:46.695  INFO  tests.TestBase - The name of starts method is --->registrationUserAlreadyExists
21:02:46.695  INFO  manager.ListenerWD - Before find elements --> By.xpath: //button[text()='Sign Out']
21:02:51.731  INFO  manager.ListenerWD - After find elements --> By.xpath: //button[text()='Sign Out']
21:02:51.731  INFO  manager.ListenerWD - List suze is --> 0
21:02:51.731  INFO  manager.ListenerTNG - onTestStart ---registrationUserAlreadyExists
21:02:51.732  INFO  manager.ListenerWD - Before find element --> By.cssSelector: a[href='/login']
21:02:51.739  INFO  manager.ListenerWD - After find element --> By.cssSelector: a[href='/login']
21:02:51.748  INFO  manager.ListenerWD - Before find element --> By.cssSelector: a[href='/login']
21:02:51.757  INFO  manager.ListenerWD - After find element --> By.cssSelector: a[href='/login']
21:02:51.782  INFO  manager.ListenerWD - Before find element --> By.name: email
21:02:51.790  INFO  manager.ListenerWD - After find element --> By.name: email
21:02:51.900  INFO  manager.ListenerWD - Before find element --> By.name: password
21:02:51.908  INFO  manager.ListenerWD - After find element --> By.name: password
21:02:52.022  INFO  manager.ListenerWD - Before find element --> By.cssSelector: [name='registration']
21:02:52.030  INFO  manager.ListenerWD - After find element --> By.cssSelector: [name='registration']
21:02:52.063  INFO  manager.ListenerWD - The have a 'problem'
21:02:52.063  INFO  manager.ListenerWD - ******************
21:02:52.063  INFO  manager.ListenerWD - Method method ---> alert
21:02:52.063  INFO  manager.ListenerWD - ******************
21:02:52.063  INFO  manager.ListenerWD - InvocationTargetException getTargetException()org.openqa.selenium.NoAlertPresentException: no such alert
  (Session info: chrome=109.0.5414.120)
Build info: version: '4.7.1', revision: 'c6795baf1a3'
System info: os.name: 'Windows 11', os.arch: 'amd64', os.version: '10.0', java.version: '11.0.17'
Driver info: org.openqa.selenium.chrome.ChromeDriver
Command: [c3fe306f0977e44ebfc244f46eca548a, getAlertText {}]
Capabilities {acceptInsecureCerts: false, browserName: chrome, browserVersion: 109.0.5414.120, chrome: {chromedriverVersion: 109.0.5414.74 (e7c5703604da..., userDataDir: C:\Users\eduar\AppData\Loca...}, goog:chromeOptions: {debuggerAddress: localhost:64602}, networkConnectionEnabled: false, pageLoadStrategy: normal, platformName: WINDOWS, proxy: Proxy(), se:cdp: ws://localhost:64602/devtoo..., se:cdpVersion: 109.0.5414.120, setWindowRect: true, strictFileInteractability: false, timeouts: {implicit: 0, pageLoad: 300000, script: 30000}, unhandledPromptBehavior: dismiss and notify, webauthn:extension:credBlob: true, webauthn:extension:largeBlob: true, webauthn:virtualAuthenticators: true}
Session ID: c3fe306f0977e44ebfc244f46eca548a
21:02:52.063  INFO  manager.ListenerWD - ******************
21:02:52.063  INFO  manager.ListenerWD - Object target --->org.openqa.selenium.remote.RemoteWebDriver$RemoteTargetLocator@5f190cfe
21:02:52.063  INFO  manager.ListenerWD - ******************
21:02:52.595  INFO  manager.ListenerTNG - onTestSuccessregistrationUserAlreadyExists
21:02:52.596  INFO  tests.TestBase - The name of starts method is --->registrationWrongEmail
21:02:52.597  INFO  manager.ListenerWD - Before find elements --> By.xpath: //button[text()='Sign Out']
21:02:57.645  INFO  manager.ListenerWD - After find elements --> By.xpath: //button[text()='Sign Out']
21:02:57.645  INFO  manager.ListenerWD - List suze is --> 0
21:02:57.645  INFO  manager.ListenerTNG - onTestStart ---registrationWrongEmail
21:02:57.646  INFO  manager.ListenerWD - Before find element --> By.cssSelector: a[href='/login']
21:02:57.664  INFO  manager.ListenerWD - After find element --> By.cssSelector: a[href='/login']
21:02:57.681  INFO  manager.ListenerWD - Before find element --> By.cssSelector: a[href='/login']
21:02:57.698  INFO  manager.ListenerWD - After find element --> By.cssSelector: a[href='/login']
21:02:57.724  INFO  manager.ListenerWD - Before find element --> By.name: email
21:02:57.732  INFO  manager.ListenerWD - After find element --> By.name: email
21:02:57.829  INFO  manager.ListenerWD - Before find element --> By.name: password
21:02:57.836  INFO  manager.ListenerWD - After find element --> By.name: password
21:02:57.932  INFO  manager.ListenerWD - Before find element --> By.cssSelector: [name='registration']
21:02:57.940  INFO  manager.ListenerWD - After find element --> By.cssSelector: [name='registration']
21:02:57.967  INFO  manager.ListenerWD - The have a 'problem'
21:02:57.967  INFO  manager.ListenerWD - ******************
21:02:57.967  INFO  manager.ListenerWD - Method method ---> alert
21:02:57.967  INFO  manager.ListenerWD - ******************
21:02:57.967  INFO  manager.ListenerWD - InvocationTargetException getTargetException()org.openqa.selenium.NoAlertPresentException: no such alert
  (Session info: chrome=109.0.5414.120)
Build info: version: '4.7.1', revision: 'c6795baf1a3'
System info: os.name: 'Windows 11', os.arch: 'amd64', os.version: '10.0', java.version: '11.0.17'
Driver info: org.openqa.selenium.chrome.ChromeDriver
Command: [c3fe306f0977e44ebfc244f46eca548a, getAlertText {}]
Capabilities {acceptInsecureCerts: false, browserName: chrome, browserVersion: 109.0.5414.120, chrome: {chromedriverVersion: 109.0.5414.74 (e7c5703604da..., userDataDir: C:\Users\eduar\AppData\Loca...}, goog:chromeOptions: {debuggerAddress: localhost:64602}, networkConnectionEnabled: false, pageLoadStrategy: normal, platformName: WINDOWS, proxy: Proxy(), se:cdp: ws://localhost:64602/devtoo..., se:cdpVersion: 109.0.5414.120, setWindowRect: true, strictFileInteractability: false, timeouts: {implicit: 0, pageLoad: 300000, script: 30000}, unhandledPromptBehavior: dismiss and notify, webauthn:extension:credBlob: true, webauthn:extension:largeBlob: true, webauthn:virtualAuthenticators: true}
Session ID: c3fe306f0977e44ebfc244f46eca548a
21:02:57.967  INFO  manager.ListenerWD - ******************
21:02:57.967  INFO  manager.ListenerWD - Object target --->org.openqa.selenium.remote.RemoteWebDriver$RemoteTargetLocator@54ddd7e4
21:02:57.967  INFO  manager.ListenerWD - ******************
21:02:58.492  INFO  manager.ListenerTNG - onTestSuccessregistrationWrongEmail
21:02:58.494  INFO  tests.TestBase - The name of starts method is --->registrationWrongPassword
21:02:58.494  INFO  manager.ListenerWD - Before find elements --> By.xpath: //button[text()='Sign Out']
21:03:03.542  INFO  manager.ListenerWD - After find elements --> By.xpath: //button[text()='Sign Out']
21:03:03.542  INFO  manager.ListenerWD - List suze is --> 0
21:03:03.542  INFO  manager.ListenerTNG - onTestStart ---registrationWrongPassword
21:03:03.542  INFO  manager.ListenerWD - Before find element --> By.cssSelector: a[href='/login']
21:03:03.560  INFO  manager.ListenerWD - After find element --> By.cssSelector: a[href='/login']
21:03:03.575  INFO  manager.ListenerWD - Before find element --> By.cssSelector: a[href='/login']
21:03:03.585  INFO  manager.ListenerWD - After find element --> By.cssSelector: a[href='/login']
21:03:03.605  INFO  manager.ListenerWD - Before find element --> By.name: email
21:03:03.616  INFO  manager.ListenerWD - After find element --> By.name: email
21:03:03.722  INFO  manager.ListenerWD - Before find element --> By.name: password
21:03:03.730  INFO  manager.ListenerWD - After find element --> By.name: password
21:03:03.831  INFO  manager.ListenerWD - Before find element --> By.cssSelector: [name='registration']
21:03:03.839  INFO  manager.ListenerWD - After find element --> By.cssSelector: [name='registration']
21:03:03.864  INFO  manager.ListenerWD - The have a 'problem'
21:03:03.864  INFO  manager.ListenerWD - ******************
21:03:03.864  INFO  manager.ListenerWD - Method method ---> alert
21:03:03.864  INFO  manager.ListenerWD - ******************
21:03:03.864  INFO  manager.ListenerWD - InvocationTargetException getTargetException()org.openqa.selenium.NoAlertPresentException: no such alert
  (Session info: chrome=109.0.5414.120)
Build info: version: '4.7.1', revision: 'c6795baf1a3'
System info: os.name: 'Windows 11', os.arch: 'amd64', os.version: '10.0', java.version: '11.0.17'
Driver info: org.openqa.selenium.chrome.ChromeDriver
Command: [c3fe306f0977e44ebfc244f46eca548a, getAlertText {}]
Capabilities {acceptInsecureCerts: false, browserName: chrome, browserVersion: 109.0.5414.120, chrome: {chromedriverVersion: 109.0.5414.74 (e7c5703604da..., userDataDir: C:\Users\eduar\AppData\Loca...}, goog:chromeOptions: {debuggerAddress: localhost:64602}, networkConnectionEnabled: false, pageLoadStrategy: normal, platformName: WINDOWS, proxy: Proxy(), se:cdp: ws://localhost:64602/devtoo..., se:cdpVersion: 109.0.5414.120, setWindowRect: true, strictFileInteractability: false, timeouts: {implicit: 0, pageLoad: 300000, script: 30000}, unhandledPromptBehavior: dismiss and notify, webauthn:extension:credBlob: true, webauthn:extension:largeBlob: true, webauthn:virtualAuthenticators: true}
Session ID: c3fe306f0977e44ebfc244f46eca548a
21:03:03.865  INFO  manager.ListenerWD - ******************
21:03:03.865  INFO  manager.ListenerWD - Object target --->org.openqa.selenium.remote.RemoteWebDriver$RemoteTargetLocator@57fae911
21:03:03.865  INFO  manager.ListenerWD - ******************
21:03:04.392  INFO  manager.ListenerTNG - onTestSuccessregistrationWrongPassword
21:03:04.394  INFO  manager.ListenerTNG - onFinish ---Gradle test
