17:41:30.709  INFO  manager.ApplicationManager - All tests start in Chrome Browser
17:41:38.315  INFO  manager.ApplicationManager - Current Url -->https://telranedu.web.app/home
17:41:38.321  INFO  manager.ListenerTNG - onStart ---Gradle test
17:41:38.357  INFO  tests.TestBase - The name of starts method is --->loginSuccessNew
17:41:38.360  INFO  manager.ListenerWD - Before find elements --> By.xpath: //button[text()='Sign Out']
17:41:43.387  INFO  manager.ListenerWD - After find elements --> By.xpath: //button[text()='Sign Out']
17:41:43.394  INFO  manager.ListenerWD - List suze is --> 0
17:41:43.398  INFO  manager.ListenerTNG - onTestStart ---loginSuccessNew
17:41:43.406  INFO  manager.ListenerWD - Before find element --> By.cssSelector: a[href='/login']
17:41:43.467  INFO  manager.ListenerWD - After find element --> By.cssSelector: a[href='/login']
17:41:43.517  INFO  manager.ListenerWD - Before find element --> By.cssSelector: a[href='/login']
17:41:43.559  INFO  manager.ListenerWD - After find element --> By.cssSelector: a[href='/login']
17:41:43.625  INFO  manager.ListenerWD - Before find element --> By.name: email
17:41:43.659  INFO  manager.ListenerWD - After find element --> By.name: email
17:41:43.853  INFO  manager.ListenerWD - Before find element --> By.name: password
17:41:43.891  INFO  manager.ListenerWD - After find element --> By.name: password
17:41:44.101  INFO  manager.ListenerWD - Before find element --> By.cssSelector: [name='login']
17:41:44.144  INFO  manager.ListenerWD - After find element --> By.cssSelector: [name='login']
17:41:52.202  INFO  manager.ListenerWD - Before find elements --> By.xpath: //button[text()='Sign Out']
17:41:52.240  INFO  manager.ListenerWD - After find elements --> By.xpath: //button[text()='Sign Out']
17:41:52.240  INFO  manager.ListenerWD - List suze is --> 1
17:41:52.249  INFO  manager.ListenerTNG - onTestSuccessloginSuccessNew
17:41:52.256  INFO  manager.ListenerTNG - onFinish ---Gradle test
