17:59:41.261  INFO  manager.ApplicationManager - All tests start in Chrome Browser
17:59:54.686  INFO  manager.ApplicationManager - Current Url -->https://telranedu.web.app/home
17:59:54.728  INFO  tests.TestBase - The name of starts method is --->registrationFromFileSuccess
17:59:54.730  INFO  manager.ListenerWD - Before find elements --> By.xpath: //button[text()='Sign Out']
17:59:59.782  INFO  manager.ListenerWD - After find elements --> By.xpath: //button[text()='Sign Out']
17:59:59.782  INFO  manager.ListenerWD - List suze is --> 0
17:59:59.798  INFO  manager.ListenerWD - Before find element --> By.cssSelector: a[href='/login']
17:59:59.829  INFO  manager.ListenerWD - After find element --> By.cssSelector: a[href='/login']
17:59:59.862  INFO  manager.ListenerWD - Before find element --> By.cssSelector: a[href='/login']
17:59:59.877  INFO  manager.ListenerWD - After find element --> By.cssSelector: a[href='/login']
18:00:00.951  INFO  manager.ListenerWD - Before find element --> By.name: email
18:00:00.998  INFO  manager.ListenerWD - After find element --> By.name: email
18:00:01.133  INFO  manager.ListenerWD - Before find element --> By.name: password
18:00:01.151  INFO  manager.ListenerWD - After find element --> By.name: password
18:00:01.257  INFO  manager.ListenerWD - Before find element --> By.cssSelector: [name='registration']
18:00:01.266  INFO  manager.ListenerWD - After find element --> By.cssSelector: [name='registration']
18:00:09.311  INFO  manager.ListenerWD - Before find elements --> By.xpath: //button[text()='Sign Out']
18:00:14.364  INFO  manager.ListenerWD - After find elements --> By.xpath: //button[text()='Sign Out']
18:00:14.364  INFO  manager.ListenerWD - List suze is --> 0
18:00:14.364  INFO  tests.TestBase - The name of starts method is --->registrationFromFileSuccess
18:00:14.364  INFO  manager.ListenerWD - Before find elements --> By.xpath: //button[text()='Sign Out']
18:00:14.392  INFO  manager.ListenerWD - The have a 'problem'
18:00:14.392  INFO  manager.ListenerWD - ******************
18:00:14.392  INFO  manager.ListenerWD - Method method ---> findElements
18:00:14.392  INFO  manager.ListenerWD - ******************
18:00:14.396  INFO  manager.ListenerWD - InvocationTargetException getTargetException()org.openqa.selenium.UnhandledAlertException: unexpected alert open: {Alert text : User already exist}
  (Session info: chrome=110.0.5481.77): User already exist
Build info: version: '4.7.1', revision: 'c6795baf1a3'
System info: os.name: 'Windows 11', os.arch: 'amd64', os.version: '10.0', java.version: '11.0.17'
Driver info: org.openqa.selenium.chrome.ChromeDriver
Command: [5cd89e6b73b747912e076d0e2677400a, findElements {using=xpath, value=//button[text()='Sign Out']}]
Capabilities {acceptInsecureCerts: false, browserName: chrome, browserVersion: 110.0.5481.77, chrome: {chromedriverVersion: 109.0.5414.74 (e7c5703604da..., userDataDir: C:\Users\eduar\AppData\Loca...}, goog:chromeOptions: {debuggerAddress: localhost:59258}, networkConnectionEnabled: false, pageLoadStrategy: normal, platformName: WINDOWS, proxy: Proxy(), se:cdp: ws://localhost:59258/devtoo..., se:cdpVersion: 110.0.5481.77, setWindowRect: true, strictFileInteractability: false, timeouts: {implicit: 0, pageLoad: 300000, script: 30000}, unhandledPromptBehavior: dismiss and notify, webauthn:extension:credBlob: true, webauthn:extension:largeBlob: true, webauthn:virtualAuthenticators: true}
Session ID: 5cd89e6b73b747912e076d0e2677400a
18:00:14.397  INFO  manager.ListenerWD - ******************
18:00:14.397  INFO  manager.ListenerWD - Object target --->ChromeDriver: chrome on WINDOWS (5cd89e6b73b747912e076d0e2677400a)
18:00:14.397  INFO  manager.ListenerWD - ******************
18:00:14.400  INFO  manager.ListenerWD - Screen with error is --->src/test/screenshots/screen-644.png
18:00:14.814  INFO  tests.TestBase - The name of starts method is --->registrationFromFileSuccess
18:00:14.814  INFO  manager.ListenerWD - Before find elements --> By.xpath: //button[text()='Sign Out']
18:00:19.846  INFO  manager.ListenerWD - After find elements --> By.xpath: //button[text()='Sign Out']
18:00:19.846  INFO  manager.ListenerWD - List suze is --> 0
