16:56:49.357  INFO  manager.ApplicationManager - All tests start in Chrome Browser
16:57:08.367  INFO  manager.ApplicationManager - Current Url -->https://telranedu.web.app/home
16:57:08.424  INFO  tests.TestBase - The name of starts method is --->addNewContactWrongPhone
16:57:08.428  INFO  manager.ListenerWD - Before find elements --> By.xpath: //button[text()='Sign Out']
16:57:13.452  INFO  manager.ListenerWD - After find elements --> By.xpath: //button[text()='Sign Out']
16:57:13.459  INFO  manager.ListenerWD - List suze is --> 0
16:57:13.467  INFO  manager.ListenerWD - Before find element --> By.cssSelector: a[href='/login']
16:57:13.520  INFO  manager.ListenerWD - After find element --> By.cssSelector: a[href='/login']
16:57:13.568  INFO  manager.ListenerWD - Before find element --> By.cssSelector: a[href='/login']
16:57:13.608  INFO  manager.ListenerWD - After find element --> By.cssSelector: a[href='/login']
16:57:13.669  INFO  manager.ListenerWD - Before find element --> By.name: email
16:57:13.702  INFO  manager.ListenerWD - After find element --> By.name: email
16:57:13.900  INFO  manager.ListenerWD - Before find element --> By.name: password
16:57:13.941  INFO  manager.ListenerWD - After find element --> By.name: password
16:57:14.140  INFO  manager.ListenerWD - Before find element --> By.cssSelector: [name='login']
16:57:14.180  INFO  manager.ListenerWD - After find element --> By.cssSelector: [name='login']
16:57:14.272  INFO  manager.ListenerWD - Before find element --> By.cssSelector: a[href='/add']
16:57:19.326  INFO  manager.ListenerWD - The have a 'problem'
16:57:19.326  INFO  manager.ListenerWD - ******************
16:57:19.327  INFO  manager.ListenerWD - Method method ---> findElement
16:57:19.328  INFO  manager.ListenerWD - ******************
16:57:19.332  INFO  manager.ListenerWD - InvocationTargetException getTargetException()org.openqa.selenium.NoSuchElementException: no such element: Unable to locate element: {"method":"css selector","selector":"a[href='/add']"}
  (Session info: chrome=109.0.5414.120)
For documentation on this error, please visit: https://selenium.dev/exceptions/#no_such_element
Build info: version: '4.7.1', revision: 'c6795baf1a3'
System info: os.name: 'Windows 11', os.arch: 'amd64', os.version: '10.0', java.version: '11.0.17'
Driver info: org.openqa.selenium.chrome.ChromeDriver
Command: [b47851781ebfef82c7d390b113d9888d, findElement {using=css selector, value=a[href='/add']}]
Capabilities {acceptInsecureCerts: false, browserName: chrome, browserVersion: 109.0.5414.120, chrome: {chromedriverVersion: 109.0.5414.74 (e7c5703604da..., userDataDir: C:\Users\eduar\AppData\Loca...}, goog:chromeOptions: {debuggerAddress: localhost:54035}, networkConnectionEnabled: false, pageLoadStrategy: normal, platformName: WINDOWS, proxy: Proxy(), se:cdp: ws://localhost:54035/devtoo..., se:cdpVersion: 109.0.5414.120, setWindowRect: true, strictFileInteractability: false, timeouts: {implicit: 0, pageLoad: 300000, script: 30000}, unhandledPromptBehavior: dismiss and notify, webauthn:extension:credBlob: true, webauthn:extension:largeBlob: true, webauthn:virtualAuthenticators: true}
Session ID: b47851781ebfef82c7d390b113d9888d
16:57:19.333  INFO  manager.ListenerWD - ******************
16:57:19.334  INFO  manager.ListenerWD - Object target --->ChromeDriver: chrome on WINDOWS (b47851781ebfef82c7d390b113d9888d)
16:57:19.334  INFO  manager.ListenerWD - ******************
16:57:19.338  INFO  manager.ListenerWD - Screen with error is --->src/test/screenshots/screen-678.png
