17:36:24.168  INFO  manager.ApplicationManager - All tests start in Chrome Browser
17:36:38.032  INFO  manager.ApplicationManager - Current Url -->https://telranedu.web.app/home
17:36:38.040  INFO  manager.ListenerTNG - onStart ---Gradle test
17:36:38.091  INFO  tests.TestBase - The name of starts method is --->loginSuccessNew
17:36:38.095  INFO  manager.ListenerWD - Before find elements --> By.xpath: //button[text()='Sign Out']
17:36:43.168  INFO  manager.ListenerWD - After find elements --> By.xpath: //button[text()='Sign Out']
17:36:43.175  INFO  manager.ListenerWD - List suze is --> 0
17:36:43.178  INFO  manager.ListenerTNG - onTestStart ---loginSuccessNew
17:36:43.183  INFO  manager.ListenerWD - Before find element --> By.cssSelector: a[href='/login']
17:36:43.242  INFO  manager.ListenerWD - After find element --> By.cssSelector: a[href='/login']
17:36:43.291  INFO  manager.ListenerWD - Before find element --> By.cssSelector: a[href='/login']
17:36:43.328  INFO  manager.ListenerWD - After find element --> By.cssSelector: a[href='/login']
17:36:43.393  INFO  manager.ListenerWD - Before find element --> By.name: email
17:36:43.431  INFO  manager.ListenerWD - After find element --> By.name: email
17:36:43.616  INFO  manager.ListenerWD - Before find element --> By.name: password
17:36:43.657  INFO  manager.ListenerWD - After find element --> By.name: password
17:36:43.840  INFO  manager.ListenerWD - Before find element --> By.cssSelector: [name='login']
17:36:43.881  INFO  manager.ListenerWD - After find element --> By.cssSelector: [name='login']
17:36:43.925  INFO  manager.ListenerWD - Before find elements --> By.xpath: //button[text()='Sign Out']
17:36:48.978  INFO  manager.ListenerWD - After find elements --> By.xpath: //button[text()='Sign Out']
17:36:48.979  INFO  manager.ListenerWD - List suze is --> 0
17:36:48.988  INFO  manager.ListenerTNG - onTestFailure ---loginSuccessNew
17:36:48.994  INFO  manager.ListenerTNG - onFinish ---Gradle test
